
          -------------------------------------------------------
          Amber 18 PMEMD                              2018
          -------------------------------------------------------

| PMEMD implementation of SANDER, Release 18

| Run on 08/16/2023 at 14:18:31

|   Executable path: pmemd.cuda
| Working directory: /panfs/accrepfs.vampire/home/nehilpkd/projects/biomatsims/a_md/0_
|          Hostname: gpu0007

  [-O]verwriting output

File Assignments:
|   MDIN: min_wat.in                                                            
|  MDOUT: min_wat.out                                                           
| INPCRD: ../full_seq.inpcrd                                                    
|   PARM: ../full_seq.prmtop                                                    
| RESTRT: min_wat.rst                                                           
|   REFC: ../full_seq.inpcrd                                                    
|  MDVEL: mdvel                                                                 
|   MDEN: mden                                                                  
|  MDCRD: mdcrd                                                                 
| MDINFO: mdinfo                                                                
|  MDFRC: mdfrc                                                                 


 Here is the input file:

 System minimization:                                                          
&cntrl                                                                         
   imin=1, ntmin=1, nmropt=0, drms=0.1                                         
   maxcyc=2000, ncyc=1500,                                                     
   ntx=1, irest=0,                                                             
   ntpr=100, ntwr=100, iwrap=0,                                                
   ntf=1, ntb=1, cut=10.0, nsnb=20,                                            
   igb=0,                                                                      
   ibelly=0, ntr=1,                                                            
   restraintmask="!:WAT", restraint_wt=10.0,                                   
&end                                                                           


Note: ig = -1. Setting random seed to    83272 based on wallclock time in 
      microseconds.
| irandom = 1, using AMBER's internal random number generator (default).
| INFO:    The nsnb ctrl option does not affect nonbonded list update frequency.
|          It does affect steepest descent minimization freq if ntmin == 0
 
|--------------------- INFORMATION ----------------------
| GPU (CUDA) Version of PMEMD in use: NVIDIA GPU IN USE.
|                    Version 18.0.0
| 
|                      03/25/2018
| 
| Implementation by:
|                    Ross C. Walker     (SDSC)
|                    Scott Le Grand     (nVIDIA)
| 
| Version 18 performance extensions by:
|                    David Cerutti     (Rutgers)
| 
| Precision model in use:
|      [SPFP] - Single Precision Forces, 64-bit Fixed Point
|               Accumulation. (Default)
| 
|--------------------------------------------------------
 
|----------------- CITATION INFORMATION -----------------
|
|    When publishing work that utilized the CUDA version
|    of AMBER, please cite the following in addition to
|    the regular AMBER citations:
|
|  - Romelia Salomon-Ferrer; Andreas W. Goetz; Duncan
|    Poole; Scott Le Grand; Ross C. Walker "Routine
|    microsecond molecular dynamics simulations with
|    AMBER - Part II: Particle Mesh Ewald", J. Chem.
|    Theory Comput., 2013, 9 (9), pp3878-3888,
|    DOI: 10.1021/ct400314y.
|
|  - Andreas W. Goetz; Mark J. Williamson; Dong Xu;
|    Duncan Poole; Scott Le Grand; Ross C. Walker
|    "Routine microsecond molecular dynamics simulations
|    with AMBER - Part I: Generalized Born", J. Chem.
|    Theory Comput., 2012, 8 (5), pp1542-1555.
|
|  - Scott Le Grand; Andreas W. Goetz; Ross C. Walker
|    "SPFP: Speed without compromise - a mixed precision
|    model for GPU accelerated molecular dynamics
|    simulations.", Comp. Phys. Comm., 2013, 184
|    pp374-380, DOI: 10.1016/j.cpc.2012.09.022
|
|--------------------------------------------------------
 
|------------------- GPU DEVICE INFO --------------------
|
|            CUDA_VISIBLE_DEVICES: 0
|   CUDA Capable Devices Detected:      1
|           CUDA Device ID in use:      0
|                CUDA Device Name: NVIDIA GeForce GTX TITAN X
|     CUDA Device Global Mem Size:  12212 MB
| CUDA Device Num Multiprocessors:     24
|           CUDA Device Core Freq:   1.08 GHz
|
|--------------------------------------------------------
 
 
| Conditional Compilation Defines Used:
| PUBFFT
| BINTRAJ
| MKL
| CUDA
| EMIL

| Largest sphere to fit in unit cell has radius =    53.935

| New format PARM file being parsed.
| Version =    1.000 Date = 08/13/23 Time = 16:23:15

| Note: 1-4 EEL scale factors are being read from the topology file.

| Note: 1-4 VDW scale factors are being read from the topology file.
| Duplicated    0 dihedrals

| Duplicated    0 dihedrals

--------------------------------------------------------------------------------
   1.  RESOURCE   USE: 
--------------------------------------------------------------------------------

 getting new box info from bottom of inpcrd
 NATOM  =  163463 NTYPES =      15 NBONH =  161166 MBONA  =    2338
 NTHETH =    4819 MTHETA =    3091 NPHIH =   10511 MPHIA  =    9047
 NHPARM =       0 NPARM  =       0 NNB   =  235854 NRES   =   53366
 NBONA  =    2338 NTHETA =    3091 NPHIA =    9047 NUMBND =      56
 NUMANG =     124 NPTRA  =     146 NATYP =      29 NPHB   =       1
 IFBOX  =       2 NMXRS  =      24 IFCAP =       0 NEXTRA =       0
 NCOPY  =       0

| Coordinate Index Table dimensions:    21   21   21
| Direct force subcell size =     6.2911    6.2911    6.2911

     BOX TYPE: TRUNCATED OCTAHEDRON

--------------------------------------------------------------------------------
   2.  CONTROL  DATA  FOR  THE  RUN
--------------------------------------------------------------------------------

default_name                                                                    

General flags:
     imin    =       1, nmropt  =       0

Nature and format of input:
     ntx     =       1, irest   =       0, ntrx    =       1

Nature and format of output:
     ntxo    =       2, ntpr    =     100, ntrx    =       1, ntwr    =     100
     iwrap   =       0, ntwx    =       0, ntwv    =       0, ntwe    =       0
     ioutfm  =       1, ntwprt  =       0, idecomp =       0, rbornstat=      0

Potential function:
     ntf     =       1, ntb     =       1, igb     =       0, nsnb    =      20
     ipol    =       0, gbsa    =       0, iesp    =       0
     dielc   =   1.00000, cut     =  10.00000, intdiel =   1.00000

Frozen or restrained atoms:
     ibelly  =       0, ntr     =       1
     restraint_wt =  10.00000

Energy minimization:
     maxcyc  =    2000, ncyc    =    1500, ntmin   =       1
     dx0     =   0.01000, drms    =   0.10000

| Intermolecular bonds treatment:
|     no_intermolecular_bonds =       1

| Energy averages sample interval:
|     ene_avg_sampling =       1

Ewald parameters:
     verbose =       0, ew_type =       0, nbflag  =       1, use_pme =       1
     vdwmeth =       1, eedmeth =       1, netfrc  =       0
     Box X =  132.113   Box Y =  132.113   Box Z =  132.113
     Alpha =  109.471   Beta  =  109.471   Gamma =  109.471
     NFFT1 =  128       NFFT2 =  128       NFFT3 =  128
     Cutoff=   10.000   Tol   =0.100E-04
     Ewald Coefficient =  0.27511
     Interpolation order =    4

    LOADING THE CONSTRAINED ATOMS AS GROUPS


   5.  REFERENCE ATOM COORDINATES

  default_name                                                                    
     Mask !:WAT; matches  4436 atoms

--------------------------------------------------------------------------------
   3.  ATOMIC COORDINATES AND VELOCITIES
--------------------------------------------------------------------------------

default_name                                                                    
 begin time read from input coords =     0.000 ps

 
 Number of triangulated 3-point waters found:    53009

     Sum of charges from parm topology file =  23.99999953
     Assuming uniform neutralizing plasma

| Dynamic Memory, Types Used:
| Reals             4395568
| Integers          4702415

| Nonbonded Pairs Initial Allocation:    49443470

| GPU memory information (estimate):
| KB of GPU memory in use:         0
| KB of CPU memory in use:         0

--------------------------------------------------------------------------------
   4.  RESULTS
--------------------------------------------------------------------------------



   NSTEP       ENERGY          RMS            GMAX         NAME    NUMBER
      1      -3.0949E+05     9.0168E+01     1.9148E+04     CE2      3100

 BOND    =     1497.3057  ANGLE   =     1841.1477  DIHED      =     5786.9879
 VDWAALS =   229127.6287  EEL     =  -566937.0738  HBOND      =        0.0000
 1-4 VDW =     1071.1517  1-4 EEL =    18120.4825  RESTRAINT  =        0.0000


   NSTEP       ENERGY          RMS            GMAX         NAME    NUMBER
    100      -5.8578E+05     3.5284E+00     2.2687E+02     C          12

 BOND    =    38279.9124  ANGLE   =      648.1213  DIHED      =     3904.7809
 VDWAALS =    60689.0132  EEL     =  -708988.8642  HBOND      =        0.0000
 1-4 VDW =      894.1761  1-4 EEL =    17974.9825  RESTRAINT  =      817.1623
 EAMBER  =  -586597.8777


   NSTEP       ENERGY          RMS            GMAX         NAME    NUMBER
    200      -6.0543E+05     6.0607E-01     5.3896E+01     CE1      3436

 BOND    =    37596.1874  ANGLE   =      578.6864  DIHED      =     3809.4648
 VDWAALS =    69662.9907  EEL     =  -736903.8464  HBOND      =        0.0000
 1-4 VDW =      890.8022  1-4 EEL =    17979.7959  RESTRAINT  =      954.1793
 EAMBER  =  -606385.9191


   NSTEP       ENERGY          RMS            GMAX         NAME    NUMBER
    300      -6.1578E+05     5.9508E-01     1.1572E+02     CE1      3436

 BOND    =    39562.2345  ANGLE   =      575.6055  DIHED      =     3785.4129
 VDWAALS =    77549.0467  EEL     =  -757106.7315  HBOND      =        0.0000
 1-4 VDW =      889.5673  1-4 EEL =    17980.1130  RESTRAINT  =      983.7434
 EAMBER  =  -616764.7516


   NSTEP       ENERGY          RMS            GMAX         NAME    NUMBER
    400      -6.2239E+05     5.8041E-01     1.5653E+02     CE1      3436

 BOND    =    40982.9592  ANGLE   =      575.9597  DIHED      =     3775.6339
 VDWAALS =    83583.3703  EEL     =  -771165.8189  HBOND      =        0.0000
 1-4 VDW =      889.0547  1-4 EEL =    17979.0190  RESTRAINT  =      991.4908
 EAMBER  =  -623379.8219


   NSTEP       ENERGY          RMS            GMAX         NAME    NUMBER
    500      -6.2724E+05     3.6094E-01     4.5825E+01     CD2      3440

 BOND    =    42073.2880  ANGLE   =      572.5538  DIHED      =     3770.2603
 VDWAALS =    88365.5175  EEL     =  -781878.7689  HBOND      =        0.0000
 1-4 VDW =      889.0117  1-4 EEL =    17978.9771  RESTRAINT  =      993.5477
 EAMBER  =  -628229.1604


   NSTEP       ENERGY          RMS            GMAX         NAME    NUMBER
    600      -6.3128E+05     3.3907E-01     4.8763E+01     CE1      3436

 BOND    =    43015.3695  ANGLE   =      572.9980  DIHED      =     3767.4470
 VDWAALS =    92441.0365  EEL     =  -790939.1378  HBOND      =        0.0000
 1-4 VDW =      888.8816  1-4 EEL =    17978.4891  RESTRAINT  =      994.5461
 EAMBER  =  -632274.9161


   NSTEP       ENERGY          RMS            GMAX         NAME    NUMBER
    700      -6.3458E+05     2.9311E-01     2.7226E+01     CE1      3436

 BOND    =    43791.1072  ANGLE   =      572.3401  DIHED      =     3766.3121
 VDWAALS =    95786.8292  EEL     =  -798356.9498  HBOND      =        0.0000
 1-4 VDW =      888.8724  1-4 EEL =    17978.0395  RESTRAINT  =      994.9514
 EAMBER  =  -635573.4494


   NSTEP       ENERGY          RMS            GMAX         NAME    NUMBER
    800      -6.3750E+05     3.3267E-01     6.5713E+01     CE1      3436

 BOND    =    44477.4422  ANGLE   =      573.3859  DIHED      =     3765.6899
 VDWAALS =    98740.7098  EEL     =  -804914.1182  HBOND      =        0.0000
 1-4 VDW =      888.7600  1-4 EEL =    17977.2570  RESTRAINT  =      995.1784
 EAMBER  =  -638490.8734


   NSTEP       ENERGY          RMS            GMAX         NAME    NUMBER
    900      -6.3995E+05     1.0691E+00     3.5390E+02     C        4434

 BOND    =    45130.8456  ANGLE   =      584.7943  DIHED      =     3765.3151
 VDWAALS =   101336.4646  EEL     =  -810626.4209  HBOND      =        0.0000
 1-4 VDW =      888.6790  1-4 EEL =    17976.4163  RESTRAINT  =      995.8585
 EAMBER  =  -640943.9060


   NSTEP       ENERGY          RMS            GMAX         NAME    NUMBER
   1000      -6.4219E+05     2.5318E-01     4.1591E+01     CE1      3436

 BOND    =    45585.2181  ANGLE   =      573.0681  DIHED      =     3764.3778
 VDWAALS =   103646.0203  EEL     =  -815616.3709  HBOND      =        0.0000
 1-4 VDW =      888.6921  1-4 EEL =    17976.1018  RESTRAINT  =      995.8302
 EAMBER  =  -643182.8927


   NSTEP       ENERGY          RMS            GMAX         NAME    NUMBER
   1100      -6.4406E+05     6.8558E-01     2.5555E+02     CE1      3436

 BOND    =    46074.5544  ANGLE   =      580.7479  DIHED      =     3763.4642
 VDWAALS =   105747.3868  EEL     =  -820084.0849  HBOND      =        0.0000
 1-4 VDW =      888.6109  1-4 EEL =    17975.1916  RESTRAINT  =      996.9011
 EAMBER  =  -645054.1291


   NSTEP       ENERGY          RMS            GMAX         NAME    NUMBER
   1200      -6.4576E+05     5.8840E-01     1.7951E+02     CE1      3436

 BOND    =    46479.8148  ANGLE   =      577.2970  DIHED      =     3761.9288
 VDWAALS =   107616.3217  EEL     =  -824055.5263  HBOND      =        0.0000
 1-4 VDW =      888.7605  1-4 EEL =    17975.2276  RESTRAINT  =      997.9823
 EAMBER  =  -646756.1760


   NSTEP       ENERGY          RMS            GMAX         NAME    NUMBER
   1300      -6.4730E+05     4.9843E-01     1.5129E+02     CE1      3436

 BOND    =    46848.2724  ANGLE   =      577.3101  DIHED      =     3760.4211
 VDWAALS =   109293.0011  EEL     =  -827640.1992  HBOND      =        0.0000
 1-4 VDW =      888.5873  1-4 EEL =    17973.8832  RESTRAINT  =      999.3850
 EAMBER  =  -648298.7239


   NSTEP       ENERGY          RMS            GMAX         NAME    NUMBER
   1400      -6.4868E+05     3.3207E-01     9.8074E+01     CE1      3436

 BOND    =    47177.1249  ANGLE   =      574.2431  DIHED      =     3759.1850
 VDWAALS =   110782.2683  EEL     =  -830834.2783  HBOND      =        0.0000
 1-4 VDW =      888.6828  1-4 EEL =    17973.3252  RESTRAINT  =     1000.7356
 EAMBER  =  -649679.4489


   NSTEP       ENERGY          RMS            GMAX         NAME    NUMBER
   1500      -6.4989E+05     3.6607E-01     1.1467E+02     CE1      3436

 BOND    =    47478.0287  ANGLE   =      575.7914  DIHED      =     3758.3166
 VDWAALS =   112116.8985  EEL     =  -833680.3443  HBOND      =        0.0000
 1-4 VDW =      888.5629  1-4 EEL =    17972.0641  RESTRAINT  =     1002.0724
 EAMBER  =  -650890.6822


   NSTEP       ENERGY          RMS            GMAX         NAME    NUMBER
   1600      -6.5551E+05     5.5202E-01     6.4307E+01     CE1      3436

 BOND    =    49102.1919  ANGLE   =      583.6042  DIHED      =     3757.2914
 VDWAALS =   119957.7813  EEL     =  -848769.6633  HBOND      =        0.0000
 1-4 VDW =      888.4825  1-4 EEL =    17971.3964  RESTRAINT  =      998.4722
 EAMBER  =  -656508.9156


   NSTEP       ENERGY          RMS            GMAX         NAME    NUMBER
   1700      -6.5708E+05     3.6837E-01     4.4219E+01     C        4434

 BOND    =    49380.4997  ANGLE   =      594.3289  DIHED      =     3758.5398
 VDWAALS =   121452.6818  EEL     =  -852122.0647  HBOND      =        0.0000
 1-4 VDW =      889.3782  1-4 EEL =    17970.5147  RESTRAINT  =     1000.2049
 EAMBER  =  -658076.1217


   NSTEP       ENERGY          RMS            GMAX         NAME    NUMBER
   1800      -6.5877E+05     4.1622E-01     5.4034E+01     O       67740

 BOND    =    49865.1883  ANGLE   =      572.2053  DIHED      =     3755.9362
 VDWAALS =   123316.3442  EEL     =  -856140.9078  HBOND      =        0.0000
 1-4 VDW =      888.4924  1-4 EEL =    17971.9317  RESTRAINT  =     1000.7615
 EAMBER  =  -659770.8097


   NSTEP       ENERGY          RMS            GMAX         NAME    NUMBER
   1900      -6.6000E+05     2.0500E-01     2.8850E+01     CG       3434

 BOND    =    50038.3901  ANGLE   =      573.7395  DIHED      =     3758.0863
 VDWAALS =   124598.1374  EEL     =  -858831.6092  HBOND      =        0.0000
 1-4 VDW =      888.9755  1-4 EEL =    17970.4350  RESTRAINT  =     1000.0714
 EAMBER  =  -661003.8454


   NSTEP       ENERGY          RMS            GMAX         NAME    NUMBER
   2000      -6.6119E+05     2.3523E-01     1.8544E+01     O       67740

 BOND    =    50330.7505  ANGLE   =      572.0778  DIHED      =     3755.5712
 VDWAALS =   125835.8932  EEL     =  -861542.8447  HBOND      =        0.0000
 1-4 VDW =      888.7919  1-4 EEL =    17970.7086  RESTRAINT  =     1000.7761
 EAMBER  =  -662189.0516


  Maximum number of minimization cycles reached.


                    FINAL RESULTS



   NSTEP       ENERGY          RMS            GMAX         NAME    NUMBER
   2000      -6.6119E+05     2.3523E-01     1.8544E+01     O       67740

 BOND    =    50330.7505  ANGLE   =      572.0778  DIHED      =     3755.5712
 VDWAALS =   125835.8932  EEL     =  -861542.8447  HBOND      =        0.0000
 1-4 VDW =      888.7919  1-4 EEL =    17970.7086  RESTRAINT  =     1000.7761
 EAMBER  =  -662189.0516
--------------------------------------------------------------------------------
   5.  TIMINGS
--------------------------------------------------------------------------------

|  NonSetup CPU Time in Major Routines:
|
|     Routine           Sec        %
|     ------------------------------
|     Nonbond           9.41   40.15
|     Bond              0.00    0.00
|     Angle             0.00    0.00
|     Dihedral          0.00    0.00
|     Shake             0.00    0.00
|     Other            14.03   59.85
|     ------------------------------
|     Total            23.44

|  PME Nonbond Pairlist CPU Time:
|
|     Routine              Sec        %
|     ---------------------------------
|     Set Up Cit           0.00    0.00
|     Build List           0.00    0.00
|     ---------------------------------
|     Total                0.00    0.00

|  PME Direct Force CPU Time:
|
|     Routine              Sec        %
|     ---------------------------------
|     NonBonded Calc       0.00    0.00
|     Exclude Masked       0.00    0.00
|     Other                0.01    0.03
|     ---------------------------------
|     Total                0.01    0.03

|  PME Reciprocal Force CPU Time:
|
|     Routine              Sec        %
|     ---------------------------------
|     1D bspline           0.00    0.00
|     Grid Charges         0.00    0.00
|     Scalar Sum           0.00    0.00
|     Gradient Sum         0.00    0.00
|     FFT                  0.00    0.00
|     ---------------------------------
|     Total                0.00    0.00

|  Setup CPU time:            1.58 seconds
|  NonSetup CPU time:        23.44 seconds
|  Total CPU time:           25.03 seconds     0.01 hours

|  Setup wall time:           4    seconds
|  NonSetup wall time:       24    seconds
|  Total wall time:          28    seconds     0.01 hours
