
          -------------------------------------------------------
          Amber 22 PMEMD                              2022
          -------------------------------------------------------

| PMEMD implementation of SANDER, Release 22

|  Compiled date/time: Thu Apr 14 13:06:37 2022
| Run on 10/20/2023 at 11:56:24

|   Executable path: pmemd.cuda
| Working directory: /panfs/accrepfs.vampire/home/nehilpkd/projects/biomatsims/dimerization/amyloid/1_water_min
|          Hostname: gpu0018

  [-O]verwriting output

File Assignments:
|   MDIN: min_wat.in                                                            
|  MDOUT: min_wat.out                                                           
| INPCRD: ../a.inpcrd                                                           
|   PARM: ../a.prmtop                                                           
| RESTRT: min_wat.rst                                                           
|   REFC: ../a.inpcrd                                                           
|  MDVEL: mdvel                                                                 
|   MDEN: mden                                                                  
|  MDCRD: mdcrd                                                                 
| MDINFO: mdinfo                                                                
|  MDFRC: mdfrc                                                                 


 Here is the input file:

 System minimization:                                                          
&cntrl                                                                         
   imin=1, ntmin=1, nmropt=0, drms=0.1                                         
   maxcyc=2000, ncyc=1500,                                                     
   ntx=1, irest=0,                                                             
   ntpr=100, ntwr=100, iwrap=0,                                                
   ntf=1, ntb=1, cut=10.0, nsnb=20,                                            
   igb=0,                                                                      
   ibelly=0, ntr=1,                                                            
   restraintmask="!:WAT", restraint_wt=10.0,                                   
&end                                                                           


Note: ig = -1. Setting random seed to   492984 based on wallclock time in 
      microseconds.
| irandom = 1, using AMBER's internal random number generator (default).
| INFO:    The nsnb ctrl option does not affect nonbonded list update frequency.
|          It does affect steepest descent minimization freq if ntmin == 0
 
|--------------------- INFORMATION ----------------------
| GPU (CUDA) Version of PMEMD in use: NVIDIA GPU IN USE.
|                    Version 18.0.0
| 
|                      03/25/2018
| 
| Implementation by:
|                    Ross C. Walker     (SDSC)
|                    Scott Le Grand     (nVIDIA)
| 
| Version 18 performance extensions by:
|                    David Cerutti     (Rutgers)
| 
| Precision model in use:
|      [SPFP] - Single Precision Forces, 64-bit Fixed Point
|               Accumulation. (Default)
| 
|--------------------------------------------------------
 
|----------------- CITATION INFORMATION -----------------
|
|    When publishing work that utilized the CUDA version
|    of AMBER, please cite the following in addition to
|    the regular AMBER citations:
|
|  - Romelia Salomon-Ferrer; Andreas W. Goetz; Duncan
|    Poole; Scott Le Grand; Ross C. Walker "Routine
|    microsecond molecular dynamics simulations with
|    AMBER - Part II: Particle Mesh Ewald", J. Chem.
|    Theory Comput., 2013, 9 (9), pp3878-3888,
|    DOI: 10.1021/ct400314y.
|
|  - Andreas W. Goetz; Mark J. Williamson; Dong Xu;
|    Duncan Poole; Scott Le Grand; Ross C. Walker
|    "Routine microsecond molecular dynamics simulations
|    with AMBER - Part I: Generalized Born", J. Chem.
|    Theory Comput., 2012, 8 (5), pp1542-1555.
|
|  - Scott Le Grand; Andreas W. Goetz; Ross C. Walker
|    "SPFP: Speed without compromise - a mixed precision
|    model for GPU accelerated molecular dynamics
|    simulations.", Comp. Phys. Comm., 2013, 184
|    pp374-380, DOI: 10.1016/j.cpc.2012.09.022
|
|--------------------------------------------------------
 
|------------------- GPU DEVICE INFO --------------------
|
|            CUDA_VISIBLE_DEVICES: 0
|   CUDA Capable Devices Detected:      1
|           CUDA Device ID in use:      0
|                CUDA Device Name: NVIDIA TITAN X (Pascal)
|     CUDA Device Global Mem Size:  12196 MB
| CUDA Device Num Multiprocessors:     28
|           CUDA Device Core Freq:   1.53 GHz
|
|--------------------------------------------------------
 
 
| Conditional Compilation Defines Used:
| PUBFFT
| BINTRAJ
| CUDA
| EMIL

| Largest sphere to fit in unit cell has radius =    18.597

| New format PARM file being parsed.
| Version =    1.000 Date = 10/20/23 Time = 11:55:29

| Note: 1-4 EEL scale factors are being read from the topology file.

| Note: 1-4 VDW scale factors are being read from the topology file.
| Duplicated    0 dihedrals

| Duplicated    0 dihedrals

--------------------------------------------------------------------------------
   1.  RESOURCE   USE: 
--------------------------------------------------------------------------------

 getting new box info from bottom of inpcrd
 NATOM  =    7469 NTYPES =      12 NBONH =    7371 MBONA  =      98
 NTHETH =     228 MTHETA =     130 NPHIH =     434 MPHIA  =     400
 NHPARM =       0 NPARM  =       0 NNB   =   10766 NRES   =    2437
 NBONA  =      98 NTHETA =     130 NPHIA =     400 NUMBND =      27
 NUMANG =      55 NPTRA  =      78 NATYP =      19 NPHB   =       0
 IFBOX  =       1 NMXRS  =      22 IFCAP =       0 NEXTRA =       0
 NCOPY  =       0

| Coordinate Index Table dimensions:     7   12    6
| Direct force subcell size =     5.6446    5.9123    6.1991

     BOX TYPE: RECTILINEAR

--------------------------------------------------------------------------------
   2.  CONTROL  DATA  FOR  THE  RUN
--------------------------------------------------------------------------------

default_name                                                                    

General flags:
     imin    =       1, nmropt  =       0

Nature and format of input:
     ntx     =       1, irest   =       0, ntrx    =       1

Nature and format of output:
     ntxo    =       2, ntpr    =     100, ntrx    =       1, ntwr    =     100
     iwrap   =       0, ntwx    =       0, ntwv    =       0, ntwe    =       0
     ioutfm  =       1, ntwprt  =       0, idecomp =       0, rbornstat=      0

Potential function:
     ntf     =       1, ntb     =       1, igb     =       0, nsnb    =      20
     ipol    =       0, gbsa    =       0, iesp    =       0
     dielc   =   1.00000, cut     =  10.00000, intdiel =   1.00000

Frozen or restrained atoms:
     ibelly  =       0, ntr     =       1
     restraint_wt =  10.00000

Energy minimization:
     maxcyc  =    2000, ncyc    =    1500, ntmin   =       1
     dx0     =   0.01000, drms    =   0.10000

| Intermolecular bonds treatment:
|     no_intermolecular_bonds =       1

| Energy averages sample interval:
|     ene_avg_sampling =       1

Ewald parameters:
     verbose =       0, ew_type =       0, nbflag  =       1, use_pme =       1
     vdwmeth =       1, eedmeth =       1, netfrc  =       0
     Box X =   39.512   Box Y =   70.948   Box Z =   37.195
     Alpha =   90.000   Beta  =   90.000   Gamma =   90.000
     NFFT1 =   40       NFFT2 =   72       NFFT3 =   40
     Cutoff=   10.000   Tol   =0.100E-04
     Ewald Coefficient =  0.27511
     Interpolation order =    4

    LOADING THE CONSTRAINED ATOMS AS GROUPS


   5.  REFERENCE ATOM COORDINATES

  default_name                                                                    
     Mask !:WAT; matches   200 atoms

--------------------------------------------------------------------------------
   3.  ATOMIC COORDINATES AND VELOCITIES
--------------------------------------------------------------------------------

default_name                                                                    
 begin time read from input coords =     0.000 ps

 
 Number of triangulated 3-point waters found:     2423

     Sum of charges from parm topology file =  -0.00000002
     Forcing neutrality...

| Dynamic Memory, Types Used:
| Reals              338644
| Integers           230373

| Nonbonded Pairs Initial Allocation:     2259185

| GPU memory information (estimate):
| KB of GPU memory in use:     37678
| KB of CPU memory in use:     17266

--------------------------------------------------------------------------------
   4.  RESULTS
--------------------------------------------------------------------------------



   NSTEP       ENERGY          RMS            GMAX         NAME    NUMBER
      1      -1.9383E+04     1.2716E+01     1.8010E+02     N          59

 BOND    =       89.1732  ANGLE   =       26.8253  DIHED      =      144.3383
 VDWAALS =     2362.8688  EEL     =   -22913.5236  HBOND      =        0.0000
 1-4 VDW =      109.9752  1-4 EEL =      796.9204  RESTRAINT  =        0.0000


   NSTEP       ENERGY          RMS            GMAX         NAME    NUMBER
    100      -2.4591E+04     3.1172E+00     7.3626E+01     C         157

 BOND    =     1622.9368  ANGLE   =       11.3304  DIHED      =      121.9218
 VDWAALS =     2622.2225  EEL     =   -29823.0400  HBOND      =        0.0000
 1-4 VDW =       56.6183  1-4 EEL =      771.2081  RESTRAINT  =       25.6309
 EAMBER  =   -24616.8020


   NSTEP       ENERGY          RMS            GMAX         NAME    NUMBER
    200      -2.5492E+04     2.4079E+00     5.2934E+01     C         157

 BOND    =     1452.0569  ANGLE   =       10.1458  DIHED      =      121.7452
 VDWAALS =     3088.7320  EEL     =   -31021.0567  HBOND      =        0.0000
 1-4 VDW =       54.9209  1-4 EEL =      772.7883  RESTRAINT  =       29.1467
 EAMBER  =   -25520.6677


   NSTEP       ENERGY          RMS            GMAX         NAME    NUMBER
    300      -2.6005E+04     2.0773E+00     4.2086E+01     C         157

 BOND    =     1772.9480  ANGLE   =       10.8753  DIHED      =      121.6432
 VDWAALS =     3455.7651  EEL     =   -32222.3164  HBOND      =        0.0000
 1-4 VDW =       55.3487  1-4 EEL =      770.3550  RESTRAINT  =       30.0478
 EAMBER  =   -26035.3812


   NSTEP       ENERGY          RMS            GMAX         NAME    NUMBER
    400      -2.6388E+04     1.6536E+00     8.3530E+01     CZ         15

 BOND    =     1725.9041  ANGLE   =       10.7444  DIHED      =      121.7025
 VDWAALS =     3753.0795  EEL     =   -32855.8848  HBOND      =        0.0000
 1-4 VDW =       55.1374  1-4 EEL =      771.1335  RESTRAINT  =       30.0845
 EAMBER  =   -26418.1834


   NSTEP       ENERGY          RMS            GMAX         NAME    NUMBER
    500      -2.6690E+04     4.4972E-01     1.2187E+01     CZ         15

 BOND    =     1769.2008  ANGLE   =       10.1647  DIHED      =      121.6464
 VDWAALS =     3987.4519  EEL     =   -33434.6235  HBOND      =        0.0000
 1-4 VDW =       55.1061  1-4 EEL =      770.9459  RESTRAINT  =       29.8965
 EAMBER  =   -26720.1078


   NSTEP       ENERGY          RMS            GMAX         NAME    NUMBER
    600      -2.6922E+04     1.2263E+00     6.1011E+01     CZ         15

 BOND    =     1818.2595  ANGLE   =       10.4930  DIHED      =      121.7040
 VDWAALS =     4193.0028  EEL     =   -33921.1895  HBOND      =        0.0000
 1-4 VDW =       55.1198  1-4 EEL =      770.8748  RESTRAINT  =       29.7825
 EAMBER  =   -26951.7357


   NSTEP       ENERGY          RMS            GMAX         NAME    NUMBER
    700      -2.7123E+04     1.0559E+00     6.7146E+01     C          98

 BOND    =     1856.4541  ANGLE   =       10.5998  DIHED      =      121.6397
 VDWAALS =     4378.9465  EEL     =   -34346.1499  HBOND      =        0.0000
 1-4 VDW =       55.0655  1-4 EEL =      770.5384  RESTRAINT  =       29.7011
 EAMBER  =   -27152.9060


   NSTEP       ENERGY          RMS            GMAX         NAME    NUMBER
    800      -2.7298E+04     9.6345E-01     4.8720E+01     CZ         15

 BOND    =     1891.7327  ANGLE   =       10.5035  DIHED      =      121.7242
 VDWAALS =     4543.1804  EEL     =   -34720.6653  HBOND      =        0.0000
 1-4 VDW =       55.0678  1-4 EEL =      770.5484  RESTRAINT  =       29.6832
 EAMBER  =   -27327.9083


   NSTEP       ENERGY          RMS            GMAX         NAME    NUMBER
    900      -2.7450E+04     6.0694E-01     2.7646E+01     CZ         15

 BOND    =     1920.9801  ANGLE   =       10.4056  DIHED      =      121.6639
 VDWAALS =     4684.5044  EEL     =   -35043.1533  HBOND      =        0.0000
 1-4 VDW =       55.0400  1-4 EEL =      770.4098  RESTRAINT  =       29.7115
 EAMBER  =   -27480.1494


   NSTEP       ENERGY          RMS            GMAX         NAME    NUMBER
   1000      -2.7586E+04     3.9961E-01     1.4953E+01     CZ         15

 BOND    =     1948.7976  ANGLE   =       10.3881  DIHED      =      121.7041
 VDWAALS =     4811.8465  EEL     =   -35333.4999  HBOND      =        0.0000
 1-4 VDW =       55.0265  1-4 EEL =      770.2581  RESTRAINT  =       29.7916
 EAMBER  =   -27615.4790


   NSTEP       ENERGY          RMS            GMAX         NAME    NUMBER
   1100      -2.7704E+04     5.6281E-01     2.6728E+01     CZ         15

 BOND    =     1975.3251  ANGLE   =       10.4686  DIHED      =      121.6657
 VDWAALS =     4926.1988  EEL     =   -35592.9896  HBOND      =        0.0000
 1-4 VDW =       55.0020  1-4 EEL =      770.0314  RESTRAINT  =       29.9002
 EAMBER  =   -27734.2980


   NSTEP       ENERGY          RMS            GMAX         NAME    NUMBER
   1200      -2.7811E+04     4.3637E-01     1.9419E+01     CZ         15

 BOND    =     1997.9677  ANGLE   =       10.4805  DIHED      =      121.7027
 VDWAALS =     5026.9059  EEL     =   -35822.9560  HBOND      =        0.0000
 1-4 VDW =       55.0076  1-4 EEL =      769.7816  RESTRAINT  =       29.9792
 EAMBER  =   -27841.1098


   NSTEP       ENERGY          RMS            GMAX         NAME    NUMBER
   1300      -2.7907E+04     3.4784E-01     1.3830E+01     CZ         15

 BOND    =     2018.0099  ANGLE   =       10.4809  DIHED      =      121.6694
 VDWAALS =     5113.8336  EEL     =   -36025.4405  HBOND      =        0.0000
 1-4 VDW =       55.0192  1-4 EEL =      769.5890  RESTRAINT  =       30.0227
 EAMBER  =   -27936.8384


   NSTEP       ENERGY          RMS            GMAX         NAME    NUMBER
   1400      -2.7991E+04     9.8899E-01     8.8600E+01     C          98

 BOND    =     2038.9429  ANGLE   =       10.6553  DIHED      =      121.6429
 VDWAALS =     5190.5815  EEL     =   -36207.4285  HBOND      =        0.0000
 1-4 VDW =       55.0474  1-4 EEL =      769.5791  RESTRAINT  =       30.0713
 EAMBER  =   -28020.9795


   NSTEP       ENERGY          RMS            GMAX         NAME    NUMBER
   1500      -2.8075E+04     2.2888E-01     4.8279E+00     CZ         15

 BOND    =     2052.0545  ANGLE   =       10.5469  DIHED      =      121.6741
 VDWAALS =     5257.6139  EEL     =   -36371.0606  HBOND      =        0.0000
 1-4 VDW =       55.0299  1-4 EEL =      769.2193  RESTRAINT  =       30.1120
 EAMBER  =   -28104.9220


   NSTEP       ENERGY          RMS            GMAX         NAME    NUMBER
   1600      -2.8512E+04     5.0852E-01     1.5684E+01     C         198

 BOND    =     2138.4074  ANGLE   =       10.8446  DIHED      =      122.1468
 VDWAALS =     5634.7429  EEL     =   -37272.5183  HBOND      =        0.0000
 1-4 VDW =       55.0410  1-4 EEL =      769.4724  RESTRAINT  =       29.9978
 EAMBER  =   -28541.8631


   NSTEP       ENERGY          RMS            GMAX         NAME    NUMBER
   1700      -2.8726E+04     1.2941E+00     3.5733E+01     CZ         15

 BOND    =     2202.0194  ANGLE   =       10.6056  DIHED      =      122.0572
 VDWAALS =     5838.8539  EEL     =   -37754.4832  HBOND      =        0.0000
 1-4 VDW =       55.0842  1-4 EEL =      769.6927  RESTRAINT  =       30.2809
 EAMBER  =   -28756.1702


   NSTEP       ENERGY          RMS            GMAX         NAME    NUMBER
   1800      -2.8926E+04     5.4903E-01     2.1965E+01     O        5970

 BOND    =     2219.5625  ANGLE   =       10.1194  DIHED      =      121.9751
 VDWAALS =     5963.7408  EEL     =   -38095.5657  HBOND      =        0.0000
 1-4 VDW =       55.3166  1-4 EEL =      769.2349  RESTRAINT  =       29.8752
 EAMBER  =   -28955.6164


   NSTEP       ENERGY          RMS            GMAX         NAME    NUMBER
   1900      -2.9000E+04     5.5201E-01     1.5250E+01     CA         25

 BOND    =     2240.8416  ANGLE   =       10.2776  DIHED      =      122.0368
 VDWAALS =     6021.2749  EEL     =   -38249.6715  HBOND      =        0.0000
 1-4 VDW =       55.3464  1-4 EEL =      769.2709  RESTRAINT  =       30.1887
 EAMBER  =   -29030.6234


   NSTEP       ENERGY          RMS            GMAX         NAME    NUMBER
   2000      -2.9069E+04     5.8446E-01     1.9649E+01     O        5970

 BOND    =     2250.9677  ANGLE   =       10.3969  DIHED      =      121.6947
 VDWAALS =     6084.2628  EEL     =   -38391.2895  HBOND      =        0.0000
 1-4 VDW =       55.3009  1-4 EEL =      769.2985  RESTRAINT  =       30.6108
 EAMBER  =   -29099.3681


  Maximum number of minimization cycles reached.


                    FINAL RESULTS



   NSTEP       ENERGY          RMS            GMAX         NAME    NUMBER
   2000      -2.9069E+04     5.8446E-01     1.9649E+01     O        5970

 BOND    =     2250.9677  ANGLE   =       10.3969  DIHED      =      121.6947
 VDWAALS =     6084.2628  EEL     =   -38391.2895  HBOND      =        0.0000
 1-4 VDW =       55.3009  1-4 EEL =      769.2985  RESTRAINT  =       30.6108
 EAMBER  =   -29099.3681
--------------------------------------------------------------------------------
   5.  TIMINGS
--------------------------------------------------------------------------------

|  NonSetup CPU Time in Major Routines:
|
|     Routine           Sec        %
|     ------------------------------
|     Nonbond           0.49   42.21
|     Bond              0.00    0.00
|     Angle             0.00    0.00
|     Dihedral          0.00    0.00
|     Shake             0.00    0.00
|     Other             0.67   57.79
|     ------------------------------
|     Total             1.15

|  PME Nonbond Pairlist CPU Time:
|
|     Routine              Sec        %
|     ---------------------------------
|     Set Up Cit           0.00    0.00
|     Build List           0.00    0.00
|     ---------------------------------
|     Total                0.00    0.00

|  PME Direct Force CPU Time:
|
|     Routine              Sec        %
|     ---------------------------------
|     NonBonded Calc       0.00    0.00
|     Exclude Masked       0.00    0.00
|     Other                0.00    0.32
|     ---------------------------------
|     Total                0.00    0.32

|  PME Reciprocal Force CPU Time:
|
|     Routine              Sec        %
|     ---------------------------------
|     1D bspline           0.00    0.00
|     Grid Charges         0.00    0.00
|     Scalar Sum           0.00    0.00
|     Gradient Sum         0.00    0.00
|     FFT                  0.00    0.00
|     ---------------------------------
|     Total                0.00    0.00

|  Setup CPU time:            0.33 seconds
|  NonSetup CPU time:         1.15 seconds
|  Total CPU time:            1.49 seconds     0.00 hours

|  Setup wall time:           1    seconds
|  NonSetup wall time:        1    seconds
|  Total wall time:           2    seconds     0.00 hours
