
          -------------------------------------------------------
          Amber 18 PMEMD                              2018
          -------------------------------------------------------

| PMEMD implementation of SANDER, Release 18

| Run on 08/17/2023 at 15:09:36

|   Executable path: pmemd.cuda
| Working directory: /panfs/accrepfs.vampire/home/nehilpkd/projects/biomatsims/a_md/mfp/1_
|          Hostname: gpu0013

  [-O]verwriting output

File Assignments:
|   MDIN: md_wat.in                                                             
|  MDOUT: md_wat.out                                                            
| INPCRD: ../1_/min_wat.rst                                                     
|   PARM: ../mfp.prmtop                                                         
| RESTRT: md_wat.rst                                                            
|   REFC: ../1_/min_wat.rst                                                     
|  MDVEL: mdvel                                                                 
|   MDEN: mden                                                                  
|  MDCRD: mdcrd                                                                 
| MDINFO: mdinfo                                                                
|  MDFRC: mdfrc                                                                 


 Here is the input file:

&cntrl                                                                         
  timlim = 999999, nmropt = 0,       imin = 0,                                 
  ntx    = 1,       irest  = 0,       ntrx = 1,      ntxo   = 1,               
  ntpr   = 500,     ntwx   = 500,     ntwv = 0,      ntwe   = 0,               
  ntwr   = 5000,                                                               
  ntf    = 2,       ntb    = 2,                                                
  cut    = 10.0,    nsnb   = 20,                                               
  nstlim = 10000,   nscm   = 2500,   iwrap = 1,                                
  t      = 0.0,     dt     = 0.002,                                            
  temp0  = 300.0,   tempi  = 200.0,    tautp=0.5,                              
  ntt    = 1,                                                                  
  ntp    =1 ,       taup = 1.0,                                                
  ntc    = 2,       tol    = 0.00001,                                          
  ibelly=0, ntr=1,                                                             
  restraintmask="!:WAT" , restraint_wt=10.0,                                   
&end                                                                           
                                                                               


Note: ig = -1. Setting random seed to   391251 based on wallclock time in 
      microseconds.
| irandom = 1, using AMBER's internal random number generator (default).
| INFO:    The nsnb ctrl option does not affect nonbonded list update frequency.
|          It does affect steepest descent minimization freq if ntmin == 0
 
|--------------------- INFORMATION ----------------------
| GPU (CUDA) Version of PMEMD in use: NVIDIA GPU IN USE.
|                    Version 18.0.0
| 
|                      03/25/2018
| 
| Implementation by:
|                    Ross C. Walker     (SDSC)
|                    Scott Le Grand     (nVIDIA)
| 
| Version 18 performance extensions by:
|                    David Cerutti     (Rutgers)
| 
| Precision model in use:
|      [SPFP] - Single Precision Forces, 64-bit Fixed Point
|               Accumulation. (Default)
| 
|--------------------------------------------------------
 
|----------------- CITATION INFORMATION -----------------
|
|    When publishing work that utilized the CUDA version
|    of AMBER, please cite the following in addition to
|    the regular AMBER citations:
|
|  - Romelia Salomon-Ferrer; Andreas W. Goetz; Duncan
|    Poole; Scott Le Grand; Ross C. Walker "Routine
|    microsecond molecular dynamics simulations with
|    AMBER - Part II: Particle Mesh Ewald", J. Chem.
|    Theory Comput., 2013, 9 (9), pp3878-3888,
|    DOI: 10.1021/ct400314y.
|
|  - Andreas W. Goetz; Mark J. Williamson; Dong Xu;
|    Duncan Poole; Scott Le Grand; Ross C. Walker
|    "Routine microsecond molecular dynamics simulations
|    with AMBER - Part I: Generalized Born", J. Chem.
|    Theory Comput., 2012, 8 (5), pp1542-1555.
|
|  - Scott Le Grand; Andreas W. Goetz; Ross C. Walker
|    "SPFP: Speed without compromise - a mixed precision
|    model for GPU accelerated molecular dynamics
|    simulations.", Comp. Phys. Comm., 2013, 184
|    pp374-380, DOI: 10.1016/j.cpc.2012.09.022
|
|--------------------------------------------------------
 
|------------------- GPU DEVICE INFO --------------------
|
|            CUDA_VISIBLE_DEVICES: 0
|   CUDA Capable Devices Detected:      1
|           CUDA Device ID in use:      0
|                CUDA Device Name: NVIDIA TITAN X (Pascal)
|     CUDA Device Global Mem Size:  12196 MB
| CUDA Device Num Multiprocessors:     28
|           CUDA Device Core Freq:   1.53 GHz
|
|--------------------------------------------------------
 
 
| Conditional Compilation Defines Used:
| PUBFFT
| BINTRAJ
| MKL
| CUDA
| EMIL

| Largest sphere to fit in unit cell has radius =    44.520

| New format PARM file being parsed.
| Version =    1.000 Date = 08/17/23 Time = 14:56:22

| Note: 1-4 EEL scale factors are being read from the topology file.

| Note: 1-4 VDW scale factors are being read from the topology file.
| Duplicated    0 dihedrals

| Duplicated    0 dihedrals

--------------------------------------------------------------------------------
   1.  RESOURCE   USE: 
--------------------------------------------------------------------------------

 getting box info from netcdf restart file
 NATOM  =   91625 NTYPES =      15 NBONH =   90984 MBONA  =     666
 NTHETH =    1363 MTHETA =     883 NPHIH =    2903 MPHIA  =    2471
 NHPARM =       0 NPARM  =       0 NNB   =  127310 NRES   =   30204
 NBONA  =     666 NTHETA =     883 NPHIA =    2471 NUMBND =      55
 NUMANG =     118 NPTRA  =     124 NATYP =      29 NPHB   =       1
 IFBOX  =       2 NMXRS  =      24 IFCAP =       0 NEXTRA =       0
 NCOPY  =       0

| Coordinate Index Table dimensions:    17   17   17
| Direct force subcell size =     6.4148    6.4148    6.4148

     BOX TYPE: TRUNCATED OCTAHEDRON

--------------------------------------------------------------------------------
   2.  CONTROL  DATA  FOR  THE  RUN
--------------------------------------------------------------------------------

default_name                                                                    

General flags:
     imin    =       0, nmropt  =       0

Nature and format of input:
     ntx     =       1, irest   =       0, ntrx    =       1

Nature and format of output:
     ntxo    =       1, ntpr    =     500, ntrx    =       1, ntwr    =    5000
     iwrap   =       1, ntwx    =     500, ntwv    =       0, ntwe    =       0
     ioutfm  =       1, ntwprt  =       0, idecomp =       0, rbornstat=      0

Potential function:
     ntf     =       2, ntb     =       2, igb     =       0, nsnb    =      20
     ipol    =       0, gbsa    =       0, iesp    =       0
     dielc   =   1.00000, cut     =  10.00000, intdiel =   1.00000

Frozen or restrained atoms:
     ibelly  =       0, ntr     =       1
     restraint_wt =  10.00000

Molecular dynamics:
     nstlim  =     10000, nscm    =         0, nrespa  =         1
     t       =   0.00000, dt      =   0.00200, vlimit  =  -1.00000

Berendsen (weak-coupling) temperature regulation:
     temp0   = 300.00000, tempi   = 200.00000, tautp   =   0.50000

Pressure regulation:
     ntp     =       1
     pres0   =   1.00000, comp    =  44.60000, taup    =   1.00000

SHAKE:
     ntc     =       2, jfastw  =       0
     tol     =   0.00001

| Intermolecular bonds treatment:
|     no_intermolecular_bonds =       1

| Energy averages sample interval:
|     ene_avg_sampling =     500

Ewald parameters:
     verbose =       0, ew_type =       0, nbflag  =       1, use_pme =       1
     vdwmeth =       1, eedmeth =       1, netfrc  =       1
     Box X =  109.052   Box Y =  109.052   Box Z =  109.052
     Alpha =  109.471   Beta  =  109.471   Gamma =  109.471
     NFFT1 =  112       NFFT2 =  112       NFFT3 =  112
     Cutoff=   10.000   Tol   =0.100E-04
     Ewald Coefficient =  0.27511
     Interpolation order =    4

    LOADING THE CONSTRAINED ATOMS AS GROUPS


   5.  REFERENCE ATOM COORDINATES

  default_name                                                                    
     Mask !:WAT; matches  1244 atoms

--------------------------------------------------------------------------------
   3.  ATOMIC COORDINATES AND VELOCITIES
--------------------------------------------------------------------------------

default_name                                                                    
 begin time read from input coords =     0.000 ps

 
 Number of triangulated 3-point waters found:    30127

     Sum of charges from parm topology file =  15.99999991
     Assuming uniform neutralizing plasma

| Dynamic Memory, Types Used:
| Reals             4079549
| Integers          2753156

| Nonbonded Pairs Initial Allocation:    27714271

| GPU memory information (estimate):
| KB of GPU memory in use:         0
| KB of CPU memory in use:         0

--------------------------------------------------------------------------------
   4.  RESULTS
--------------------------------------------------------------------------------


 NSTEP =        0   TIME(PS) =       0.000  TEMP(K) =   299.01  PRESS = -5142.7
 Etot   =   -349504.6171  EKtot   =     54633.6499  EPtot      =   -404138.2670
 BOND   =        30.5658  ANGLE   =       222.1251  DIHED      =      1115.3312
 1-4 NB =       265.6608  1-4 EEL =      4679.1197  VDWAALS    =     69775.4347
 EELEC  =   -480226.5044  EHBOND  =         0.0000  RESTRAINT  =         0.0000
 EKCMT  =     17961.2136  VIRIAL  =    128813.1961  VOLUME     =    998333.4896
                                                    Density    =         0.9177
 ------------------------------------------------------------------------------


 NSTEP =      500   TIME(PS) =       1.000  TEMP(K) =   230.44  PRESS =  -535.4
 Etot   =   -268884.5046  EKtot   =     42105.0703  EPtot      =   -310989.5749
 BOND   =       177.8910  ANGLE   =       524.5970  DIHED      =      1077.6516
 1-4 NB =       290.4720  1-4 EEL =      4620.3938  VDWAALS    =     51099.6745
 EELEC  =   -369059.7058  EHBOND  =         0.0000  RESTRAINT  =       279.4509
 EAMBER (non-restraint)  =   -311269.0258
 EKCMT  =     22281.5112  VIRIAL  =     33217.6902  VOLUME     =    946014.6087
                                                    Density    =         0.9685
 ------------------------------------------------------------------------------


 NSTEP =     1000   TIME(PS) =       2.000  TEMP(K) =   268.00  PRESS =  -192.5
 Etot   =   -251851.7223  EKtot   =     48966.3320  EPtot      =   -300818.0543
 BOND   =       204.6813  ANGLE   =       577.5453  DIHED      =      1104.4321
 1-4 NB =       285.4532  1-4 EEL =      4635.3727  VDWAALS    =     47683.4602
 EELEC  =   -355601.2920  EHBOND  =         0.0000  RESTRAINT  =       292.2929
 EAMBER (non-restraint)  =   -301110.3472
 EKCMT  =     24509.2247  VIRIAL  =     28378.6985  VOLUME     =    931227.1270
                                                    Density    =         0.9839
 ------------------------------------------------------------------------------


 NSTEP =     1500   TIME(PS) =       3.000  TEMP(K) =   283.99  PRESS =   -73.1
 Etot   =   -243342.8766  EKtot   =     51888.6094  EPtot      =   -295231.4860
 BOND   =       234.6334  ANGLE   =       643.0699  DIHED      =      1109.5287
 1-4 NB =       285.5405  1-4 EEL =      4645.7695  VDWAALS    =     45328.4868
 EELEC  =   -347775.6730  EHBOND  =         0.0000  RESTRAINT  =       297.1581
 EAMBER (non-restraint)  =   -295528.6441
 EKCMT  =     25640.1761  VIRIAL  =     27101.2787  VOLUME     =    925535.7171
                                                    Density    =         0.9899
 ------------------------------------------------------------------------------


 NSTEP =     2000   TIME(PS) =       4.000  TEMP(K) =   291.04  PRESS =    65.8
 Etot   =   -238845.2147  EKtot   =     53176.2422  EPtot      =   -292021.4569
 BOND   =       249.5866  ANGLE   =       607.2420  DIHED      =      1109.5758
 1-4 NB =       286.5782  1-4 EEL =      4647.8039  VDWAALS    =     44086.5094
 EELEC  =   -343320.2154  EHBOND  =         0.0000  RESTRAINT  =       311.4624
 EAMBER (non-restraint)  =   -292332.9193
 EKCMT  =     26224.8255  VIRIAL  =     24912.4725  VOLUME     =    924171.6166
                                                    Density    =         0.9914
 ------------------------------------------------------------------------------


 NSTEP =     2500   TIME(PS) =       5.000  TEMP(K) =   296.24  PRESS =    72.3
 Etot   =   -236386.5039  EKtot   =     54126.6680  EPtot      =   -290513.1718
 BOND   =       241.6687  ANGLE   =       614.9826  DIHED      =      1103.6687
 1-4 NB =       281.0071  1-4 EEL =      4658.2334  VDWAALS    =     43574.1752
 EELEC  =   -341289.8579  EHBOND  =         0.0000  RESTRAINT  =       302.9504
 EAMBER (non-restraint)  =   -290816.1222
 EKCMT  =     26758.6159  VIRIAL  =     25314.0253  VOLUME     =    924767.1358
                                                    Density    =         0.9908
 ------------------------------------------------------------------------------


 NSTEP =     3000   TIME(PS) =       6.000  TEMP(K) =   297.61  PRESS =    88.8
 Etot   =   -235043.8296  EKtot   =     54377.5391  EPtot      =   -289421.3686
 BOND   =       231.5585  ANGLE   =       642.6658  DIHED      =      1095.3026
 1-4 NB =       282.8313  1-4 EEL =      4635.9644  VDWAALS    =     42857.5007
 EELEC  =   -339464.5772  EHBOND  =         0.0000  RESTRAINT  =       297.3853
 EAMBER (non-restraint)  =   -289718.7540
 EKCMT  =     26668.2971  VIRIAL  =     24894.8244  VOLUME     =    925278.5989
                                                    Density    =         0.9902
 ------------------------------------------------------------------------------


 NSTEP =     3500   TIME(PS) =       7.000  TEMP(K) =   297.56  PRESS =    75.6
 Etot   =   -234337.9816  EKtot   =     54367.5234  EPtot      =   -288705.5050
 BOND   =       222.8014  ANGLE   =       608.4672  DIHED      =      1114.5920
 1-4 NB =       285.8675  1-4 EEL =      4680.2916  VDWAALS    =     42786.1765
 EELEC  =   -338704.0426  EHBOND  =         0.0000  RESTRAINT  =       300.3414
 EAMBER (non-restraint)  =   -289005.8464
 EKCMT  =     27001.0526  VIRIAL  =     25490.5569  VOLUME     =    925889.1733
                                                    Density    =         0.9896
 ------------------------------------------------------------------------------


 NSTEP =     4000   TIME(PS) =       8.000  TEMP(K) =   299.42  PRESS =    11.0
 Etot   =   -233935.5268  EKtot   =     54708.6992  EPtot      =   -288644.2261
 BOND   =       233.9615  ANGLE   =       624.5211  DIHED      =      1102.9628
 1-4 NB =       280.1928  1-4 EEL =      4631.3537  VDWAALS    =     42514.4202
 EELEC  =   -338325.6236  EHBOND  =         0.0000  RESTRAINT  =       293.9853
 EAMBER (non-restraint)  =   -288938.2113
 EKCMT  =     26951.4325  VIRIAL  =     26731.8742  VOLUME     =    927051.0271
                                                    Density    =         0.9883
 ------------------------------------------------------------------------------


 NSTEP =     4500   TIME(PS) =       9.000  TEMP(K) =   298.65  PRESS =    25.8
 Etot   =   -233553.7618  EKtot   =     54567.0938  EPtot      =   -288120.8556
 BOND   =       225.5720  ANGLE   =       616.5312  DIHED      =      1085.3376
 1-4 NB =       286.3600  1-4 EEL =      4649.4494  VDWAALS    =     42336.3990
 EELEC  =   -337628.9522  EHBOND  =         0.0000  RESTRAINT  =       308.4475
 EAMBER (non-restraint)  =   -288429.3031
 EKCMT  =     26907.4629  VIRIAL  =     26391.7659  VOLUME     =    927390.8371
                                                    Density    =         0.9880
 ------------------------------------------------------------------------------


 NSTEP =     5000   TIME(PS) =      10.000  TEMP(K) =   298.54  PRESS =    64.9
 Etot   =   -233408.9711  EKtot   =     54547.6016  EPtot      =   -287956.5726
 BOND   =       221.8578  ANGLE   =       601.5709  DIHED      =      1100.3858
 1-4 NB =       297.3647  1-4 EEL =      4652.0133  VDWAALS    =     42642.1444
 EELEC  =   -337789.5187  EHBOND  =         0.0000  RESTRAINT  =       317.6091
 EAMBER (non-restraint)  =   -288274.1818
 EKCMT  =     26984.3685  VIRIAL  =     25685.3953  VOLUME     =    927550.6452
                                                    Density    =         0.9878
 ------------------------------------------------------------------------------


 NSTEP =     5500   TIME(PS) =      11.000  TEMP(K) =   299.42  PRESS =     0.5
 Etot   =   -233277.9469  EKtot   =     54708.8281  EPtot      =   -287986.7750
 BOND   =       234.0948  ANGLE   =       626.4623  DIHED      =      1093.5410
 1-4 NB =       287.1180  1-4 EEL =      4656.8590  VDWAALS    =     42199.7811
 EELEC  =   -337395.5494  EHBOND  =         0.0000  RESTRAINT  =       310.9182
 EAMBER (non-restraint)  =   -288297.6933
 EKCMT  =     26950.9079  VIRIAL  =     26941.7240  VOLUME     =    926823.8749
                                                    Density    =         0.9886
 ------------------------------------------------------------------------------


 NSTEP =     6000   TIME(PS) =      12.000  TEMP(K) =   300.14  PRESS =    62.7
 Etot   =   -233410.7221  EKtot   =     54840.3359  EPtot      =   -288251.0581
 BOND   =       229.0633  ANGLE   =       618.4048  DIHED      =      1082.6299
 1-4 NB =       297.4248  1-4 EEL =      4679.4460  VDWAALS    =     42820.3942
 EELEC  =   -338283.4765  EHBOND  =         0.0000  RESTRAINT  =       305.0554
 EAMBER (non-restraint)  =   -288556.1135
 EKCMT  =     26944.0056  VIRIAL  =     25687.8273  VOLUME     =    927244.5502
                                                    Density    =         0.9881
 ------------------------------------------------------------------------------


 NSTEP =     6500   TIME(PS) =      13.000  TEMP(K) =   299.74  PRESS =  -102.1
 Etot   =   -233344.7777  EKtot   =     54767.4062  EPtot      =   -288112.1840
 BOND   =       231.1297  ANGLE   =       609.6671  DIHED      =      1084.8243
 1-4 NB =       279.7024  1-4 EEL =      4657.5898  VDWAALS    =     41803.4938
 EELEC  =   -337070.2517  EHBOND  =         0.0000  RESTRAINT  =       291.6606
 EAMBER (non-restraint)  =   -288403.8446
 EKCMT  =     26998.8783  VIRIAL  =     29043.3600  VOLUME     =    927206.3735
                                                    Density    =         0.9882
 ------------------------------------------------------------------------------


 NSTEP =     7000   TIME(PS) =      14.000  TEMP(K) =   299.33  PRESS =    40.8
 Etot   =   -233332.4134  EKtot   =     54691.8984  EPtot      =   -288024.3118
 BOND   =       231.8107  ANGLE   =       620.8786  DIHED      =      1081.9706
 1-4 NB =       279.6421  1-4 EEL =      4646.9045  VDWAALS    =     42687.7802
 EELEC  =   -337853.1361  EHBOND  =         0.0000  RESTRAINT  =       279.8375
 EAMBER (non-restraint)  =   -288304.1493
 EKCMT  =     26956.9489  VIRIAL  =     26140.2495  VOLUME     =    928044.3661
                                                    Density    =         0.9873
 ------------------------------------------------------------------------------


 NSTEP =     7500   TIME(PS) =      15.000  TEMP(K) =   299.73  PRESS =   -51.6
 Etot   =   -233343.8430  EKtot   =     54764.9766  EPtot      =   -288108.8196
 BOND   =       240.4082  ANGLE   =       645.7937  DIHED      =      1110.5219
 1-4 NB =       275.3024  1-4 EEL =      4631.2965  VDWAALS    =     42463.7495
 EELEC  =   -337774.0386  EHBOND  =         0.0000  RESTRAINT  =       298.1469
 EAMBER (non-restraint)  =   -288406.9665
 EKCMT  =     27033.9256  VIRIAL  =     28067.7576  VOLUME     =    928269.7664
                                                    Density    =         0.9870
 ------------------------------------------------------------------------------


 NSTEP =     8000   TIME(PS) =      16.000  TEMP(K) =   299.02  PRESS =  -105.9
 Etot   =   -233340.7472  EKtot   =     54634.6484  EPtot      =   -287975.3956
 BOND   =       227.1506  ANGLE   =       585.0560  DIHED      =      1107.2701
 1-4 NB =       285.1631  1-4 EEL =      4669.2424  VDWAALS    =     41989.1063
 EELEC  =   -337104.4165  EHBOND  =         0.0000  RESTRAINT  =       266.0325
 EAMBER (non-restraint)  =   -288241.4281
 EKCMT  =     26936.6295  VIRIAL  =     29057.8749  VOLUME     =    927622.4292
                                                    Density    =         0.9877
 ------------------------------------------------------------------------------


 NSTEP =     8500   TIME(PS) =      17.000  TEMP(K) =   298.90  PRESS =    79.8
 Etot   =   -233349.1756  EKtot   =     54613.7227  EPtot      =   -287962.8982
 BOND   =       239.9653  ANGLE   =       646.9188  DIHED      =      1088.9715
 1-4 NB =       284.6306  1-4 EEL =      4651.5808  VDWAALS    =     42539.1594
 EELEC  =   -337701.4180  EHBOND  =         0.0000  RESTRAINT  =       287.2934
 EAMBER (non-restraint)  =   -288250.1916
 EKCMT  =     26911.0005  VIRIAL  =     25312.8096  VOLUME     =    927575.0570
                                                    Density    =         0.9878
 ------------------------------------------------------------------------------


 NSTEP =     9000   TIME(PS) =      18.000  TEMP(K) =   299.43  PRESS =   -41.3
 Etot   =   -233458.8444  EKtot   =     54710.6719  EPtot      =   -288169.5163
 BOND   =       198.1502  ANGLE   =       612.8225  DIHED      =      1073.8768
 1-4 NB =       278.5054  1-4 EEL =      4670.7086  VDWAALS    =     42296.3242
 EELEC  =   -337601.4341  EHBOND  =         0.0000  RESTRAINT  =       301.5300
 EAMBER (non-restraint)  =   -288471.0463
 EKCMT  =     27003.8966  VIRIAL  =     27831.6039  VOLUME     =    927495.7767
                                                    Density    =         0.9878
 ------------------------------------------------------------------------------


 NSTEP =     9500   TIME(PS) =      19.000  TEMP(K) =   298.77  PRESS =   -22.3
 Etot   =   -233354.8331  EKtot   =     54589.3359  EPtot      =   -287944.1690
 BOND   =       222.8595  ANGLE   =       600.0185  DIHED      =      1097.9800
 1-4 NB =       292.0703  1-4 EEL =      4659.3593  VDWAALS    =     42226.9791
 EELEC  =   -337352.7239  EHBOND  =         0.0000  RESTRAINT  =       309.2881
 EAMBER (non-restraint)  =   -288253.4571
 EKCMT  =     26983.9094  VIRIAL  =     27430.1477  VOLUME     =    927824.1767
                                                    Density    =         0.9875
 ------------------------------------------------------------------------------


 NSTEP =    10000   TIME(PS) =      20.000  TEMP(K) =   299.96  PRESS =    84.3
 Etot   =   -233264.2394  EKtot   =     54805.9102  EPtot      =   -288070.1496
 BOND   =       232.5711  ANGLE   =       585.8835  DIHED      =      1082.1677
 1-4 NB =       284.9985  1-4 EEL =      4652.8762  VDWAALS    =     42573.9133
 EELEC  =   -337777.3970  EHBOND  =         0.0000  RESTRAINT  =       294.8370
 EAMBER (non-restraint)  =   -288364.9866
 EKCMT  =     27150.3021  VIRIAL  =     25462.5141  VOLUME     =    927150.9087
                                                    Density    =         0.9882
 ------------------------------------------------------------------------------


      A V E R A G E S   O V E R      20 S T E P S


 NSTEP =    10000   TIME(PS) =      20.000  TEMP(K) =   292.80  PRESS =   -22.6
 Etot   =   -237153.4218  EKtot   =     53497.9557  EPtot      =   -290651.3775
 BOND   =       226.5708  ANGLE   =       610.6549  DIHED      =      1095.3596
 1-4 NB =       285.3112  1-4 EEL =      4651.6254  VDWAALS    =     43425.4814
 EELEC  =   -341243.6650  EHBOND  =         0.0000  RESTRAINT  =       297.2841
 EAMBER (non-restraint)  =   -290948.6616
 EKCMT  =     26489.8686  VIRIAL  =     26954.7225  VOLUME     =    928006.6883
                                                    Density    =         0.9873
 ------------------------------------------------------------------------------


      R M S  F L U C T U A T I O N S


 NSTEP =    10000   TIME(PS) =      20.000  TEMP(K) =    16.12  PRESS =   140.1
 Etot   =      8541.7542  EKtot   =      2945.1896  EPtot      =      5612.8695
 BOND   =        16.0129  ANGLE   =        27.6352  DIHED      =        12.1074
 1-4 NB =         5.6225  1-4 EEL =        15.5296  VDWAALS    =      2199.0787
 EELEC  =      7760.8158  EHBOND  =         0.0000  RESTRAINT  =        12.1690
 EAMBER (non-restraint)  =      5600.7006
 EKCMT  =      1138.7767  VIRIAL  =      1932.7692  VOLUME     =      4378.6023
                                                    Density    =         0.0046
 ------------------------------------------------------------------------------

--------------------------------------------------------------------------------
   5.  TIMINGS
--------------------------------------------------------------------------------

|  NonSetup CPU Time in Major Routines:
|
|     Routine           Sec        %
|     ------------------------------
|     Nonbond          22.35   86.21
|     Bond              0.00    0.00
|     Angle             0.00    0.00
|     Dihedral          0.00    0.00
|     Shake             0.06    0.21
|     RunMD             3.49   13.48
|     Other             0.03    0.10
|     ------------------------------
|     Total            25.93

|  PME Nonbond Pairlist CPU Time:
|
|     Routine              Sec        %
|     ---------------------------------
|     Set Up Cit           0.00    0.00
|     Build List           0.00    0.00
|     ---------------------------------
|     Total                0.00    0.00

|  PME Direct Force CPU Time:
|
|     Routine              Sec        %
|     ---------------------------------
|     NonBonded Calc       0.00    0.00
|     Exclude Masked       0.00    0.00
|     Other                0.01    0.06
|     ---------------------------------
|     Total                0.01    0.06

|  PME Reciprocal Force CPU Time:
|
|     Routine              Sec        %
|     ---------------------------------
|     1D bspline           0.00    0.00
|     Grid Charges         0.00    0.00
|     Scalar Sum           0.00    0.00
|     Gradient Sum         0.00    0.00
|     FFT                  0.00    0.00
|     ---------------------------------
|     Total                0.00    0.00

|  Final Performance Info:
|     -----------------------------------------------------
|     Average timings for last   10000 steps:
|     Elapsed(s) =      26.19 Per Step(ms) =       2.62
|         ns/day =      65.99   seconds/ns =    1309.35
|
|     Average timings for all steps:
|     Elapsed(s) =      26.19 Per Step(ms) =       2.62
|         ns/day =      65.99   seconds/ns =    1309.35
|     -----------------------------------------------------

|  Setup CPU time:            0.82 seconds
|  NonSetup CPU time:        25.93 seconds
|  Total CPU time:           26.75 seconds     0.01 hours

|  Setup wall time:           1    seconds
|  NonSetup wall time:       27    seconds
|  Total wall time:          28    seconds     0.01 hours
