
          -------------------------------------------------------
          Amber 22 PMEMD                              2022
          -------------------------------------------------------

| PMEMD implementation of SANDER, Release 22

|  Compiled date/time: Thu Apr 14 13:06:37 2022
| Run on 10/18/2023 at 13:50:12

|   Executable path: pmemd.cuda
| Working directory: /panfs/accrepfs.vampire/home/nehilpkd/projects/biomatsims/dimerization/manual/2_water_eq
|          Hostname: gpu0012

  [-O]verwriting output

File Assignments:
|   MDIN: md_wat.in                                                             
|  MDOUT: md_wat.out                                                            
| INPCRD: ../1_water_min/min_wat.rst                                            
|   PARM: ../sa.prmtop                                                          
| RESTRT: md_wat.rst                                                            
|   REFC: ../1_water_min/min_wat.rst                                            
|  MDVEL: mdvel                                                                 
|   MDEN: mden                                                                  
|  MDCRD: mdcrd                                                                 
| MDINFO: mdinfo                                                                
|  MDFRC: mdfrc                                                                 


 Here is the input file:

&cntrl                                                                         
  timlim = 999999, nmropt = 0,       imin = 0,                                 
  ntx    = 1,       irest  = 0,       ntrx = 1,      ntxo   = 1,               
  ntpr   = 500,     ntwx   = 500,     ntwv = 0,      ntwe   = 0,               
  ntwr   = 5000,                                                               
  ntf    = 2,       ntb    = 2,                                                
  cut    = 10.0,    nsnb   = 20,                                               
  nstlim = 10000,   nscm   = 2500,   iwrap = 1,                                
  t      = 0.0,     dt     = 0.002,                                            
  temp0  = 300.0,   tempi  = 200.0,    tautp=0.5,                              
  ntt    = 1,                                                                  
  ntp    =1 ,       taup = 1.0,                                                
  ntc    = 2,       tol    = 0.00001,                                          
  ibelly=0, ntr=1,                                                             
  restraintmask="!:WAT" , restraint_wt=10.0,                                   
&end                                                                           
                                                                               


Note: ig = -1. Setting random seed to    73041 based on wallclock time in 
      microseconds.
| irandom = 1, using AMBER's internal random number generator (default).
| INFO:    The nsnb ctrl option does not affect nonbonded list update frequency.
|          It does affect steepest descent minimization freq if ntmin == 0
 
|--------------------- INFORMATION ----------------------
| GPU (CUDA) Version of PMEMD in use: NVIDIA GPU IN USE.
|                    Version 18.0.0
| 
|                      03/25/2018
| 
| Implementation by:
|                    Ross C. Walker     (SDSC)
|                    Scott Le Grand     (nVIDIA)
| 
| Version 18 performance extensions by:
|                    David Cerutti     (Rutgers)
| 
| Precision model in use:
|      [SPFP] - Single Precision Forces, 64-bit Fixed Point
|               Accumulation. (Default)
| 
|--------------------------------------------------------
 
|----------------- CITATION INFORMATION -----------------
|
|    When publishing work that utilized the CUDA version
|    of AMBER, please cite the following in addition to
|    the regular AMBER citations:
|
|  - Romelia Salomon-Ferrer; Andreas W. Goetz; Duncan
|    Poole; Scott Le Grand; Ross C. Walker "Routine
|    microsecond molecular dynamics simulations with
|    AMBER - Part II: Particle Mesh Ewald", J. Chem.
|    Theory Comput., 2013, 9 (9), pp3878-3888,
|    DOI: 10.1021/ct400314y.
|
|  - Andreas W. Goetz; Mark J. Williamson; Dong Xu;
|    Duncan Poole; Scott Le Grand; Ross C. Walker
|    "Routine microsecond molecular dynamics simulations
|    with AMBER - Part I: Generalized Born", J. Chem.
|    Theory Comput., 2012, 8 (5), pp1542-1555.
|
|  - Scott Le Grand; Andreas W. Goetz; Ross C. Walker
|    "SPFP: Speed without compromise - a mixed precision
|    model for GPU accelerated molecular dynamics
|    simulations.", Comp. Phys. Comm., 2013, 184
|    pp374-380, DOI: 10.1016/j.cpc.2012.09.022
|
|--------------------------------------------------------
 
|------------------- GPU DEVICE INFO --------------------
|
|            CUDA_VISIBLE_DEVICES: 0
|   CUDA Capable Devices Detected:      1
|           CUDA Device ID in use:      0
|                CUDA Device Name: NVIDIA GeForce GTX TITAN X
|     CUDA Device Global Mem Size:  12212 MB
| CUDA Device Num Multiprocessors:     24
|           CUDA Device Core Freq:   1.08 GHz
|
|--------------------------------------------------------
 
 
| Conditional Compilation Defines Used:
| PUBFFT
| BINTRAJ
| CUDA
| EMIL

| Largest sphere to fit in unit cell has radius =    29.455

| New format PARM file being parsed.
| Version =    1.000 Date = 10/18/23 Time = 00:58:06

| Note: 1-4 EEL scale factors are being read from the topology file.

| Note: 1-4 VDW scale factors are being read from the topology file.
| Duplicated    0 dihedrals

| Duplicated    0 dihedrals

--------------------------------------------------------------------------------
   1.  RESOURCE   USE: 
--------------------------------------------------------------------------------

 getting box info from netcdf restart file
 NATOM  =   20649 NTYPES =      12 NBONH =   20233 MBONA  =     418
 NTHETH =     872 MTHETA =     550 NPHIH =    1894 MPHIA  =    1606
 NHPARM =       0 NPARM  =       0 NNB   =   30724 NRES   =    6685
 NBONA  =     418 NTHETA =     550 NPHIA =    1606 NUMBND =      40
 NUMANG =      90 NPTRA  =     113 NATYP =      21 NPHB   =       0
 IFBOX  =       1 NMXRS  =      24 IFCAP =       0 NEXTRA =       0
 NCOPY  =       0

| Coordinate Index Table dimensions:    13   11   10
| Direct force subcell size =     5.5196    5.7201    5.8910

     BOX TYPE: RECTILINEAR

--------------------------------------------------------------------------------
   2.  CONTROL  DATA  FOR  THE  RUN
--------------------------------------------------------------------------------

default_name                                                                    

General flags:
     imin    =       0, nmropt  =       0

Nature and format of input:
     ntx     =       1, irest   =       0, ntrx    =       1

Nature and format of output:
     ntxo    =       1, ntpr    =     500, ntrx    =       1, ntwr    =    5000
     iwrap   =       1, ntwx    =     500, ntwv    =       0, ntwe    =       0
     ioutfm  =       1, ntwprt  =       0, idecomp =       0, rbornstat=      0

Potential function:
     ntf     =       2, ntb     =       2, igb     =       0, nsnb    =      20
     ipol    =       0, gbsa    =       0, iesp    =       0
     dielc   =   1.00000, cut     =  10.00000, intdiel =   1.00000

Frozen or restrained atoms:
     ibelly  =       0, ntr     =       1
     restraint_wt =  10.00000

Molecular dynamics:
     nstlim  =     10000, nscm    =         0, nrespa  =         1
     t       =   0.00000, dt      =   0.00200, vlimit  =  -1.00000

Berendsen (weak-coupling) temperature regulation:
     temp0   = 300.00000, tempi   = 200.00000, tautp   =   0.50000

Pressure regulation:
     ntp     =       1
     pres0   =   1.00000, comp    =  44.60000, taup    =   1.00000

SHAKE:
     ntc     =       2, jfastw  =       0
     tol     =   0.00001

| Intermolecular bonds treatment:
|     no_intermolecular_bonds =       1

| Energy averages sample interval:
|     ene_avg_sampling =     500

Ewald parameters:
     verbose =       0, ew_type =       0, nbflag  =       1, use_pme =       1
     vdwmeth =       1, eedmeth =       1, netfrc  =       1
     Box X =   71.755   Box Y =   62.921   Box Z =   58.910
     Alpha =   90.000   Beta  =   90.000   Gamma =   90.000
     NFFT1 =   72       NFFT2 =   64       NFFT3 =   64
     Cutoff=   10.000   Tol   =0.100E-04
     Ewald Coefficient =  0.27511
     Interpolation order =    4

    LOADING THE CONSTRAINED ATOMS AS GROUPS


   5.  REFERENCE ATOM COORDINATES

  default_name                                                                    
     Mask !:WAT; matches   804 atoms

--------------------------------------------------------------------------------
   3.  ATOMIC COORDINATES AND VELOCITIES
--------------------------------------------------------------------------------

default_name                                                                    
 begin time read from input coords =     0.000 ps

 
 Number of triangulated 3-point waters found:     6615

     Sum of charges from parm topology file =   1.99999991
     Assuming uniform neutralizing plasma

| Dynamic Memory, Types Used:
| Reals             1029263
| Integers           718605

| Nonbonded Pairs Initial Allocation:     6245806

| GPU memory information (estimate):
| KB of GPU memory in use:     77291
| KB of CPU memory in use:     37916

--------------------------------------------------------------------------------
   4.  RESULTS
--------------------------------------------------------------------------------


 NSTEP =        0   TIME(PS) =       0.000  TEMP(K) =   296.01  PRESS = -2839.9
 Etot   =    -75315.1237  EKtot   =     12268.6537  EPtot      =    -87583.7774
 BOND   =        28.3992  ANGLE   =        93.6805  DIHED      =       821.1761
 1-4 NB =       162.0115  1-4 EEL =      3114.1600  VDWAALS    =     16592.9091
 EELEC  =   -108396.1138  EHBOND  =         0.0000  RESTRAINT  =         0.0000
 EKCMT  =      3908.1402  VIRIAL  =     20217.0955  VOLUME     =    265973.9258
                                                    Density    =         0.7810
 ------------------------------------------------------------------------------


 NSTEP =      500   TIME(PS) =       1.000  TEMP(K) =   229.81  PRESS =  -235.9
 Etot   =    -57274.0158  EKtot   =      9525.0566  EPtot      =    -66799.0724
 BOND   =       106.0927  ANGLE   =       296.7346  DIHED      =       803.1902
 1-4 NB =       181.1143  1-4 EEL =      3124.0947  VDWAALS    =     11001.5418
 EELEC  =    -82509.6673  EHBOND  =         0.0000  RESTRAINT  =       197.8266
 EAMBER (non-restraint)  =    -66996.8990
 EKCMT  =      4953.1114  VIRIAL  =      6261.3618  VOLUME     =    256852.0399
                                                    Density    =         0.8087
 ------------------------------------------------------------------------------


 NSTEP =     1000   TIME(PS) =       2.000  TEMP(K) =   271.91  PRESS =  -320.6
 Etot   =    -53492.4451  EKtot   =     11269.7021  EPtot      =    -64762.1472
 BOND   =       140.9107  ANGLE   =       338.3255  DIHED      =       813.5799
 1-4 NB =       183.3968  1-4 EEL =      3088.5970  VDWAALS    =      9794.2913
 EELEC  =    -79315.2513  EHBOND  =         0.0000  RESTRAINT  =       194.0029
 EAMBER (non-restraint)  =    -64956.1502
 EKCMT  =      5483.8778  VIRIAL  =      7239.0164  VOLUME     =    253578.1828
                                                    Density    =         0.8191
 ------------------------------------------------------------------------------


 NSTEP =     1500   TIME(PS) =       3.000  TEMP(K) =   284.16  PRESS =  -615.5
 Etot   =    -51782.9771  EKtot   =     11777.5986  EPtot      =    -63560.5757
 BOND   =       125.5843  ANGLE   =       332.5257  DIHED      =       814.0825
 1-4 NB =       180.6012  1-4 EEL =      3101.4682  VDWAALS    =      9274.4353
 EELEC  =    -77615.2212  EHBOND  =         0.0000  RESTRAINT  =       225.9483
 EAMBER (non-restraint)  =    -63786.5240
 EKCMT  =      5655.3258  VIRIAL  =      8966.8825  VOLUME     =    249183.8439
                                                    Density    =         0.8336
 ------------------------------------------------------------------------------


 NSTEP =     2000   TIME(PS) =       4.000  TEMP(K) =   292.68  PRESS =  -594.0
 Etot   =    -51013.3689  EKtot   =     12130.7646  EPtot      =    -63144.1335
 BOND   =       134.4407  ANGLE   =       358.8099  DIHED      =       791.5669
 1-4 NB =       185.5418  1-4 EEL =      3103.2894  VDWAALS    =      8998.4571
 EELEC  =    -76950.7526  EHBOND  =         0.0000  RESTRAINT  =       234.5133
 EAMBER (non-restraint)  =    -63378.6468
 EKCMT  =      5721.3281  VIRIAL  =      8833.6528  VOLUME     =    242682.2063
                                                    Density    =         0.8559
 ------------------------------------------------------------------------------


 NSTEP =     2500   TIME(PS) =       5.000  TEMP(K) =   296.99  PRESS =  -428.6
 Etot   =    -50703.3883  EKtot   =     12309.1436  EPtot      =    -63012.5319
 BOND   =       150.4236  ANGLE   =       366.5677  DIHED      =       803.1080
 1-4 NB =       178.4012  1-4 EEL =      3097.6005  VDWAALS    =      8942.9647
 EELEC  =    -76753.6059  EHBOND  =         0.0000  RESTRAINT  =       202.0085
 EAMBER (non-restraint)  =    -63214.5403
 EKCMT  =      5882.4669  VIRIAL  =      8074.1148  VOLUME     =    236843.6837
                                                    Density    =         0.8770
 ------------------------------------------------------------------------------


 NSTEP =     3000   TIME(PS) =       6.000  TEMP(K) =   297.83  PRESS =  -510.8
 Etot   =    -50647.8212  EKtot   =     12344.2119  EPtot      =    -62992.0331
 BOND   =       160.2950  ANGLE   =       366.6682  DIHED      =       802.6987
 1-4 NB =       176.1273  1-4 EEL =      3090.2068  VDWAALS    =      8829.2723
 EELEC  =    -76640.9140  EHBOND  =         0.0000  RESTRAINT  =       223.6127
 EAMBER (non-restraint)  =    -63215.6458
 EKCMT  =      5883.3480  VIRIAL  =      8442.8857  VOLUME     =    232064.8670
                                                    Density    =         0.8951
 ------------------------------------------------------------------------------


 NSTEP =     3500   TIME(PS) =       7.000  TEMP(K) =   300.11  PRESS =  -383.6
 Etot   =    -50671.9816  EKtot   =     12438.6523  EPtot      =    -63110.6339
 BOND   =       156.1555  ANGLE   =       364.4654  DIHED      =       812.0585
 1-4 NB =       181.5516  1-4 EEL =      3088.7192  VDWAALS    =      8912.1078
 EELEC  =    -76832.5306  EHBOND  =         0.0000  RESTRAINT  =       206.8386
 EAMBER (non-restraint)  =    -63317.4725
 EKCMT  =      5953.2872  VIRIAL  =      7846.4769  VOLUME     =    228603.4469
                                                    Density    =         0.9086
 ------------------------------------------------------------------------------


 NSTEP =     4000   TIME(PS) =       8.000  TEMP(K) =   302.32  PRESS =  -292.9
 Etot   =    -50676.5421  EKtot   =     12530.0449  EPtot      =    -63206.5870
 BOND   =       142.5379  ANGLE   =       374.0013  DIHED      =       811.0347
 1-4 NB =       180.6838  1-4 EEL =      3116.5890  VDWAALS    =      8915.4165
 EELEC  =    -76961.8087  EHBOND  =         0.0000  RESTRAINT  =       214.9585
 EAMBER (non-restraint)  =    -63421.5455
 EKCMT  =      5899.0310  VIRIAL  =      7325.5028  VOLUME     =    225532.0736
                                                    Density    =         0.9210
 ------------------------------------------------------------------------------


 NSTEP =     4500   TIME(PS) =       9.000  TEMP(K) =   299.40  PRESS =  -261.4
 Etot   =    -50747.7482  EKtot   =     12409.2607  EPtot      =    -63157.0089
 BOND   =       153.9043  ANGLE   =       356.5351  DIHED      =       797.8743
 1-4 NB =       181.9453  1-4 EEL =      3089.8558  VDWAALS    =      8898.4247
 EELEC  =    -76843.8183  EHBOND  =         0.0000  RESTRAINT  =       208.2698
 EAMBER (non-restraint)  =    -63365.2787
 EKCMT  =      5959.1294  VIRIAL  =      7212.7411  VOLUME     =    222149.1290
                                                    Density    =         0.9350
 ------------------------------------------------------------------------------


 NSTEP =     5000   TIME(PS) =      10.000  TEMP(K) =   298.95  PRESS =  -121.5
 Etot   =    -50883.7293  EKtot   =     12390.7090  EPtot      =    -63274.4383
 BOND   =       153.6771  ANGLE   =       352.8456  DIHED      =       810.0990
 1-4 NB =       173.4501  1-4 EEL =      3087.0413  VDWAALS    =      8876.1098
 EELEC  =    -76953.9630  EHBOND  =         0.0000  RESTRAINT  =       226.3019
 EAMBER (non-restraint)  =    -63500.7402
 EKCMT  =      5966.1348  VIRIAL  =      6540.9966  VOLUME     =    219211.5960
                                                    Density    =         0.9476
 ------------------------------------------------------------------------------


 NSTEP =     5500   TIME(PS) =      11.000  TEMP(K) =   301.65  PRESS =  -164.8
 Etot   =    -51015.1688  EKtot   =     12502.5000  EPtot      =    -63517.6688
 BOND   =       157.4397  ANGLE   =       361.6361  DIHED      =       818.3645
 1-4 NB =       180.3410  1-4 EEL =      3101.7417  VDWAALS    =      9067.6889
 EELEC  =    -77437.8257  EHBOND  =         0.0000  RESTRAINT  =       232.9451
 EAMBER (non-restraint)  =    -63750.6139
 EKCMT  =      5956.6853  VIRIAL  =      6728.2065  VOLUME     =    216797.5628
                                                    Density    =         0.9581
 ------------------------------------------------------------------------------


 NSTEP =     6000   TIME(PS) =      12.000  TEMP(K) =   300.16  PRESS =  -357.2
 Etot   =    -51122.4742  EKtot   =     12440.4834  EPtot      =    -63562.9576
 BOND   =       159.8716  ANGLE   =       355.1075  DIHED      =       812.7680
 1-4 NB =       184.9026  1-4 EEL =      3098.1610  VDWAALS    =      8828.0527
 EELEC  =    -77222.3782  EHBOND  =         0.0000  RESTRAINT  =       220.5573
 EAMBER (non-restraint)  =    -63783.5149
 EKCMT  =      5939.9187  VIRIAL  =      7598.0989  VOLUME     =    214999.9399
                                                    Density    =         0.9661
 ------------------------------------------------------------------------------


 NSTEP =     6500   TIME(PS) =      13.000  TEMP(K) =   301.52  PRESS =  -237.7
 Etot   =    -51181.9041  EKtot   =     12496.9805  EPtot      =    -63678.8846
 BOND   =       157.2122  ANGLE   =       327.8715  DIHED      =       822.0480
 1-4 NB =       180.1674  1-4 EEL =      3110.2165  VDWAALS    =      8830.3397
 EELEC  =    -77332.7113  EHBOND  =         0.0000  RESTRAINT  =       225.9714
 EAMBER (non-restraint)  =    -63904.8559
 EKCMT  =      5956.1223  VIRIAL  =      7049.9668  VOLUME     =    213118.9613
                                                    Density    =         0.9746
 ------------------------------------------------------------------------------


 NSTEP =     7000   TIME(PS) =      14.000  TEMP(K) =   304.67  PRESS =   113.3
 Etot   =    -51283.8779  EKtot   =     12627.5840  EPtot      =    -63911.4619
 BOND   =       149.1614  ANGLE   =       356.1044  DIHED      =       825.7994
 1-4 NB =       176.0974  1-4 EEL =      3087.8733  VDWAALS    =      9139.8168
 EELEC  =    -77881.7345  EHBOND  =         0.0000  RESTRAINT  =       235.4199
 EAMBER (non-restraint)  =    -64146.8817
 EKCMT  =      6070.7108  VIRIAL  =      5552.6585  VOLUME     =    211852.4216
                                                    Density    =         0.9805
 ------------------------------------------------------------------------------


 NSTEP =     7500   TIME(PS) =      15.000  TEMP(K) =   297.58  PRESS =  -218.1
 Etot   =    -51351.8825  EKtot   =     12333.7383  EPtot      =    -63685.6208
 BOND   =       144.9423  ANGLE   =       369.2124  DIHED      =       814.3207
 1-4 NB =       174.4116  1-4 EEL =      3067.9883  VDWAALS    =      8799.4572
 EELEC  =    -77260.4487  EHBOND  =         0.0000  RESTRAINT  =       204.4954
 EAMBER (non-restraint)  =    -63890.1162
 EKCMT  =      5919.2610  VIRIAL  =      6914.1461  VOLUME     =    211308.0763
                                                    Density    =         0.9830
 ------------------------------------------------------------------------------


 NSTEP =     8000   TIME(PS) =      16.000  TEMP(K) =   299.77  PRESS =  -226.7
 Etot   =    -51373.8159  EKtot   =     12424.3301  EPtot      =    -63798.1460
 BOND   =       165.0705  ANGLE   =       343.4960  DIHED      =       823.5286
 1-4 NB =       172.3986  1-4 EEL =      3089.4019  VDWAALS    =      8702.7959
 EELEC  =    -77323.6283  EHBOND  =         0.0000  RESTRAINT  =       228.7909
 EAMBER (non-restraint)  =    -64026.9369
 EKCMT  =      5932.9274  VIRIAL  =      6963.6594  VOLUME     =    210610.4588
                                                    Density    =         0.9862
 ------------------------------------------------------------------------------


 NSTEP =     8500   TIME(PS) =      17.000  TEMP(K) =   303.35  PRESS =  -116.8
 Etot   =    -51426.9387  EKtot   =     12572.8223  EPtot      =    -63999.7609
 BOND   =       143.2239  ANGLE   =       348.4599  DIHED      =       794.3042
 1-4 NB =       177.0433  1-4 EEL =      3105.1341  VDWAALS    =      8874.3621
 EELEC  =    -77673.9256  EHBOND  =         0.0000  RESTRAINT  =       231.6371
 EAMBER (non-restraint)  =    -64231.3980
 EKCMT  =      5975.1989  VIRIAL  =      6506.4240  VOLUME     =    210614.5824
                                                    Density    =         0.9862
 ------------------------------------------------------------------------------


 NSTEP =     9000   TIME(PS) =      18.000  TEMP(K) =   300.63  PRESS =  -209.4
 Etot   =    -51429.5041  EKtot   =     12460.3535  EPtot      =    -63889.8576
 BOND   =       146.0113  ANGLE   =       369.5330  DIHED      =       805.8449
 1-4 NB =       174.3895  1-4 EEL =      3099.1422  VDWAALS    =      8885.6136
 EELEC  =    -77601.6949  EHBOND  =         0.0000  RESTRAINT  =       231.3027
 EAMBER (non-restraint)  =    -64121.1604
 EKCMT  =      5937.2307  VIRIAL  =      6887.6619  VOLUME     =    210175.0335
                                                    Density    =         0.9883
 ------------------------------------------------------------------------------


 NSTEP =     9500   TIME(PS) =      19.000  TEMP(K) =   300.61  PRESS =   111.0
 Etot   =    -51471.3984  EKtot   =     12459.4590  EPtot      =    -63930.8574
 BOND   =       133.7049  ANGLE   =       364.3186  DIHED      =       807.6492
 1-4 NB =       180.6683  1-4 EEL =      3088.1954  VDWAALS    =      9118.4501
 EELEC  =    -77851.8031  EHBOND  =         0.0000  RESTRAINT  =       227.9592
 EAMBER (non-restraint)  =    -64158.8166
 EKCMT  =      5869.2823  VIRIAL  =      5366.2393  VOLUME     =    209959.2121
                                                    Density    =         0.9893
 ------------------------------------------------------------------------------


 NSTEP =    10000   TIME(PS) =      20.000  TEMP(K) =   300.89  PRESS =  -188.8
 Etot   =    -51437.0270  EKtot   =     12470.8047  EPtot      =    -63907.8317
 BOND   =       135.3033  ANGLE   =       360.2907  DIHED      =       793.7983
 1-4 NB =       174.8019  1-4 EEL =      3075.4267  VDWAALS    =      8872.4930
 EELEC  =    -77530.0064  EHBOND  =         0.0000  RESTRAINT  =       210.0608
 EAMBER (non-restraint)  =    -64117.8925
 EKCMT  =      5943.9429  VIRIAL  =      6799.2679  VOLUME     =    209794.5833
                                                    Density    =         0.9901
 ------------------------------------------------------------------------------


      A V E R A G E S   O V E R      20 S T E P S


 NSTEP =    10000   TIME(PS) =      20.000  TEMP(K) =   294.25  PRESS =  -263.0
 Etot   =    -51549.4005  EKtot   =     12195.7100  EPtot      =    -63745.1105
 BOND   =       145.7981  ANGLE   =       353.1755  DIHED      =       808.8859
 1-4 NB =       178.9017  1-4 EEL =      3095.5372  VDWAALS    =      9078.1046
 EELEC  =    -77624.6845  EHBOND  =         0.0000  RESTRAINT  =       219.1710
 EAMBER (non-restraint)  =    -63964.2815
 EKCMT  =      5842.9160  VIRIAL  =      7155.4980  VOLUME     =    224296.5950
                                                    Density    =         0.9302
 ------------------------------------------------------------------------------


      R M S  F L U C T U A T I O N S


 NSTEP =    10000   TIME(PS) =      20.000  TEMP(K) =    16.47  PRESS =   186.5
 Etot   =      1446.1289  EKtot   =       682.5828  EPtot      =       818.2339
 BOND   =        13.6485  ANGLE   =        17.8015  DIHED      =         9.6169
 1-4 NB =         3.7613  1-4 EEL =        12.7777  VDWAALS    =       496.6645
 EELEC  =      1258.2399  EHBOND  =         0.0000  RESTRAINT  =        12.8390
 EAMBER (non-restraint)  =       805.3949
 EKCMT  =       240.4306  VIRIAL  =       926.4819  VOLUME     =     15368.7198
                                                    Density    =         0.0604
 ------------------------------------------------------------------------------

--------------------------------------------------------------------------------
   5.  TIMINGS
--------------------------------------------------------------------------------

|  NonSetup CPU Time in Major Routines:
|
|     Routine           Sec        %
|     ------------------------------
|     Nonbond           9.60   84.55
|     Bond              0.00    0.00
|     Angle             0.00    0.00
|     Dihedral          0.00    0.00
|     Shake             0.05    0.44
|     RunMD             1.67   14.73
|     Other             0.03    0.27
|     ------------------------------
|     Total            11.35

|  PME Nonbond Pairlist CPU Time:
|
|     Routine              Sec        %
|     ---------------------------------
|     Set Up Cit           0.00    0.00
|     Build List           0.00    0.00
|     ---------------------------------
|     Total                0.00    0.00

|  PME Direct Force CPU Time:
|
|     Routine              Sec        %
|     ---------------------------------
|     NonBonded Calc       0.00    0.00
|     Exclude Masked       0.00    0.00
|     Other                0.02    0.15
|     ---------------------------------
|     Total                0.02    0.15

|  PME Reciprocal Force CPU Time:
|
|     Routine              Sec        %
|     ---------------------------------
|     1D bspline           0.00    0.00
|     Grid Charges         0.00    0.00
|     Scalar Sum           0.00    0.00
|     Gradient Sum         0.00    0.00
|     FFT                  0.00    0.00
|     ---------------------------------
|     Total                0.00    0.00

|  Final Performance Info:
|     -----------------------------------------------------
|     Average timings for last   10000 steps:
|     Elapsed(s) =      11.46 Per Step(ms) =       1.15
|         ns/day =     150.76   seconds/ns =     573.08
|
|     Average timings for all steps:
|     Elapsed(s) =      11.46 Per Step(ms) =       1.15
|         ns/day =     150.76   seconds/ns =     573.08
|     -----------------------------------------------------

|  Setup CPU time:            0.48 seconds
|  NonSetup CPU time:        11.35 seconds
|  Total CPU time:           11.83 seconds     0.00 hours

|  Setup wall time:           1    seconds
|  NonSetup wall time:       11    seconds
|  Total wall time:          12    seconds     0.00 hours
