
          -------------------------------------------------------
          Amber 18 PMEMD                              2018
          -------------------------------------------------------

| PMEMD implementation of SANDER, Release 18

| Run on 09/06/2023 at 15:23:46

|   Executable path: pmemd.cuda
| Working directory: /panfs/accrepfs.vampire/home/nehilpkd/projects/biomatsims/aggregation/1_
|          Hostname: gpu0023

  [-O]verwriting output

File Assignments:
|   MDIN: md_wat.in                                                             
|  MDOUT: md_wat.out                                                            
| INPCRD: ../1_/min_wat.rst                                                     
|   PARM: ../2sa.prmtop                                                         
| RESTRT: md_wat.rst                                                            
|   REFC: ../1_/min_wat.rst                                                     
|  MDVEL: mdvel                                                                 
|   MDEN: mden                                                                  
|  MDCRD: mdcrd                                                                 
| MDINFO: mdinfo                                                                
|  MDFRC: mdfrc                                                                 


 Here is the input file:

&cntrl                                                                         
  timlim = 999999, nmropt = 0,       imin = 0,                                 
  ntx    = 1,       irest  = 0,       ntrx = 1,      ntxo   = 1,               
  ntpr   = 500,     ntwx   = 500,     ntwv = 0,      ntwe   = 0,               
  ntwr   = 5000,                                                               
  ntf    = 2,       ntb    = 2,                                                
  cut    = 10.0,    nsnb   = 20,                                               
  nstlim = 10000,   nscm   = 2500,   iwrap = 1,                                
  t      = 0.0,     dt     = 0.002,                                            
  temp0  = 300.0,   tempi  = 200.0,    tautp=0.5,                              
  ntt    = 1,                                                                  
  ntp    =1 ,       taup = 1.0,                                                
  ntc    = 2,       tol    = 0.0001,                                           
  ibelly=0, ntr=1,                                                             
  restraintmask="!:WAT" , restraint_wt=10.0,                                   
&end                                                                           
                                                                               


Note: ig = -1. Setting random seed to   755293 based on wallclock time in 
      microseconds.
| irandom = 1, using AMBER's internal random number generator (default).
| INFO:    The nsnb ctrl option does not affect nonbonded list update frequency.
|          It does affect steepest descent minimization freq if ntmin == 0
 
|--------------------- INFORMATION ----------------------
| GPU (CUDA) Version of PMEMD in use: NVIDIA GPU IN USE.
|                    Version 18.0.0
| 
|                      03/25/2018
| 
| Implementation by:
|                    Ross C. Walker     (SDSC)
|                    Scott Le Grand     (nVIDIA)
| 
| Version 18 performance extensions by:
|                    David Cerutti     (Rutgers)
| 
| Precision model in use:
|      [SPFP] - Single Precision Forces, 64-bit Fixed Point
|               Accumulation. (Default)
| 
|--------------------------------------------------------
 
|----------------- CITATION INFORMATION -----------------
|
|    When publishing work that utilized the CUDA version
|    of AMBER, please cite the following in addition to
|    the regular AMBER citations:
|
|  - Romelia Salomon-Ferrer; Andreas W. Goetz; Duncan
|    Poole; Scott Le Grand; Ross C. Walker "Routine
|    microsecond molecular dynamics simulations with
|    AMBER - Part II: Particle Mesh Ewald", J. Chem.
|    Theory Comput., 2013, 9 (9), pp3878-3888,
|    DOI: 10.1021/ct400314y.
|
|  - Andreas W. Goetz; Mark J. Williamson; Dong Xu;
|    Duncan Poole; Scott Le Grand; Ross C. Walker
|    "Routine microsecond molecular dynamics simulations
|    with AMBER - Part I: Generalized Born", J. Chem.
|    Theory Comput., 2012, 8 (5), pp1542-1555.
|
|  - Scott Le Grand; Andreas W. Goetz; Ross C. Walker
|    "SPFP: Speed without compromise - a mixed precision
|    model for GPU accelerated molecular dynamics
|    simulations.", Comp. Phys. Comm., 2013, 184
|    pp374-380, DOI: 10.1016/j.cpc.2012.09.022
|
|--------------------------------------------------------
 
|------------------- GPU DEVICE INFO --------------------
|
|            CUDA_VISIBLE_DEVICES: 0
|   CUDA Capable Devices Detected:      1
|           CUDA Device ID in use:      0
|                CUDA Device Name: NVIDIA TITAN Xp
|     CUDA Device Global Mem Size:  12196 MB
| CUDA Device Num Multiprocessors:     30
|           CUDA Device Core Freq:   1.58 GHz
|
|--------------------------------------------------------
 
 
| Conditional Compilation Defines Used:
| PUBFFT
| BINTRAJ
| MKL
| CUDA
| EMIL

| Largest sphere to fit in unit cell has radius =    53.441

| New format PARM file being parsed.
| Version =    1.000 Date = 09/06/23 Time = 12:40:52

| Note: 1-4 EEL scale factors are being read from the topology file.

| Note: 1-4 VDW scale factors are being read from the topology file.
| Duplicated    0 dihedrals

| Duplicated    0 dihedrals

--------------------------------------------------------------------------------
   1.  RESOURCE   USE: 
--------------------------------------------------------------------------------

 getting box info from netcdf restart file
 NATOM  =  223767 NTYPES =      13 NBONH =  217142 MBONA  =    6688
 NTHETH =   13828 MTHETA =    8831 NPHIH =   30428 MPHIA  =   26285
 NHPARM =       0 NPARM  =       0 NNB   =  349397 NRES   =   71452
 NBONA  =    6688 NTHETA =    8831 NPHIA =   26285 NUMBND =      40
 NUMANG =      90 NPTRA  =     113 NATYP =      21 NPHB   =       1
 IFBOX  =       1 NMXRS  =      24 IFCAP =       0 NEXTRA =       0
 NCOPY  =       0

| Coordinate Index Table dimensions:    21   19   37
| Direct force subcell size =     5.6783    5.6254    5.5266

     BOX TYPE: RECTILINEAR

--------------------------------------------------------------------------------
   2.  CONTROL  DATA  FOR  THE  RUN
--------------------------------------------------------------------------------

default_name                                                                    

General flags:
     imin    =       0, nmropt  =       0

Nature and format of input:
     ntx     =       1, irest   =       0, ntrx    =       1

Nature and format of output:
     ntxo    =       1, ntpr    =     500, ntrx    =       1, ntwr    =    5000
     iwrap   =       1, ntwx    =     500, ntwv    =       0, ntwe    =       0
     ioutfm  =       1, ntwprt  =       0, idecomp =       0, rbornstat=      0

Potential function:
     ntf     =       2, ntb     =       2, igb     =       0, nsnb    =      20
     ipol    =       0, gbsa    =       0, iesp    =       0
     dielc   =   1.00000, cut     =  10.00000, intdiel =   1.00000

Frozen or restrained atoms:
     ibelly  =       0, ntr     =       1
     restraint_wt =  10.00000

Molecular dynamics:
     nstlim  =     10000, nscm    =         0, nrespa  =         1
     t       =   0.00000, dt      =   0.00200, vlimit  =  -1.00000

Berendsen (weak-coupling) temperature regulation:
     temp0   = 300.00000, tempi   = 200.00000, tautp   =   0.50000

Pressure regulation:
     ntp     =       1
     pres0   =   1.00000, comp    =  44.60000, taup    =   1.00000

SHAKE:
     ntc     =       2, jfastw  =       0
     tol     =   0.00010

| Intermolecular bonds treatment:
|     no_intermolecular_bonds =       1

| Energy averages sample interval:
|     ene_avg_sampling =     500

Ewald parameters:
     verbose =       0, ew_type =       0, nbflag  =       1, use_pme =       1
     vdwmeth =       1, eedmeth =       1, netfrc  =       1
     Box X =  119.244   Box Y =  106.882   Box Z =  204.485
     Alpha =   90.000   Beta  =   90.000   Gamma =   90.000
     NFFT1 =  128       NFFT2 =  108       NFFT3 =  216
     Cutoff=   10.000   Tol   =0.100E-04
     Ewald Coefficient =  0.27511
     Interpolation order =    4

    LOADING THE CONSTRAINED ATOMS AS GROUPS


   5.  REFERENCE ATOM COORDINATES

  default_name                                                                    
     Mask !:WAT; matches 12771 atoms

--------------------------------------------------------------------------------
   3.  ATOMIC COORDINATES AND VELOCITIES
--------------------------------------------------------------------------------

default_name                                                                    
 begin time read from input coords =     0.000 ps

 
 Number of triangulated 3-point waters found:    70332

     Sum of charges from parm topology file =  31.99999851
     Assuming uniform neutralizing plasma

| Dynamic Memory, Types Used:
| Reals             9709434
| Integers          7705392

| Nonbonded Pairs Initial Allocation:    67683923

| GPU memory information (estimate):
| KB of GPU memory in use:         0
| KB of CPU memory in use:         0

--------------------------------------------------------------------------------
   4.  RESULTS
--------------------------------------------------------------------------------


 NSTEP =        0   TIME(PS) =       0.000  TEMP(K) =   295.58  PRESS =-78693.4
 Etot   =    927661.6736  EKtot   =    133380.4408  EPtot      =    794281.2327
 BOND   =     61410.7030  ANGLE   =      4727.3613  DIHED      =      9780.2040
 1-4 NB =      2691.4579  1-4 EEL =     49875.6167  VDWAALS    =   1633219.2208
 EELEC  =   -967423.3309  EHBOND  =         0.0000  RESTRAINT  =         0.0000
 EKCMT  =     41882.0981  VIRIAL  =   4470026.4144  VOLUME     =   2606185.6381
                                                    Density    =         0.8672
 ------------------------------------------------------------------------------

