
          -------------------------------------------------------
          Amber 22 PMEMD                              2022
          -------------------------------------------------------

| PMEMD implementation of SANDER, Release 22

|  Compiled date/time: Thu Apr 14 13:06:37 2022
| Run on 10/20/2023 at 11:56:26

|   Executable path: pmemd.cuda
| Working directory: /panfs/accrepfs.vampire/home/nehilpkd/projects/biomatsims/dimerization/amyloid/2_water_eq
|          Hostname: gpu0018

  [-O]verwriting output

File Assignments:
|   MDIN: md_wat.in                                                             
|  MDOUT: md_wat.out                                                            
| INPCRD: ../1_water_min/min_wat.rst                                            
|   PARM: ../a.prmtop                                                           
| RESTRT: md_wat.rst                                                            
|   REFC: ../1_water_min/min_wat.rst                                            
|  MDVEL: mdvel                                                                 
|   MDEN: mden                                                                  
|  MDCRD: mdcrd                                                                 
| MDINFO: mdinfo                                                                
|  MDFRC: mdfrc                                                                 


 Here is the input file:

&cntrl                                                                         
  timlim = 999999, nmropt = 0,       imin = 0,                                 
  ntx    = 1,       irest  = 0,       ntrx = 1,      ntxo   = 1,               
  ntpr   = 500,     ntwx   = 500,     ntwv = 0,      ntwe   = 0,               
  ntwr   = 5000,                                                               
  ntf    = 2,       ntb    = 2,                                                
  cut    = 10.0,    nsnb   = 20,                                               
  nstlim = 10000,   nscm   = 2500,   iwrap = 1,                                
  t      = 0.0,     dt     = 0.002,                                            
  temp0  = 300.0,   tempi  = 200.0,    tautp=0.5,                              
  ntt    = 1,                                                                  
  ntp    =1 ,       taup = 1.0,                                                
  ntc    = 2,       tol    = 0.00001,                                          
  ibelly=0, ntr=1,                                                             
  restraintmask="!:WAT" , restraint_wt=10.0,                                   
&end                                                                           
                                                                               


Note: ig = -1. Setting random seed to   151343 based on wallclock time in 
      microseconds.
| irandom = 1, using AMBER's internal random number generator (default).
| INFO:    The nsnb ctrl option does not affect nonbonded list update frequency.
|          It does affect steepest descent minimization freq if ntmin == 0
 
|--------------------- INFORMATION ----------------------
| GPU (CUDA) Version of PMEMD in use: NVIDIA GPU IN USE.
|                    Version 18.0.0
| 
|                      03/25/2018
| 
| Implementation by:
|                    Ross C. Walker     (SDSC)
|                    Scott Le Grand     (nVIDIA)
| 
| Version 18 performance extensions by:
|                    David Cerutti     (Rutgers)
| 
| Precision model in use:
|      [SPFP] - Single Precision Forces, 64-bit Fixed Point
|               Accumulation. (Default)
| 
|--------------------------------------------------------
 
|----------------- CITATION INFORMATION -----------------
|
|    When publishing work that utilized the CUDA version
|    of AMBER, please cite the following in addition to
|    the regular AMBER citations:
|
|  - Romelia Salomon-Ferrer; Andreas W. Goetz; Duncan
|    Poole; Scott Le Grand; Ross C. Walker "Routine
|    microsecond molecular dynamics simulations with
|    AMBER - Part II: Particle Mesh Ewald", J. Chem.
|    Theory Comput., 2013, 9 (9), pp3878-3888,
|    DOI: 10.1021/ct400314y.
|
|  - Andreas W. Goetz; Mark J. Williamson; Dong Xu;
|    Duncan Poole; Scott Le Grand; Ross C. Walker
|    "Routine microsecond molecular dynamics simulations
|    with AMBER - Part I: Generalized Born", J. Chem.
|    Theory Comput., 2012, 8 (5), pp1542-1555.
|
|  - Scott Le Grand; Andreas W. Goetz; Ross C. Walker
|    "SPFP: Speed without compromise - a mixed precision
|    model for GPU accelerated molecular dynamics
|    simulations.", Comp. Phys. Comm., 2013, 184
|    pp374-380, DOI: 10.1016/j.cpc.2012.09.022
|
|--------------------------------------------------------
 
|------------------- GPU DEVICE INFO --------------------
|
|            CUDA_VISIBLE_DEVICES: 0
|   CUDA Capable Devices Detected:      1
|           CUDA Device ID in use:      0
|                CUDA Device Name: NVIDIA TITAN X (Pascal)
|     CUDA Device Global Mem Size:  12196 MB
| CUDA Device Num Multiprocessors:     28
|           CUDA Device Core Freq:   1.53 GHz
|
|--------------------------------------------------------
 
 
| Conditional Compilation Defines Used:
| PUBFFT
| BINTRAJ
| CUDA
| EMIL

| Largest sphere to fit in unit cell has radius =    18.597

| New format PARM file being parsed.
| Version =    1.000 Date = 10/20/23 Time = 11:55:29

| Note: 1-4 EEL scale factors are being read from the topology file.

| Note: 1-4 VDW scale factors are being read from the topology file.
| Duplicated    0 dihedrals

| Duplicated    0 dihedrals

--------------------------------------------------------------------------------
   1.  RESOURCE   USE: 
--------------------------------------------------------------------------------

 getting box info from netcdf restart file
 NATOM  =    7469 NTYPES =      12 NBONH =    7371 MBONA  =      98
 NTHETH =     228 MTHETA =     130 NPHIH =     434 MPHIA  =     400
 NHPARM =       0 NPARM  =       0 NNB   =   10766 NRES   =    2437
 NBONA  =      98 NTHETA =     130 NPHIA =     400 NUMBND =      27
 NUMANG =      55 NPTRA  =      78 NATYP =      19 NPHB   =       0
 IFBOX  =       1 NMXRS  =      22 IFCAP =       0 NEXTRA =       0
 NCOPY  =       0

| Coordinate Index Table dimensions:     7   12    6
| Direct force subcell size =     5.6446    5.9123    6.1991

     BOX TYPE: RECTILINEAR

--------------------------------------------------------------------------------
   2.  CONTROL  DATA  FOR  THE  RUN
--------------------------------------------------------------------------------

default_name                                                                    

General flags:
     imin    =       0, nmropt  =       0

Nature and format of input:
     ntx     =       1, irest   =       0, ntrx    =       1

Nature and format of output:
     ntxo    =       1, ntpr    =     500, ntrx    =       1, ntwr    =    5000
     iwrap   =       1, ntwx    =     500, ntwv    =       0, ntwe    =       0
     ioutfm  =       1, ntwprt  =       0, idecomp =       0, rbornstat=      0

Potential function:
     ntf     =       2, ntb     =       2, igb     =       0, nsnb    =      20
     ipol    =       0, gbsa    =       0, iesp    =       0
     dielc   =   1.00000, cut     =  10.00000, intdiel =   1.00000

Frozen or restrained atoms:
     ibelly  =       0, ntr     =       1
     restraint_wt =  10.00000

Molecular dynamics:
     nstlim  =     10000, nscm    =         0, nrespa  =         1
     t       =   0.00000, dt      =   0.00200, vlimit  =  -1.00000

Berendsen (weak-coupling) temperature regulation:
     temp0   = 300.00000, tempi   = 200.00000, tautp   =   0.50000

Pressure regulation:
     ntp     =       1
     pres0   =   1.00000, comp    =  44.60000, taup    =   1.00000

SHAKE:
     ntc     =       2, jfastw  =       0
     tol     =   0.00001

| Intermolecular bonds treatment:
|     no_intermolecular_bonds =       1

| Energy averages sample interval:
|     ene_avg_sampling =     500

Ewald parameters:
     verbose =       0, ew_type =       0, nbflag  =       1, use_pme =       1
     vdwmeth =       1, eedmeth =       1, netfrc  =       1
     Box X =   39.512   Box Y =   70.948   Box Z =   37.195
     Alpha =   90.000   Beta  =   90.000   Gamma =   90.000
     NFFT1 =   40       NFFT2 =   72       NFFT3 =   40
     Cutoff=   10.000   Tol   =0.100E-04
     Ewald Coefficient =  0.27511
     Interpolation order =    4

    LOADING THE CONSTRAINED ATOMS AS GROUPS


   5.  REFERENCE ATOM COORDINATES

  default_name                                                                    
     Mask !:WAT; matches   200 atoms

--------------------------------------------------------------------------------
   3.  ATOMIC COORDINATES AND VELOCITIES
--------------------------------------------------------------------------------

default_name                                                                    
 begin time read from input coords =     0.000 ps

 
 Number of triangulated 3-point waters found:     2423

     Sum of charges from parm topology file =  -0.00000002
     Forcing neutrality...

| Dynamic Memory, Types Used:
| Reals              464749
| Integers           250174

| Nonbonded Pairs Initial Allocation:     2259185

| GPU memory information (estimate):
| KB of GPU memory in use:     37671
| KB of CPU memory in use:     17259

--------------------------------------------------------------------------------
   4.  RESULTS
--------------------------------------------------------------------------------


 NSTEP =        0   TIME(PS) =       0.000  TEMP(K) =   296.38  PRESS = -2443.9
 Etot   =    -26920.0554  EKtot   =      4427.8379  EPtot      =    -31347.8933
 BOND   =         2.4519  ANGLE   =        10.3969  DIHED      =       121.6947
 1-4 NB =        55.3009  1-4 EEL =       769.2985  VDWAALS    =      6084.2523
 EELEC  =    -38391.2885  EHBOND  =         0.0000  RESTRAINT  =         0.0000
 EKCMT  =      1452.0332  VIRIAL  =      6953.8205  VOLUME     =    104266.4793
                                                    Density    =         0.7173
 ------------------------------------------------------------------------------


 NSTEP =      500   TIME(PS) =       1.000  TEMP(K) =   230.68  PRESS =  -257.7
 Etot   =    -20549.9845  EKtot   =      3446.2961  EPtot      =    -23996.2806
 BOND   =        22.9063  ANGLE   =        53.9834  DIHED      =       135.0360
 1-4 NB =        49.4364  1-4 EEL =       769.9484  VDWAALS    =      4036.5250
 EELEC  =    -29114.8881  EHBOND  =         0.0000  RESTRAINT  =        50.7720
 EAMBER (non-restraint)  =    -24047.0526
 EKCMT  =      1841.6107  VIRIAL  =      2405.6782  VOLUME     =    101369.9626
                                                    Density    =         0.7378
 ------------------------------------------------------------------------------


 NSTEP =     1000   TIME(PS) =       2.000  TEMP(K) =   268.37  PRESS =  -728.4
 Etot   =    -19273.1800  EKtot   =      4009.2981  EPtot      =    -23282.4781
 BOND   =        26.6337  ANGLE   =        64.4115  DIHED      =       132.7468
 1-4 NB =        51.9136  1-4 EEL =       760.5137  VDWAALS    =      3559.7444
 EELEC  =    -27917.3249  EHBOND  =         0.0000  RESTRAINT  =        38.8831
 EAMBER (non-restraint)  =    -23321.3613
 EKCMT  =      2014.0339  VIRIAL  =      3577.7075  VOLUME     =     99422.5521
                                                    Density    =         0.7523
 ------------------------------------------------------------------------------


 NSTEP =     1500   TIME(PS) =       3.000  TEMP(K) =   288.92  PRESS =  -331.7
 Etot   =    -18710.8376  EKtot   =      4316.3848  EPtot      =    -23027.2224
 BOND   =        30.8458  ANGLE   =        63.1730  DIHED      =       134.2985
 1-4 NB =        51.8303  1-4 EEL =       772.0434  VDWAALS    =      3548.6723
 EELEC  =    -27676.4522  EHBOND  =         0.0000  RESTRAINT  =        48.3666
 EAMBER (non-restraint)  =    -23075.5889
 EKCMT  =      2144.8840  VIRIAL  =      2838.5705  VOLUME     =     96860.5810
                                                    Density    =         0.7722
 ------------------------------------------------------------------------------


 NSTEP =     2000   TIME(PS) =       4.000  TEMP(K) =   300.23  PRESS =  -367.4
 Etot   =    -18519.1704  EKtot   =      4485.3584  EPtot      =    -23004.5288
 BOND   =        29.7130  ANGLE   =        68.4795  DIHED      =       135.1431
 1-4 NB =        49.9023  1-4 EEL =       761.2470  VDWAALS    =      3428.5090
 EELEC  =    -27511.0910  EHBOND  =         0.0000  RESTRAINT  =        33.5684
 EAMBER (non-restraint)  =    -23038.0972
 EKCMT  =      2188.4810  VIRIAL  =      2943.3747  VOLUME     =     95173.7831
                                                    Density    =         0.7859
 ------------------------------------------------------------------------------


 NSTEP =     2500   TIME(PS) =       5.000  TEMP(K) =   297.19  PRESS =  -216.6
 Etot   =    -18460.5528  EKtot   =      4439.9839  EPtot      =    -22900.5366
 BOND   =        34.2341  ANGLE   =        75.7414  DIHED      =       133.3122
 1-4 NB =        55.2324  1-4 EEL =       767.7393  VDWAALS    =      3392.1716
 EELEC  =    -27401.2345  EHBOND  =         0.0000  RESTRAINT  =        42.2671
 EAMBER (non-restraint)  =    -22942.8037
 EKCMT  =      2176.0294  VIRIAL  =      2615.9132  VOLUME     =     94079.6448
                                                    Density    =         0.7950
 ------------------------------------------------------------------------------


 NSTEP =     3000   TIME(PS) =       6.000  TEMP(K) =   300.17  PRESS =  -435.3
 Etot   =    -18447.8784  EKtot   =      4484.4507  EPtot      =    -22932.3291
 BOND   =        32.5100  ANGLE   =        86.1296  DIHED      =       130.8958
 1-4 NB =        49.3292  1-4 EEL =       762.0632  VDWAALS    =      3308.6319
 EELEC  =    -27348.0685  EHBOND  =         0.0000  RESTRAINT  =        46.1797
 EAMBER (non-restraint)  =    -22978.5088
 EKCMT  =      2191.2275  VIRIAL  =      3066.3127  VOLUME     =     93115.1513
                                                    Density    =         0.8032
 ------------------------------------------------------------------------------


 NSTEP =     3500   TIME(PS) =       7.000  TEMP(K) =   297.30  PRESS =   -83.8
 Etot   =    -18464.8550  EKtot   =      4441.6064  EPtot      =    -22906.4615
 BOND   =        32.8416  ANGLE   =        84.4637  DIHED      =       134.5587
 1-4 NB =        51.0583  1-4 EEL =       771.3655  VDWAALS    =      3411.1863
 EELEC  =    -27432.4836  EHBOND  =         0.0000  RESTRAINT  =        40.5479
 EAMBER (non-restraint)  =    -22947.0094
 EKCMT  =      2178.3629  VIRIAL  =      2344.4937  VOLUME     =     91854.9019
                                                    Density    =         0.8142
 ------------------------------------------------------------------------------


 NSTEP =     4000   TIME(PS) =       8.000  TEMP(K) =   296.83  PRESS =   172.1
 Etot   =    -18472.1617  EKtot   =      4434.5840  EPtot      =    -22906.7457
 BOND   =        36.4703  ANGLE   =        64.5803  DIHED      =       129.3484
 1-4 NB =        51.0555  1-4 EEL =       764.8323  VDWAALS    =      3483.2954
 EELEC  =    -27474.7783  EHBOND  =         0.0000  RESTRAINT  =        38.4503
 EAMBER (non-restraint)  =    -22945.1960
 EKCMT  =      2184.9455  VIRIAL  =      1846.8615  VOLUME     =     90999.2636
                                                    Density    =         0.8219
 ------------------------------------------------------------------------------


 NSTEP =     4500   TIME(PS) =       9.000  TEMP(K) =   297.50  PRESS =  -139.4
 Etot   =    -18464.2255  EKtot   =      4444.6348  EPtot      =    -22908.8603
 BOND   =        33.4839  ANGLE   =        75.5772  DIHED      =       132.8074
 1-4 NB =        53.5508  1-4 EEL =       769.1395  VDWAALS    =      3338.8005
 EELEC  =    -27358.3708  EHBOND  =         0.0000  RESTRAINT  =        46.1511
 EAMBER (non-restraint)  =    -22955.0114
 EKCMT  =      2153.3454  VIRIAL  =      2423.8250  VOLUME     =     89847.7544
                                                    Density    =         0.8324
 ------------------------------------------------------------------------------


 NSTEP =     5000   TIME(PS) =      10.000  TEMP(K) =   301.01  PRESS =  -603.6
 Etot   =    -18490.6142  EKtot   =      4497.0229  EPtot      =    -22987.6371
 BOND   =        31.1636  ANGLE   =        74.2882  DIHED      =       130.9599
 1-4 NB =        49.0760  1-4 EEL =       761.2757  VDWAALS    =      3176.9782
 EELEC  =    -27267.5835  EHBOND  =         0.0000  RESTRAINT  =        56.2050
 EAMBER (non-restraint)  =    -23043.8421
 EKCMT  =      2166.3276  VIRIAL  =      3318.8635  VOLUME     =     88435.7246
                                                    Density    =         0.8457
 ------------------------------------------------------------------------------


 NSTEP =     5500   TIME(PS) =      11.000  TEMP(K) =   299.04  PRESS =  -388.8
 Etot   =    -18514.5865  EKtot   =      4467.5952  EPtot      =    -22982.1817
 BOND   =        26.2382  ANGLE   =        79.9824  DIHED      =       134.0805
 1-4 NB =        55.3665  1-4 EEL =       760.1147  VDWAALS    =      3250.7067
 EELEC  =    -27334.0930  EHBOND  =         0.0000  RESTRAINT  =        45.4224
 EAMBER (non-restraint)  =    -23027.6041
 EKCMT  =      2195.9187  VIRIAL  =      2925.9916  VOLUME     =     86957.5400
                                                    Density    =         0.8601
 ------------------------------------------------------------------------------


 NSTEP =     6000   TIME(PS) =      12.000  TEMP(K) =   303.00  PRESS =  -528.3
 Etot   =    -18547.5370  EKtot   =      4526.8042  EPtot      =    -23074.3412
 BOND   =        25.1988  ANGLE   =        64.1767  DIHED      =       135.8895
 1-4 NB =        50.9556  1-4 EEL =       765.0643  VDWAALS    =      3247.5842
 EELEC  =    -27414.8519  EHBOND  =         0.0000  RESTRAINT  =        51.6417
 EAMBER (non-restraint)  =    -23125.9829
 EKCMT  =      2176.9634  VIRIAL  =      3156.0516  VOLUME     =     85836.6672
                                                    Density    =         0.8713
 ------------------------------------------------------------------------------


 NSTEP =     6500   TIME(PS) =      13.000  TEMP(K) =   299.96  PRESS =  -326.3
 Etot   =    -18570.6485  EKtot   =      4481.3008  EPtot      =    -23051.9493
 BOND   =        24.1174  ANGLE   =        68.6760  DIHED      =       132.8090
 1-4 NB =        49.9256  1-4 EEL =       764.3521  VDWAALS    =      3296.2486
 EELEC  =    -27439.9346  EHBOND  =         0.0000  RESTRAINT  =        51.8567
 EAMBER (non-restraint)  =    -23103.8060
 EKCMT  =      2172.5263  VIRIAL  =      2771.2161  VOLUME     =     84967.5578
                                                    Density    =         0.8802
 ------------------------------------------------------------------------------


 NSTEP =     7000   TIME(PS) =      14.000  TEMP(K) =   305.37  PRESS =   -96.2
 Etot   =    -18582.0544  EKtot   =      4562.1499  EPtot      =    -23144.2043
 BOND   =        24.5591  ANGLE   =        68.5537  DIHED      =       130.4790
 1-4 NB =        50.7776  1-4 EEL =       765.9859  VDWAALS    =      3361.6639
 EELEC  =    -27588.5617  EHBOND  =         0.0000  RESTRAINT  =        42.3380
 EAMBER (non-restraint)  =    -23186.5424
 EKCMT  =      2234.7461  VIRIAL  =      2409.1880  VOLUME     =     83959.5207
                                                    Density    =         0.8908
 ------------------------------------------------------------------------------


 NSTEP =     7500   TIME(PS) =      15.000  TEMP(K) =   300.82  PRESS =  -338.8
 Etot   =    -18622.4422  EKtot   =      4494.2227  EPtot      =    -23116.6648
 BOND   =        24.0859  ANGLE   =        75.2491  DIHED      =       130.3167
 1-4 NB =        49.0931  1-4 EEL =       773.2705  VDWAALS    =      3295.9009
 EELEC  =    -27515.9794  EHBOND  =         0.0000  RESTRAINT  =        51.3984
 EAMBER (non-restraint)  =    -23168.0632
 EKCMT  =      2203.9251  VIRIAL  =      2809.9372  VOLUME     =     82840.0383
                                                    Density    =         0.9029
 ------------------------------------------------------------------------------


 NSTEP =     8000   TIME(PS) =      16.000  TEMP(K) =   302.18  PRESS =   105.1
 Etot   =    -18642.5512  EKtot   =      4514.4448  EPtot      =    -23156.9960
 BOND   =        32.3914  ANGLE   =        65.9913  DIHED      =       138.4390
 1-4 NB =        51.1541  1-4 EEL =       769.1324  VDWAALS    =      3479.9482
 EELEC  =    -27735.5206  EHBOND  =         0.0000  RESTRAINT  =        41.4681
 EAMBER (non-restraint)  =    -23198.4642
 EKCMT  =      2271.6583  VIRIAL  =      2085.5344  VOLUME     =     82035.1820
                                                    Density    =         0.9117
 ------------------------------------------------------------------------------


 NSTEP =     8500   TIME(PS) =      17.000  TEMP(K) =   296.70  PRESS =  -585.9
 Etot   =    -18657.8824  EKtot   =      4432.6675  EPtot      =    -23090.5499
 BOND   =        26.4271  ANGLE   =        75.2255  DIHED      =       132.1327
 1-4 NB =        50.5034  1-4 EEL =       763.2587  VDWAALS    =      3200.1838
 EELEC  =    -27392.3954  EHBOND  =         0.0000  RESTRAINT  =        54.1142
 EAMBER (non-restraint)  =    -23144.6641
 EKCMT  =      2201.0855  VIRIAL  =      3223.7298  VOLUME     =     80845.9071
                                                    Density    =         0.9251
 ------------------------------------------------------------------------------


 NSTEP =     9000   TIME(PS) =      18.000  TEMP(K) =   299.54  PRESS =   -52.2
 Etot   =    -18677.6218  EKtot   =      4475.0454  EPtot      =    -23152.6672
 BOND   =        25.6852  ANGLE   =        76.7943  DIHED      =       138.1750
 1-4 NB =        52.4466  1-4 EEL =       763.4840  VDWAALS    =      3362.3908
 EELEC  =    -27618.2866  EHBOND  =         0.0000  RESTRAINT  =        46.6434
 EAMBER (non-restraint)  =    -23199.3106
 EKCMT  =      2251.7451  VIRIAL  =      2341.4033  VOLUME     =     79608.7367
                                                    Density    =         0.9395
 ------------------------------------------------------------------------------


 NSTEP =     9500   TIME(PS) =      19.000  TEMP(K) =   294.73  PRESS =  -236.6
 Etot   =    -18705.4975  EKtot   =      4403.2085  EPtot      =    -23108.7060
 BOND   =        26.7797  ANGLE   =        72.2288  DIHED      =       135.5230
 1-4 NB =        51.2026  1-4 EEL =       763.4830  VDWAALS    =      3297.2117
 EELEC  =    -27496.9433  EHBOND  =         0.0000  RESTRAINT  =        41.8084
 EAMBER (non-restraint)  =    -23150.5143
 EKCMT  =      2126.5546  VIRIAL  =      2527.1061  VOLUME     =     78410.9903
                                                    Density    =         0.9539
 ------------------------------------------------------------------------------


 NSTEP =    10000   TIME(PS) =      20.000  TEMP(K) =   298.44  PRESS =  -192.2
 Etot   =    -18762.1981  EKtot   =      4458.6094  EPtot      =    -23220.8075
 BOND   =        28.6173  ANGLE   =        68.8321  DIHED      =       134.2004
 1-4 NB =        48.9383  1-4 EEL =       766.8455  VDWAALS    =      3276.3333
 EELEC  =    -27580.4682  EHBOND  =         0.0000  RESTRAINT  =        35.8938
 EAMBER (non-restraint)  =    -23256.7013
 EKCMT  =      2222.0291  VIRIAL  =      2543.0522  VOLUME     =     77343.9146
                                                    Density    =         0.9670
 ------------------------------------------------------------------------------


      A V E R A G E S   O V E R      20 S T E P S


 NSTEP =    10000   TIME(PS) =      20.000  TEMP(K) =   293.90  PRESS =  -281.6
 Etot   =    -18706.8240  EKtot   =      4390.7834  EPtot      =    -23097.6074
 BOND   =        28.7451  ANGLE   =        71.3269  DIHED      =       133.5576
 1-4 NB =        51.1374  1-4 EEL =       765.7580  VDWAALS    =      3387.6343
 EELEC  =    -27580.9655  EHBOND  =         0.0000  RESTRAINT  =        45.1988
 EAMBER (non-restraint)  =    -23142.8062
 EKCMT  =      2164.8200  VIRIAL  =      2708.7405  VOLUME     =     88198.2687
                                                    Density    =         0.8532
 ------------------------------------------------------------------------------


      R M S  F L U C T U A T I O N S


 NSTEP =    10000   TIME(PS) =      20.000  TEMP(K) =    16.28  PRESS =   226.2
 Etot   =       459.0291  EKtot   =       243.2603  EPtot      =       232.6628
 BOND   =         3.9012  ANGLE   =         7.5614  DIHED      =         2.4165
 1-4 NB =         1.8204  1-4 EEL =         3.9133  VDWAALS    =       181.8899
 EELEC  =       382.6414  EHBOND  =         0.0000  RESTRAINT  =         6.0873
 EAMBER (non-restraint)  =       226.5755
 EKCMT  =        90.0885  VIRIAL  =       423.3446  VOLUME     =      6890.5442
                                                    Density    =         0.0662
 ------------------------------------------------------------------------------

--------------------------------------------------------------------------------
   5.  TIMINGS
--------------------------------------------------------------------------------

|  NonSetup CPU Time in Major Routines:
|
|     Routine           Sec        %
|     ------------------------------
|     Nonbond           3.87   80.89
|     Bond              0.00    0.00
|     Angle             0.00    0.00
|     Dihedral          0.00    0.00
|     Shake             0.05    0.98
|     RunMD             0.84   17.63
|     Other             0.02    0.50
|     ------------------------------
|     Total             4.79

|  PME Nonbond Pairlist CPU Time:
|
|     Routine              Sec        %
|     ---------------------------------
|     Set Up Cit           0.00    0.00
|     Build List           0.00    0.00
|     ---------------------------------
|     Total                0.00    0.00

|  PME Direct Force CPU Time:
|
|     Routine              Sec        %
|     ---------------------------------
|     NonBonded Calc       0.00    0.00
|     Exclude Masked       0.00    0.00
|     Other                0.01    0.29
|     ---------------------------------
|     Total                0.01    0.29

|  PME Reciprocal Force CPU Time:
|
|     Routine              Sec        %
|     ---------------------------------
|     1D bspline           0.00    0.00
|     Grid Charges         0.00    0.00
|     Scalar Sum           0.00    0.00
|     Gradient Sum         0.00    0.00
|     FFT                  0.00    0.00
|     ---------------------------------
|     Total                0.00    0.00

|  Final Performance Info:
|     -----------------------------------------------------
|     Average timings for last   10000 steps:
|     Elapsed(s) =       4.90 Per Step(ms) =       0.49
|         ns/day =     352.95   seconds/ns =     244.80
|
|     Average timings for all steps:
|     Elapsed(s) =       4.90 Per Step(ms) =       0.49
|         ns/day =     352.95   seconds/ns =     244.80
|     -----------------------------------------------------

|  Setup CPU time:            0.30 seconds
|  NonSetup CPU time:         4.79 seconds
|  Total CPU time:            5.08 seconds     0.00 hours

|  Setup wall time:           0    seconds
|  NonSetup wall time:        5    seconds
|  Total wall time:           5    seconds     0.00 hours
