
          -------------------------------------------------------
          Amber 22 PMEMD                              2022
          -------------------------------------------------------

| PMEMD implementation of SANDER, Release 22

|  Compiled date/time: Thu Apr 14 13:06:37 2022
| Run on 10/20/2023 at 13:20:13

|   Executable path: pmemd.cuda
| Working directory: /panfs/accrepfs.vampire/home/nehilpkd/projects/biomatsims/dimerization/amyloid_6/2_water_eq
|          Hostname: gpu0019

  [-O]verwriting output

File Assignments:
|   MDIN: md_wat.in                                                             
|  MDOUT: md_wat.out                                                            
| INPCRD: ../1_water_min/min_wat.rst                                            
|   PARM: ../a.prmtop                                                           
| RESTRT: md_wat.rst                                                            
|   REFC: ../1_water_min/min_wat.rst                                            
|  MDVEL: mdvel                                                                 
|   MDEN: mden                                                                  
|  MDCRD: mdcrd                                                                 
| MDINFO: mdinfo                                                                
|  MDFRC: mdfrc                                                                 


 Here is the input file:

&cntrl                                                                         
  timlim = 999999, nmropt = 0,       imin = 0,                                 
  ntx    = 1,       irest  = 0,       ntrx = 1,      ntxo   = 1,               
  ntpr   = 500,     ntwx   = 500,     ntwv = 0,      ntwe   = 0,               
  ntwr   = 5000,                                                               
  ntf    = 2,       ntb    = 2,                                                
  cut    = 10.0,    nsnb   = 20,                                               
  nstlim = 10000,   nscm   = 2500,   iwrap = 1,                                
  t      = 0.0,     dt     = 0.002,                                            
  temp0  = 300.0,   tempi  = 200.0,    tautp=0.5,                              
  ntt    = 1,                                                                  
  ntp    =1 ,       taup = 1.0,                                                
  ntc    = 2,       tol    = 0.00001,                                          
  ibelly=0, ntr=1,                                                             
  restraintmask="!:WAT" , restraint_wt=10.0,                                   
&end                                                                           
                                                                               


Note: ig = -1. Setting random seed to   462478 based on wallclock time in 
      microseconds.
| irandom = 1, using AMBER's internal random number generator (default).
| INFO:    The nsnb ctrl option does not affect nonbonded list update frequency.
|          It does affect steepest descent minimization freq if ntmin == 0
 
|--------------------- INFORMATION ----------------------
| GPU (CUDA) Version of PMEMD in use: NVIDIA GPU IN USE.
|                    Version 18.0.0
| 
|                      03/25/2018
| 
| Implementation by:
|                    Ross C. Walker     (SDSC)
|                    Scott Le Grand     (nVIDIA)
| 
| Version 18 performance extensions by:
|                    David Cerutti     (Rutgers)
| 
| Precision model in use:
|      [SPFP] - Single Precision Forces, 64-bit Fixed Point
|               Accumulation. (Default)
| 
|--------------------------------------------------------
 
|----------------- CITATION INFORMATION -----------------
|
|    When publishing work that utilized the CUDA version
|    of AMBER, please cite the following in addition to
|    the regular AMBER citations:
|
|  - Romelia Salomon-Ferrer; Andreas W. Goetz; Duncan
|    Poole; Scott Le Grand; Ross C. Walker "Routine
|    microsecond molecular dynamics simulations with
|    AMBER - Part II: Particle Mesh Ewald", J. Chem.
|    Theory Comput., 2013, 9 (9), pp3878-3888,
|    DOI: 10.1021/ct400314y.
|
|  - Andreas W. Goetz; Mark J. Williamson; Dong Xu;
|    Duncan Poole; Scott Le Grand; Ross C. Walker
|    "Routine microsecond molecular dynamics simulations
|    with AMBER - Part I: Generalized Born", J. Chem.
|    Theory Comput., 2012, 8 (5), pp1542-1555.
|
|  - Scott Le Grand; Andreas W. Goetz; Ross C. Walker
|    "SPFP: Speed without compromise - a mixed precision
|    model for GPU accelerated molecular dynamics
|    simulations.", Comp. Phys. Comm., 2013, 184
|    pp374-380, DOI: 10.1016/j.cpc.2012.09.022
|
|--------------------------------------------------------
 
|------------------- GPU DEVICE INFO --------------------
|
|            CUDA_VISIBLE_DEVICES: 0
|   CUDA Capable Devices Detected:      1
|           CUDA Device ID in use:      0
|                CUDA Device Name: NVIDIA TITAN X (Pascal)
|     CUDA Device Global Mem Size:  12196 MB
| CUDA Device Num Multiprocessors:     28
|           CUDA Device Core Freq:   1.53 GHz
|
|--------------------------------------------------------
 
 
| Conditional Compilation Defines Used:
| PUBFFT
| BINTRAJ
| CUDA
| EMIL

| Largest sphere to fit in unit cell has radius =    21.020

| New format PARM file being parsed.
| Version =    1.000 Date = 10/20/23 Time = 13:19:25

| Note: 1-4 EEL scale factors are being read from the topology file.

| Note: 1-4 VDW scale factors are being read from the topology file.
| Duplicated    0 dihedrals

| Duplicated    0 dihedrals

--------------------------------------------------------------------------------
   1.  RESOURCE   USE: 
--------------------------------------------------------------------------------

 getting box info from netcdf restart file
 NATOM  =   12344 NTYPES =      12 NBONH =   12246 MBONA  =      98
 NTHETH =     228 MTHETA =     130 NPHIH =     434 MPHIA  =     400
 NHPARM =       0 NPARM  =       0 NNB   =   17266 NRES   =    4062
 NBONA  =      98 NTHETA =     130 NPHIA =     400 NUMBND =      27
 NUMANG =      55 NPTRA  =      78 NATYP =      19 NPHB   =       0
 IFBOX  =       1 NMXRS  =      22 IFCAP =       0 NEXTRA =       0
 NCOPY  =       0

| Coordinate Index Table dimensions:    13    9    7
| Direct force subcell size =     5.5815    5.8749    6.0057

     BOX TYPE: RECTILINEAR

--------------------------------------------------------------------------------
   2.  CONTROL  DATA  FOR  THE  RUN
--------------------------------------------------------------------------------

default_name                                                                    

General flags:
     imin    =       0, nmropt  =       0

Nature and format of input:
     ntx     =       1, irest   =       0, ntrx    =       1

Nature and format of output:
     ntxo    =       1, ntpr    =     500, ntrx    =       1, ntwr    =    5000
     iwrap   =       1, ntwx    =     500, ntwv    =       0, ntwe    =       0
     ioutfm  =       1, ntwprt  =       0, idecomp =       0, rbornstat=      0

Potential function:
     ntf     =       2, ntb     =       2, igb     =       0, nsnb    =      20
     ipol    =       0, gbsa    =       0, iesp    =       0
     dielc   =   1.00000, cut     =  10.00000, intdiel =   1.00000

Frozen or restrained atoms:
     ibelly  =       0, ntr     =       1
     restraint_wt =  10.00000

Molecular dynamics:
     nstlim  =     10000, nscm    =         0, nrespa  =         1
     t       =   0.00000, dt      =   0.00200, vlimit  =  -1.00000

Berendsen (weak-coupling) temperature regulation:
     temp0   = 300.00000, tempi   = 200.00000, tautp   =   0.50000

Pressure regulation:
     ntp     =       1
     pres0   =   1.00000, comp    =  44.60000, taup    =   1.00000

SHAKE:
     ntc     =       2, jfastw  =       0
     tol     =   0.00001

| Intermolecular bonds treatment:
|     no_intermolecular_bonds =       1

| Energy averages sample interval:
|     ene_avg_sampling =     500

Ewald parameters:
     verbose =       0, ew_type =       0, nbflag  =       1, use_pme =       1
     vdwmeth =       1, eedmeth =       1, netfrc  =       1
     Box X =   72.559   Box Y =   52.874   Box Z =   42.040
     Alpha =   90.000   Beta  =   90.000   Gamma =   90.000
     NFFT1 =   80       NFFT2 =   56       NFFT3 =   48
     Cutoff=   10.000   Tol   =0.100E-04
     Ewald Coefficient =  0.27511
     Interpolation order =    4

    LOADING THE CONSTRAINED ATOMS AS GROUPS


   5.  REFERENCE ATOM COORDINATES

  default_name                                                                    
     Mask !:WAT; matches   200 atoms

--------------------------------------------------------------------------------
   3.  ATOMIC COORDINATES AND VELOCITIES
--------------------------------------------------------------------------------

default_name                                                                    
 begin time read from input coords =     0.000 ps

 
 Number of triangulated 3-point waters found:     4048

     Sum of charges from parm topology file =  -0.00000002
     Forcing neutrality...

| Dynamic Memory, Types Used:
| Reals              674446
| Integers           399671

| Nonbonded Pairs Initial Allocation:     3733751

| GPU memory information (estimate):
| KB of GPU memory in use:     64617
| KB of CPU memory in use:     27573

--------------------------------------------------------------------------------
   4.  RESULTS
--------------------------------------------------------------------------------


 NSTEP =        0   TIME(PS) =       0.000  TEMP(K) =   299.05  PRESS = -2916.1
 Etot   =    -45746.6496  EKtot   =      7364.7098  EPtot      =    -53111.3594
 BOND   =         3.0400  ANGLE   =        11.1480  DIHED      =       123.2797
 1-4 NB =        55.3301  1-4 EEL =       772.1013  VDWAALS    =     10103.5422
 EELEC  =    -64179.8007  EHBOND  =         0.0000  RESTRAINT  =         0.0000
 EKCMT  =      2444.1849  VIRIAL  =     12599.1409  VOLUME     =    161287.8481
                                                    Density    =         0.7651
 ------------------------------------------------------------------------------


 NSTEP =      500   TIME(PS) =       1.000  TEMP(K) =   231.77  PRESS =  -233.7
 Etot   =    -34951.4846  EKtot   =      5707.9111  EPtot      =    -40659.3957
 BOND   =        22.8932  ANGLE   =        69.8835  DIHED      =       135.7901
 1-4 NB =        47.5747  1-4 EEL =       758.6192  VDWAALS    =      6876.5594
 EELEC  =    -48614.9673  EHBOND  =         0.0000  RESTRAINT  =        44.2516
 EAMBER (non-restraint)  =    -40703.6473
 EKCMT  =      3047.5557  VIRIAL  =      3830.9247  VOLUME     =    155230.0018
                                                    Density    =         0.7950
 ------------------------------------------------------------------------------


 NSTEP =     1000   TIME(PS) =       2.000  TEMP(K) =   264.56  PRESS =   -99.4
 Etot   =    -32750.2489  EKtot   =      6515.4878  EPtot      =    -39265.7367
 BOND   =        30.9208  ANGLE   =        76.1104  DIHED      =       136.4690
 1-4 NB =        52.4462  1-4 EEL =       756.6692  VDWAALS    =      6302.7179
 EELEC  =    -46669.4823  EHBOND  =         0.0000  RESTRAINT  =        48.4122
 EAMBER (non-restraint)  =    -39314.1489
 EKCMT  =      3307.3974  VIRIAL  =      3635.3951  VOLUME     =    152819.4075
                                                    Density    =         0.8075
 ------------------------------------------------------------------------------


 NSTEP =     1500   TIME(PS) =       3.000  TEMP(K) =   283.84  PRESS =  -270.3
 Etot   =    -31738.2250  EKtot   =      6990.1836  EPtot      =    -38728.4086
 BOND   =        39.1827  ANGLE   =        76.5225  DIHED      =       132.6541
 1-4 NB =        51.0306  1-4 EEL =       758.3678  VDWAALS    =      5935.7203
 EELEC  =    -45764.4851  EHBOND  =         0.0000  RESTRAINT  =        42.5985
 EAMBER (non-restraint)  =    -38771.0071
 EKCMT  =      3448.3581  VIRIAL  =      4331.6799  VOLUME     =    151330.5789
                                                    Density    =         0.8155
 ------------------------------------------------------------------------------


 NSTEP =     2000   TIME(PS) =       4.000  TEMP(K) =   289.66  PRESS =  -185.1
 Etot   =    -31276.1658  EKtot   =      7133.5132  EPtot      =    -38409.6790
 BOND   =        31.6145  ANGLE   =        79.9380  DIHED      =       130.7157
 1-4 NB =        52.6906  1-4 EEL =       767.5251  VDWAALS    =      5846.8017
 EELEC  =    -45372.7870  EHBOND  =         0.0000  RESTRAINT  =        53.8224
 EAMBER (non-restraint)  =    -38463.5014
 EKCMT  =      3560.4112  VIRIAL  =      4152.8581  VOLUME     =    148229.8188
                                                    Density    =         0.8325
 ------------------------------------------------------------------------------


 NSTEP =     2500   TIME(PS) =       5.000  TEMP(K) =   295.21  PRESS =  -386.1
 Etot   =    -31056.9143  EKtot   =      7270.3271  EPtot      =    -38327.2414
 BOND   =        34.7462  ANGLE   =        87.3794  DIHED      =       133.8567
 1-4 NB =        47.0838  1-4 EEL =       770.0729  VDWAALS    =      5716.4478
 EELEC  =    -45167.5185  EHBOND  =         0.0000  RESTRAINT  =        50.6902
 EAMBER (non-restraint)  =    -38377.9316
 EKCMT  =      3635.3780  VIRIAL  =      4846.9549  VOLUME     =    145343.8287
                                                    Density    =         0.8491
 ------------------------------------------------------------------------------


 NSTEP =     3000   TIME(PS) =       6.000  TEMP(K) =   298.55  PRESS =  -631.8
 Etot   =    -31003.2870  EKtot   =      7352.5933  EPtot      =    -38355.8802
 BOND   =        34.8186  ANGLE   =        81.1758  DIHED      =       133.0930
 1-4 NB =        49.5417  1-4 EEL =       757.6652  VDWAALS    =      5520.6539
 EELEC  =    -44979.0705  EHBOND  =         0.0000  RESTRAINT  =        46.2421
 EAMBER (non-restraint)  =    -38402.1223
 EKCMT  =      3649.7749  VIRIAL  =      5593.1282  VOLUME     =    142468.9123
                                                    Density    =         0.8662
 ------------------------------------------------------------------------------


 NSTEP =     3500   TIME(PS) =       7.000  TEMP(K) =   296.46  PRESS =  -528.9
 Etot   =    -31011.7340  EKtot   =      7301.1021  EPtot      =    -38312.8360
 BOND   =        36.5096  ANGLE   =        72.0419  DIHED      =       134.0321
 1-4 NB =        50.1289  1-4 EEL =       761.6315  VDWAALS    =      5547.2337
 EELEC  =    -44962.0360  EHBOND  =         0.0000  RESTRAINT  =        47.6222
 EAMBER (non-restraint)  =    -38360.4582
 EKCMT  =      3637.1586  VIRIAL  =      5231.4805  VOLUME     =    139617.6097
                                                    Density    =         0.8839
 ------------------------------------------------------------------------------


 NSTEP =     4000   TIME(PS) =       8.000  TEMP(K) =   303.30  PRESS =  -114.2
 Etot   =    -31005.1223  EKtot   =      7469.4922  EPtot      =    -38474.6145
 BOND   =        30.4639  ANGLE   =        82.2890  DIHED      =       132.8059
 1-4 NB =        52.4501  1-4 EEL =       766.7746  VDWAALS    =      5757.5134
 EELEC  =    -45335.3795  EHBOND  =         0.0000  RESTRAINT  =        38.4682
 EAMBER (non-restraint)  =    -38513.0826
 EKCMT  =      3682.6633  VIRIAL  =      4020.6755  VOLUME     =    137077.5960
                                                    Density    =         0.9003
 ------------------------------------------------------------------------------


 NSTEP =     4500   TIME(PS) =       9.000  TEMP(K) =   298.46  PRESS =  -123.0
 Etot   =    -31066.7941  EKtot   =      7350.2075  EPtot      =    -38417.0016
 BOND   =        24.8820  ANGLE   =        69.8809  DIHED      =       130.4217
 1-4 NB =        47.4897  1-4 EEL =       770.7333  VDWAALS    =      5723.5761
 EELEC  =    -45231.0789  EHBOND  =         0.0000  RESTRAINT  =        47.0935
 EAMBER (non-restraint)  =    -38464.0951
 EKCMT  =      3632.9121  VIRIAL  =      3991.5602  VOLUME     =    135000.9275
                                                    Density    =         0.9141
 ------------------------------------------------------------------------------


 NSTEP =     5000   TIME(PS) =      10.000  TEMP(K) =   302.28  PRESS =  -391.7
 Etot   =    -31095.4590  EKtot   =      7444.3687  EPtot      =    -38539.8276
 BOND   =        26.4081  ANGLE   =        79.3382  DIHED      =       136.9913
 1-4 NB =        54.5671  1-4 EEL =       760.0770  VDWAALS    =      5569.8422
 EELEC  =    -45213.5961  EHBOND  =         0.0000  RESTRAINT  =        46.5446
 EAMBER (non-restraint)  =    -38586.3722
 EKCMT  =      3723.7338  VIRIAL  =      4853.5391  VOLUME     =    133584.6575
                                                    Density    =         0.9238
 ------------------------------------------------------------------------------


 NSTEP =     5500   TIME(PS) =      11.000  TEMP(K) =   301.60  PRESS =  -281.0
 Etot   =    -31146.3246  EKtot   =      7427.6279  EPtot      =    -38573.9526
 BOND   =        29.4300  ANGLE   =        80.1018  DIHED      =       134.7490
 1-4 NB =        55.5204  1-4 EEL =       760.9920  VDWAALS    =      5637.2582
 EELEC  =    -45314.7172  EHBOND  =         0.0000  RESTRAINT  =        42.7132
 EAMBER (non-restraint)  =    -38616.6658
 EKCMT  =      3634.1944  VIRIAL  =      4431.8944  VOLUME     =    131464.8575
                                                    Density    =         0.9387
 ------------------------------------------------------------------------------


 NSTEP =     6000   TIME(PS) =      12.000  TEMP(K) =   300.51  PRESS =  -334.4
 Etot   =    -31212.0253  EKtot   =      7400.6284  EPtot      =    -38612.6537
 BOND   =        34.0483  ANGLE   =        74.6668  DIHED      =       133.6763
 1-4 NB =        47.7903  1-4 EEL =       746.8349  VDWAALS    =      5579.5966
 EELEC  =    -45274.8176  EHBOND  =         0.0000  RESTRAINT  =        45.5506
 EAMBER (non-restraint)  =    -38658.2043
 EKCMT  =      3647.5096  VIRIAL  =      4583.2950  VOLUME     =    129625.1993
                                                    Density    =         0.9520
 ------------------------------------------------------------------------------


 NSTEP =     6500   TIME(PS) =      13.000  TEMP(K) =   300.21  PRESS =  -200.7
 Etot   =    -31270.7914  EKtot   =      7393.4243  EPtot      =    -38664.2158
 BOND   =        23.2899  ANGLE   =        74.3907  DIHED      =       133.2274
 1-4 NB =        52.8763  1-4 EEL =       758.8112  VDWAALS    =      5656.5374
 EELEC  =    -45409.7032  EHBOND  =         0.0000  RESTRAINT  =        46.3545
 EAMBER (non-restraint)  =    -38710.5703
 EKCMT  =      3632.5927  VIRIAL  =      4188.4146  VOLUME     =    128255.9005
                                                    Density    =         0.9622
 ------------------------------------------------------------------------------


 NSTEP =     7000   TIME(PS) =      14.000  TEMP(K) =   301.27  PRESS =  -132.2
 Etot   =    -31288.4691  EKtot   =      7419.5791  EPtot      =    -38708.0482
 BOND   =        33.1423  ANGLE   =        68.9846  DIHED      =       130.6809
 1-4 NB =        51.0675  1-4 EEL =       766.8686  VDWAALS    =      5645.7872
 EELEC  =    -45444.1203  EHBOND  =         0.0000  RESTRAINT  =        39.5410
 EAMBER (non-restraint)  =    -38747.5892
 EKCMT  =      3659.5477  VIRIAL  =      4022.4670  VOLUME     =    127139.4096
                                                    Density    =         0.9706
 ------------------------------------------------------------------------------


 NSTEP =     7500   TIME(PS) =      15.000  TEMP(K) =   300.78  PRESS =  -141.5
 Etot   =    -31387.9631  EKtot   =      7407.2925  EPtot      =    -38795.2555
 BOND   =        26.0173  ANGLE   =        81.3395  DIHED      =       130.7235
 1-4 NB =        49.6617  1-4 EEL =       762.3954  VDWAALS    =      5640.3863
 EELEC  =    -45529.0765  EHBOND  =         0.0000  RESTRAINT  =        43.2972
 EAMBER (non-restraint)  =    -38838.5528
 EKCMT  =      3657.2276  VIRIAL  =      4043.1650  VOLUME     =    126313.2032
                                                    Density    =         0.9770
 ------------------------------------------------------------------------------


 NSTEP =     8000   TIME(PS) =      16.000  TEMP(K) =   297.06  PRESS =  -128.3
 Etot   =    -31413.5736  EKtot   =      7315.6826  EPtot      =    -38729.2562
 BOND   =        33.8805  ANGLE   =        73.9401  DIHED      =       132.8515
 1-4 NB =        50.0912  1-4 EEL =       773.6727  VDWAALS    =      5626.7252
 EELEC  =    -45475.8158  EHBOND  =         0.0000  RESTRAINT  =        55.3985
 EAMBER (non-restraint)  =    -38784.6546
 EKCMT  =      3590.4863  VIRIAL  =      3938.8945  VOLUME     =    125765.1045
                                                    Density    =         0.9813
 ------------------------------------------------------------------------------


 NSTEP =     8500   TIME(PS) =      17.000  TEMP(K) =   303.39  PRESS =  -152.4
 Etot   =    -31460.0448  EKtot   =      7471.7480  EPtot      =    -38931.7928
 BOND   =        36.7681  ANGLE   =        77.2805  DIHED      =       134.7746
 1-4 NB =        50.4791  1-4 EEL =       773.2927  VDWAALS    =      5623.0608
 EELEC  =    -45670.9005  EHBOND  =         0.0000  RESTRAINT  =        43.4519
 EAMBER (non-restraint)  =    -38975.2447
 EKCMT  =      3671.4728  VIRIAL  =      4084.6946  VOLUME     =    125582.1156
                                                    Density    =         0.9827
 ------------------------------------------------------------------------------


 NSTEP =     9000   TIME(PS) =      18.000  TEMP(K) =   298.11  PRESS =   347.0
 Etot   =    -31485.5177  EKtot   =      7341.6138  EPtot      =    -38827.1315
 BOND   =        37.4013  ANGLE   =        74.8698  DIHED      =       136.3124
 1-4 NB =        48.2517  1-4 EEL =       759.0253  VDWAALS    =      5872.3856
 EELEC  =    -45799.4034  EHBOND  =         0.0000  RESTRAINT  =        44.0258
 EAMBER (non-restraint)  =    -38871.1573
 EKCMT  =      3585.4624  VIRIAL  =      2647.1030  VOLUME     =    125242.0715
                                                    Density    =         0.9854
 ------------------------------------------------------------------------------


 NSTEP =     9500   TIME(PS) =      19.000  TEMP(K) =   299.21  PRESS =   112.7
 Etot   =    -31519.9359  EKtot   =      7368.8389  EPtot      =    -38888.7747
 BOND   =        27.0497  ANGLE   =        77.0500  DIHED      =       134.3863
 1-4 NB =        51.6633  1-4 EEL =       764.6929  VDWAALS    =      5759.9252
 EELEC  =    -45748.4480  EHBOND  =         0.0000  RESTRAINT  =        44.9059
 EAMBER (non-restraint)  =    -38933.6806
 EKCMT  =      3627.7298  VIRIAL  =      3322.5174  VOLUME     =    125429.1620
                                                    Density    =         0.9839
 ------------------------------------------------------------------------------


 NSTEP =    10000   TIME(PS) =      20.000  TEMP(K) =   301.08  PRESS =   119.8
 Etot   =    -31522.9800  EKtot   =      7414.8892  EPtot      =    -38937.8692
 BOND   =        34.5286  ANGLE   =        83.4184  DIHED      =       132.4656
 1-4 NB =        49.5213  1-4 EEL =       763.7305  VDWAALS    =      5749.4411
 EELEC  =    -45799.2401  EHBOND  =         0.0000  RESTRAINT  =        48.2655
 EAMBER (non-restraint)  =    -38986.1348
 EKCMT  =      3683.8441  VIRIAL  =      3359.4953  VOLUME     =    125371.2900
                                                    Density    =         0.9843
 ------------------------------------------------------------------------------


      A V E R A G E S   O V E R      20 S T E P S


 NSTEP =    10000   TIME(PS) =      20.000  TEMP(K) =   293.37  PRESS =  -187.8
 Etot   =    -31533.1530  EKtot   =      7224.8256  EPtot      =    -38757.9786
 BOND   =        31.3998  ANGLE   =        77.0301  DIHED      =       133.5338
 1-4 NB =        50.5963  1-4 EEL =       762.9226  VDWAALS    =      5779.4085
 EELEC  =    -45638.8322  EHBOND  =         0.0000  RESTRAINT  =        45.9625
 EAMBER (non-restraint)  =    -38803.9411
 EKCMT  =      3585.7705  VIRIAL  =      4155.5068  VOLUME     =    135544.5826
                                                    Density    =         0.9153
 ------------------------------------------------------------------------------


      R M S  F L U C T U A T I O N S


 NSTEP =    10000   TIME(PS) =      20.000  TEMP(K) =    16.56  PRESS =   215.9
 Etot   =       870.8176  EKtot   =       407.8598  EPtot      =       496.8832
 BOND   =         4.7899  ANGLE   =         4.7659  DIHED      =         1.9282
 1-4 NB =         2.3035  1-4 EEL =         6.3297  VDWAALS    =       304.0556
 EELEC  =       774.3379  EHBOND  =         0.0000  RESTRAINT  =         4.0603
 EAMBER (non-restraint)  =       492.8229
 EKCMT  =       152.3448  VIRIAL  =       655.2601  VOLUME     =     10076.2544
                                                    Density    =         0.0653
 ------------------------------------------------------------------------------

--------------------------------------------------------------------------------
   5.  TIMINGS
--------------------------------------------------------------------------------

|  NonSetup CPU Time in Major Routines:
|
|     Routine           Sec        %
|     ------------------------------
|     Nonbond           4.48   81.79
|     Bond              0.00    0.00
|     Angle             0.00    0.00
|     Dihedral          0.00    0.00
|     Shake             0.05    0.86
|     RunMD             0.93   16.91
|     Other             0.02    0.44
|     ------------------------------
|     Total             5.47

|  PME Nonbond Pairlist CPU Time:
|
|     Routine              Sec        %
|     ---------------------------------
|     Set Up Cit           0.00    0.00
|     Build List           0.00    0.00
|     ---------------------------------
|     Total                0.00    0.00

|  PME Direct Force CPU Time:
|
|     Routine              Sec        %
|     ---------------------------------
|     NonBonded Calc       0.00    0.00
|     Exclude Masked       0.00    0.00
|     Other                0.01    0.26
|     ---------------------------------
|     Total                0.01    0.26

|  PME Reciprocal Force CPU Time:
|
|     Routine              Sec        %
|     ---------------------------------
|     1D bspline           0.00    0.00
|     Grid Charges         0.00    0.00
|     Scalar Sum           0.00    0.00
|     Gradient Sum         0.00    0.00
|     FFT                  0.00    0.00
|     ---------------------------------
|     Total                0.00    0.00

|  Final Performance Info:
|     -----------------------------------------------------
|     Average timings for last   10000 steps:
|     Elapsed(s) =       5.66 Per Step(ms) =       0.57
|         ns/day =     305.51   seconds/ns =     282.80
|
|     Average timings for all steps:
|     Elapsed(s) =       5.66 Per Step(ms) =       0.57
|         ns/day =     305.51   seconds/ns =     282.80
|     -----------------------------------------------------

|  Setup CPU time:            0.31 seconds
|  NonSetup CPU time:         5.47 seconds
|  Total CPU time:            5.79 seconds     0.00 hours

|  Setup wall time:           1    seconds
|  NonSetup wall time:        5    seconds
|  Total wall time:           6    seconds     0.00 hours
