-I: Adding /dors/csb/apps/amber19/dat/leap/prep to search path.
-I: Adding /dors/csb/apps/amber19/dat/leap/lib to search path.
-I: Adding /dors/csb/apps/amber19/dat/leap/parm to search path.
-I: Adding /dors/csb/apps/amber19/dat/leap/cmd to search path.
-s: Ignoring startup file: leaprc
-f: Source full_seq_tleap.in.

Welcome to LEaP!
Sourcing: ./full_seq_tleap.in
----- Source: /dors/csb/apps/amber19/dat/leap/cmd/leaprc.protein.ff14SB
----- Source of /dors/csb/apps/amber19/dat/leap/cmd/leaprc.protein.ff14SB done
Log file: ./leap.log
Loading parameters: /dors/csb/apps/amber19/dat/leap/parm/parm10.dat
Reading title:
PARM99 + frcmod.ff99SB + frcmod.parmbsc0 + OL3 for RNA
Loading parameters: /dors/csb/apps/amber19/dat/leap/parm/frcmod.ff14SB
Reading force field modification type file (frcmod)
Reading title:
ff14SB protein backbone and sidechain parameters
Loading library: /dors/csb/apps/amber19/dat/leap/lib/amino12.lib
Loading library: /dors/csb/apps/amber19/dat/leap/lib/aminoct12.lib
Loading library: /dors/csb/apps/amber19/dat/leap/lib/aminont12.lib
----- Source: /dors/csb/apps/amber19/dat/leap/cmd/leaprc.gaff
----- Source of /dors/csb/apps/amber19/dat/leap/cmd/leaprc.gaff done
Log file: ./leap.log
Loading parameters: /dors/csb/apps/amber19/dat/leap/parm/gaff.dat
Reading title:
AMBER General Force Field for organic molecules (Version 1.81, May 2017)
----- Source: /dors/csb/apps/amber19/dat/leap/cmd/leaprc.water.tip3p
----- Source of /dors/csb/apps/amber19/dat/leap/cmd/leaprc.water.tip3p done
Loading library: /dors/csb/apps/amber19/dat/leap/lib/atomic_ions.lib
Loading library: /dors/csb/apps/amber19/dat/leap/lib/solvents.lib
Loading parameters: /dors/csb/apps/amber19/dat/leap/parm/frcmod.tip3p
Reading force field modification type file (frcmod)
Reading title:
This is the additional/replacement parameter set for TIP3P water
Loading parameters: /dors/csb/apps/amber19/dat/leap/parm/frcmod.ions1lm_126_tip3p
Reading force field modification type file (frcmod)
Reading title:
Li/Merz ion parameters of monovalent ions for TIP3P water model (12-6 normal usage set)
Loading parameters: /dors/csb/apps/amber19/dat/leap/parm/frcmod.ionsjc_tip3p
Reading force field modification type file (frcmod)
Reading title:
Monovalent ion parameters for Ewald and TIP3P water from Joung & Cheatham JPCB (2008)
Loading parameters: /dors/csb/apps/amber19/dat/leap/parm/frcmod.ions234lm_126_tip3p
Reading force field modification type file (frcmod)
Reading title:
Li/Merz ion parameters of divalent to tetravalent ions for TIP3P water model (12-6 normal usage set)
Loading PDB file: ./full_seq.pdb
  Added missing heavy atom: .R<CSER 357>.A<OXT 12>
  total atoms in file: 2296
  Leap added 2140 missing atoms according to residue templates:
       1 Heavy
       2139 H / lone pairs
  Solute vdw bounding box:              87.315 92.606 82.401
  Total bounding box for atom centers:  103.315 108.606 98.401
  Solvent unit box:                     18.774 18.774 18.774
  Total vdw box size:                   106.495 111.548 101.289 angstroms.
  Volume: 1203247.538 A^3 
  Total mass 613388.326 amu,  Density 0.847 g/cc
  Added 32244 residues.
24 Cl- ions required to neutralize.
Adding 24 counter ions to "mol" using 1A grid
Grid extends from solute vdw + 7.35  to  13.26
Resolution:      1.00 Angstrom.
Solvent present: replacing closest with ion
	 when steric overlaps occur
Calculating grid charges
(Replacing solvent molecule)
Placed Cl- in mol at (-14.47, -7.95, 10.42).
(Replacing solvent molecule)
Placed Cl- in mol at (24.55, -30.72, -18.72).
(Replacing solvent molecule)
Placed Cl- in mol at (-17.06, 6.70, -2.90).
(Replacing solvent molecule)
Placed Cl- in mol at (-1.84, 16.39, 34.13).
(Replacing solvent molecule)
Placed Cl- in mol at (37.61, -32.04, -24.28).
(Replacing solvent molecule)
Placed Cl- in mol at (-18.91, -7.04, 26.81).
(Replacing solvent molecule)
Placed Cl- in mol at (-32.53, 1.98, -4.94).
(Replacing solvent molecule)
Placed Cl- in mol at (28.50, -24.36, -9.23).
(Replacing solvent molecule)
Placed Cl- in mol at (-24.68, 19.31, -6.32).
(Replacing solvent molecule)
Placed Cl- in mol at (35.82, -22.28, -33.03).
(Replacing solvent molecule)
Placed Cl- in mol at (-26.78, -9.53, 4.90).
(Replacing solvent molecule)
Placed Cl- in mol at (-12.55, 17.75, 5.51).
(Replacing solvent molecule)
Placed Cl- in mol at (-30.32, -3.20, 21.42).
(Replacing solvent molecule)
Placed Cl- in mol at (42.25, -22.86, -16.04).
(Replacing solvent molecule)
Placed Cl- in mol at (25.43, -39.50, -27.56).
(Replacing solvent molecule)
Placed Cl- in mol at (-1.00, 5.23, 25.89).
(Replacing solvent molecule)
Placed Cl- in mol at (-25.42, 1.97, 34.90).
(Replacing solvent molecule)
Placed Cl- in mol at (8.38, 19.95, 26.94).
(Replacing solvent molecule)
Placed Cl- in mol at (-39.93, 15.05, -7.03).
(Replacing solvent molecule)
Placed Cl- in mol at (43.07, -15.07, -21.55).
(Replacing solvent molecule)
Placed Cl- in mol at (-10.12, 1.63, 3.45).
(Replacing solvent molecule)
Placed Cl- in mol at (-2.38, 33.82, 30.52).
(Replacing solvent molecule)
Placed Cl- in mol at (25.33, -40.32, -39.04).
(Replacing solvent molecule)
Placed Cl- in mol at (-21.52, 17.86, 36.78).

Done adding ions.
Checking Unit.
Building topology.
Building atom parameters.
Building bond parameters.
Building angle parameters.
Building proper torsion parameters.
Building improper torsion parameters.
 total 1043 improper torsions applied
Building H-Bond parameters.
Incorporating Non-Bonded adjustments.
Not Marking per-residue atom chain types.
Marking per-residue atom chain types.
  (Residues lacking connect0/connect1 - 
   these don't have chain types marked:

	res	total affected

	CSER	1
	NSER	1
	WAT	32220
  )
 (no restraints)
	Quit

Exiting LEaP: Errors = 0; Warnings = 0; Notes = 0.
