
          -------------------------------------------------------
          Amber 18 PMEMD                              2018
          -------------------------------------------------------

| PMEMD implementation of SANDER, Release 18

| Run on 08/17/2023 at 15:06:48

|   Executable path: pmemd.cuda
| Working directory: /panfs/accrepfs.vampire/home/nehilpkd/projects/biomatsims/a_md/mfp/0_
|          Hostname: gpu0013

  [-O]verwriting output

File Assignments:
|   MDIN: min_wat.in                                                            
|  MDOUT: min_wat.out                                                           
| INPCRD: ../mfp.inpcrd                                                         
|   PARM: ../mfp.prmtop                                                         
| RESTRT: min_wat.rst                                                           
|   REFC: ../mfp.inpcrd                                                         
|  MDVEL: mdvel                                                                 
|   MDEN: mden                                                                  
|  MDCRD: mdcrd                                                                 
| MDINFO: mdinfo                                                                
|  MDFRC: mdfrc                                                                 


 Here is the input file:

 System minimization:                                                          
&cntrl                                                                         
   imin=1, ntmin=1, nmropt=0, drms=0.1                                         
   maxcyc=2000, ncyc=1500,                                                     
   ntx=1, irest=0,                                                             
   ntpr=100, ntwr=100, iwrap=0,                                                
   ntf=1, ntb=1, cut=10.0, nsnb=20,                                            
   igb=0,                                                                      
   ibelly=0, ntr=1,                                                            
   restraintmask="!:WAT", restraint_wt=10.0,                                   
&end                                                                           


Note: ig = -1. Setting random seed to   275150 based on wallclock time in 
      microseconds.
| irandom = 1, using AMBER's internal random number generator (default).
| INFO:    The nsnb ctrl option does not affect nonbonded list update frequency.
|          It does affect steepest descent minimization freq if ntmin == 0
 
|--------------------- INFORMATION ----------------------
| GPU (CUDA) Version of PMEMD in use: NVIDIA GPU IN USE.
|                    Version 18.0.0
| 
|                      03/25/2018
| 
| Implementation by:
|                    Ross C. Walker     (SDSC)
|                    Scott Le Grand     (nVIDIA)
| 
| Version 18 performance extensions by:
|                    David Cerutti     (Rutgers)
| 
| Precision model in use:
|      [SPFP] - Single Precision Forces, 64-bit Fixed Point
|               Accumulation. (Default)
| 
|--------------------------------------------------------
 
|----------------- CITATION INFORMATION -----------------
|
|    When publishing work that utilized the CUDA version
|    of AMBER, please cite the following in addition to
|    the regular AMBER citations:
|
|  - Romelia Salomon-Ferrer; Andreas W. Goetz; Duncan
|    Poole; Scott Le Grand; Ross C. Walker "Routine
|    microsecond molecular dynamics simulations with
|    AMBER - Part II: Particle Mesh Ewald", J. Chem.
|    Theory Comput., 2013, 9 (9), pp3878-3888,
|    DOI: 10.1021/ct400314y.
|
|  - Andreas W. Goetz; Mark J. Williamson; Dong Xu;
|    Duncan Poole; Scott Le Grand; Ross C. Walker
|    "Routine microsecond molecular dynamics simulations
|    with AMBER - Part I: Generalized Born", J. Chem.
|    Theory Comput., 2012, 8 (5), pp1542-1555.
|
|  - Scott Le Grand; Andreas W. Goetz; Ross C. Walker
|    "SPFP: Speed without compromise - a mixed precision
|    model for GPU accelerated molecular dynamics
|    simulations.", Comp. Phys. Comm., 2013, 184
|    pp374-380, DOI: 10.1016/j.cpc.2012.09.022
|
|--------------------------------------------------------
 
|------------------- GPU DEVICE INFO --------------------
|
|            CUDA_VISIBLE_DEVICES: 0
|   CUDA Capable Devices Detected:      1
|           CUDA Device ID in use:      0
|                CUDA Device Name: NVIDIA TITAN X (Pascal)
|     CUDA Device Global Mem Size:  12196 MB
| CUDA Device Num Multiprocessors:     28
|           CUDA Device Core Freq:   1.53 GHz
|
|--------------------------------------------------------
 
 
| Conditional Compilation Defines Used:
| PUBFFT
| BINTRAJ
| MKL
| CUDA
| EMIL

| Largest sphere to fit in unit cell has radius =    44.520

| New format PARM file being parsed.
| Version =    1.000 Date = 08/17/23 Time = 14:56:22

| Note: 1-4 EEL scale factors are being read from the topology file.

| Note: 1-4 VDW scale factors are being read from the topology file.
| Duplicated    0 dihedrals

| Duplicated    0 dihedrals

--------------------------------------------------------------------------------
   1.  RESOURCE   USE: 
--------------------------------------------------------------------------------

 getting new box info from bottom of inpcrd
 NATOM  =   91625 NTYPES =      15 NBONH =   90984 MBONA  =     666
 NTHETH =    1363 MTHETA =     883 NPHIH =    2903 MPHIA  =    2471
 NHPARM =       0 NPARM  =       0 NNB   =  127310 NRES   =   30204
 NBONA  =     666 NTHETA =     883 NPHIA =    2471 NUMBND =      55
 NUMANG =     118 NPTRA  =     124 NATYP =      29 NPHB   =       1
 IFBOX  =       2 NMXRS  =      24 IFCAP =       0 NEXTRA =       0
 NCOPY  =       0

| Coordinate Index Table dimensions:    17   17   17
| Direct force subcell size =     6.4148    6.4148    6.4148

     BOX TYPE: TRUNCATED OCTAHEDRON

--------------------------------------------------------------------------------
   2.  CONTROL  DATA  FOR  THE  RUN
--------------------------------------------------------------------------------

default_name                                                                    

General flags:
     imin    =       1, nmropt  =       0

Nature and format of input:
     ntx     =       1, irest   =       0, ntrx    =       1

Nature and format of output:
     ntxo    =       2, ntpr    =     100, ntrx    =       1, ntwr    =     100
     iwrap   =       0, ntwx    =       0, ntwv    =       0, ntwe    =       0
     ioutfm  =       1, ntwprt  =       0, idecomp =       0, rbornstat=      0

Potential function:
     ntf     =       1, ntb     =       1, igb     =       0, nsnb    =      20
     ipol    =       0, gbsa    =       0, iesp    =       0
     dielc   =   1.00000, cut     =  10.00000, intdiel =   1.00000

Frozen or restrained atoms:
     ibelly  =       0, ntr     =       1
     restraint_wt =  10.00000

Energy minimization:
     maxcyc  =    2000, ncyc    =    1500, ntmin   =       1
     dx0     =   0.01000, drms    =   0.10000

| Intermolecular bonds treatment:
|     no_intermolecular_bonds =       1

| Energy averages sample interval:
|     ene_avg_sampling =       1

Ewald parameters:
     verbose =       0, ew_type =       0, nbflag  =       1, use_pme =       1
     vdwmeth =       1, eedmeth =       1, netfrc  =       0
     Box X =  109.052   Box Y =  109.052   Box Z =  109.052
     Alpha =  109.471   Beta  =  109.471   Gamma =  109.471
     NFFT1 =  112       NFFT2 =  112       NFFT3 =  112
     Cutoff=   10.000   Tol   =0.100E-04
     Ewald Coefficient =  0.27511
     Interpolation order =    4

    LOADING THE CONSTRAINED ATOMS AS GROUPS


   5.  REFERENCE ATOM COORDINATES

  default_name                                                                    
     Mask !:WAT; matches  1244 atoms

--------------------------------------------------------------------------------
   3.  ATOMIC COORDINATES AND VELOCITIES
--------------------------------------------------------------------------------

default_name                                                                    
 begin time read from input coords =     0.000 ps

 
 Number of triangulated 3-point waters found:    30127

     Sum of charges from parm topology file =  15.99999991
     Assuming uniform neutralizing plasma

| Dynamic Memory, Types Used:
| Reals             2527526
| Integers          2509685

| Nonbonded Pairs Initial Allocation:    27714271

| GPU memory information (estimate):
| KB of GPU memory in use:         0
| KB of CPU memory in use:         0

--------------------------------------------------------------------------------
   4.  RESULTS
--------------------------------------------------------------------------------



   NSTEP       ENERGY          RMS            GMAX         NAME    NUMBER
      1      -2.5577E+05     5.9961E+01     6.5111E+03     O       44574

 BOND    =      111.0773  ANGLE   =      805.7269  DIHED      =     2035.5585
 VDWAALS =    44955.5294  EEL     =  -308790.8115  HBOND      =        0.0000
 1-4 VDW =      383.7245  1-4 EEL =     4726.6701  RESTRAINT  =        0.0000


   NSTEP       ENERGY          RMS            GMAX         NAME    NUMBER
    100      -3.3166E+05     9.5303E-01     7.4436E+00     H2      84164

 BOND    =    19817.5986  ANGLE   =      211.2065  DIHED      =     1168.1159
 VDWAALS =    32866.2219  EEL     =  -390923.3421  HBOND      =        0.0000
 1-4 VDW =      264.7757  1-4 EEL =     4689.3246  RESTRAINT  =      246.5851
 EAMBER  =  -331906.0989


   NSTEP       ENERGY          RMS            GMAX         NAME    NUMBER
    200      -3.4240E+05     1.6405E+00     4.7372E+01     C         764

 BOND    =    19997.3602  ANGLE   =      210.8590  DIHED      =     1122.3014
 VDWAALS =    37929.6528  EEL     =  -406897.6634  HBOND      =        0.0000
 1-4 VDW =      264.0666  1-4 EEL =     4684.7972  RESTRAINT  =      289.9361
 EAMBER  =  -342688.6261


   NSTEP       ENERGY          RMS            GMAX         NAME    NUMBER
    300      -3.4814E+05     1.5353E+00     9.5031E+01     C         764

 BOND    =    23324.1010  ANGLE   =      216.1351  DIHED      =     1116.8352
 VDWAALS =    42090.4891  EEL     =  -420127.9173  HBOND      =        0.0000
 1-4 VDW =      263.6670  1-4 EEL =     4684.4812  RESTRAINT  =      296.7447
 EAMBER  =  -348432.2086


   NSTEP       ENERGY          RMS            GMAX         NAME    NUMBER
    400      -3.5211E+05     1.2563E+00     1.6155E+02     C         387

 BOND    =    22802.6898  ANGLE   =      217.4093  DIHED      =     1115.3927
 VDWAALS =    45456.0784  EEL     =  -426946.9255  HBOND      =        0.0000
 1-4 VDW =      263.5141  1-4 EEL =     4683.6956  RESTRAINT  =      297.1159
 EAMBER  =  -352408.1456


   NSTEP       ENERGY          RMS            GMAX         NAME    NUMBER
    500      -3.5519E+05     1.0480E+00     8.6832E+01     C        1242

 BOND    =    23716.7863  ANGLE   =      218.5544  DIHED      =     1115.1035
 VDWAALS =    48270.9383  EEL     =  -433756.5887  HBOND      =        0.0000
 1-4 VDW =      263.1216  1-4 EEL =     4683.5385  RESTRAINT  =      297.7332
 EAMBER  =  -355488.5460


   NSTEP       ENERGY          RMS            GMAX         NAME    NUMBER
    600      -3.5756E+05     8.3394E-01     5.9896E+01     CG        259

 BOND    =    24231.6155  ANGLE   =      214.0035  DIHED      =     1114.2541
 VDWAALS =    50500.2523  EEL     =  -438867.4030  HBOND      =        0.0000
 1-4 VDW =      263.4100  1-4 EEL =     4683.9384  RESTRAINT  =      297.4333
 EAMBER  =  -357859.9292


   NSTEP       ENERGY          RMS            GMAX         NAME    NUMBER
    700      -3.5959E+05     7.1931E-01     5.1761E+01     CG        259

 BOND    =    24677.7048  ANGLE   =      216.2541  DIHED      =     1114.2480
 VDWAALS =    52424.8817  EEL     =  -443262.4380  HBOND      =        0.0000
 1-4 VDW =      263.1008  1-4 EEL =     4683.0460  RESTRAINT  =      297.1356
 EAMBER  =  -359883.2026


   NSTEP       ENERGY          RMS            GMAX         NAME    NUMBER
    800      -3.6133E+05     4.2265E-01     5.7987E+01     CD         46

 BOND    =    25054.5187  ANGLE   =      212.9310  DIHED      =     1113.7591
 VDWAALS =    54079.7484  EEL     =  -447029.7576  HBOND      =        0.0000
 1-4 VDW =      263.3008  1-4 EEL =     4683.3648  RESTRAINT  =      296.5134
 EAMBER  =  -361622.1350


   NSTEP       ENERGY          RMS            GMAX         NAME    NUMBER
    900      -3.6286E+05     4.6662E-01     3.1202E+01     CD2      1037

 BOND    =    25403.6268  ANGLE   =      214.7599  DIHED      =     1113.6792
 VDWAALS =    55578.0182  EEL     =  -450416.2371  HBOND      =        0.0000
 1-4 VDW =      263.1599  1-4 EEL =     4682.6978  RESTRAINT  =      296.1565
 EAMBER  =  -363160.2954


   NSTEP       ENERGY          RMS            GMAX         NAME    NUMBER
   1000      -3.6420E+05     2.6009E-01     1.3205E+01     CD         46

 BOND    =    25703.0659  ANGLE   =      213.0203  DIHED      =     1113.3511
 VDWAALS =    56923.4242  EEL     =  -453396.1126  HBOND      =        0.0000
 1-4 VDW =      263.3052  1-4 EEL =     4682.8739  RESTRAINT  =      296.0274
 EAMBER  =  -364497.0721


   NSTEP       ENERGY          RMS            GMAX         NAME    NUMBER
   1100      -3.6537E+05     2.9579E-01     2.0869E+01     CD2      1037

 BOND    =    25976.7859  ANGLE   =      213.8109  DIHED      =     1113.1722
 VDWAALS =    58157.6472  EEL     =  -456071.6755  HBOND      =        0.0000
 1-4 VDW =      263.2740  1-4 EEL =     4682.5969  RESTRAINT  =      296.3492
 EAMBER  =  -365664.3884


   NSTEP       ENERGY          RMS            GMAX         NAME    NUMBER
   1200      -3.6637E+05     7.8467E-01     8.2051E+01     CD2      1037

 BOND    =    26238.3582  ANGLE   =      219.0409  DIHED      =     1113.0514
 VDWAALS =    59262.2038  EEL     =  -458440.9886  HBOND      =        0.0000
 1-4 VDW =      263.1567  1-4 EEL =     4682.1325  RESTRAINT  =      296.7383
 EAMBER  =  -366663.0450


   NSTEP       ENERGY          RMS            GMAX         NAME    NUMBER
   1300      -3.6725E+05     6.9426E-01     7.6306E+01     CD2      1037

 BOND    =    26445.4010  ANGLE   =      215.3571  DIHED      =     1112.6351
 VDWAALS =    60220.7055  EEL     =  -460491.2506  HBOND      =        0.0000
 1-4 VDW =      263.5698  1-4 EEL =     4683.0163  RESTRAINT  =      296.0957
 EAMBER  =  -367550.5657


   NSTEP       ENERGY          RMS            GMAX         NAME    NUMBER
   1400      -3.6804E+05     6.0035E-01     6.4297E+01     CD2      1037

 BOND    =    26626.5195  ANGLE   =      216.9747  DIHED      =     1112.6757
 VDWAALS =    61072.4221  EEL     =  -462310.8117  HBOND      =        0.0000
 1-4 VDW =      263.3766  1-4 EEL =     4682.0855  RESTRAINT  =      295.6493
 EAMBER  =  -368336.7576


   NSTEP       ENERGY          RMS            GMAX         NAME    NUMBER
   1500      -3.6874E+05     5.5198E-01     6.1909E+01     CD         61

 BOND    =    26792.0956  ANGLE   =      214.5776  DIHED      =     1112.4060
 VDWAALS =    61836.1626  EEL     =  -463934.3675  HBOND      =        0.0000
 1-4 VDW =      263.7132  1-4 EEL =     4682.7752  RESTRAINT  =      295.2726
 EAMBER  =  -369032.6373


   NSTEP       ENERGY          RMS            GMAX         NAME    NUMBER
   1600      -3.7230E+05     3.3602E-01     3.7622E+01     CD         61

 BOND    =    27745.2691  ANGLE   =      215.2539  DIHED      =     1112.2610
 VDWAALS =    66669.0446  EEL     =  -473288.0496  HBOND      =        0.0000
 1-4 VDW =      263.9520  1-4 EEL =     4682.2507  RESTRAINT  =      295.1833
 EAMBER  =  -372600.0184


   NSTEP       ENERGY          RMS            GMAX         NAME    NUMBER
   1700      -3.7321E+05     4.7119E-01     3.9626E+01     H1      67126

 BOND    =    27974.5561  ANGLE   =      215.4520  DIHED      =     1112.1266
 VDWAALS =    67572.1393  EEL     =  -475322.8045  HBOND      =        0.0000
 1-4 VDW =      264.0365  1-4 EEL =     4682.1172  RESTRAINT  =      295.3924
 EAMBER  =  -373502.3767


   NSTEP       ENERGY          RMS            GMAX         NAME    NUMBER
   1800      -3.7416E+05     4.2099E-01     3.8363E+01     C          64

 BOND    =    28128.4249  ANGLE   =      220.8924  DIHED      =     1120.7890
 VDWAALS =    68506.2504  EEL     =  -477374.4245  HBOND      =        0.0000
 1-4 VDW =      264.8503  1-4 EEL =     4680.6457  RESTRAINT  =      296.5791
 EAMBER  =  -374452.5719


   NSTEP       ENERGY          RMS            GMAX         NAME    NUMBER
   1900      -3.7483E+05     3.1537E-01     2.0025E+01     O       66996

 BOND    =    28307.5847  ANGLE   =      214.3728  DIHED      =     1112.7386
 VDWAALS =    69166.8048  EEL     =  -478874.3436  HBOND      =        0.0000
 1-4 VDW =      264.6878  1-4 EEL =     4680.6619  RESTRAINT  =      295.6531
 EAMBER  =  -375127.4930


   NSTEP       ENERGY          RMS            GMAX         NAME    NUMBER
   2000      -3.7545E+05     4.0097E-01     3.3499E+01     C        1242

 BOND    =    28427.2145  ANGLE   =      222.1251  DIHED      =     1115.3312
 VDWAALS =    69775.9085  EEL     =  -480226.7605  HBOND      =        0.0000
 1-4 VDW =      265.6608  1-4 EEL =     4679.1197  RESTRAINT  =      295.3344
 EAMBER  =  -375741.4005


  Maximum number of minimization cycles reached.


                    FINAL RESULTS



   NSTEP       ENERGY          RMS            GMAX         NAME    NUMBER
   2000      -3.7545E+05     4.0097E-01     3.3499E+01     C        1242

 BOND    =    28427.2145  ANGLE   =      222.1251  DIHED      =     1115.3312
 VDWAALS =    69775.9085  EEL     =  -480226.7605  HBOND      =        0.0000
 1-4 VDW =      265.6608  1-4 EEL =     4679.1197  RESTRAINT  =      295.3344
 EAMBER  =  -375741.4005
--------------------------------------------------------------------------------
   5.  TIMINGS
--------------------------------------------------------------------------------

|  NonSetup CPU Time in Major Routines:
|
|     Routine           Sec        %
|     ------------------------------
|     Nonbond           3.35   29.11
|     Bond              0.00    0.00
|     Angle             0.00    0.00
|     Dihedral          0.00    0.00
|     Shake             0.00    0.00
|     Other             8.16   70.89
|     ------------------------------
|     Total            11.51

|  PME Nonbond Pairlist CPU Time:
|
|     Routine              Sec        %
|     ---------------------------------
|     Set Up Cit           0.00    0.00
|     Build List           0.00    0.00
|     ---------------------------------
|     Total                0.00    0.00

|  PME Direct Force CPU Time:
|
|     Routine              Sec        %
|     ---------------------------------
|     NonBonded Calc       0.00    0.00
|     Exclude Masked       0.00    0.00
|     Other                0.01    0.06
|     ---------------------------------
|     Total                0.01    0.06

|  PME Reciprocal Force CPU Time:
|
|     Routine              Sec        %
|     ---------------------------------
|     1D bspline           0.00    0.00
|     Grid Charges         0.00    0.00
|     Scalar Sum           0.00    0.00
|     Gradient Sum         0.00    0.00
|     FFT                  0.00    0.00
|     ---------------------------------
|     Total                0.00    0.00

|  Setup CPU time:            1.09 seconds
|  NonSetup CPU time:        11.51 seconds
|  Total CPU time:           12.60 seconds     0.00 hours

|  Setup wall time:           2    seconds
|  NonSetup wall time:       11    seconds
|  Total wall time:          13    seconds     0.00 hours
