
          -------------------------------------------------------
          Amber 22 PMEMD                              2022
          -------------------------------------------------------

| PMEMD implementation of SANDER, Release 22

|  Compiled date/time: Thu Apr 14 13:06:37 2022
| Run on 10/20/2023 at 13:20:19

|   Executable path: pmemd.cuda
| Working directory: /panfs/accrepfs.vampire/home/nehilpkd/projects/biomatsims/dimerization/amyloid_6/3_sys_min
|          Hostname: gpu0019

  [-O]verwriting output

File Assignments:
|   MDIN: min_sys.in                                                            
|  MDOUT: sys_min.out                                                           
| INPCRD: ../3_sys_min/md_wat.rst                                               
|   PARM: ../a.prmtop                                                           
| RESTRT: sys_min.rst                                                           
|   REFC: ../3_sys_min/md_wat.rst                                               
|  MDVEL: mdvel                                                                 
|   MDEN: mden                                                                  
|  MDCRD: mdcrd                                                                 
| MDINFO: mdinfo                                                                
|  MDFRC: mdfrc                                                                 


 Here is the input file:

 System minimization:                                                          
&cntrl                                                                         
   imin=1, ntmin=1, nmropt=0, drms=0.1                                         
   maxcyc=2000, ncyc=1500,                                                     
   ntx=1, irest=0,                                                             
   ntpr=100, ntwr=100, iwrap=0,                                                
   ntf=1, ntb=1, cut=10.0, nsnb=20,                                            
   igb=0,                                                                      
   ibelly=0, ntr=0,                                                            
&end                                                                           


Note: ig = -1. Setting random seed to   572759 based on wallclock time in 
      microseconds.
| irandom = 1, using AMBER's internal random number generator (default).
| INFO:    The nsnb ctrl option does not affect nonbonded list update frequency.
|          It does affect steepest descent minimization freq if ntmin == 0
 
|--------------------- INFORMATION ----------------------
| GPU (CUDA) Version of PMEMD in use: NVIDIA GPU IN USE.
|                    Version 18.0.0
| 
|                      03/25/2018
| 
| Implementation by:
|                    Ross C. Walker     (SDSC)
|                    Scott Le Grand     (nVIDIA)
| 
| Version 18 performance extensions by:
|                    David Cerutti     (Rutgers)
| 
| Precision model in use:
|      [SPFP] - Single Precision Forces, 64-bit Fixed Point
|               Accumulation. (Default)
| 
|--------------------------------------------------------
 
|----------------- CITATION INFORMATION -----------------
|
|    When publishing work that utilized the CUDA version
|    of AMBER, please cite the following in addition to
|    the regular AMBER citations:
|
|  - Romelia Salomon-Ferrer; Andreas W. Goetz; Duncan
|    Poole; Scott Le Grand; Ross C. Walker "Routine
|    microsecond molecular dynamics simulations with
|    AMBER - Part II: Particle Mesh Ewald", J. Chem.
|    Theory Comput., 2013, 9 (9), pp3878-3888,
|    DOI: 10.1021/ct400314y.
|
|  - Andreas W. Goetz; Mark J. Williamson; Dong Xu;
|    Duncan Poole; Scott Le Grand; Ross C. Walker
|    "Routine microsecond molecular dynamics simulations
|    with AMBER - Part I: Generalized Born", J. Chem.
|    Theory Comput., 2012, 8 (5), pp1542-1555.
|
|  - Scott Le Grand; Andreas W. Goetz; Ross C. Walker
|    "SPFP: Speed without compromise - a mixed precision
|    model for GPU accelerated molecular dynamics
|    simulations.", Comp. Phys. Comm., 2013, 184
|    pp374-380, DOI: 10.1016/j.cpc.2012.09.022
|
|--------------------------------------------------------
 
|------------------- GPU DEVICE INFO --------------------
|
|            CUDA_VISIBLE_DEVICES: 0
|   CUDA Capable Devices Detected:      1
|           CUDA Device ID in use:      0
|                CUDA Device Name: NVIDIA TITAN X (Pascal)
|     CUDA Device Global Mem Size:  12196 MB
| CUDA Device Num Multiprocessors:     28
|           CUDA Device Core Freq:   1.53 GHz
|
|--------------------------------------------------------
 
 
| Conditional Compilation Defines Used:
| PUBFFT
| BINTRAJ
| CUDA
| EMIL

| Largest sphere to fit in unit cell has radius =    19.327

| New format PARM file being parsed.
| Version =    1.000 Date = 10/20/23 Time = 13:19:25

| Note: 1-4 EEL scale factors are being read from the topology file.

| Note: 1-4 VDW scale factors are being read from the topology file.
| Duplicated    0 dihedrals

| Duplicated    0 dihedrals

--------------------------------------------------------------------------------
   1.  RESOURCE   USE: 
--------------------------------------------------------------------------------

 getting new box info from bottom of inpcrd
 NATOM  =   12344 NTYPES =      12 NBONH =   12246 MBONA  =      98
 NTHETH =     228 MTHETA =     130 NPHIH =     434 MPHIA  =     400
 NHPARM =       0 NPARM  =       0 NNB   =   17266 NRES   =    4062
 NBONA  =      98 NTHETA =     130 NPHIA =     400 NUMBND =      27
 NUMANG =      55 NPTRA  =      78 NATYP =      19 NPHB   =       0
 IFBOX  =       1 NMXRS  =      22 IFCAP =       0 NEXTRA =       0
 NCOPY  =       0

| Coordinate Index Table dimensions:    12    8    7
| Direct force subcell size =     5.5596    6.0770    5.5221

     BOX TYPE: RECTILINEAR

--------------------------------------------------------------------------------
   2.  CONTROL  DATA  FOR  THE  RUN
--------------------------------------------------------------------------------

default_name                                                                    

General flags:
     imin    =       1, nmropt  =       0

Nature and format of input:
     ntx     =       1, irest   =       0, ntrx    =       1

Nature and format of output:
     ntxo    =       2, ntpr    =     100, ntrx    =       1, ntwr    =     100
     iwrap   =       0, ntwx    =       0, ntwv    =       0, ntwe    =       0
     ioutfm  =       1, ntwprt  =       0, idecomp =       0, rbornstat=      0

Potential function:
     ntf     =       1, ntb     =       1, igb     =       0, nsnb    =      20
     ipol    =       0, gbsa    =       0, iesp    =       0
     dielc   =   1.00000, cut     =  10.00000, intdiel =   1.00000

Frozen or restrained atoms:
     ibelly  =       0, ntr     =       0

Energy minimization:
     maxcyc  =    2000, ncyc    =    1500, ntmin   =       1
     dx0     =   0.01000, drms    =   0.10000

| Intermolecular bonds treatment:
|     no_intermolecular_bonds =       1

| Energy averages sample interval:
|     ene_avg_sampling =       1

Ewald parameters:
     verbose =       0, ew_type =       0, nbflag  =       1, use_pme =       1
     vdwmeth =       1, eedmeth =       1, netfrc  =       0
     Box X =   66.715   Box Y =   48.616   Box Z =   38.654
     Alpha =   90.000   Beta  =   90.000   Gamma =   90.000
     NFFT1 =   64       NFFT2 =   56       NFFT3 =   40
     Cutoff=   10.000   Tol   =0.100E-04
     Ewald Coefficient =  0.27511
     Interpolation order =    4

--------------------------------------------------------------------------------
   3.  ATOMIC COORDINATES AND VELOCITIES
--------------------------------------------------------------------------------

default_name                                                                    
 begin time read from input coords =    20.000 ps

 
 Number of triangulated 3-point waters found:     4048

     Sum of charges from parm topology file =  -0.00000002
     Forcing neutrality...

| Dynamic Memory, Types Used:
| Reals              416050
| Integers           354529

| Nonbonded Pairs Initial Allocation:     3733751

| GPU memory information (estimate):
| KB of GPU memory in use:     50107
| KB of CPU memory in use:     22891

--------------------------------------------------------------------------------
   4.  RESULTS
--------------------------------------------------------------------------------



   NSTEP       ENERGY          RMS            GMAX         NAME    NUMBER
      1      -3.8988E+04     1.4105E+01     1.1641E+02     CG        110

 BOND    =       29.9034  ANGLE   =       80.8246  DIHED      =      132.0808
 VDWAALS =     5751.5100  EEL     =   -45796.6402  HBOND      =        0.0000
 1-4 VDW =       50.0337  1-4 EEL =      763.8130  RESTRAINT  =        0.0000


   NSTEP       ENERGY          RMS            GMAX         NAME    NUMBER
    100      -4.7483E+04     2.1542E+00     3.8455E+01     CD2       119

 BOND    =     3357.6508  ANGLE   =       16.8963  DIHED      =      120.4154
 VDWAALS =     5331.3897  EEL     =   -57111.8132  HBOND      =        0.0000
 1-4 VDW =       42.4996  1-4 EEL =      759.5170  RESTRAINT  =        0.0000


   NSTEP       ENERGY          RMS            GMAX         NAME    NUMBER
    200      -4.8676E+04     1.7218E+00     1.1837E+02     CE2       117

 BOND    =     3276.4103  ANGLE   =       17.9801  DIHED      =      119.2048
 VDWAALS =     5904.0920  EEL     =   -58793.4318  HBOND      =        0.0000
 1-4 VDW =       41.2757  1-4 EEL =      758.8478  RESTRAINT  =        0.0000


   NSTEP       ENERGY          RMS            GMAX         NAME    NUMBER
    300      -4.9319E+04     1.4904E+00     1.0153E+02     CE2       117

 BOND    =     3412.1050  ANGLE   =       17.5067  DIHED      =      118.2236
 VDWAALS =     6388.3505  EEL     =   -60054.6526  HBOND      =        0.0000
 1-4 VDW =       40.9620  1-4 EEL =      758.5774  RESTRAINT  =        0.0000


   NSTEP       ENERGY          RMS            GMAX         NAME    NUMBER
    400      -4.9755E+04     4.0445E-01     1.3873E+01     CE2       117

 BOND    =     3483.9276  ANGLE   =       16.5924  DIHED      =      117.2165
 VDWAALS =     6764.9391  EEL     =   -60937.7559  HBOND      =        0.0000
 1-4 VDW =       40.8313  1-4 EEL =      758.7619  RESTRAINT  =        0.0000


   NSTEP       ENERGY          RMS            GMAX         NAME    NUMBER
    500      -5.0061E+04     1.1044E+00     7.3987E+01     CE2       117

 BOND    =     3554.4740  ANGLE   =       17.0483  DIHED      =      116.5460
 VDWAALS =     7064.7404  EEL     =   -61612.9146  HBOND      =        0.0000
 1-4 VDW =       40.8106  1-4 EEL =      758.7519  RESTRAINT  =        0.0000


   NSTEP       ENERGY          RMS            GMAX         NAME    NUMBER
    600      -5.0312E+04     2.9324E-01     7.6020E+00     CE2       117

 BOND    =     3600.9194  ANGLE   =       16.5698  DIHED      =      115.9280
 VDWAALS =     7313.0240  EEL     =   -62158.3882  HBOND      =        0.0000
 1-4 VDW =       40.7757  1-4 EEL =      758.9959  RESTRAINT  =        0.0000


   NSTEP       ENERGY          RMS            GMAX         NAME    NUMBER
    700      -5.0510E+04     8.4096E-01     8.3123E+01     C          98

 BOND    =     3648.8176  ANGLE   =       16.6523  DIHED      =      115.4456
 VDWAALS =     7523.4019  EEL     =   -62614.1788  HBOND      =        0.0000
 1-4 VDW =       40.7875  1-4 EEL =      759.2728  RESTRAINT  =        0.0000


   NSTEP       ENERGY          RMS            GMAX         NAME    NUMBER
    800      -5.0678E+04     7.2531E-01     4.9129E+01     CE2       117

 BOND    =     3686.1332  ANGLE   =       16.8450  DIHED      =      114.8713
 VDWAALS =     7702.3996  EEL     =   -62998.3871  HBOND      =        0.0000
 1-4 VDW =       40.7863  1-4 EEL =      759.1861  RESTRAINT  =        0.0000


   NSTEP       ENERGY          RMS            GMAX         NAME    NUMBER
    900      -5.0822E+04     6.6090E-01     4.7004E+01     C          98

 BOND    =     3718.5506  ANGLE   =       16.5559  DIHED      =      114.2879
 VDWAALS =     7857.1148  EEL     =   -63328.5594  HBOND      =        0.0000
 1-4 VDW =       40.8219  1-4 EEL =      759.3923  RESTRAINT  =        0.0000


   NSTEP       ENERGY          RMS            GMAX         NAME    NUMBER
   1000      -5.0945E+04     5.0921E-01     3.2784E+01     CE2       117

 BOND    =     3745.8112  ANGLE   =       16.5618  DIHED      =      113.4693
 VDWAALS =     7989.9781  EEL     =   -63611.0926  HBOND      =        0.0000
 1-4 VDW =       40.8557  1-4 EEL =      759.4201  RESTRAINT  =        0.0000


   NSTEP       ENERGY          RMS            GMAX         NAME    NUMBER
   1100      -5.1054E+04     3.3678E-01     2.0065E+01     CE2       117

 BOND    =     3769.9900  ANGLE   =       16.4371  DIHED      =      112.7142
 VDWAALS =     8108.5224  EEL     =   -63862.3819  HBOND      =        0.0000
 1-4 VDW =       40.8930  1-4 EEL =      759.4275  RESTRAINT  =        0.0000


   NSTEP       ENERGY          RMS            GMAX         NAME    NUMBER
   1200      -5.1153E+04     2.3981E-01     1.0962E+01     CE2       117

 BOND    =     3792.3404  ANGLE   =       16.4427  DIHED      =      112.0875
 VDWAALS =     8216.8248  EEL     =   -64091.0692  HBOND      =        0.0000
 1-4 VDW =       40.9273  1-4 EEL =      759.4445  RESTRAINT  =        0.0000


   NSTEP       ENERGY          RMS            GMAX         NAME    NUMBER
   1300      -5.1241E+04     1.8334E-01     5.2602E+00     CE2       117

 BOND    =     3812.8967  ANGLE   =       16.3861  DIHED      =      111.7102
 VDWAALS =     8316.4836  EEL     =   -64299.2523  HBOND      =        0.0000
 1-4 VDW =       40.9534  1-4 EEL =      759.4624  RESTRAINT  =        0.0000


   NSTEP       ENERGY          RMS            GMAX         NAME    NUMBER
   1400      -5.1318E+04     1.6687E-01     3.8942E+00     CE2       117

 BOND    =     3831.0537  ANGLE   =       16.3737  DIHED      =      111.4635
 VDWAALS =     8405.2476  EEL     =   -64482.4589  HBOND      =        0.0000
 1-4 VDW =       40.9746  1-4 EEL =      759.4558  RESTRAINT  =        0.0000


   NSTEP       ENERGY          RMS            GMAX         NAME    NUMBER
   1500      -5.1386E+04     5.7904E-01     4.0063E+01     CE2       117

 BOND    =     3849.3583  ANGLE   =       16.5471  DIHED      =      111.2604
 VDWAALS =     8487.4298  EEL     =   -64650.5979  HBOND      =        0.0000
 1-4 VDW =       40.9977  1-4 EEL =      759.4479  RESTRAINT  =        0.0000


   NSTEP       ENERGY          RMS            GMAX         NAME    NUMBER
   1600      -5.1703E+04     3.3530E-01     1.0499E+01     CA        105

 BOND    =     3933.5069  ANGLE   =       16.8030  DIHED      =      110.4624
 VDWAALS =     8923.8717  EEL     =   -65488.7036  HBOND      =        0.0000
 1-4 VDW =       41.2109  1-4 EEL =      759.4799  RESTRAINT  =        0.0000


   NSTEP       ENERGY          RMS            GMAX         NAME    NUMBER
   1700      -5.1819E+04     8.5089E-01     8.1359E+01     C         198

 BOND    =     3964.1080  ANGLE   =       17.9846  DIHED      =      110.4345
 VDWAALS =     9071.9168  EEL     =   -65785.4943  HBOND      =        0.0000
 1-4 VDW =       41.5791  1-4 EEL =      760.1578  RESTRAINT  =        0.0000


   NSTEP       ENERGY          RMS            GMAX         NAME    NUMBER
   1800      -5.1979E+04     1.8773E-01     6.4317E+00     CA        125

 BOND    =     3985.6625  ANGLE   =       16.3512  DIHED      =      109.7260
 VDWAALS =     9236.8702  EEL     =   -66128.9777  HBOND      =        0.0000
 1-4 VDW =       40.9553  1-4 EEL =      760.4560  RESTRAINT  =        0.0000


   NSTEP       ENERGY          RMS            GMAX         NAME    NUMBER
   1900      -5.2091E+04     7.2693E-01     3.1992E+01     N         101

 BOND    =     4024.6523  ANGLE   =       18.0736  DIHED      =      110.0128
 VDWAALS =     9372.1093  EEL     =   -66418.5082  HBOND      =        0.0000
 1-4 VDW =       41.2185  1-4 EEL =      761.0074  RESTRAINT  =        0.0000


   NSTEP       ENERGY          RMS            GMAX         NAME    NUMBER
   2000      -5.2167E+04     1.9584E-01     7.8810E+00     C         198

 BOND    =     4027.9545  ANGLE   =       16.9270  DIHED      =      109.6728
 VDWAALS =     9436.5761  EEL     =   -66559.6126  HBOND      =        0.0000
 1-4 VDW =       40.8618  1-4 EEL =      760.8608  RESTRAINT  =        0.0000


  Maximum number of minimization cycles reached.


                    FINAL RESULTS



   NSTEP       ENERGY          RMS            GMAX         NAME    NUMBER
   2000      -5.2167E+04     1.9584E-01     7.8810E+00     C         198

 BOND    =     4027.9545  ANGLE   =       16.9270  DIHED      =      109.6728
 VDWAALS =     9436.5761  EEL     =   -66559.6126  HBOND      =        0.0000
 1-4 VDW =       40.8618  1-4 EEL =      760.8608  RESTRAINT  =        0.0000
--------------------------------------------------------------------------------
   5.  TIMINGS
--------------------------------------------------------------------------------

|  NonSetup CPU Time in Major Routines:
|
|     Routine           Sec        %
|     ------------------------------
|     Nonbond           0.61   34.82
|     Bond              0.00    0.00
|     Angle             0.00    0.00
|     Dihedral          0.00    0.00
|     Shake             0.00    0.00
|     Other             1.14   65.18
|     ------------------------------
|     Total             1.75

|  PME Nonbond Pairlist CPU Time:
|
|     Routine              Sec        %
|     ---------------------------------
|     Set Up Cit           0.00    0.00
|     Build List           0.00    0.00
|     ---------------------------------
|     Total                0.00    0.00

|  PME Direct Force CPU Time:
|
|     Routine              Sec        %
|     ---------------------------------
|     NonBonded Calc       0.00    0.00
|     Exclude Masked       0.00    0.00
|     Other                0.00    0.23
|     ---------------------------------
|     Total                0.00    0.23

|  PME Reciprocal Force CPU Time:
|
|     Routine              Sec        %
|     ---------------------------------
|     1D bspline           0.00    0.00
|     Grid Charges         0.00    0.00
|     Scalar Sum           0.00    0.00
|     Gradient Sum         0.00    0.00
|     FFT                  0.00    0.00
|     ---------------------------------
|     Total                0.00    0.00

|  Setup CPU time:            0.34 seconds
|  NonSetup CPU time:         1.75 seconds
|  Total CPU time:            2.09 seconds     0.00 hours

|  Setup wall time:           0    seconds
|  NonSetup wall time:        2    seconds
|  Total wall time:           2    seconds     0.00 hours
