
          -------------------------------------------------------
          Amber 22 PMEMD                              2022
          -------------------------------------------------------

| PMEMD implementation of SANDER, Release 22

|  Compiled date/time: Thu Apr 14 13:06:37 2022
| Run on 10/20/2023 at 11:56:33

|   Executable path: pmemd.cuda
| Working directory: /panfs/accrepfs.vampire/home/nehilpkd/projects/biomatsims/dimerization/amyloid/4_sys_eq
|          Hostname: gpu0018

  [-O]verwriting output

File Assignments:
|   MDIN: heat.in                                                               
|  MDOUT: heat.out                                                              
| INPCRD: ../4_sys_eq/sys_min.rst                                               
|   PARM: ../a.prmtop                                                           
| RESTRT: heat.rst                                                              
|   REFC: ../4_sys_eq/sys_min.rst                                               
|  MDVEL: mdvel                                                                 
|   MDEN: mden                                                                  
|  MDCRD: mdcrd                                                                 
| MDINFO: mdinfo                                                                
|  MDFRC: mdfrc                                                                 


 Here is the input file:

 Heating System                                                                
&cntrl                                                                         
   imin=0, nmropt=1,                                                           
   ntx=1, irest=0,                                                             
   ntpr=10000, ntwr=500, ntwx=500, iwrap=1,                                    
   ntf=2, ntb=1, cut=10.0, nsnb=20,                                            
   igb=0,                                                                      
   ibelly=0, ntr=1,                                                            
   nstlim=250000, nscm=500, dt=0.002,                                          
   ntt=1, temp0=0.0, tempi=0.0, tautp=0.5                                      
   ntc=2,restraintmask=':1-14',                                                
   restraint_wt=10.0,                                                          
&end                                                                           
                                                                               
&wt type='REST', istep1=0, istep2=0, value1=1.0, value2=1.0, &end              
&wt type='TEMP0', istep1=0, istep2=250000, value1=0.0, value2=300, &end        
&wt type='END' &end                                                            


Note: ig = -1. Setting random seed to   141901 based on wallclock time in 
      microseconds.
| irandom = 1, using AMBER's internal random number generator (default).
| INFO:    The nsnb ctrl option does not affect nonbonded list update frequency.
|          It does affect steepest descent minimization freq if ntmin == 0
 
|--------------------- INFORMATION ----------------------
| GPU (CUDA) Version of PMEMD in use: NVIDIA GPU IN USE.
|                    Version 18.0.0
| 
|                      03/25/2018
| 
| Implementation by:
|                    Ross C. Walker     (SDSC)
|                    Scott Le Grand     (nVIDIA)
| 
| Version 18 performance extensions by:
|                    David Cerutti     (Rutgers)
| 
| Precision model in use:
|      [SPFP] - Single Precision Forces, 64-bit Fixed Point
|               Accumulation. (Default)
| 
|--------------------------------------------------------
 
|----------------- CITATION INFORMATION -----------------
|
|    When publishing work that utilized the CUDA version
|    of AMBER, please cite the following in addition to
|    the regular AMBER citations:
|
|  - Romelia Salomon-Ferrer; Andreas W. Goetz; Duncan
|    Poole; Scott Le Grand; Ross C. Walker "Routine
|    microsecond molecular dynamics simulations with
|    AMBER - Part II: Particle Mesh Ewald", J. Chem.
|    Theory Comput., 2013, 9 (9), pp3878-3888,
|    DOI: 10.1021/ct400314y.
|
|  - Andreas W. Goetz; Mark J. Williamson; Dong Xu;
|    Duncan Poole; Scott Le Grand; Ross C. Walker
|    "Routine microsecond molecular dynamics simulations
|    with AMBER - Part I: Generalized Born", J. Chem.
|    Theory Comput., 2012, 8 (5), pp1542-1555.
|
|  - Scott Le Grand; Andreas W. Goetz; Ross C. Walker
|    "SPFP: Speed without compromise - a mixed precision
|    model for GPU accelerated molecular dynamics
|    simulations.", Comp. Phys. Comm., 2013, 184
|    pp374-380, DOI: 10.1016/j.cpc.2012.09.022
|
|--------------------------------------------------------
 
|------------------- GPU DEVICE INFO --------------------
|
|            CUDA_VISIBLE_DEVICES: 0
|   CUDA Capable Devices Detected:      1
|           CUDA Device ID in use:      0
|                CUDA Device Name: NVIDIA TITAN X (Pascal)
|     CUDA Device Global Mem Size:  12196 MB
| CUDA Device Num Multiprocessors:     28
|           CUDA Device Core Freq:   1.53 GHz
|
|--------------------------------------------------------
 
 
| Conditional Compilation Defines Used:
| PUBFFT
| BINTRAJ
| CUDA
| EMIL

| Largest sphere to fit in unit cell has radius =    16.835

| New format PARM file being parsed.
| Version =    1.000 Date = 10/20/23 Time = 11:55:29

| Note: 1-4 EEL scale factors are being read from the topology file.

| Note: 1-4 VDW scale factors are being read from the topology file.
| Duplicated    0 dihedrals

| Duplicated    0 dihedrals

--------------------------------------------------------------------------------
   1.  RESOURCE   USE: 
--------------------------------------------------------------------------------

 getting box info from netcdf restart file
 NATOM  =    7469 NTYPES =      12 NBONH =    7371 MBONA  =      98
 NTHETH =     228 MTHETA =     130 NPHIH =     434 MPHIA  =     400
 NHPARM =       0 NPARM  =       0 NNB   =   10766 NRES   =    2437
 NBONA  =      98 NTHETA =     130 NPHIA =     400 NUMBND =      27
 NUMANG =      55 NPTRA  =      78 NATYP =      19 NPHB   =       0
 IFBOX  =       1 NMXRS  =      22 IFCAP =       0 NEXTRA =       0
 NCOPY  =       0

| Coordinate Index Table dimensions:     6   11    6
| Direct force subcell size =     5.9612    5.8385    5.6116

     BOX TYPE: RECTILINEAR

--------------------------------------------------------------------------------
   2.  CONTROL  DATA  FOR  THE  RUN
--------------------------------------------------------------------------------

default_name                                                                    

General flags:
     imin    =       0, nmropt  =       1

Nature and format of input:
     ntx     =       1, irest   =       0, ntrx    =       1

Nature and format of output:
     ntxo    =       2, ntpr    =   10000, ntrx    =       1, ntwr    =     500
     iwrap   =       1, ntwx    =     500, ntwv    =       0, ntwe    =       0
     ioutfm  =       1, ntwprt  =       0, idecomp =       0, rbornstat=      0

Potential function:
     ntf     =       2, ntb     =       1, igb     =       0, nsnb    =      20
     ipol    =       0, gbsa    =       0, iesp    =       0
     dielc   =   1.00000, cut     =  10.00000, intdiel =   1.00000

Frozen or restrained atoms:
     ibelly  =       0, ntr     =       1
     restraint_wt =  10.00000

Molecular dynamics:
     nstlim  =    250000, nscm    =         0, nrespa  =         1
     t       =   0.00000, dt      =   0.00200, vlimit  =  -1.00000

Berendsen (weak-coupling) temperature regulation:
     temp0   =   0.00000, tempi   =   0.00000, tautp   =   0.50000

SHAKE:
     ntc     =       2, jfastw  =       0
     tol     =   0.00001

NMR refinement options:
     iscale  =       0, noeskp  =       1, ipnlty  =       1, mxsub   =       1
     scalm   = 100.00000, pencut  =   0.10000, tausw   =   0.10000

| Intermolecular bonds treatment:
|     no_intermolecular_bonds =       1

| Energy averages sample interval:
|     ene_avg_sampling =   10000

Ewald parameters:
     verbose =       0, ew_type =       0, nbflag  =       1, use_pme =       1
     vdwmeth =       1, eedmeth =       1, netfrc  =       1
     Box X =   35.767   Box Y =   64.224   Box Z =   33.670
     Alpha =   90.000   Beta  =   90.000   Gamma =   90.000
     NFFT1 =   36       NFFT2 =   64       NFFT3 =   36
     Cutoff=   10.000   Tol   =0.100E-04
     Ewald Coefficient =  0.27511
     Interpolation order =    4

    LOADING THE CONSTRAINED ATOMS AS GROUPS


   5.  REFERENCE ATOM COORDINATES

  default_name                                                                    
     Mask :1-14; matches   200 atoms

--------------------------------------------------------------------------------
   3.  ATOMIC COORDINATES AND VELOCITIES
--------------------------------------------------------------------------------

default_name                                                                    
 begin time read from input coords =     0.000 ps



           Begin reading energy term weight changes/NMR restraints
 WEIGHT CHANGES:
 REST          0      0    1.000000    1.000000      0      0
 TEMP0         0 250000    0.000000  300.000000      0      0

 RESTRAINTS:
                          ** No restraint defined **

                  Done reading weight changes/NMR restraints


 
 Number of triangulated 3-point waters found:     2423

     Sum of charges from parm topology file =  -0.00000002
     Forcing neutrality...

| Dynamic Memory, Types Used:
| Reals              361157
| Integers           250239

| Nonbonded Pairs Initial Allocation:     2259185

| GPU memory information (estimate):
| KB of GPU memory in use:     32130
| KB of CPU memory in use:     15120

--------------------------------------------------------------------------------
   4.  RESULTS
--------------------------------------------------------------------------------


 NSTEP =        0   TIME(PS) =       0.000  TEMP(K) =     0.00  PRESS =     0.0
 Etot   =    -33674.5037  EKtot   =         0.0000  EPtot      =    -33674.5037
 BOND   =         5.8306  ANGLE   =        17.1465  DIHED      =       113.2287
 1-4 NB =        40.3038  1-4 EEL =       760.3800  VDWAALS    =      5594.5956
 EELEC  =    -40205.9889  EHBOND  =         0.0000  RESTRAINT  =         0.0000
 ------------------------------------------------------------------------------

 NMR restraints: Bond =    0.000   Angle =     0.000   Torsion =     0.000
===============================================================================

 NSTEP =    10000   TIME(PS) =      20.000  TEMP(K) =    11.64  PRESS =     0.0
 Etot   =    -29480.0141  EKtot   =       173.9306  EPtot      =    -29653.9447
 BOND   =         5.4848  ANGLE   =        16.7368  DIHED      =       113.0109
 1-4 NB =        40.7236  1-4 EEL =       760.2206  VDWAALS    =      5219.8038
 EELEC  =    -35812.6183  EHBOND  =         0.0000  RESTRAINT  =         2.6932
 EAMBER (non-restraint)  =    -29656.6379
 ------------------------------------------------------------------------------

 NMR restraints: Bond =    0.000   Angle =     0.000   Torsion =     0.000
===============================================================================

 NSTEP =    20000   TIME(PS) =      40.000  TEMP(K) =    23.42  PRESS =     0.0
 Etot   =    -29213.1822  EKtot   =       349.9039  EPtot      =    -29563.0862
 BOND   =         5.8044  ANGLE   =        17.6001  DIHED      =       113.1460
 1-4 NB =        40.5298  1-4 EEL =       758.1045  VDWAALS    =      5222.6001
 EELEC  =    -35724.7840  EHBOND  =         0.0000  RESTRAINT  =         3.9128
 EAMBER (non-restraint)  =    -29566.9990
 ------------------------------------------------------------------------------

 NMR restraints: Bond =    0.000   Angle =     0.000   Torsion =     0.000
===============================================================================

 NSTEP =    30000   TIME(PS) =      60.000  TEMP(K) =    35.07  PRESS =     0.0
 Etot   =    -28879.9399  EKtot   =       523.8969  EPtot      =    -29403.8368
 BOND   =         6.1184  ANGLE   =        20.7060  DIHED      =       113.4839
 1-4 NB =        40.5550  1-4 EEL =       758.6033  VDWAALS    =      5209.8790
 EELEC  =    -35557.7667  EHBOND  =         0.0000  RESTRAINT  =         4.5843
 EAMBER (non-restraint)  =    -29408.4211
 ------------------------------------------------------------------------------

 NMR restraints: Bond =    0.000   Angle =     0.000   Torsion =     0.000
===============================================================================

 NSTEP =    40000   TIME(PS) =      80.000  TEMP(K) =    47.80  PRESS =     0.0
 Etot   =    -28549.9687  EKtot   =       714.1895  EPtot      =    -29264.1581
 BOND   =         7.0130  ANGLE   =        22.0213  DIHED      =       115.2146
 1-4 NB =        40.5299  1-4 EEL =       760.8254  VDWAALS    =      5266.4378
 EELEC  =    -35482.5123  EHBOND  =         0.0000  RESTRAINT  =         6.3122
 EAMBER (non-restraint)  =    -29270.4703
 ------------------------------------------------------------------------------

 NMR restraints: Bond =    0.000   Angle =     0.000   Torsion =     0.000
===============================================================================

 NSTEP =    50000   TIME(PS) =     100.000  TEMP(K) =    60.02  PRESS =     0.0
 Etot   =    -28255.5475  EKtot   =       896.6781  EPtot      =    -29152.2256
 BOND   =         9.0488  ANGLE   =        24.2669  DIHED      =       116.4165
 1-4 NB =        40.7961  1-4 EEL =       762.2495  VDWAALS    =      5342.4006
 EELEC  =    -35454.7468  EHBOND  =         0.0000  RESTRAINT  =         7.3427
 EAMBER (non-restraint)  =    -29159.5684
 ------------------------------------------------------------------------------

 NMR restraints: Bond =    0.000   Angle =     0.000   Torsion =     0.000
===============================================================================

 NSTEP =    60000   TIME(PS) =     120.000  TEMP(K) =    71.33  PRESS =     0.0
 Etot   =    -27937.2193  EKtot   =      1065.6412  EPtot      =    -29002.8606
 BOND   =        11.9977  ANGLE   =        26.3502  DIHED      =       115.9829
 1-4 NB =        41.9331  1-4 EEL =       760.3983  VDWAALS    =      5215.3506
 EELEC  =    -35184.7871  EHBOND  =         0.0000  RESTRAINT  =         9.9138
 EAMBER (non-restraint)  =    -29012.7744
 ------------------------------------------------------------------------------

 NMR restraints: Bond =    0.000   Angle =     0.000   Torsion =     0.000
===============================================================================

 NSTEP =    70000   TIME(PS) =     140.000  TEMP(K) =    83.60  PRESS =     0.0
 Etot   =    -27659.5580  EKtot   =      1248.9253  EPtot      =    -28908.4833
 BOND   =        14.0656  ANGLE   =        30.7872  DIHED      =       115.4832
 1-4 NB =        41.9166  1-4 EEL =       754.6767  VDWAALS    =      5327.2702
 EELEC  =    -35204.1579  EHBOND  =         0.0000  RESTRAINT  =        11.4750
 EAMBER (non-restraint)  =    -28919.9584
 ------------------------------------------------------------------------------

 NMR restraints: Bond =    0.000   Angle =     0.000   Torsion =     0.000
===============================================================================

 NSTEP =    80000   TIME(PS) =     160.000  TEMP(K) =    95.76  PRESS =     0.0
 Etot   =    -27391.5866  EKtot   =      1430.6454  EPtot      =    -28822.2320
 BOND   =        13.3143  ANGLE   =        33.8016  DIHED      =       116.3043
 1-4 NB =        44.0468  1-4 EEL =       759.9827  VDWAALS    =      5256.0430
 EELEC  =    -35060.3600  EHBOND  =         0.0000  RESTRAINT  =        14.6353
 EAMBER (non-restraint)  =    -28836.8673
 ------------------------------------------------------------------------------

 NMR restraints: Bond =    0.000   Angle =     0.000   Torsion =     0.000
===============================================================================

 NSTEP =    90000   TIME(PS) =     180.000  TEMP(K) =   107.73  PRESS =     0.0
 Etot   =    -27076.3775  EKtot   =      1609.5050  EPtot      =    -28685.8825
 BOND   =        12.8323  ANGLE   =        37.5297  DIHED      =       119.1652
 1-4 NB =        41.6609  1-4 EEL =       763.8437  VDWAALS    =      5168.6693
 EELEC  =    -34846.2583  EHBOND  =         0.0000  RESTRAINT  =        16.6749
 EAMBER (non-restraint)  =    -28702.5573
 ------------------------------------------------------------------------------

 NMR restraints: Bond =    0.000   Angle =     0.000   Torsion =     0.000
===============================================================================

 NSTEP =   100000   TIME(PS) =     200.000  TEMP(K) =   121.03  PRESS =     0.0
 Etot   =    -26756.8449  EKtot   =      1808.1285  EPtot      =    -28564.9735
 BOND   =        16.7082  ANGLE   =        35.1403  DIHED      =       115.0176
 1-4 NB =        42.9891  1-4 EEL =       765.3034  VDWAALS    =      5234.6616
 EELEC  =    -34789.7990  EHBOND  =         0.0000  RESTRAINT  =        15.0054
 EAMBER (non-restraint)  =    -28579.9788
 ------------------------------------------------------------------------------

 NMR restraints: Bond =    0.000   Angle =     0.000   Torsion =     0.000
===============================================================================

 NSTEP =   110000   TIME(PS) =     220.000  TEMP(K) =   132.33  PRESS =     0.0
 Etot   =    -26431.1612  EKtot   =      1976.9004  EPtot      =    -28408.0616
 BOND   =        18.0341  ANGLE   =        45.2292  DIHED      =       116.4971
 1-4 NB =        40.5076  1-4 EEL =       763.1705  VDWAALS    =      5175.6716
 EELEC  =    -34587.7212  EHBOND  =         0.0000  RESTRAINT  =        20.5495
 EAMBER (non-restraint)  =    -28428.6111
 ------------------------------------------------------------------------------

 NMR restraints: Bond =    0.000   Angle =     0.000   Torsion =     0.000
===============================================================================

 NSTEP =   120000   TIME(PS) =     240.000  TEMP(K) =   142.20  PRESS =     0.0
 Etot   =    -26057.9817  EKtot   =      2124.4177  EPtot      =    -28182.3994
 BOND   =        19.4092  ANGLE   =        42.1464  DIHED      =       118.1874
 1-4 NB =        44.2580  1-4 EEL =       758.8545  VDWAALS    =      5117.2621
 EELEC  =    -34303.2959  EHBOND  =         0.0000  RESTRAINT  =        20.7790
 EAMBER (non-restraint)  =    -28203.1784
 ------------------------------------------------------------------------------

 NMR restraints: Bond =    0.000   Angle =     0.000   Torsion =     0.000
===============================================================================

 NSTEP =   130000   TIME(PS) =     260.000  TEMP(K) =   156.98  PRESS =     0.0
 Etot   =    -25693.5016  EKtot   =      2345.2329  EPtot      =    -28038.7345
 BOND   =        21.7841  ANGLE   =        48.3833  DIHED      =       120.4426
 1-4 NB =        43.0919  1-4 EEL =       761.0746  VDWAALS    =      5152.6497
 EELEC  =    -34206.6901  EHBOND  =         0.0000  RESTRAINT  =        20.5294
 EAMBER (non-restraint)  =    -28059.2638
 ------------------------------------------------------------------------------

 NMR restraints: Bond =    0.000   Angle =     0.000   Torsion =     0.000
===============================================================================

 NSTEP =   140000   TIME(PS) =     280.000  TEMP(K) =   168.76  PRESS =     0.0
 Etot   =    -25301.4794  EKtot   =      2521.1863  EPtot      =    -27822.6657
 BOND   =        20.4573  ANGLE   =        53.5752  DIHED      =       122.0337
 1-4 NB =        43.4381  1-4 EEL =       760.2171  VDWAALS    =      4948.1437
 EELEC  =    -33790.4719  EHBOND  =         0.0000  RESTRAINT  =        19.9411
 EAMBER (non-restraint)  =    -27842.6068
 ------------------------------------------------------------------------------

 NMR restraints: Bond =    0.000   Angle =     0.000   Torsion =     0.000
===============================================================================

 NSTEP =   150000   TIME(PS) =     300.000  TEMP(K) =   178.94  PRESS =     0.0
 Etot   =    -24898.5495  EKtot   =      2673.2544  EPtot      =    -27571.8038
 BOND   =        24.9563  ANGLE   =        54.9964  DIHED      =       122.2734
 1-4 NB =        39.6737  1-4 EEL =       759.4349  VDWAALS    =      4988.4721
 EELEC  =    -33585.3230  EHBOND  =         0.0000  RESTRAINT  =        23.7124
 EAMBER (non-restraint)  =    -27595.5162
 ------------------------------------------------------------------------------

 NMR restraints: Bond =    0.000   Angle =     0.000   Torsion =     0.000
===============================================================================

 NSTEP =   160000   TIME(PS) =     320.000  TEMP(K) =   189.84  PRESS =     0.0
 Etot   =    -24435.1369  EKtot   =      2836.1946  EPtot      =    -27271.3315
 BOND   =        24.3610  ANGLE   =        57.7065  DIHED      =       126.2666
 1-4 NB =        41.7876  1-4 EEL =       756.9786  VDWAALS    =      4873.8101
 EELEC  =    -33176.5427  EHBOND  =         0.0000  RESTRAINT  =        24.3006
 EAMBER (non-restraint)  =    -27295.6322
 ------------------------------------------------------------------------------

 NMR restraints: Bond =    0.000   Angle =     0.000   Torsion =     0.000
===============================================================================

 NSTEP =   170000   TIME(PS) =     340.000  TEMP(K) =   202.18  PRESS =     0.0
 Etot   =    -23792.1077  EKtot   =      3020.4753  EPtot      =    -26812.5830
 BOND   =        22.9133  ANGLE   =        69.1734  DIHED      =       118.7224
 1-4 NB =        43.5509  1-4 EEL =       766.5034  VDWAALS    =      4635.0803
 EELEC  =    -32495.7362  EHBOND  =         0.0000  RESTRAINT  =        27.2094
 EAMBER (non-restraint)  =    -26839.7924
 ------------------------------------------------------------------------------

 NMR restraints: Bond =    0.000   Angle =     0.000   Torsion =     0.000
===============================================================================

 NSTEP =   180000   TIME(PS) =     360.000  TEMP(K) =   219.41  PRESS =     0.0
 Etot   =    -23046.0608  EKtot   =      3277.9307  EPtot      =    -26323.9914
 BOND   =        22.5562  ANGLE   =        60.6869  DIHED      =       122.8089
 1-4 NB =        44.2191  1-4 EEL =       759.7182  VDWAALS    =      4365.5017
 EELEC  =    -31730.4226  EHBOND  =         0.0000  RESTRAINT  =        30.9400
 EAMBER (non-restraint)  =    -26354.9314
 ------------------------------------------------------------------------------

 NMR restraints: Bond =    0.000   Angle =     0.000   Torsion =     0.000
===============================================================================

 NSTEP =   190000   TIME(PS) =     380.000  TEMP(K) =   227.50  PRESS =     0.0
 Etot   =    -22421.7088  EKtot   =      3398.8184  EPtot      =    -25820.5271
 BOND   =        37.7878  ANGLE   =        68.6243  DIHED      =       126.3007
 1-4 NB =        40.9269  1-4 EEL =       757.7751  VDWAALS    =      4132.3481
 EELEC  =    -31010.9682  EHBOND  =         0.0000  RESTRAINT  =        26.6781
 EAMBER (non-restraint)  =    -25847.2053
 ------------------------------------------------------------------------------

 NMR restraints: Bond =    0.000   Angle =     0.000   Torsion =     0.000
===============================================================================

 NSTEP =   200000   TIME(PS) =     400.000  TEMP(K) =   241.03  PRESS =     0.0
 Etot   =    -21781.9835  EKtot   =      3600.8975  EPtot      =    -25382.8809
 BOND   =        24.0404  ANGLE   =        70.4424  DIHED      =       127.3888
 1-4 NB =        44.9738  1-4 EEL =       762.4956  VDWAALS    =      3976.4817
 EELEC  =    -30421.9780  EHBOND  =         0.0000  RESTRAINT  =        33.2743
 EAMBER (non-restraint)  =    -25416.1552
 ------------------------------------------------------------------------------

 NMR restraints: Bond =    0.000   Angle =     0.000   Torsion =     0.000
===============================================================================

 NSTEP =   210000   TIME(PS) =     420.000  TEMP(K) =   252.58  PRESS =     0.0
 Etot   =    -21109.6311  EKtot   =      3773.5161  EPtot      =    -24883.1472
 BOND   =        30.7684  ANGLE   =        59.7698  DIHED      =       129.0458
 1-4 NB =        46.2358  1-4 EEL =       760.8510  VDWAALS    =      3874.0345
 EELEC  =    -29817.2837  EHBOND  =         0.0000  RESTRAINT  =        33.4314
 EAMBER (non-restraint)  =    -24916.5785
 ------------------------------------------------------------------------------

 NMR restraints: Bond =    0.000   Angle =     0.000   Torsion =     0.000
===============================================================================

 NSTEP =   220000   TIME(PS) =     440.000  TEMP(K) =   262.48  PRESS =     0.0
 Etot   =    -20521.5541  EKtot   =      3921.3450  EPtot      =    -24442.8990
 BOND   =        29.9785  ANGLE   =        79.1722  DIHED      =       123.2135
 1-4 NB =        45.7137  1-4 EEL =       761.2307  VDWAALS    =      3599.1690
 EELEC  =    -29115.1553  EHBOND  =         0.0000  RESTRAINT  =        33.7788
 EAMBER (non-restraint)  =    -24476.6778
 ------------------------------------------------------------------------------

 NMR restraints: Bond =    0.000   Angle =     0.000   Torsion =     0.000
===============================================================================

 NSTEP =   230000   TIME(PS) =     460.000  TEMP(K) =   276.44  PRESS =     0.0
 Etot   =    -19906.4739  EKtot   =      4129.9775  EPtot      =    -24036.4514
 BOND   =        27.0696  ANGLE   =        79.9844  DIHED      =       121.8338
 1-4 NB =        44.7467  1-4 EEL =       763.1685  VDWAALS    =      3425.7432
 EELEC  =    -28537.3893  EHBOND  =         0.0000  RESTRAINT  =        38.3916
 EAMBER (non-restraint)  =    -24074.8430
 ------------------------------------------------------------------------------

 NMR restraints: Bond =    0.000   Angle =     0.000   Torsion =     0.000
===============================================================================

 NSTEP =   240000   TIME(PS) =     480.000  TEMP(K) =   288.03  PRESS =     0.0
 Etot   =    -19403.6920  EKtot   =      4303.1284  EPtot      =    -23706.8204
 BOND   =        30.9647  ANGLE   =        68.0172  DIHED      =       129.3977
 1-4 NB =        46.9063  1-4 EEL =       766.5262  VDWAALS    =      3475.0000
 EELEC  =    -28263.3531  EHBOND  =         0.0000  RESTRAINT  =        39.7206
 EAMBER (non-restraint)  =    -23746.5410
 ------------------------------------------------------------------------------

 NMR restraints: Bond =    0.000   Angle =     0.000   Torsion =     0.000
===============================================================================

 NSTEP =   250000   TIME(PS) =     500.000  TEMP(K) =   297.48  PRESS =     0.0
 Etot   =    -18865.6299  EKtot   =      4444.2910  EPtot      =    -23309.9209
 BOND   =        32.8519  ANGLE   =        78.5138  DIHED      =       124.1734
 1-4 NB =        41.0088  1-4 EEL =       760.7952  VDWAALS    =      3263.9775
 EELEC  =    -27651.6582  EHBOND  =         0.0000  RESTRAINT  =        40.4166
 EAMBER (non-restraint)  =    -23350.3375
 ------------------------------------------------------------------------------

 NMR restraints: Bond =    0.000   Angle =     0.000   Torsion =     0.000
===============================================================================

      A V E R A G E S   O V E R      25 S T E P S


 NSTEP =   250000   TIME(PS) =     500.000  TEMP(K) =   155.74  PRESS =     0.0
 Etot   =    -24994.6756  EKtot   =      2326.7604  EPtot      =    -27321.4360
 BOND   =        19.6128  ANGLE   =        48.0545  DIHED      =       120.0724
 1-4 NB =        42.6688  1-4 EEL =       760.9201  VDWAALS    =      4698.6584
 EELEC  =    -33032.4712  EHBOND  =         0.0000  RESTRAINT  =        21.0481
 EAMBER (non-restraint)  =    -27342.4841
 ------------------------------------------------------------------------------

 NMR restraints: Bond =    0.000   Angle =     0.000   Torsion =     0.000
===============================================================================

      R M S  F L U C T U A T I O N S


 NSTEP =   250000   TIME(PS) =     500.000  TEMP(K) =    86.55  PRESS =     0.0
 Etot   =      3233.1225  EKtot   =      1292.9688  EPtot      =      1971.1103
 BOND   =         9.0460  ANGLE   =        20.3429  DIHED      =         4.9760
 1-4 NB =         2.0130  1-4 EEL =         2.7759  VDWAALS    =       687.9872
 EELEC  =      2606.5177  EHBOND  =         0.0000  RESTRAINT  =        11.4812
 EAMBER (non-restraint)  =      1959.6292
 ------------------------------------------------------------------------------


 NMR restraints on final step:

--------------------------------------------------------------------------------
   5.  TIMINGS
--------------------------------------------------------------------------------

|  NonSetup CPU Time in Major Routines:
|
|     Routine           Sec        %
|     ------------------------------
|     Nonbond          18.75   25.22
|     Bond              0.00    0.00
|     Angle             0.00    0.00
|     Dihedral          0.00    0.00
|     Shake             1.16    1.56
|     RunMD            53.83   72.40
|     Other             0.61    0.82
|     ------------------------------
|     Total            74.36

|  PME Nonbond Pairlist CPU Time:
|
|     Routine              Sec        %
|     ---------------------------------
|     Set Up Cit           0.00    0.00
|     Build List           0.00    0.00
|     ---------------------------------
|     Total                0.00    0.00

|  PME Direct Force CPU Time:
|
|     Routine              Sec        %
|     ---------------------------------
|     NonBonded Calc       0.00    0.00
|     Exclude Masked       0.00    0.00
|     Other                0.41    0.55
|     ---------------------------------
|     Total                0.41    0.55

|  PME Reciprocal Force CPU Time:
|
|     Routine              Sec        %
|     ---------------------------------
|     1D bspline           0.00    0.00
|     Grid Charges         0.00    0.00
|     Scalar Sum           0.00    0.00
|     Gradient Sum         0.00    0.00
|     FFT                  0.00    0.00
|     ---------------------------------
|     Total                0.00    0.00

|  Final Performance Info:
|     -----------------------------------------------------
|     Average timings for last   50000 steps:
|     Elapsed(s) =      16.84 Per Step(ms) =       0.34
|         ns/day =     513.03   seconds/ns =     168.41
|
|     Average timings for all steps:
|     Elapsed(s) =      77.12 Per Step(ms) =       0.31
|         ns/day =     560.20   seconds/ns =     154.23
|     -----------------------------------------------------

|  Setup CPU time:            0.30 seconds
|  NonSetup CPU time:        74.36 seconds
|  Total CPU time:           74.66 seconds     0.02 hours

|  Setup wall time:           0    seconds
|  NonSetup wall time:       78    seconds
|  Total wall time:          78    seconds     0.02 hours
