
          -------------------------------------------------------
          Amber 22 SANDER                              2022
          -------------------------------------------------------

| Run on 08/10/2023 at 14:16:55

|   Executable path: sander
| Working directory: /Users/kieran/foo/amd_tutorial/2_
|          Hostname: Unknown
  [-O]verwriting output

File Assignments:
|  MDIN: min_sys.in                                                            
| MDOUT: sys_min.out                                                           
|INPCRD: ../2_/md_wat.rst                                                      
|  PARM: ../bpti-ff99SBi.prmtop                                                
|RESTRT: sys_min.rst                                                           
|  REFC: ../2_/md_wat.rst                                                      
| MDVEL: mdvel                                                                 
| MDFRC: mdfrc                                                                 
|  MDEN: mden                                                                  
| MDCRD: mdcrd                                                                 
|MDINFO: mdinfo                                                                
|  MTMD: mtmd                                                                  
|INPDIP: inpdip                                                                
|RSTDIP: rstdip                                                                
|INPTRA: inptraj                                                               


 Here is the input file:

 System minimization:                                                          
&cntrl                                                                         
   imin=1, ntmin=1, nmropt=0, drms=0.1                                         
   maxcyc=2000, ncyc=1500,                                                     
   ntx=1, irest=0,                                                             
   ntpr=100, ntwr=100, iwrap=0,                                                
   ntf=1, ntb=1, cut=10.0, nsnb=20,                                            
   igb=0,                                                                      
   ibelly=0, ntr=0,                                                            
&end                                                                           

--------------------------------------------------------------------------------
   1.  RESOURCE   USE: 
--------------------------------------------------------------------------------

| Flags:                                                                        
 getting new box info from bottom of inpcrd
|  INFO: Old style inpcrd file read

| peek_ewald_inpcrd: Box info found
|Largest sphere to fit in unit cell has radius =    23.430
| New format PARM file being parsed.
| Version =    1.000 Date = 05/18/12 Time = 13:47:45
 NATOM  =   17022 NTYPES =      16 NBONH =   12531 MBONA  =    4499
 NTHETH =     996 MTHETA =     630 NPHIH =    1915 MPHIA  =    1560
 NHPARM =       0 NPARM  =       0 NNB   =   33139 NRES   =    4095
 NBONA  =    4499 NTHETA =     630 NPHIA =    1560 NUMBND =      29
 NUMANG =      57 NPTRA  =      36 NATYP =      21 NPHB   =       1
 IFBOX  =       1 NMXRS  =      26 IFCAP =       0 NEXTRA =    4031
 NCOPY  =       0


|     Memory Use     Allocated
|     Real             2138117
|     Hollerith          55163
|     Integer           646860
|     Max Pairs       11765606
|     nblistReal        204264
|     nblist Int        601279
|       Total            69350 kbytes

| Note: 1-4 EEL scale factors were NOT found in the topology file.
|       Using default value of 1.2.

| Note: 1-4 VDW scale factors were NOT found in the topology file.
|       Using default value of 2.0.
| Duplicated    0 dihedrals
| Duplicated    0 dihedrals

     BOX TYPE: RECTILINEAR

--------------------------------------------------------------------------------
   2.  CONTROL  DATA  FOR  THE  RUN
--------------------------------------------------------------------------------

                                                                                

General flags:
     imin    =       1, nmropt  =       0

Nature and format of input:
     ntx     =       1, irest   =       0, ntrx    =       1

Nature and format of output:
     ntxo    =       2, ntpr    =     100, ntrx    =       1, ntwr    =     100
     iwrap   =       0, ntwx    =       0, ntwv    =       0, ntwe    =       0
     ioutfm  =       1, ntwprt  =       0, idecomp =       0, rbornstat=      0

Potential function:
     ntf     =       1, ntb     =       1, igb     =       0, nsnb    =      20
     ipol    =       0, gbsa    =       0, iesp    =       0
     dielc   =   1.00000, cut     =  10.00000, intdiel =   1.00000

Frozen or restrained atoms:
     ibelly  =       0, ntr     =       0

Energy minimization:
     maxcyc  =    2000, ncyc    =    1500, ntmin   =       1
     dx0     =   0.01000, drms    =   0.10000

Extra-points options:
     frameon =       1, chngmask=       1

Ewald parameters:
     verbose =       0, ew_type =       0, nbflag  =       1, use_pme =       1
     vdwmeth =       1, eedmeth =       1, netfrc  =       0
     Box X =   46.861   Box Y =   49.394   Box Z =   56.211
     Alpha =   90.000   Beta  =   90.000   Gamma =   90.000
     NFFT1 =   48       NFFT2 =   50       NFFT3 =   60
     Cutoff=   10.000   Tol   =0.100E-04
     Ewald Coefficient =  0.27511
     Interpolation order =    4
|      EXTRA_PTS, trim_bonds: num bonds BEFORE trim = 12531     0
|      EXTRA_PTS, trim_bonds: num bonds AFTER  trim = 12531     0
|      EXTRA_PTS, trim_bonds: num bonds BEFORE trim =  4499     0
|      EXTRA_PTS, trim_bonds: num bonds AFTER  trim =   468     0
|      EXTRA_PTS, trim_theta: num angle BEFORE trim =   996     0
|      EXTRA_PTS, trim_theta: num angle AFTER  trim =   996     0
|      EXTRA_PTS, trim_theta: num angle BEFORE trim =   630     0
|      EXTRA_PTS, trim_theta: num angle AFTER  trim =   630     0
|      EXTRA_PTS, trim_phi:  num diheds BEFORE trim =  1915     0
|      EXTRA_PTS, trim_phi:  num diheds AFTER  trim =  1915     0
|      EXTRA_PTS, trim_phi:  num diheds BEFORE trim =  1560     0
|      EXTRA_PTS, trim_phi:  num diheds AFTER  trim =  1560     0

--------------------------------------------------------------------------------
   3.  ATOMIC COORDINATES AND VELOCITIES
--------------------------------------------------------------------------------

                                                                                
 begin time read from input coords =    20.000 ps

 Number of triangulated 3-point waters found:     4031

     Sum of charges from parm topology file =   0.00000440
     Forcing neutrality...

--------------------------------------------------------------------------------
   4.  RESULTS
--------------------------------------------------------------------------------

 ---------------------------------------------------
 APPROXIMATING switch and d/dx switch using CUBIC SPLINE INTERPOLATION
 using   5000.0 points per unit in tabled values
 TESTING RELATIVE ERROR over r ranging from 0.0 to cutoff
| CHECK switch(x): max rel err =   0.3338E-14   at   2.509280
| CHECK d/dx switch(x): max rel err =   0.8155E-11   at   2.730040
 ---------------------------------------------------
| Local SIZE OF NONBOND LIST =    8029733
| TOTAL SIZE OF NONBOND LIST =    8029733


   NSTEP       ENERGY          RMS            GMAX         NAME    NUMBER
      1      -4.7050E+04     1.6041E+01     9.3777E+01     N         858

 BOND    =      139.6651  ANGLE   =      343.9146  DIHED      =      581.5116
 VDWAALS =     7579.4008  EEL     =   -57751.5426  HBOND      =        0.0000
 1-4 VDW =      220.7339  1-4 EEL =     1836.4948  RESTRAINT  =        0.0000


   NSTEP       ENERGY          RMS            GMAX         NAME    NUMBER
    100      -5.8739E+04     1.2446E+00     1.3051E+01     CD2       346

 BOND    =     5314.1474  ANGLE   =       85.9042  DIHED      =      520.5792
 VDWAALS =     7516.3376  EEL     =   -74164.3379  HBOND      =        0.0000
 1-4 VDW =      190.8424  1-4 EEL =     1797.9639  RESTRAINT  =        0.0000


   NSTEP       ENERGY          RMS            GMAX         NAME    NUMBER
    200      -6.0027E+04     1.4751E+00     7.8521E+01     CE1       339

 BOND    =     5908.5633  ANGLE   =       87.4442  DIHED      =      515.4837
 VDWAALS =     8482.4609  EEL     =   -76997.4619  HBOND      =        0.0000
 1-4 VDW =      185.1465  1-4 EEL =     1790.9193  RESTRAINT  =        0.0000


   NSTEP       ENERGY          RMS            GMAX         NAME    NUMBER
    300      -6.0707E+04     1.2681E+00     6.5707E+01     CD2       346

 BOND    =     6097.8880  ANGLE   =       87.3777  DIHED      =      512.6283
 VDWAALS =     9172.2551  EEL     =   -78545.8276  HBOND      =        0.0000
 1-4 VDW =      182.2466  1-4 EEL =     1786.7412  RESTRAINT  =        0.0000


   NSTEP       ENERGY          RMS            GMAX         NAME    NUMBER
    400      -6.1150E+04     3.4470E-01     9.5708E+00     CZ        715

 BOND    =     6243.7618  ANGLE   =       87.0671  DIHED      =      510.5555
 VDWAALS =     9652.1645  EEL     =   -79607.9398  HBOND      =        0.0000
 1-4 VDW =      180.6441  1-4 EEL =     1783.7135  RESTRAINT  =        0.0000


   NSTEP       ENERGY          RMS            GMAX         NAME    NUMBER
    500      -6.1459E+04     2.7697E-01     5.8531E+00     CZ        715

 BOND    =     6358.7283  ANGLE   =       87.4713  DIHED      =      509.1021
 VDWAALS =    10006.5105  EEL     =   -80381.6836  HBOND      =        0.0000
 1-4 VDW =      179.6082  1-4 EEL =     1781.3923  RESTRAINT  =        0.0000


   NSTEP       ENERGY          RMS            GMAX         NAME    NUMBER
    600      -6.1695E+04     8.3326E-01     6.1945E+01     CG         48

 BOND    =     6455.0959  ANGLE   =       88.3253  DIHED      =      508.0542
 VDWAALS =    10293.9667  EEL     =   -80998.9650  HBOND      =        0.0000
 1-4 VDW =      178.8721  1-4 EEL =     1779.2725  RESTRAINT  =        0.0000


   NSTEP       ENERGY          RMS            GMAX         NAME    NUMBER
    700      -6.1885E+04     6.7522E-01     4.5250E+01     CG         48

 BOND    =     6526.6583  ANGLE   =       88.3578  DIHED      =      507.3839
 VDWAALS =    10527.2424  EEL     =   -81491.0602  HBOND      =        0.0000
 1-4 VDW =      178.2369  1-4 EEL =     1777.8556  RESTRAINT  =        0.0000


   NSTEP       ENERGY          RMS            GMAX         NAME    NUMBER
    800      -6.2040E+04     5.8562E-01     3.2967E+01     CZ        715

 BOND    =     6586.2428  ANGLE   =       88.7850  DIHED      =      506.8790
 VDWAALS =    10725.1809  EEL     =   -81901.0434  HBOND      =        0.0000
 1-4 VDW =      177.7788  1-4 EEL =     1776.1869  RESTRAINT  =        0.0000


   NSTEP       ENERGY          RMS            GMAX         NAME    NUMBER
    900      -6.2168E+04     5.0063E-01     2.8857E+01     CZ        715

 BOND    =     6636.3769  ANGLE   =       88.8572  DIHED      =      506.5955
 VDWAALS =    10893.9767  EEL     =   -82246.0715  HBOND      =        0.0000
 1-4 VDW =      177.3337  1-4 EEL =     1774.9072  RESTRAINT  =        0.0000


   NSTEP       ENERGY          RMS            GMAX         NAME    NUMBER
   1000      -6.2279E+04     4.3084E-01     2.4903E+01     CZ        715

 BOND    =     6680.9399  ANGLE   =       89.1700  DIHED      =      506.3909
 VDWAALS =    11043.7058  EEL     =   -82549.9711  HBOND      =        0.0000
 1-4 VDW =      177.0027  1-4 EEL =     1773.7517  RESTRAINT  =        0.0000


   NSTEP       ENERGY          RMS            GMAX         NAME    NUMBER
   1100      -6.2372E+04     2.4474E-01     1.5381E+01     CG         48

 BOND    =     6718.4841  ANGLE   =       89.2146  DIHED      =      506.2508
 VDWAALS =    11173.0329  EEL     =   -82808.3919  HBOND      =        0.0000
 1-4 VDW =      176.6990  1-4 EEL =     1772.7488  RESTRAINT  =        0.0000


   NSTEP       ENERGY          RMS            GMAX         NAME    NUMBER
   1200      -6.2452E+04     2.5318E-01     1.3631E+01     CZ        715

 BOND    =     6752.5424  ANGLE   =       89.4325  DIHED      =      506.1398
 VDWAALS =    11288.0115  EEL     =   -83036.3553  HBOND      =        0.0000
 1-4 VDW =      176.4750  1-4 EEL =     1771.8612  RESTRAINT  =        0.0000


   NSTEP       ENERGY          RMS            GMAX         NAME    NUMBER
   1300      -6.2525E+04     2.5809E-01     1.4961E+01     CZ        715

 BOND    =     6783.7121  ANGLE   =       89.5116  DIHED      =      506.0544
 VDWAALS =    11393.1472  EEL     =   -83244.9115  HBOND      =        0.0000
 1-4 VDW =      176.2622  1-4 EEL =     1771.0908  RESTRAINT  =        0.0000


   NSTEP       ENERGY          RMS            GMAX         NAME    NUMBER
   1400      -6.2590E+04     1.3542E-01     3.7294E+00     CZ        715

 BOND    =     6810.5267  ANGLE   =       89.6304  DIHED      =      505.9821
 VDWAALS =    11484.2890  EEL     =   -83426.9786  HBOND      =        0.0000
 1-4 VDW =      176.1147  1-4 EEL =     1770.4614  RESTRAINT  =        0.0000


   NSTEP       ENERGY          RMS            GMAX         NAME    NUMBER
   1500      -6.2648E+04     1.5838E-01     7.1091E+00     CZ        715

 BOND    =     6835.3668  ANGLE   =       89.7068  DIHED      =      505.9157
 VDWAALS =    11567.2469  EEL     =   -83591.8971  HBOND      =        0.0000
 1-4 VDW =      175.9791  1-4 EEL =     1769.8960  RESTRAINT  =        0.0000


   NSTEP       ENERGY          RMS            GMAX         NAME    NUMBER
   1600      -6.2913E+04     3.6936E-01     1.7448E+01     O       16687

 BOND    =     6945.5731  ANGLE   =       92.0228  DIHED      =      506.2660
 VDWAALS =    11994.2941  EEL     =   -84393.9246  HBOND      =        0.0000
 1-4 VDW =      176.1446  1-4 EEL =     1766.2549  RESTRAINT  =        0.0000


   NSTEP       ENERGY          RMS            GMAX         NAME    NUMBER
   1700      -6.2994E+04     2.6560E-01     1.0945E+01     CD2       719

 BOND    =     6999.3780  ANGLE   =       91.7515  DIHED      =      505.5684
 VDWAALS =    12104.8644  EEL     =   -84636.5958  HBOND      =        0.0000
 1-4 VDW =      175.7938  1-4 EEL =     1765.4013  RESTRAINT  =        0.0000


   NSTEP       ENERGY          RMS            GMAX         NAME    NUMBER
   1800      -6.3079E+04     4.8419E-01     1.9570E+01     O       16687

 BOND    =     7034.9335  ANGLE   =       95.2308  DIHED      =      506.0798
 VDWAALS =    12217.2482  EEL     =   -84872.3142  HBOND      =        0.0000
 1-4 VDW =      176.3271  1-4 EEL =     1763.3998  RESTRAINT  =        0.0000


   NSTEP       ENERGY          RMS            GMAX         NAME    NUMBER
   1900      -6.3193E+04     7.0201E-01     3.2383E+01     O       16687

 BOND    =     7101.7017  ANGLE   =       97.0526  DIHED      =      505.6964
 VDWAALS =    12393.9527  EEL     =   -85228.4423  HBOND      =        0.0000
 1-4 VDW =      176.4809  1-4 EEL =     1761.0566  RESTRAINT  =        0.0000


   NSTEP       ENERGY          RMS            GMAX         NAME    NUMBER
   2000      -6.3289E+04     2.5717E-01     1.0166E+01     O       16687

 BOND    =     7121.9447  ANGLE   =       92.1604  DIHED      =      504.7924
 VDWAALS =    12498.4277  EEL     =   -85443.9498  HBOND      =        0.0000
 1-4 VDW =      175.1509  1-4 EEL =     1762.5220  RESTRAINT  =        0.0000


  Maximum number of minimization cycles reached.


                    FINAL RESULTS



   NSTEP       ENERGY          RMS            GMAX         NAME    NUMBER
   2000      -6.3289E+04     2.5717E-01     1.0166E+01     O       16687

 BOND    =     7121.9447  ANGLE   =       92.1604  DIHED      =      504.7924
 VDWAALS =    12498.4277  EEL     =   -85443.9498  HBOND      =        0.0000
 1-4 VDW =      175.1509  1-4 EEL =     1762.5220  RESTRAINT  =        0.0000

--------------------------------------------------------------------------------
   5.  TIMINGS
--------------------------------------------------------------------------------

|                Build the list             0.99 (97.38% of List )
|                Other                      0.03 ( 2.62% of List )
|             List time                  1.02 ( 0.60% of Nonbo)
|                   Short_ene time           156.61 (99.86% of Direc)
|                   Other                      0.21 ( 0.14% of Direc)
|                Direct Ewald time        156.83 (93.27% of Ewald)
|                Adjust Ewald time          0.53 ( 0.31% of Ewald)
|                   Fill Bspline coeffs        0.52 ( 5.04% of Recip)
|                   Fill charge grid           2.28 (21.93% of Recip)
|                   Scalar sum                 1.03 ( 9.91% of Recip)
|                   Grad sum                   3.29 (31.63% of Recip)
|                   FFT time                   3.27 (31.49% of Recip)
|                Recip Ewald time          10.39 ( 6.18% of Ewald)
|                Virial junk                0.04 ( 0.02% of Ewald)
|                Other                      0.36 ( 0.21% of Ewald)
|             Ewald time               168.15 (99.40% of Nonbo)
|          Nonbond force            169.17 (99.65% of Force)
|          Bond/Angle/Dihedral        0.59 ( 0.35% of Force)
|       Force time               169.77 (100.0% of Runmd)
|    Runmd Time               169.77 (100.0% of Total)
|    Other                      0.15 ( 0.09% of Total)
| Total time               169.93 (100.0% of ALL  )

| Number of list builds   :          8

| Highest rstack allocated:     780748
| Highest istack allocated:      17022
|           Job began  at 14:16:55.977  on 08/10/2023
|           Setup done at 14:16:56.034  on 08/10/2023
|           Run   done at 14:19:45.904  on 08/10/2023
|     wallclock() was called   76064 times

|3D-RISM memory allocation summary
|Type          Maximum        Current   
|Integer       0.00000 GB     0.00000 GB
|Real          0.00000 GB     0.00000 GB
|Logical       0.00000 GB     0.00000 GB
|Character     0.00000 GB     0.00000 GB
|---------------------------------------
|Total         0.00000 GB     0.00000 GB
