
          -------------------------------------------------------
          Amber 22 PMEMD                              2022
          -------------------------------------------------------

| PMEMD implementation of SANDER, Release 22

|  Compiled date/time: Thu Apr 14 13:06:37 2022
| Run on 10/18/2023 at 16:49:25

|   Executable path: pmemd
| Working directory: /panfs/accrepfs.vampire/home/nehilpkd/projects/biomatsims/dimerization/manual/3_sys_min
|          Hostname: gw342.vampire

  [-O]verwriting output

File Assignments:
|   MDIN: min_sys.in                                                            
|  MDOUT: sys_min.out                                                           
| INPCRD: ../3_sys_min/md_wat.rst                                               
|   PARM: ../sa.prmtop                                                          
| RESTRT: sys_min.rst                                                           
|   REFC: ../3_sys_min/md_wat.rst                                               
|  MDVEL: mdvel                                                                 
|   MDEN: mden                                                                  
|  MDCRD: mdcrd                                                                 
| MDINFO: mdinfo                                                                
|  MDFRC: mdfrc                                                                 


 Here is the input file:

 System minimization:                                                          
&cntrl                                                                         
   imin=1, ntmin=1, nmropt=0, drms=0.1                                         
   maxcyc=2000, ncyc=1500,                                                     
   ntx=1, irest=0,                                                             
   ntpr=100, ntwr=100, iwrap=0,                                                
   ntf=1, ntb=1, cut=10.0, nsnb=20,                                            
   igb=0,                                                                      
   ibelly=0, ntr=0,                                                            
&end                                                                           


Note: ig = -1. Setting random seed to   353446 based on wallclock time in 
      microseconds.
| irandom = 1, using AMBER's internal random number generator (default).
| INFO:    The nsnb ctrl option does not affect nonbonded list update frequency.
|          It does affect steepest descent minimization freq if ntmin == 0
 
 
| Conditional Compilation Defines Used:
| PUBFFT
| BINTRAJ
| EMIL

| Largest sphere to fit in unit cell has radius =    27.215

| New format PARM file being parsed.
| Version =    1.000 Date = 10/18/23 Time = 00:58:06

| Note: 1-4 EEL scale factors are being read from the topology file.

| Note: 1-4 VDW scale factors are being read from the topology file.
| Duplicated    0 dihedrals

| Duplicated    0 dihedrals

--------------------------------------------------------------------------------
   1.  RESOURCE   USE: 
--------------------------------------------------------------------------------

 getting new box info from bottom of inpcrd
 NATOM  =   20649 NTYPES =      12 NBONH =   20233 MBONA  =     418
 NTHETH =     872 MTHETA =     550 NPHIH =    1894 MPHIA  =    1606
 NHPARM =       0 NPARM  =       0 NNB   =   30724 NRES   =    6685
 NBONA  =     418 NTHETA =     550 NPHIA =    1606 NUMBND =      40
 NUMANG =      90 NPTRA  =     113 NATYP =      21 NPHB   =       0
 IFBOX  =       1 NMXRS  =      24 IFCAP =       0 NEXTRA =       0
 NCOPY  =       0

| Coordinate Index Table dimensions:    12   10    9
| Direct force subcell size =     5.5249    5.8136    6.0478

     BOX TYPE: RECTILINEAR

--------------------------------------------------------------------------------
   2.  CONTROL  DATA  FOR  THE  RUN
--------------------------------------------------------------------------------

default_name                                                                    

General flags:
     imin    =       1, nmropt  =       0

Nature and format of input:
     ntx     =       1, irest   =       0, ntrx    =       1

Nature and format of output:
     ntxo    =       2, ntpr    =     100, ntrx    =       1, ntwr    =     100
     iwrap   =       0, ntwx    =       0, ntwv    =       0, ntwe    =       0
     ioutfm  =       1, ntwprt  =       0, idecomp =       0, rbornstat=      0

Potential function:
     ntf     =       1, ntb     =       1, igb     =       0, nsnb    =      20
     ipol    =       0, gbsa    =       0, iesp    =       0
     dielc   =   1.00000, cut     =  10.00000, intdiel =   1.00000

Frozen or restrained atoms:
     ibelly  =       0, ntr     =       0

Energy minimization:
     maxcyc  =    2000, ncyc    =    1500, ntmin   =       1
     dx0     =   0.01000, drms    =   0.10000

| Intermolecular bonds treatment:
|     no_intermolecular_bonds =       1

| Energy averages sample interval:
|     ene_avg_sampling =       1

Ewald parameters:
     verbose =       0, ew_type =       0, nbflag  =       1, use_pme =       1
     vdwmeth =       1, eedmeth =       1, netfrc  =       0
     Box X =   66.298   Box Y =   58.136   Box Z =   54.430
     Alpha =   90.000   Beta  =   90.000   Gamma =   90.000
     NFFT1 =   72       NFFT2 =   60       NFFT3 =   60
     Cutoff=   10.000   Tol   =0.100E-04
     Ewald Coefficient =  0.27511
     Interpolation order =    4

--------------------------------------------------------------------------------
   3.  ATOMIC COORDINATES AND VELOCITIES
--------------------------------------------------------------------------------

default_name                                                                    
 begin time read from input coords =    20.000 ps

 
 Number of triangulated 3-point waters found:     6615

     Sum of charges from parm topology file =   1.99999991
     Assuming uniform neutralizing plasma

| Dynamic Memory, Types Used:
| Reals              599228
| Integers           643443

| Nonbonded Pairs Initial Allocation:     6245806

--------------------------------------------------------------------------------
   4.  RESULTS
--------------------------------------------------------------------------------

 ---------------------------------------------------
 APPROXIMATING switch and d/dx switch using CUBIC SPLINE INTERPOLATION
 using   5000.0 points per unit in tabled values
 TESTING RELATIVE ERROR over r ranging from 0.0 to cutoff
| CHECK switch(x): max rel err =   0.2738E-14   at   2.422500
| CHECK d/dx switch(x): max rel err =   0.8314E-11   at   2.736960
 ---------------------------------------------------
|---------------------------------------------------
| APPROXIMATING direct energy using CUBIC SPLINE INTERPOLATION
|  with   50.0 points per unit in tabled values
| Relative Error Limit not exceeded for r .gt.   2.33
| APPROXIMATING direct force using CUBIC SPLINE INTERPOLATION
|  with   50.0 points per unit in tabled values
| Relative Error Limit not exceeded for r .gt.   2.80
|---------------------------------------------------


   NSTEP       ENERGY          RMS            GMAX         NAME    NUMBER
      1      -6.4061E+04     1.4087E+01     8.6986E+01     C         151

 BOND    =      144.9532  ANGLE   =      379.1149  DIHED      =      797.7541
 VDWAALS =     8882.1076  EEL     =   -77513.9187  HBOND      =        0.0000
 1-4 VDW =      173.9121  1-4 EEL =     3075.2762  RESTRAINT  =        0.0000


   NSTEP       ENERGY          RMS            GMAX         NAME    NUMBER
    100      -7.8160E+04     8.5534E-01     4.7198E+00     H2      12039

 BOND    =     4981.5385  ANGLE   =       97.4396  DIHED      =      723.6184
 VDWAALS =     8171.2331  EEL     =   -95373.0685  HBOND      =        0.0000
 1-4 VDW =      158.2547  1-4 EEL =     3081.1281  RESTRAINT  =        0.0000


   NSTEP       ENERGY          RMS            GMAX         NAME    NUMBER
    200      -8.0229E+04     1.4252E+00     3.1991E+01     CD        673

 BOND    =     5542.7891  ANGLE   =       94.6266  DIHED      =      701.0956
 VDWAALS =     9146.9933  EEL     =   -98946.9911  HBOND      =        0.0000
 1-4 VDW =      155.0803  1-4 EEL =     3077.6631  RESTRAINT  =        0.0000


   NSTEP       ENERGY          RMS            GMAX         NAME    NUMBER
    300      -8.1329E+04     1.1775E+00     6.0021E+01     CG        299

 BOND    =     5467.5607  ANGLE   =       92.8057  DIHED      =      684.6368
 VDWAALS =     9952.3971  EEL     =  -100754.5882  HBOND      =        0.0000
 1-4 VDW =      153.0358  1-4 EEL =     3075.1739  RESTRAINT  =        0.0000


   NSTEP       ENERGY          RMS            GMAX         NAME    NUMBER
    400      -8.2071E+04     1.1100E+00     9.4067E+01     C         802

 BOND    =     5653.4885  ANGLE   =       91.7610  DIHED      =      671.9657
 VDWAALS =    10590.5000  EEL     =  -102304.3076  HBOND      =        0.0000
 1-4 VDW =      151.6444  1-4 EEL =     3073.6671  RESTRAINT  =        0.0000


   NSTEP       ENERGY          RMS            GMAX         NAME    NUMBER
    500      -8.2612E+04     9.4357E-01     8.1524E+01     C         802

 BOND    =     5759.1191  ANGLE   =       90.7159  DIHED      =      663.2354
 VDWAALS =    11088.1206  EEL     =  -103436.1707  HBOND      =        0.0000
 1-4 VDW =      150.5742  1-4 EEL =     3072.8820  RESTRAINT  =        0.0000


   NSTEP       ENERGY          RMS            GMAX         NAME    NUMBER
    600      -8.3032E+04     7.5351E-01     5.5665E+01     C         802

 BOND    =     5844.0534  ANGLE   =       89.6868  DIHED      =      656.9443
 VDWAALS =    11491.5039  EEL     =  -104335.7348  HBOND      =        0.0000
 1-4 VDW =      149.8270  1-4 EEL =     3072.2023  RESTRAINT  =        0.0000


   NSTEP       ENERGY          RMS            GMAX         NAME    NUMBER
    700      -8.3376E+04     6.2619E-01     4.2459E+01     CE2       549

 BOND    =     5915.7375  ANGLE   =       89.1112  DIHED      =      651.9242
 VDWAALS =    11832.7284  EEL     =  -105086.8487  HBOND      =        0.0000
 1-4 VDW =      149.2796  1-4 EEL =     3071.6374  RESTRAINT  =        0.0000


   NSTEP       ENERGY          RMS            GMAX         NAME    NUMBER
    800      -8.3664E+04     3.4861E-01     1.8941E+01     CE2       549

 BOND    =     5975.2275  ANGLE   =       88.5493  DIHED      =      647.7186
 VDWAALS =    12124.5558  EEL     =  -105719.9716  HBOND      =        0.0000
 1-4 VDW =      148.9095  1-4 EEL =     3071.0759  RESTRAINT  =        0.0000


   NSTEP       ENERGY          RMS            GMAX         NAME    NUMBER
    900      -8.3909E+04     2.2695E-01     5.5155E+00     CE2       549

 BOND    =     6028.5380  ANGLE   =       88.2658  DIHED      =      643.8583
 VDWAALS =    12382.6413  EEL     =  -106271.4971  HBOND      =        0.0000
 1-4 VDW =      148.6396  1-4 EEL =     3070.5582  RESTRAINT  =        0.0000


   NSTEP       ENERGY          RMS            GMAX         NAME    NUMBER
   1000      -8.4118E+04     2.2889E-01     8.5067E+00     CE2       549

 BOND    =     6075.4342  ANGLE   =       88.0841  DIHED      =      640.2973
 VDWAALS =    12608.8460  EEL     =  -106749.6027  HBOND      =        0.0000
 1-4 VDW =      148.4772  1-4 EEL =     3070.0884  RESTRAINT  =        0.0000


   NSTEP       ENERGY          RMS            GMAX         NAME    NUMBER
   1100      -8.4304E+04     2.7723E-01     1.5771E+01     CE2       549

 BOND    =     6117.3858  ANGLE   =       87.9304  DIHED      =      636.9324
 VDWAALS =    12811.3810  EEL     =  -107175.8551  HBOND      =        0.0000
 1-4 VDW =      148.3877  1-4 EEL =     3069.6599  RESTRAINT  =        0.0000


   NSTEP       ENERGY          RMS            GMAX         NAME    NUMBER
   1200      -8.4463E+04     7.3119E-01     6.1284E+01     C         802

 BOND    =     6158.0797  ANGLE   =       88.1043  DIHED      =      633.9292
 VDWAALS =    12989.3703  EEL     =  -107549.9117  HBOND      =        0.0000
 1-4 VDW =      148.3493  1-4 EEL =     3069.3957  RESTRAINT  =        0.0000


   NSTEP       ENERGY          RMS            GMAX         NAME    NUMBER
   1300      -8.4613E+04     6.0959E-01     4.3712E+01     CE2       549

 BOND    =     6191.0035  ANGLE   =       87.8906  DIHED      =      631.1185
 VDWAALS =    13154.7799  EEL     =  -107895.3998  HBOND      =        0.0000
 1-4 VDW =      148.3330  1-4 EEL =     3068.8107  RESTRAINT  =        0.0000


   NSTEP       ENERGY          RMS            GMAX         NAME    NUMBER
   1400      -8.4748E+04     5.0436E-01     3.5782E+01     CE2       549

 BOND    =     6220.3952  ANGLE   =       87.7199  DIHED      =      628.5315
 VDWAALS =    13303.5284  EEL     =  -108204.8840  HBOND      =        0.0000
 1-4 VDW =      148.3297  1-4 EEL =     3068.4821  RESTRAINT  =        0.0000


   NSTEP       ENERGY          RMS            GMAX         NAME    NUMBER
   1500      -8.4868E+04     4.8279E-01     3.4219E+01     CE2       549

 BOND    =     6247.8847  ANGLE   =       87.6222  DIHED      =      626.2268
 VDWAALS =    13437.2488  EEL     =  -108483.6502  HBOND      =        0.0000
 1-4 VDW =      148.3539  1-4 EEL =     3068.2898  RESTRAINT  =        0.0000


   NSTEP       ENERGY          RMS            GMAX         NAME    NUMBER
   1600      -8.5488E+04     5.5181E-01     1.9637E+01     O        5278

 BOND    =     6418.7677  ANGLE   =       91.3593  DIHED      =      610.2493
 VDWAALS =    14228.5222  EEL     =  -110052.6216  HBOND      =        0.0000
 1-4 VDW =      149.3646  1-4 EEL =     3066.5219  RESTRAINT  =        0.0000


   NSTEP       ENERGY          RMS            GMAX         NAME    NUMBER
   1700      -8.5806E+04     2.3123E-01     8.8490E+00     O       12115

 BOND    =     6462.8706  ANGLE   =       90.0265  DIHED      =      602.0003
 VDWAALS =    14499.3597  EEL     =  -110674.1096  HBOND      =        0.0000
 1-4 VDW =      149.0056  1-4 EEL =     3064.6843  RESTRAINT  =        0.0000


   NSTEP       ENERGY          RMS            GMAX         NAME    NUMBER
   1800      -8.5966E+04     8.2298E-01     3.0305E+01     O       12115

 BOND    =     6509.7696  ANGLE   =       91.0232  DIHED      =      598.0898
 VDWAALS =    14677.2271  EEL     =  -111054.2453  HBOND      =        0.0000
 1-4 VDW =      148.6156  1-4 EEL =     3063.4322  RESTRAINT  =        0.0000


   NSTEP       ENERGY          RMS            GMAX         NAME    NUMBER
   1900      -8.6186E+04     2.3644E-01     8.3940E+00     H         286

 BOND    =     6539.5858  ANGLE   =       90.8059  DIHED      =      594.5873
 VDWAALS =    14870.6217  EEL     =  -111492.9012  HBOND      =        0.0000
 1-4 VDW =      148.5734  1-4 EEL =     3062.3629  RESTRAINT  =        0.0000


   NSTEP       ENERGY          RMS            GMAX         NAME    NUMBER
   2000      -8.6357E+04     5.1483E-01     1.7926E+01     H2      17700

 BOND    =     6598.8348  ANGLE   =       91.0975  DIHED      =      592.5543
 VDWAALS =    15081.9610  EEL     =  -111932.6708  HBOND      =        0.0000
 1-4 VDW =      148.6852  1-4 EEL =     3062.5806  RESTRAINT  =        0.0000


  Maximum number of minimization cycles reached.


                    FINAL RESULTS



   NSTEP       ENERGY          RMS            GMAX         NAME    NUMBER
   2000      -8.6357E+04     5.1483E-01     1.7926E+01     H2      17700

 BOND    =     6598.8348  ANGLE   =       91.0975  DIHED      =      592.5543
 VDWAALS =    15081.9610  EEL     =  -111932.6708  HBOND      =        0.0000
 1-4 VDW =      148.6852  1-4 EEL =     3062.5806  RESTRAINT  =        0.0000
--------------------------------------------------------------------------------
   5.  TIMINGS
--------------------------------------------------------------------------------

|  NonSetup CPU Time in Major Routines:
|
|     Routine           Sec        %
|     ------------------------------
|     Nonbond         486.40   98.95
|     Bond              1.23    0.25
|     Angle             0.45    0.09
|     Dihedral          2.70    0.55
|     Shake             0.00    0.00
|     Other             0.78    0.16
|     ------------------------------
|     Total           491.57

|  PME Nonbond Pairlist CPU Time:
|
|     Routine              Sec        %
|     ---------------------------------
|     Set Up Cit           0.02    0.00
|     Build List           2.52    0.51
|     ---------------------------------
|     Total                2.55    0.52

|  PME Direct Force CPU Time:
|
|     Routine              Sec        %
|     ---------------------------------
|     NonBonded Calc     414.91   84.41
|     Exclude Masked       3.07    0.63
|     Other                2.63    0.54
|     ---------------------------------
|     Total              420.61   85.57

|  PME Reciprocal Force CPU Time:
|
|     Routine              Sec        %
|     ---------------------------------
|     1D bspline           7.58    1.54
|     Grid Charges         7.14    1.45
|     Scalar Sum           9.42    1.92
|     Gradient Sum         8.37    1.70
|     FFT                 30.55    6.21
|     ---------------------------------
|     Total               63.06   12.83

|  Setup CPU time:            0.24 seconds
|  NonSetup CPU time:       491.57 seconds
|  Total CPU time:          491.81 seconds     0.14 hours

|  Setup wall time:           1    seconds
|  NonSetup wall time:      492    seconds
|  Total wall time:         493    seconds     0.14 hours
