
          -------------------------------------------------------
          Amber 22 PMEMD                              2022
          -------------------------------------------------------

| PMEMD implementation of SANDER, Release 22

|  Compiled date/time: Thu Apr 14 13:06:37 2022
| Run on 10/19/2023 at 13:26:16

|   Executable path: pmemd.cuda
| Working directory: /panfs/accrepfs.vampire/home/nehilpkd/projects/biomatsims/dimerization/far/3_sys_min
|          Hostname: gpu0014

  [-O]verwriting output

File Assignments:
|   MDIN: min_sys.in                                                            
|  MDOUT: sys_min.out                                                           
| INPCRD: ../3_sys_min/md_wat.rst                                               
|   PARM: ../sa.prmtop                                                          
| RESTRT: sys_min.rst                                                           
|   REFC: ../3_sys_min/md_wat.rst                                               
|  MDVEL: mdvel                                                                 
|   MDEN: mden                                                                  
|  MDCRD: mdcrd                                                                 
| MDINFO: mdinfo                                                                
|  MDFRC: mdfrc                                                                 


 Here is the input file:

 System minimization:                                                          
&cntrl                                                                         
   imin=1, ntmin=1, nmropt=0, drms=0.1                                         
   maxcyc=2000, ncyc=1500,                                                     
   ntx=1, irest=0,                                                             
   ntpr=100, ntwr=100, iwrap=0,                                                
   ntf=1, ntb=1, cut=10.0, nsnb=20,                                            
   igb=0,                                                                      
   ibelly=0, ntr=0,                                                            
&end                                                                           


Note: ig = -1. Setting random seed to   600085 based on wallclock time in 
      microseconds.
| irandom = 1, using AMBER's internal random number generator (default).
| INFO:    The nsnb ctrl option does not affect nonbonded list update frequency.
|          It does affect steepest descent minimization freq if ntmin == 0
 
|--------------------- INFORMATION ----------------------
| GPU (CUDA) Version of PMEMD in use: NVIDIA GPU IN USE.
|                    Version 18.0.0
| 
|                      03/25/2018
| 
| Implementation by:
|                    Ross C. Walker     (SDSC)
|                    Scott Le Grand     (nVIDIA)
| 
| Version 18 performance extensions by:
|                    David Cerutti     (Rutgers)
| 
| Precision model in use:
|      [SPFP] - Single Precision Forces, 64-bit Fixed Point
|               Accumulation. (Default)
| 
|--------------------------------------------------------
 
|----------------- CITATION INFORMATION -----------------
|
|    When publishing work that utilized the CUDA version
|    of AMBER, please cite the following in addition to
|    the regular AMBER citations:
|
|  - Romelia Salomon-Ferrer; Andreas W. Goetz; Duncan
|    Poole; Scott Le Grand; Ross C. Walker "Routine
|    microsecond molecular dynamics simulations with
|    AMBER - Part II: Particle Mesh Ewald", J. Chem.
|    Theory Comput., 2013, 9 (9), pp3878-3888,
|    DOI: 10.1021/ct400314y.
|
|  - Andreas W. Goetz; Mark J. Williamson; Dong Xu;
|    Duncan Poole; Scott Le Grand; Ross C. Walker
|    "Routine microsecond molecular dynamics simulations
|    with AMBER - Part I: Generalized Born", J. Chem.
|    Theory Comput., 2012, 8 (5), pp1542-1555.
|
|  - Scott Le Grand; Andreas W. Goetz; Ross C. Walker
|    "SPFP: Speed without compromise - a mixed precision
|    model for GPU accelerated molecular dynamics
|    simulations.", Comp. Phys. Comm., 2013, 184
|    pp374-380, DOI: 10.1016/j.cpc.2012.09.022
|
|--------------------------------------------------------
 
|------------------- GPU DEVICE INFO --------------------
|
|            CUDA_VISIBLE_DEVICES: 0
|   CUDA Capable Devices Detected:      1
|           CUDA Device ID in use:      0
|                CUDA Device Name: NVIDIA TITAN X (Pascal)
|     CUDA Device Global Mem Size:  12196 MB
| CUDA Device Num Multiprocessors:     28
|           CUDA Device Core Freq:   1.53 GHz
|
|--------------------------------------------------------
 
 
| Conditional Compilation Defines Used:
| PUBFFT
| BINTRAJ
| CUDA
| EMIL

| Largest sphere to fit in unit cell has radius =    36.067

| New format PARM file being parsed.
| Version =    1.000 Date = 10/19/23 Time = 13:25:38

| Note: 1-4 EEL scale factors are being read from the topology file.

| Note: 1-4 VDW scale factors are being read from the topology file.
| Duplicated    0 dihedrals

| Duplicated    0 dihedrals

--------------------------------------------------------------------------------
   1.  RESOURCE   USE: 
--------------------------------------------------------------------------------

 getting new box info from bottom of inpcrd
 NATOM  =   39264 NTYPES =      12 NBONH =   38848 MBONA  =     418
 NTHETH =     872 MTHETA =     550 NPHIH =    1894 MPHIA  =    1606
 NHPARM =       0 NPARM  =       0 NNB   =   55544 NRES   =   12890
 NBONA  =     418 NTHETA =     550 NPHIA =    1606 NUMBND =      40
 NUMANG =      90 NPTRA  =     113 NATYP =      21 NPHB   =       0
 IFBOX  =       1 NMXRS  =      24 IFCAP =       0 NEXTRA =       0
 NCOPY  =       0

| Coordinate Index Table dimensions:    13   13   13
| Direct force subcell size =     5.6803    5.5488    5.7389

     BOX TYPE: RECTILINEAR

--------------------------------------------------------------------------------
   2.  CONTROL  DATA  FOR  THE  RUN
--------------------------------------------------------------------------------

default_name                                                                    

General flags:
     imin    =       1, nmropt  =       0

Nature and format of input:
     ntx     =       1, irest   =       0, ntrx    =       1

Nature and format of output:
     ntxo    =       2, ntpr    =     100, ntrx    =       1, ntwr    =     100
     iwrap   =       0, ntwx    =       0, ntwv    =       0, ntwe    =       0
     ioutfm  =       1, ntwprt  =       0, idecomp =       0, rbornstat=      0

Potential function:
     ntf     =       1, ntb     =       1, igb     =       0, nsnb    =      20
     ipol    =       0, gbsa    =       0, iesp    =       0
     dielc   =   1.00000, cut     =  10.00000, intdiel =   1.00000

Frozen or restrained atoms:
     ibelly  =       0, ntr     =       0

Energy minimization:
     maxcyc  =    2000, ncyc    =    1500, ntmin   =       1
     dx0     =   0.01000, drms    =   0.10000

| Intermolecular bonds treatment:
|     no_intermolecular_bonds =       1

| Energy averages sample interval:
|     ene_avg_sampling =       1

Ewald parameters:
     verbose =       0, ew_type =       0, nbflag  =       1, use_pme =       1
     vdwmeth =       1, eedmeth =       1, netfrc  =       0
     Box X =   73.844   Box Y =   72.135   Box Z =   74.606
     Alpha =   90.000   Beta  =   90.000   Gamma =   90.000
     NFFT1 =   80       NFFT2 =   80       NFFT3 =   80
     Cutoff=   10.000   Tol   =0.100E-04
     Ewald Coefficient =  0.27511
     Interpolation order =    4

--------------------------------------------------------------------------------
   3.  ATOMIC COORDINATES AND VELOCITIES
--------------------------------------------------------------------------------

default_name                                                                    
 begin time read from input coords =    20.000 ps

 
 Number of triangulated 3-point waters found:    12820

     Sum of charges from parm topology file =   1.99999991
     Assuming uniform neutralizing plasma

| Dynamic Memory, Types Used:
| Reals             1008814
| Integers          1146048

| Nonbonded Pairs Initial Allocation:    11876378

| GPU memory information (estimate):
| KB of GPU memory in use:    149585
| KB of CPU memory in use:     67937

--------------------------------------------------------------------------------
   4.  RESULTS
--------------------------------------------------------------------------------



   NSTEP       ENERGY          RMS            GMAX         NAME    NUMBER
      1      -1.2346E+05     1.4056E+01     9.6949E+01     O        2029

 BOND    =      137.5884  ANGLE   =      349.1683  DIHED      =      784.4496
 VDWAALS =    17681.1403  EEL     =  -145697.4244  HBOND      =        0.0000
 1-4 VDW =      186.6433  1-4 EEL =     3096.6461  RESTRAINT  =        0.0000


   NSTEP       ENERGY          RMS            GMAX         NAME    NUMBER
    100      -1.5014E+05     2.8716E+00     4.4189E+01     C         283

 BOND    =    10838.1709  ANGLE   =       98.1376  DIHED      =      708.5941
 VDWAALS =    16262.3047  EEL     =  -181284.0461  HBOND      =        0.0000
 1-4 VDW =      157.9792  1-4 EEL =     3079.5745  RESTRAINT  =        0.0000


   NSTEP       ENERGY          RMS            GMAX         NAME    NUMBER
    200      -1.5419E+05     5.5657E-01     1.1421E+01     CG        701

 BOND    =    10338.2831  ANGLE   =       94.8951  DIHED      =      688.3938
 VDWAALS =    18145.8736  EEL     =  -186687.8424  HBOND      =        0.0000
 1-4 VDW =      154.7285  1-4 EEL =     3074.4317  RESTRAINT  =        0.0000


   NSTEP       ENERGY          RMS            GMAX         NAME    NUMBER
    300      -1.5637E+05     7.3954E-01     5.9630E+01     CG        701

 BOND    =    10697.1607  ANGLE   =       94.8549  DIHED      =      674.3727
 VDWAALS =    19797.4213  EEL     =  -190861.8290  HBOND      =        0.0000
 1-4 VDW =      152.7899  1-4 EEL =     3071.1896  RESTRAINT  =        0.0000


   NSTEP       ENERGY          RMS            GMAX         NAME    NUMBER
    400      -1.5776E+05     3.8061E-01     1.3565E+01     CG        701

 BOND    =    10959.2059  ANGLE   =       93.4310  DIHED      =      665.5147
 VDWAALS =    21015.8040  EEL     =  -193712.1624  HBOND      =        0.0000
 1-4 VDW =      151.5867  1-4 EEL =     3069.4179  RESTRAINT  =        0.0000


   NSTEP       ENERGY          RMS            GMAX         NAME    NUMBER
    500      -1.5881E+05     3.1902E-01     8.0757E+00     CG        701

 BOND    =    11175.3034  ANGLE   =       92.5702  DIHED      =      659.0580
 VDWAALS =    22018.6273  EEL     =  -195972.4870  HBOND      =        0.0000
 1-4 VDW =      150.7370  1-4 EEL =     3068.3433  RESTRAINT  =        0.0000


   NSTEP       ENERGY          RMS            GMAX         NAME    NUMBER
    600      -1.5962E+05     3.0754E-01     1.1291E+01     CG        701

 BOND    =    11349.1065  ANGLE   =       91.6839  DIHED      =      654.0872
 VDWAALS =    22833.3498  EEL     =  -197770.6511  HBOND      =        0.0000
 1-4 VDW =      150.1488  1-4 EEL =     3067.7380  RESTRAINT  =        0.0000


   NSTEP       ENERGY          RMS            GMAX         NAME    NUMBER
    700      -1.6028E+05     3.6958E-01     2.3121E+01     CE1       143

 BOND    =    11491.6199  ANGLE   =       90.9975  DIHED      =      649.9595
 VDWAALS =    23503.2739  EEL     =  -199228.1808  HBOND      =        0.0000
 1-4 VDW =      149.7860  1-4 EEL =     3067.1702  RESTRAINT  =        0.0000


   NSTEP       ENERGY          RMS            GMAX         NAME    NUMBER
    800      -1.6081E+05     2.8152E-01     1.4970E+01     CE1       143

 BOND    =    11609.7192  ANGLE   =       90.2076  DIHED      =      646.3094
 VDWAALS =    24071.8950  EEL     =  -200448.2293  HBOND      =        0.0000
 1-4 VDW =      149.4555  1-4 EEL =     3066.6605  RESTRAINT  =        0.0000


   NSTEP       ENERGY          RMS            GMAX         NAME    NUMBER
    900      -1.6128E+05     2.3762E-01     1.0010E+01     CE1       143

 BOND    =    11713.9675  ANGLE   =       89.6981  DIHED      =      642.9381
 VDWAALS =    24572.1883  EEL     =  -201512.8374  HBOND      =        0.0000
 1-4 VDW =      149.2530  1-4 EEL =     3066.0958  RESTRAINT  =        0.0000


   NSTEP       ENERGY          RMS            GMAX         NAME    NUMBER
   1000      -1.6167E+05     6.9472E-01     6.3599E+01     CE1       143

 BOND    =    11812.1434  ANGLE   =       90.0761  DIHED      =      639.8958
 VDWAALS =    25003.8578  EEL     =  -202430.2430  HBOND      =        0.0000
 1-4 VDW =      149.1022  1-4 EEL =     3065.4258  RESTRAINT  =        0.0000


   NSTEP       ENERGY          RMS            GMAX         NAME    NUMBER
   1100      -1.6202E+05     5.9020E-01     5.3930E+01     CE1       143

 BOND    =    11888.9056  ANGLE   =       89.2225  DIHED      =      637.1385
 VDWAALS =    25384.2096  EEL     =  -203236.9282  HBOND      =        0.0000
 1-4 VDW =      148.9783  1-4 EEL =     3065.0864  RESTRAINT  =        0.0000


   NSTEP       ENERGY          RMS            GMAX         NAME    NUMBER
   1200      -1.6234E+05     4.9898E-01     4.7530E+01     CE1       143

 BOND    =    11958.0235  ANGLE   =       89.0637  DIHED      =      634.7033
 VDWAALS =    25722.9866  EEL     =  -203954.5403  HBOND      =        0.0000
 1-4 VDW =      148.8642  1-4 EEL =     3064.4385  RESTRAINT  =        0.0000


   NSTEP       ENERGY          RMS            GMAX         NAME    NUMBER
   1300      -1.6262E+05     2.8863E-01     2.4174E+01     C         802

 BOND    =    12018.7509  ANGLE   =       88.5379  DIHED      =      632.4429
 VDWAALS =    26033.2492  EEL     =  -204606.0740  HBOND      =        0.0000
 1-4 VDW =      148.7804  1-4 EEL =     3063.9379  RESTRAINT  =        0.0000


   NSTEP       ENERGY          RMS            GMAX         NAME    NUMBER
   1400      -1.6288E+05     2.8283E-01     2.6287E+01     CE1       143

 BOND    =    12077.6939  ANGLE   =       88.5646  DIHED      =      630.3690
 VDWAALS =    26322.9803  EEL     =  -205210.2756  HBOND      =        0.0000
 1-4 VDW =      148.6826  1-4 EEL =     3063.3402  RESTRAINT  =        0.0000


   NSTEP       ENERGY          RMS            GMAX         NAME    NUMBER
   1500      -1.6311E+05     2.9177E-01     2.8894E+01     CE1       143

 BOND    =    12129.3607  ANGLE   =       88.4364  DIHED      =      628.5212
 VDWAALS =    26578.6390  EEL     =  -205743.1289  HBOND      =        0.0000
 1-4 VDW =      148.6035  1-4 EEL =     3062.9427  RESTRAINT  =        0.0000


   NSTEP       ENERGY          RMS            GMAX         NAME    NUMBER
   1600      -1.6429E+05     6.3071E-01     5.1248E+01     C         400

 BOND    =    12417.9796  ANGLE   =      101.0381  DIHED      =      618.8770
 VDWAALS =    28098.8856  EEL     =  -208733.7242  HBOND      =        0.0000
 1-4 VDW =      150.4887  1-4 EEL =     3060.7266  RESTRAINT  =        0.0000


   NSTEP       ENERGY          RMS            GMAX         NAME    NUMBER
   1700      -1.6489E+05     1.0964E+00     5.0973E+01     H2       4047

 BOND    =    12489.4633  ANGLE   =      101.5194  DIHED      =      614.5026
 VDWAALS =    28797.5743  EEL     =  -210103.0658  HBOND      =        0.0000
 1-4 VDW =      149.5097  1-4 EEL =     3058.6395  RESTRAINT  =        0.0000


   NSTEP       ENERGY          RMS            GMAX         NAME    NUMBER
   1800      -1.6527E+05     4.4085E-01     1.5790E+01     H1       3470

 BOND    =    12656.1192  ANGLE   =       94.3898  DIHED      =      611.7402
 VDWAALS =    29086.4425  EEL     =  -210929.1101  HBOND      =        0.0000
 1-4 VDW =      149.0174  1-4 EEL =     3058.4856  RESTRAINT  =        0.0000


   NSTEP       ENERGY          RMS            GMAX         NAME    NUMBER
   1900      -1.6545E+05     2.4664E-01     1.2622E+01     CA        383

 BOND    =    12669.2963  ANGLE   =       93.8010  DIHED      =      610.0849
 VDWAALS =    29252.7755  EEL     =  -211279.9938  HBOND      =        0.0000
 1-4 VDW =      148.3556  1-4 EEL =     3058.4034  RESTRAINT  =        0.0000


   NSTEP       ENERGY          RMS            GMAX         NAME    NUMBER
   2000      -1.6562E+05     4.6904E-01     2.4100E+01     CE1       143

 BOND    =    12725.4554  ANGLE   =       93.3813  DIHED      =      608.6652
 VDWAALS =    29455.2536  EEL     =  -211712.7153  HBOND      =        0.0000
 1-4 VDW =      148.0388  1-4 EEL =     3058.1471  RESTRAINT  =        0.0000


  Maximum number of minimization cycles reached.


                    FINAL RESULTS



   NSTEP       ENERGY          RMS            GMAX         NAME    NUMBER
   2000      -1.6562E+05     4.6904E-01     2.4100E+01     CE1       143

 BOND    =    12725.4554  ANGLE   =       93.3813  DIHED      =      608.6652
 VDWAALS =    29455.2536  EEL     =  -211712.7153  HBOND      =        0.0000
 1-4 VDW =      148.0388  1-4 EEL =     3058.1471  RESTRAINT  =        0.0000
--------------------------------------------------------------------------------
   5.  TIMINGS
--------------------------------------------------------------------------------

|  NonSetup CPU Time in Major Routines:
|
|     Routine           Sec        %
|     ------------------------------
|     Nonbond           1.65   30.71
|     Bond              0.00    0.00
|     Angle             0.00    0.00
|     Dihedral          0.00    0.00
|     Shake             0.00    0.00
|     Other             3.73   69.29
|     ------------------------------
|     Total             5.38

|  PME Nonbond Pairlist CPU Time:
|
|     Routine              Sec        %
|     ---------------------------------
|     Set Up Cit           0.00    0.00
|     Build List           0.00    0.00
|     ---------------------------------
|     Total                0.00    0.00

|  PME Direct Force CPU Time:
|
|     Routine              Sec        %
|     ---------------------------------
|     NonBonded Calc       0.00    0.00
|     Exclude Masked       0.00    0.00
|     Other                0.01    0.09
|     ---------------------------------
|     Total                0.01    0.09

|  PME Reciprocal Force CPU Time:
|
|     Routine              Sec        %
|     ---------------------------------
|     1D bspline           0.00    0.00
|     Grid Charges         0.00    0.00
|     Scalar Sum           0.00    0.00
|     Gradient Sum         0.00    0.00
|     FFT                  0.00    0.00
|     ---------------------------------
|     Total                0.00    0.00

|  Setup CPU time:            0.51 seconds
|  NonSetup CPU time:         5.38 seconds
|  Total CPU time:            5.89 seconds     0.00 hours

|  Setup wall time:           0    seconds
|  NonSetup wall time:        6    seconds
|  Total wall time:           6    seconds     0.00 hours
