
          -------------------------------------------------------
          Amber 22 PMEMD                              2022
          -------------------------------------------------------

| PMEMD implementation of SANDER, Release 22

|  Compiled date/time: Thu Apr 14 13:06:37 2022
| Run on 10/22/2023 at 14:54:51

|   Executable path: pmemd.cuda
| Working directory: /panfs/accrepfs.vampire/home/nehilpkd/projects/biomatsims/dimerization/s1a2/4_sys_eq
|          Hostname: gpu0014

  [-O]verwriting output

File Assignments:
|   MDIN: heat.in                                                               
|  MDOUT: heat.out                                                              
| INPCRD: ../4_sys_eq/sys_min.rst                                               
|   PARM: ../s1a2.prmtop                                                        
| RESTRT: heat.rst                                                              
|   REFC: ../4_sys_eq/sys_min.rst                                               
|  MDVEL: mdvel                                                                 
|   MDEN: mden                                                                  
|  MDCRD: mdcrd                                                                 
| MDINFO: mdinfo                                                                
|  MDFRC: mdfrc                                                                 


 Here is the input file:

 Heating System                                                                
&cntrl                                                                         
   imin=0, nmropt=1,                                                           
   ntx=1, irest=0,                                                             
   ntpr=10000, ntwr=500, ntwx=500, iwrap=1,                                    
   ntf=2, ntb=1, cut=10.0, nsnb=20,                                            
   igb=0,                                                                      
   ibelly=0, ntr=1,                                                            
   nstlim=250000, nscm=500, dt=0.002,                                          
   ntt=1, temp0=0.0, tempi=0.0, tautp=0.5                                      
   ntc=2,restraintmask=':1-108',                                               
   restraint_wt=10.0,                                                          
&end                                                                           
                                                                               
&wt type='REST', istep1=0, istep2=0, value1=1.0, value2=1.0, &end              
&wt type='TEMP0', istep1=0, istep2=250000, value1=0.0, value2=300, &end        
&wt type='END' &end                                                            


Note: ig = -1. Setting random seed to   423012 based on wallclock time in 
      microseconds.
| irandom = 1, using AMBER's internal random number generator (default).
| INFO:    The nsnb ctrl option does not affect nonbonded list update frequency.
|          It does affect steepest descent minimization freq if ntmin == 0
 
|--------------------- INFORMATION ----------------------
| GPU (CUDA) Version of PMEMD in use: NVIDIA GPU IN USE.
|                    Version 18.0.0
| 
|                      03/25/2018
| 
| Implementation by:
|                    Ross C. Walker     (SDSC)
|                    Scott Le Grand     (nVIDIA)
| 
| Version 18 performance extensions by:
|                    David Cerutti     (Rutgers)
| 
| Precision model in use:
|      [SPFP] - Single Precision Forces, 64-bit Fixed Point
|               Accumulation. (Default)
| 
|--------------------------------------------------------
 
|----------------- CITATION INFORMATION -----------------
|
|    When publishing work that utilized the CUDA version
|    of AMBER, please cite the following in addition to
|    the regular AMBER citations:
|
|  - Romelia Salomon-Ferrer; Andreas W. Goetz; Duncan
|    Poole; Scott Le Grand; Ross C. Walker "Routine
|    microsecond molecular dynamics simulations with
|    AMBER - Part II: Particle Mesh Ewald", J. Chem.
|    Theory Comput., 2013, 9 (9), pp3878-3888,
|    DOI: 10.1021/ct400314y.
|
|  - Andreas W. Goetz; Mark J. Williamson; Dong Xu;
|    Duncan Poole; Scott Le Grand; Ross C. Walker
|    "Routine microsecond molecular dynamics simulations
|    with AMBER - Part I: Generalized Born", J. Chem.
|    Theory Comput., 2012, 8 (5), pp1542-1555.
|
|  - Scott Le Grand; Andreas W. Goetz; Ross C. Walker
|    "SPFP: Speed without compromise - a mixed precision
|    model for GPU accelerated molecular dynamics
|    simulations.", Comp. Phys. Comm., 2013, 184
|    pp374-380, DOI: 10.1016/j.cpc.2012.09.022
|
|--------------------------------------------------------
 
|------------------- GPU DEVICE INFO --------------------
|
|            CUDA_VISIBLE_DEVICES: 0
|   CUDA Capable Devices Detected:      1
|           CUDA Device ID in use:      0
|                CUDA Device Name: NVIDIA TITAN X (Pascal)
|     CUDA Device Global Mem Size:  12196 MB
| CUDA Device Num Multiprocessors:     28
|           CUDA Device Core Freq:   1.53 GHz
|
|--------------------------------------------------------
 
 
| Conditional Compilation Defines Used:
| PUBFFT
| BINTRAJ
| CUDA
| EMIL

| Largest sphere to fit in unit cell has radius =    33.818

| New format PARM file being parsed.
| Version =    1.000 Date = 10/22/23 Time = 14:38:05

| Note: 1-4 EEL scale factors are being read from the topology file.

| Note: 1-4 VDW scale factors are being read from the topology file.
| Duplicated    0 dihedrals

| Duplicated    0 dihedrals

--------------------------------------------------------------------------------
   1.  RESOURCE   USE: 
--------------------------------------------------------------------------------

 getting box info from netcdf restart file
 NATOM  =   39319 NTYPES =      12 NBONH =   38673 MBONA  =     650
 NTHETH =    1376 MTHETA =     856 NPHIH =    2964 MPHIA  =    2532
 NHPARM =       0 NPARM  =       0 NNB   =   57446 NRES   =   12795
 NBONA  =     650 NTHETA =     856 NPHIA =    2532 NUMBND =      40
 NUMANG =      90 NPTRA  =     113 NATYP =      21 NPHB   =       0
 IFBOX  =       1 NMXRS  =      24 IFCAP =       0 NEXTRA =       0
 NCOPY  =       0

| Coordinate Index Table dimensions:    12   13   14
| Direct force subcell size =     5.6364    5.7886    5.6217

     BOX TYPE: RECTILINEAR

--------------------------------------------------------------------------------
   2.  CONTROL  DATA  FOR  THE  RUN
--------------------------------------------------------------------------------

default_name                                                                    

General flags:
     imin    =       0, nmropt  =       1

Nature and format of input:
     ntx     =       1, irest   =       0, ntrx    =       1

Nature and format of output:
     ntxo    =       2, ntpr    =   10000, ntrx    =       1, ntwr    =     500
     iwrap   =       1, ntwx    =     500, ntwv    =       0, ntwe    =       0
     ioutfm  =       1, ntwprt  =       0, idecomp =       0, rbornstat=      0

Potential function:
     ntf     =       2, ntb     =       1, igb     =       0, nsnb    =      20
     ipol    =       0, gbsa    =       0, iesp    =       0
     dielc   =   1.00000, cut     =  10.00000, intdiel =   1.00000

Frozen or restrained atoms:
     ibelly  =       0, ntr     =       1
     restraint_wt =  10.00000

Molecular dynamics:
     nstlim  =    250000, nscm    =         0, nrespa  =         1
     t       =   0.00000, dt      =   0.00200, vlimit  =  -1.00000

Berendsen (weak-coupling) temperature regulation:
     temp0   =   0.00000, tempi   =   0.00000, tautp   =   0.50000

SHAKE:
     ntc     =       2, jfastw  =       0
     tol     =   0.00001

NMR refinement options:
     iscale  =       0, noeskp  =       1, ipnlty  =       1, mxsub   =       1
     scalm   = 100.00000, pencut  =   0.10000, tausw   =   0.10000

| Intermolecular bonds treatment:
|     no_intermolecular_bonds =       1

| Energy averages sample interval:
|     ene_avg_sampling =   10000

Ewald parameters:
     verbose =       0, ew_type =       0, nbflag  =       1, use_pme =       1
     vdwmeth =       1, eedmeth =       1, netfrc  =       1
     Box X =   67.636   Box Y =   75.252   Box Z =   78.704
     Alpha =   90.000   Beta  =   90.000   Gamma =   90.000
     NFFT1 =   64       NFFT2 =   80       NFFT3 =   80
     Cutoff=   10.000   Tol   =0.100E-04
     Ewald Coefficient =  0.27511
     Interpolation order =    4

    LOADING THE CONSTRAINED ATOMS AS GROUPS


   5.  REFERENCE ATOM COORDINATES

  default_name                                                                    
     Mask :1-108; matches  1258 atoms

--------------------------------------------------------------------------------
   3.  ATOMIC COORDINATES AND VELOCITIES
--------------------------------------------------------------------------------

default_name                                                                    
 begin time read from input coords =     0.000 ps



           Begin reading energy term weight changes/NMR restraints
 WEIGHT CHANGES:
 REST          0      0    1.000000    1.000000      0      0
 TEMP0         0 250000    0.000000  300.000000      0      0

 RESTRAINTS:
                          ** No restraint defined **

                  Done reading weight changes/NMR restraints


 
 Number of triangulated 3-point waters found:    12687

     Sum of charges from parm topology file =   3.99999986
     Assuming uniform neutralizing plasma

| Dynamic Memory, Types Used:
| Reals             1285861
| Integers          1339870

| Nonbonded Pairs Initial Allocation:    11893014

| GPU memory information (estimate):
| KB of GPU memory in use:    126507
| KB of CPU memory in use:     60357

--------------------------------------------------------------------------------
   4.  RESULTS
--------------------------------------------------------------------------------


 NSTEP =        0   TIME(PS) =       0.000  TEMP(K) =     0.00  PRESS =     0.0
 Etot   =   -177104.6012  EKtot   =         0.0000  EPtot      =   -177104.6012
 BOND   =        43.8664  ANGLE   =       168.1482  DIHED      =      1053.0521
 1-4 NB =       220.8594  1-4 EEL =      4712.5366  VDWAALS    =     28849.4452
 EELEC  =   -212152.5091  EHBOND  =         0.0000  RESTRAINT  =         0.0000
 ------------------------------------------------------------------------------

 NMR restraints: Bond =    0.000   Angle =     0.000   Torsion =     0.000
===============================================================================

 NSTEP =    10000   TIME(PS) =      20.000  TEMP(K) =    11.51  PRESS =     0.0
 Etot   =   -154605.4918  EKtot   =       906.3758  EPtot      =   -155511.8676
 BOND   =        44.3822  ANGLE   =       169.9598  DIHED      =      1044.8527
 1-4 NB =       221.9385  1-4 EEL =      4708.0421  VDWAALS    =     26898.8685
 EELEC  =   -188619.4675  EHBOND  =         0.0000  RESTRAINT  =        19.5560
 EAMBER (non-restraint)  =   -155531.4235
 ------------------------------------------------------------------------------

 NMR restraints: Bond =    0.000   Angle =     0.000   Torsion =     0.000
===============================================================================

 NSTEP =    20000   TIME(PS) =      40.000  TEMP(K) =    23.27  PRESS =     0.0
 Etot   =   -153086.5870  EKtot   =      1833.1260  EPtot      =   -154919.7130
 BOND   =        48.7048  ANGLE   =       173.9356  DIHED      =      1051.2697
 1-4 NB =       223.0936  1-4 EEL =      4711.7759  VDWAALS    =     27189.4421
 EELEC  =   -188346.5105  EHBOND  =         0.0000  RESTRAINT  =        28.5759
 EAMBER (non-restraint)  =   -154948.2889
 ------------------------------------------------------------------------------

 NMR restraints: Bond =    0.000   Angle =     0.000   Torsion =     0.000
===============================================================================

 NSTEP =    30000   TIME(PS) =      60.000  TEMP(K) =    35.45  PRESS =     0.0
 Etot   =   -151493.4299  EKtot   =      2792.9148  EPtot      =   -154286.3447
 BOND   =        55.3523  ANGLE   =       181.4918  DIHED      =      1056.9072
 1-4 NB =       226.1721  1-4 EEL =      4713.8856  VDWAALS    =     27408.3160
 EELEC  =   -187962.5398  EHBOND  =         0.0000  RESTRAINT  =        34.0701
 EAMBER (non-restraint)  =   -154320.4148
 ------------------------------------------------------------------------------

 NMR restraints: Bond =    0.000   Angle =     0.000   Torsion =     0.000
===============================================================================

 NSTEP =    40000   TIME(PS) =      80.000  TEMP(K) =    47.73  PRESS =     0.0
 Etot   =   -149814.6998  EKtot   =      3760.3110  EPtot      =   -153575.0109
 BOND   =        59.9442  ANGLE   =       201.1620  DIHED      =      1057.0221
 1-4 NB =       227.6538  1-4 EEL =      4708.4606  VDWAALS    =     27466.2510
 EELEC  =   -187344.4706  EHBOND  =         0.0000  RESTRAINT  =        48.9660
 EAMBER (non-restraint)  =   -153623.9769
 ------------------------------------------------------------------------------

 NMR restraints: Bond =    0.000   Angle =     0.000   Torsion =     0.000
===============================================================================

 NSTEP =    50000   TIME(PS) =     100.000  TEMP(K) =    59.51  PRESS =     0.0
 Etot   =   -148234.0015  EKtot   =      4688.1670  EPtot      =   -152922.1684
 BOND   =        68.7289  ANGLE   =       221.9097  DIHED      =      1058.0385
 1-4 NB =       226.0597  1-4 EEL =      4717.0392  VDWAALS    =     27424.8548
 EELEC  =   -186693.7797  EHBOND  =         0.0000  RESTRAINT  =        54.9806
 EAMBER (non-restraint)  =   -152977.1491
 ------------------------------------------------------------------------------

 NMR restraints: Bond =    0.000   Angle =     0.000   Torsion =     0.000
===============================================================================

 NSTEP =    60000   TIME(PS) =     120.000  TEMP(K) =    71.61  PRESS =     0.0
 Etot   =   -146700.7347  EKtot   =      5641.2666  EPtot      =   -152342.0013
 BOND   =        81.5224  ANGLE   =       243.3325  DIHED      =      1064.3895
 1-4 NB =       224.9925  1-4 EEL =      4707.1868  VDWAALS    =     27499.5976
 EELEC  =   -186229.6258  EHBOND  =         0.0000  RESTRAINT  =        66.6031
 EAMBER (non-restraint)  =   -152408.6043
 ------------------------------------------------------------------------------

 NMR restraints: Bond =    0.000   Angle =     0.000   Torsion =     0.000
===============================================================================

 NSTEP =    70000   TIME(PS) =     140.000  TEMP(K) =    83.53  PRESS =     0.0
 Etot   =   -145012.0081  EKtot   =      6580.0605  EPtot      =   -151592.0686
 BOND   =        84.5871  ANGLE   =       257.2506  DIHED      =      1066.6849
 1-4 NB =       234.9530  1-4 EEL =      4725.8819  VDWAALS    =     27488.7051
 EELEC  =   -185525.2141  EHBOND  =         0.0000  RESTRAINT  =        75.0830
 EAMBER (non-restraint)  =   -151667.1516
 ------------------------------------------------------------------------------

 NMR restraints: Bond =    0.000   Angle =     0.000   Torsion =     0.000
===============================================================================

 NSTEP =    80000   TIME(PS) =     160.000  TEMP(K) =    96.10  PRESS =     0.0
 Etot   =   -143328.2804  EKtot   =      7570.4136  EPtot      =   -150898.6939
 BOND   =        98.1881  ANGLE   =       279.6813  DIHED      =      1061.6176
 1-4 NB =       223.3744  1-4 EEL =      4707.1365  VDWAALS    =     27322.6124
 EELEC  =   -184674.7018  EHBOND  =         0.0000  RESTRAINT  =        83.3974
 EAMBER (non-restraint)  =   -150982.0913
 ------------------------------------------------------------------------------

 NMR restraints: Bond =    0.000   Angle =     0.000   Torsion =     0.000
===============================================================================

 NSTEP =    90000   TIME(PS) =     180.000  TEMP(K) =   106.44  PRESS =     0.0
 Etot   =   -141649.2218  EKtot   =      8385.1230  EPtot      =   -150034.3448
 BOND   =       104.7576  ANGLE   =       302.9405  DIHED      =      1079.2843
 1-4 NB =       233.4412  1-4 EEL =      4705.5108  VDWAALS    =     27288.1815
 EELEC  =   -183845.3211  EHBOND  =         0.0000  RESTRAINT  =        96.8604
 EAMBER (non-restraint)  =   -150131.2052
 ------------------------------------------------------------------------------

 NMR restraints: Bond =    0.000   Angle =     0.000   Torsion =     0.000
===============================================================================

 NSTEP =   100000   TIME(PS) =     200.000  TEMP(K) =   119.88  PRESS =     0.0
 Etot   =   -139945.6264  EKtot   =      9443.4922  EPtot      =   -149389.1185
 BOND   =       122.2934  ANGLE   =       309.1288  DIHED      =      1078.3721
 1-4 NB =       235.0679  1-4 EEL =      4698.6158  VDWAALS    =     27073.3651
 EELEC  =   -183010.5805  EHBOND  =         0.0000  RESTRAINT  =       104.6189
 EAMBER (non-restraint)  =   -149493.7375
 ------------------------------------------------------------------------------

 NMR restraints: Bond =    0.000   Angle =     0.000   Torsion =     0.000
===============================================================================

 NSTEP =   110000   TIME(PS) =     220.000  TEMP(K) =   132.61  PRESS =     0.0
 Etot   =   -138156.8565  EKtot   =     10446.2031  EPtot      =   -148603.0596
 BOND   =       128.6380  ANGLE   =       335.6772  DIHED      =      1072.2783
 1-4 NB =       231.7300  1-4 EEL =      4693.5465  VDWAALS    =     26816.2391
 EELEC  =   -182005.7428  EHBOND  =         0.0000  RESTRAINT  =       124.5740
 EAMBER (non-restraint)  =   -148727.6336
 ------------------------------------------------------------------------------

 NMR restraints: Bond =    0.000   Angle =     0.000   Torsion =     0.000
===============================================================================

 NSTEP =   120000   TIME(PS) =     240.000  TEMP(K) =   143.97  PRESS =     0.0
 Etot   =   -136337.2922  EKtot   =     11341.7051  EPtot      =   -147678.9973
 BOND   =       130.5485  ANGLE   =       355.7553  DIHED      =      1077.6407
 1-4 NB =       231.6291  1-4 EEL =      4717.4419  VDWAALS    =     26607.8269
 EELEC  =   -180927.9058  EHBOND  =         0.0000  RESTRAINT  =       128.0660
 EAMBER (non-restraint)  =   -147807.0633
 ------------------------------------------------------------------------------

 NMR restraints: Bond =    0.000   Angle =     0.000   Torsion =     0.000
===============================================================================

 NSTEP =   130000   TIME(PS) =     260.000  TEMP(K) =   156.02  PRESS =     0.0
 Etot   =   -134360.1761  EKtot   =     12290.3213  EPtot      =   -146650.4974
 BOND   =       130.9033  ANGLE   =       369.1238  DIHED      =      1085.9747
 1-4 NB =       232.2326  1-4 EEL =      4728.4209  VDWAALS    =     26294.6615
 EELEC  =   -179630.3831  EHBOND  =         0.0000  RESTRAINT  =       138.5689
 EAMBER (non-restraint)  =   -146789.0662
 ------------------------------------------------------------------------------

 NMR restraints: Bond =    0.000   Angle =     0.000   Torsion =     0.000
===============================================================================

 NSTEP =   140000   TIME(PS) =     280.000  TEMP(K) =   167.05  PRESS =     0.0
 Etot   =   -132421.8754  EKtot   =     13159.5166  EPtot      =   -145581.3920
 BOND   =       153.9702  ANGLE   =       392.0510  DIHED      =      1083.6336
 1-4 NB =       234.4220  1-4 EEL =      4722.3744  VDWAALS    =     26300.6799
 EELEC  =   -178624.6316  EHBOND  =         0.0000  RESTRAINT  =       156.1085
 EAMBER (non-restraint)  =   -145737.5005
 ------------------------------------------------------------------------------

 NMR restraints: Bond =    0.000   Angle =     0.000   Torsion =     0.000
===============================================================================

 NSTEP =   150000   TIME(PS) =     300.000  TEMP(K) =   179.88  PRESS =     0.0
 Etot   =   -130151.3766  EKtot   =     14169.8887  EPtot      =   -144321.2653
 BOND   =       148.7232  ANGLE   =       390.6617  DIHED      =      1103.1247
 1-4 NB =       235.8509  1-4 EEL =      4726.8959  VDWAALS    =     25428.4250
 EELEC  =   -176512.2661  EHBOND  =         0.0000  RESTRAINT  =       157.3194
 EAMBER (non-restraint)  =   -144478.5846
 ------------------------------------------------------------------------------

 NMR restraints: Bond =    0.000   Angle =     0.000   Torsion =     0.000
===============================================================================

 NSTEP =   160000   TIME(PS) =     320.000  TEMP(K) =   191.26  PRESS =     0.0
 Etot   =   -127484.2623  EKtot   =     15066.7480  EPtot      =   -142551.0103
 BOND   =       171.5190  ANGLE   =       442.4302  DIHED      =      1091.9142
 1-4 NB =       236.5570  1-4 EEL =      4694.9988  VDWAALS    =     24832.5137
 EELEC  =   -174188.2547  EHBOND  =         0.0000  RESTRAINT  =       167.3116
 EAMBER (non-restraint)  =   -142718.3219
 ------------------------------------------------------------------------------

 NMR restraints: Bond =    0.000   Angle =     0.000   Torsion =     0.000
===============================================================================

 NSTEP =   170000   TIME(PS) =     340.000  TEMP(K) =   202.74  PRESS =     0.0
 Etot   =   -124705.0294  EKtot   =     15970.7402  EPtot      =   -140675.7696
 BOND   =       181.6500  ANGLE   =       432.8302  DIHED      =      1098.9516
 1-4 NB =       236.7438  1-4 EEL =      4713.8725  VDWAALS    =     23849.2949
 EELEC  =   -171365.8697  EHBOND  =         0.0000  RESTRAINT  =       176.7570
 EAMBER (non-restraint)  =   -140852.5266
 ------------------------------------------------------------------------------

 NMR restraints: Bond =    0.000   Angle =     0.000   Torsion =     0.000
===============================================================================

 NSTEP =   180000   TIME(PS) =     360.000  TEMP(K) =   214.82  PRESS =     0.0
 Etot   =   -121095.2612  EKtot   =     16922.6504  EPtot      =   -138017.9116
 BOND   =       168.9361  ANGLE   =       443.7533  DIHED      =      1111.3652
 1-4 NB =       248.6812  1-4 EEL =      4719.8597  VDWAALS    =     22818.3811
 EELEC  =   -167721.2924  EHBOND  =         0.0000  RESTRAINT  =       192.4042
 EAMBER (non-restraint)  =   -138210.3158
 ------------------------------------------------------------------------------

 NMR restraints: Bond =    0.000   Angle =     0.000   Torsion =     0.000
===============================================================================

 NSTEP =   190000   TIME(PS) =     380.000  TEMP(K) =   228.10  PRESS =     0.0
 Etot   =   -117314.3786  EKtot   =     17969.1875  EPtot      =   -135283.5661
 BOND   =       178.0335  ANGLE   =       469.3268  DIHED      =      1119.0126
 1-4 NB =       236.2089  1-4 EEL =      4715.2453  VDWAALS    =     21502.9315
 EELEC  =   -163696.6234  EHBOND  =         0.0000  RESTRAINT  =       192.2987
 EAMBER (non-restraint)  =   -135475.8648
 ------------------------------------------------------------------------------

 NMR restraints: Bond =    0.000   Angle =     0.000   Torsion =     0.000
===============================================================================

 NSTEP =   200000   TIME(PS) =     400.000  TEMP(K) =   238.98  PRESS =     0.0
 Etot   =   -113900.7767  EKtot   =     18825.6094  EPtot      =   -132726.3860
 BOND   =       216.5909  ANGLE   =       459.6796  DIHED      =      1101.7067
 1-4 NB =       241.2375  1-4 EEL =      4691.7739  VDWAALS    =     20918.4662
 EELEC  =   -160564.8352  EHBOND  =         0.0000  RESTRAINT  =       208.9943
 EAMBER (non-restraint)  =   -132935.3804
 ------------------------------------------------------------------------------

 NMR restraints: Bond =    0.000   Angle =     0.000   Torsion =     0.000
===============================================================================

 NSTEP =   210000   TIME(PS) =     420.000  TEMP(K) =   250.01  PRESS =     0.0
 Etot   =   -110552.6345  EKtot   =     19695.1309  EPtot      =   -130247.7654
 BOND   =       224.5307  ANGLE   =       481.5255  DIHED      =      1111.1938
 1-4 NB =       241.1886  1-4 EEL =      4710.6337  VDWAALS    =     19711.2378
 EELEC  =   -156939.4876  EHBOND  =         0.0000  RESTRAINT  =       211.4121
 EAMBER (non-restraint)  =   -130459.1774
 ------------------------------------------------------------------------------

 NMR restraints: Bond =    0.000   Angle =     0.000   Torsion =     0.000
===============================================================================

 NSTEP =   220000   TIME(PS) =     440.000  TEMP(K) =   263.17  PRESS =     0.0
 Etot   =   -107464.7123  EKtot   =     20731.8203  EPtot      =   -128196.5326
 BOND   =       211.8183  ANGLE   =       488.4510  DIHED      =      1116.6351
 1-4 NB =       241.3068  1-4 EEL =      4705.8926  VDWAALS    =     19030.6494
 EELEC  =   -154211.5693  EHBOND  =         0.0000  RESTRAINT  =       220.2835
 EAMBER (non-restraint)  =   -128416.8162
 ------------------------------------------------------------------------------

 NMR restraints: Bond =    0.000   Angle =     0.000   Torsion =     0.000
===============================================================================

 NSTEP =   230000   TIME(PS) =     460.000  TEMP(K) =   272.87  PRESS =     0.0
 Etot   =   -104540.7814  EKtot   =     21495.7168  EPtot      =   -126036.4982
 BOND   =       228.4861  ANGLE   =       543.5205  DIHED      =      1115.5006
 1-4 NB =       246.2451  1-4 EEL =      4722.1966  VDWAALS    =     18732.2597
 EELEC  =   -151855.0176  EHBOND  =         0.0000  RESTRAINT  =       230.3108
 EAMBER (non-restraint)  =   -126266.8090
 ------------------------------------------------------------------------------

 NMR restraints: Bond =    0.000   Angle =     0.000   Torsion =     0.000
===============================================================================

 NSTEP =   240000   TIME(PS) =     480.000  TEMP(K) =   288.38  PRESS =     0.0
 Etot   =   -101661.1502  EKtot   =     22717.3457  EPtot      =   -124378.4959
 BOND   =       232.2132  ANGLE   =       523.4640  DIHED      =      1124.4071
 1-4 NB =       251.6206  1-4 EEL =      4716.0098  VDWAALS    =     17716.1892
 EELEC  =   -149171.3197  EHBOND  =         0.0000  RESTRAINT  =       228.9201
 EAMBER (non-restraint)  =   -124607.4160
 ------------------------------------------------------------------------------

 NMR restraints: Bond =    0.000   Angle =     0.000   Torsion =     0.000
===============================================================================

 NSTEP =   250000   TIME(PS) =     500.000  TEMP(K) =   299.81  PRESS =     0.0
 Etot   =    -98897.6554  EKtot   =     23617.9844  EPtot      =   -122515.6398
 BOND   =       208.6107  ANGLE   =       567.5664  DIHED      =      1123.8215
 1-4 NB =       239.8455  1-4 EEL =      4692.5318  VDWAALS    =     17403.6235
 EELEC  =   -146995.9301  EHBOND  =         0.0000  RESTRAINT  =       244.2909
 EAMBER (non-restraint)  =   -122759.9307
 ------------------------------------------------------------------------------

 NMR restraints: Bond =    0.000   Angle =     0.000   Torsion =     0.000
===============================================================================

      A V E R A G E S   O V E R      25 S T E P S


 NSTEP =   250000   TIME(PS) =     500.000  TEMP(K) =   155.39  PRESS =     0.0
 Etot   =   -130916.5720  EKtot   =     12240.8728  EPtot      =   -143157.4447
 BOND   =       139.3453  ANGLE   =       361.4644  DIHED      =      1086.2240
 1-4 NB =       234.4899  1-4 EEL =      4711.0092  VDWAALS    =     24440.9429
 EELEC  =   -174266.5336  EHBOND  =         0.0000  RESTRAINT  =       135.6133
 EAMBER (non-restraint)  =   -143293.0580
 ------------------------------------------------------------------------------

 NMR restraints: Bond =    0.000   Angle =     0.000   Torsion =     0.000
===============================================================================

      R M S  F L U C T U A T I O N S


 NSTEP =   250000   TIME(PS) =     500.000  TEMP(K) =    86.33  PRESS =     0.0
 Etot   =     16960.0083  EKtot   =      6800.6448  EPtot      =     10307.0605
 BOND   =        60.2359  ANGLE   =       120.2869  DIHED      =        24.4889
 1-4 NB =         7.8063  1-4 EEL =        10.5355  VDWAALS    =      3485.9818
 EELEC  =     13490.2524  EHBOND  =         0.0000  RESTRAINT  =        69.5300
 EAMBER (non-restraint)  =     10237.5305
 ------------------------------------------------------------------------------


 NMR restraints on final step:

--------------------------------------------------------------------------------
   5.  TIMINGS
--------------------------------------------------------------------------------

|  NonSetup CPU Time in Major Routines:
|
|     Routine           Sec        %
|     ------------------------------
|     Nonbond          29.21   13.17
|     Bond              0.00    0.00
|     Angle             0.00    0.00
|     Dihedral          0.00    0.00
|     Shake             1.15    0.52
|     RunMD           190.72   86.02
|     Other             0.64    0.29
|     ------------------------------
|     Total           221.71

|  PME Nonbond Pairlist CPU Time:
|
|     Routine              Sec        %
|     ---------------------------------
|     Set Up Cit           0.00    0.00
|     Build List           0.00    0.00
|     ---------------------------------
|     Total                0.00    0.00

|  PME Direct Force CPU Time:
|
|     Routine              Sec        %
|     ---------------------------------
|     NonBonded Calc       0.00    0.00
|     Exclude Masked       0.00    0.00
|     Other                0.41    0.18
|     ---------------------------------
|     Total                0.41    0.18

|  PME Reciprocal Force CPU Time:
|
|     Routine              Sec        %
|     ---------------------------------
|     1D bspline           0.00    0.00
|     Grid Charges         0.00    0.00
|     Scalar Sum           0.00    0.00
|     Gradient Sum         0.00    0.00
|     FFT                  0.00    0.00
|     ---------------------------------
|     Total                0.00    0.00

|  Final Performance Info:
|     -----------------------------------------------------
|     Average timings for last   30000 steps:
|     Elapsed(s) =      29.52 Per Step(ms) =       0.98
|         ns/day =     175.59   seconds/ns =     492.06
|
|     Average timings for all steps:
|     Elapsed(s) =     226.37 Per Step(ms) =       0.91
|         ns/day =     190.84   seconds/ns =     452.73
|     -----------------------------------------------------

|  Setup CPU time:            0.46 seconds
|  NonSetup CPU time:       221.71 seconds
|  Total CPU time:          222.18 seconds     0.06 hours

|  Setup wall time:           1    seconds
|  NonSetup wall time:      226    seconds
|  Total wall time:         227    seconds     0.06 hours
