
          -------------------------------------------------------
          Amber 22 PMEMD                              2022
          -------------------------------------------------------

| PMEMD implementation of SANDER, Release 22

|  Compiled date/time: Thu Apr 14 13:06:37 2022
| Run on 10/22/2023 at 14:54:27

|   Executable path: pmemd.cuda
| Working directory: /panfs/accrepfs.vampire/home/nehilpkd/projects/biomatsims/dimerization/s1a2/1_water_min
|          Hostname: gpu0014

  [-O]verwriting output

File Assignments:
|   MDIN: min_wat.in                                                            
|  MDOUT: min_wat.out                                                           
| INPCRD: ../s1a2.inpcrd                                                        
|   PARM: ../s1a2.prmtop                                                        
| RESTRT: min_wat.rst                                                           
|   REFC: ../s1a2.inpcrd                                                        
|  MDVEL: mdvel                                                                 
|   MDEN: mden                                                                  
|  MDCRD: mdcrd                                                                 
| MDINFO: mdinfo                                                                
|  MDFRC: mdfrc                                                                 


 Here is the input file:

 System minimization:                                                          
&cntrl                                                                         
   imin=1, ntmin=1, nmropt=0, drms=0.1                                         
   maxcyc=2000, ncyc=1500,                                                     
   ntx=1, irest=0,                                                             
   ntpr=100, ntwr=100, iwrap=0,                                                
   ntf=1, ntb=1, cut=10.0, nsnb=20,                                            
   igb=0,                                                                      
   ibelly=0, ntr=1,                                                            
   restraintmask="!:WAT", restraint_wt=10.0,                                   
&end                                                                           


Note: ig = -1. Setting random seed to   128959 based on wallclock time in 
      microseconds.
| irandom = 1, using AMBER's internal random number generator (default).
| INFO:    The nsnb ctrl option does not affect nonbonded list update frequency.
|          It does affect steepest descent minimization freq if ntmin == 0
 
|--------------------- INFORMATION ----------------------
| GPU (CUDA) Version of PMEMD in use: NVIDIA GPU IN USE.
|                    Version 18.0.0
| 
|                      03/25/2018
| 
| Implementation by:
|                    Ross C. Walker     (SDSC)
|                    Scott Le Grand     (nVIDIA)
| 
| Version 18 performance extensions by:
|                    David Cerutti     (Rutgers)
| 
| Precision model in use:
|      [SPFP] - Single Precision Forces, 64-bit Fixed Point
|               Accumulation. (Default)
| 
|--------------------------------------------------------
 
|----------------- CITATION INFORMATION -----------------
|
|    When publishing work that utilized the CUDA version
|    of AMBER, please cite the following in addition to
|    the regular AMBER citations:
|
|  - Romelia Salomon-Ferrer; Andreas W. Goetz; Duncan
|    Poole; Scott Le Grand; Ross C. Walker "Routine
|    microsecond molecular dynamics simulations with
|    AMBER - Part II: Particle Mesh Ewald", J. Chem.
|    Theory Comput., 2013, 9 (9), pp3878-3888,
|    DOI: 10.1021/ct400314y.
|
|  - Andreas W. Goetz; Mark J. Williamson; Dong Xu;
|    Duncan Poole; Scott Le Grand; Ross C. Walker
|    "Routine microsecond molecular dynamics simulations
|    with AMBER - Part I: Generalized Born", J. Chem.
|    Theory Comput., 2012, 8 (5), pp1542-1555.
|
|  - Scott Le Grand; Andreas W. Goetz; Ross C. Walker
|    "SPFP: Speed without compromise - a mixed precision
|    model for GPU accelerated molecular dynamics
|    simulations.", Comp. Phys. Comm., 2013, 184
|    pp374-380, DOI: 10.1016/j.cpc.2012.09.022
|
|--------------------------------------------------------
 
|------------------- GPU DEVICE INFO --------------------
|
|            CUDA_VISIBLE_DEVICES: 0
|   CUDA Capable Devices Detected:      1
|           CUDA Device ID in use:      0
|                CUDA Device Name: NVIDIA TITAN X (Pascal)
|     CUDA Device Global Mem Size:  12196 MB
| CUDA Device Num Multiprocessors:     28
|           CUDA Device Core Freq:   1.53 GHz
|
|--------------------------------------------------------
 
 
| Conditional Compilation Defines Used:
| PUBFFT
| BINTRAJ
| CUDA
| EMIL

| Largest sphere to fit in unit cell has radius =    36.279

| New format PARM file being parsed.
| Version =    1.000 Date = 10/22/23 Time = 14:38:05

| Note: 1-4 EEL scale factors are being read from the topology file.

| Note: 1-4 VDW scale factors are being read from the topology file.
| Duplicated    0 dihedrals

| Duplicated    0 dihedrals

--------------------------------------------------------------------------------
   1.  RESOURCE   USE: 
--------------------------------------------------------------------------------

 getting new box info from bottom of inpcrd
 NATOM  =   39319 NTYPES =      12 NBONH =   38673 MBONA  =     650
 NTHETH =    1376 MTHETA =     856 NPHIH =    2964 MPHIA  =    2532
 NHPARM =       0 NPARM  =       0 NNB   =   57446 NRES   =   12795
 NBONA  =     650 NTHETA =     856 NPHIA =    2532 NUMBND =      40
 NUMANG =      90 NPTRA  =     113 NATYP =      21 NPHB   =       0
 IFBOX  =       1 NMXRS  =      24 IFCAP =       0 NEXTRA =       0
 NCOPY  =       0

| Coordinate Index Table dimensions:    13   14   15
| Direct force subcell size =     5.5815    5.7664    5.6288

     BOX TYPE: RECTILINEAR

--------------------------------------------------------------------------------
   2.  CONTROL  DATA  FOR  THE  RUN
--------------------------------------------------------------------------------

default_name                                                                    

General flags:
     imin    =       1, nmropt  =       0

Nature and format of input:
     ntx     =       1, irest   =       0, ntrx    =       1

Nature and format of output:
     ntxo    =       2, ntpr    =     100, ntrx    =       1, ntwr    =     100
     iwrap   =       0, ntwx    =       0, ntwv    =       0, ntwe    =       0
     ioutfm  =       1, ntwprt  =       0, idecomp =       0, rbornstat=      0

Potential function:
     ntf     =       1, ntb     =       1, igb     =       0, nsnb    =      20
     ipol    =       0, gbsa    =       0, iesp    =       0
     dielc   =   1.00000, cut     =  10.00000, intdiel =   1.00000

Frozen or restrained atoms:
     ibelly  =       0, ntr     =       1
     restraint_wt =  10.00000

Energy minimization:
     maxcyc  =    2000, ncyc    =    1500, ntmin   =       1
     dx0     =   0.01000, drms    =   0.10000

| Intermolecular bonds treatment:
|     no_intermolecular_bonds =       1

| Energy averages sample interval:
|     ene_avg_sampling =       1

Ewald parameters:
     verbose =       0, ew_type =       0, nbflag  =       1, use_pme =       1
     vdwmeth =       1, eedmeth =       1, netfrc  =       0
     Box X =   72.559   Box Y =   80.729   Box Z =   84.432
     Alpha =   90.000   Beta  =   90.000   Gamma =   90.000
     NFFT1 =   80       NFFT2 =   84       NFFT3 =   96
     Cutoff=   10.000   Tol   =0.100E-04
     Ewald Coefficient =  0.27511
     Interpolation order =    4

    LOADING THE CONSTRAINED ATOMS AS GROUPS


   5.  REFERENCE ATOM COORDINATES

  default_name                                                                    
     Mask !:WAT; matches  1258 atoms

--------------------------------------------------------------------------------
   3.  ATOMIC COORDINATES AND VELOCITIES
--------------------------------------------------------------------------------

default_name                                                                    
 begin time read from input coords =     0.000 ps

 
 Number of triangulated 3-point waters found:    12687

     Sum of charges from parm topology file =   3.99999986
     Assuming uniform neutralizing plasma

| Dynamic Memory, Types Used:
| Reals             1167320
| Integers          1235814

| Nonbonded Pairs Initial Allocation:    11893014

| GPU memory information (estimate):
| KB of GPU memory in use:    150637
| KB of CPU memory in use:     73462

--------------------------------------------------------------------------------
   4.  RESULTS
--------------------------------------------------------------------------------



   NSTEP       ENERGY          RMS            GMAX         NAME    NUMBER
      1       1.4934E+06     1.3308E+02     2.0884E+04     NH2      1068

 BOND    =      236.3112  ANGLE   =     1821.5369  DIHED      =     3423.0332
 VDWAALS =  1611630.8381  EEL     =  -129514.9517  HBOND      =        0.0000
 1-4 VDW =      825.9002  1-4 EEL =     4991.7460  RESTRAINT  =        0.0000


   NSTEP       ENERGY          RMS            GMAX         NAME    NUMBER
    100      -1.3290E+05     3.2536E+00     1.0095E+02     C         567

 BOND    =     8939.5926  ANGLE   =      174.1948  DIHED      =     2103.1508
 VDWAALS =    13502.8338  EEL     =  -163387.6920  HBOND      =        0.0000
 1-4 VDW =      268.3321  1-4 EEL =     4953.3259  RESTRAINT  =      548.8386
 EAMBER  =  -133446.2621


   NSTEP       ENERGY          RMS            GMAX         NAME    NUMBER
    200      -1.3791E+05     2.4664E+00     2.1897E+02     C         567

 BOND    =     8269.1520  ANGLE   =      181.3391  DIHED      =     1954.4036
 VDWAALS =    15961.6404  EEL     =  -170152.0513  HBOND      =        0.0000
 1-4 VDW =      268.0875  1-4 EEL =     4933.5144  RESTRAINT  =      671.1604
 EAMBER  =  -138583.9142


   NSTEP       ENERGY          RMS            GMAX         NAME    NUMBER
    300      -1.4072E+05     2.1440E+00     2.0753E+02     C         567

 BOND    =     9104.6431  ANGLE   =      174.5481  DIHED      =     1905.7646
 VDWAALS =    18019.2698  EEL     =  -175827.9959  HBOND      =        0.0000
 1-4 VDW =      267.2774  1-4 EEL =     4929.1339  RESTRAINT  =      708.9003
 EAMBER  =  -141427.3590


   NSTEP       ENERGY          RMS            GMAX         NAME    NUMBER
    400      -1.4267E+05     1.8188E+00     1.3489E+02     C         567

 BOND    =     9452.3887  ANGLE   =      174.4971  DIHED      =     1888.8763
 VDWAALS =    19687.7024  EEL     =  -179795.3340  HBOND      =        0.0000
 1-4 VDW =      268.1219  1-4 EEL =     4928.2395  RESTRAINT  =      722.9014
 EAMBER  =  -143395.5081


   NSTEP       ENERGY          RMS            GMAX         NAME    NUMBER
    500      -1.4420E+05     1.6081E+00     2.7938E+02     C         627

 BOND    =     9751.8058  ANGLE   =      169.3939  DIHED      =     1884.1665
 VDWAALS =    21033.5412  EEL     =  -182959.4140  HBOND      =        0.0000
 1-4 VDW =      267.7271  1-4 EEL =     4928.5353  RESTRAINT  =      726.5351
 EAMBER  =  -144924.2443


   NSTEP       ENERGY          RMS            GMAX         NAME    NUMBER
    600      -1.4542E+05     1.4519E+00     2.9194E+02     C         627

 BOND    =     9992.0119  ANGLE   =      166.9440  DIHED      =     1882.1555
 VDWAALS =    22126.7247  EEL     =  -185506.4551  HBOND      =        0.0000
 1-4 VDW =      267.6925  1-4 EEL =     4926.9098  RESTRAINT  =      727.7369
 EAMBER  =  -146144.0166


   NSTEP       ENERGY          RMS            GMAX         NAME    NUMBER
    700      -1.4642E+05     3.4085E-01     1.0754E+01     CZ       1173

 BOND    =    10169.6306  ANGLE   =      163.6536  DIHED      =     1881.2800
 VDWAALS =    23028.5790  EEL     =  -187590.5492  HBOND      =        0.0000
 1-4 VDW =      267.5008  1-4 EEL =     4927.7560  RESTRAINT  =      727.7722
 EAMBER  =  -147152.1492


   NSTEP       ENERGY          RMS            GMAX         NAME    NUMBER
    800      -1.4727E+05     9.0518E-01     6.7489E+01     CZ       1173

 BOND    =    10367.0164  ANGLE   =      164.3755  DIHED      =     1880.4226
 VDWAALS =    23834.9268  EEL     =  -189437.1448  HBOND      =        0.0000
 1-4 VDW =      267.4129  1-4 EEL =     4927.7889  RESTRAINT  =      728.0332
 EAMBER  =  -147995.2016


   NSTEP       ENERGY          RMS            GMAX         NAME    NUMBER
    900      -1.4800E+05     9.3233E-01     1.3208E+02     C         627

 BOND    =    10525.2289  ANGLE   =      165.0641  DIHED      =     1877.8066
 VDWAALS =    24535.9201  EEL     =  -191025.2076  HBOND      =        0.0000
 1-4 VDW =      267.3966  1-4 EEL =     4927.8718  RESTRAINT  =      729.2792
 EAMBER  =  -148725.9195


   NSTEP       ENERGY          RMS            GMAX         NAME    NUMBER
   1000      -1.4862E+05     7.5862E-01     8.6165E+01     C         627

 BOND    =    10658.6148  ANGLE   =      164.2364  DIHED      =     1874.2497
 VDWAALS =    25149.3578  EEL     =  -192396.2359  HBOND      =        0.0000
 1-4 VDW =      267.3619  1-4 EEL =     4927.9972  RESTRAINT  =      731.4477
 EAMBER  =  -149354.4181


   NSTEP       ENERGY          RMS            GMAX         NAME    NUMBER
   1100      -1.4918E+05     3.3703E-01     2.1213E+01     CZ       1173

 BOND    =    10773.0110  ANGLE   =      163.9530  DIHED      =     1873.6865
 VDWAALS =    25701.9180  EEL     =  -193621.6194  HBOND      =        0.0000
 1-4 VDW =      267.4022  1-4 EEL =     4927.9586  RESTRAINT  =      731.9184
 EAMBER  =  -149913.6901


   NSTEP       ENERGY          RMS            GMAX         NAME    NUMBER
   1200      -1.4969E+05     3.5786E-01     2.8932E+01     C         627

 BOND    =    10886.5885  ANGLE   =      163.9577  DIHED      =     1873.5563
 VDWAALS =    26215.6133  EEL     =  -194755.7684  HBOND      =        0.0000
 1-4 VDW =      267.3102  1-4 EEL =     4927.8064  RESTRAINT  =      732.1098
 EAMBER  =  -150420.9359


   NSTEP       ENERGY          RMS            GMAX         NAME    NUMBER
   1300      -1.5014E+05     3.9991E-01     2.9919E+01     CZ       1173

 BOND    =    10987.8555  ANGLE   =      164.2131  DIHED      =     1873.5813
 VDWAALS =    26676.6768  EEL     =  -195767.0184  HBOND      =        0.0000
 1-4 VDW =      267.2753  1-4 EEL =     4927.5646  RESTRAINT  =      732.1367
 EAMBER  =  -150869.8517


   NSTEP       ENERGY          RMS            GMAX         NAME    NUMBER
   1400      -1.5054E+05     2.1639E-01     7.3111E+00     C         627

 BOND    =    11077.4239  ANGLE   =      164.0269  DIHED      =     1873.6107
 VDWAALS =    27100.7149  EEL     =  -196683.9776  HBOND      =        0.0000
 1-4 VDW =      267.2120  1-4 EEL =     4927.4409  RESTRAINT  =      732.1153
 EAMBER  =  -151273.5484


   NSTEP       ENERGY          RMS            GMAX         NAME    NUMBER
   1500      -1.5089E+05     8.4720E-01     1.2727E+02     C         627

 BOND    =    11173.3680  ANGLE   =      164.7903  DIHED      =     1873.5595
 VDWAALS =    27497.1787  EEL     =  -197527.9738  HBOND      =        0.0000
 1-4 VDW =      267.1566  1-4 EEL =     4927.0725  RESTRAINT  =      732.1842
 EAMBER  =  -151624.8482


   NSTEP       ENERGY          RMS            GMAX         NAME    NUMBER
   1600      -1.5273E+05     1.2717E+00     7.5847E+01     CB        622

 BOND    =    11737.3396  ANGLE   =      168.0160  DIHED      =     1873.5397
 VDWAALS =    29951.1356  EEL     =  -202377.9262  HBOND      =        0.0000
 1-4 VDW =      266.3379  1-4 EEL =     4924.8505  RESTRAINT  =      730.9842
 EAMBER  =  -153456.7068


   NSTEP       ENERGY          RMS            GMAX         NAME    NUMBER
   1700      -1.5354E+05     3.4155E-01     2.2632E+01     OG        625

 BOND    =    11801.9832  ANGLE   =      165.4818  DIHED      =     1874.6528
 VDWAALS =    30573.8454  EEL     =  -203880.6578  HBOND      =        0.0000
 1-4 VDW =      266.6764  1-4 EEL =     4925.3635  RESTRAINT  =      729.4667
 EAMBER  =  -154272.6546


   NSTEP       ENERGY          RMS            GMAX         NAME    NUMBER
   1800      -1.5424E+05     6.5909E-01     4.9853E+01     CB        622

 BOND    =    11974.0214  ANGLE   =      164.5726  DIHED      =     1876.9854
 VDWAALS =    31322.0106  EEL     =  -205501.4237  HBOND      =        0.0000
 1-4 VDW =      266.3336  1-4 EEL =     4925.9095  RESTRAINT  =      729.0103
 EAMBER  =  -154971.5908


   NSTEP       ENERGY          RMS            GMAX         NAME    NUMBER
   1900      -1.5457E+05     4.2075E-01     2.5590E+01     H         619

 BOND    =    12022.4585  ANGLE   =      164.5924  DIHED      =     1876.8501
 VDWAALS =    31538.2793  EEL     =  -206089.6658  HBOND      =        0.0000
 1-4 VDW =      266.5270  1-4 EEL =     4925.2787  RESTRAINT  =      728.5585
 EAMBER  =  -155295.6798


   NSTEP       ENERGY          RMS            GMAX         NAME    NUMBER
   2000      -1.5485E+05     4.2352E-01     3.6126E+01     CB        622

 BOND    =    12084.9328  ANGLE   =      164.6491  DIHED      =     1875.9161
 VDWAALS =    31801.9400  EEL     =  -206696.8671  HBOND      =        0.0000
 1-4 VDW =      266.4108  1-4 EEL =     4925.2590  RESTRAINT  =      728.4466
 EAMBER  =  -155577.7593


  Maximum number of minimization cycles reached.


                    FINAL RESULTS



   NSTEP       ENERGY          RMS            GMAX         NAME    NUMBER
   2000      -1.5485E+05     4.2352E-01     3.6126E+01     CB        622

 BOND    =    12084.9328  ANGLE   =      164.6491  DIHED      =     1875.9161
 VDWAALS =    31801.9400  EEL     =  -206696.8671  HBOND      =        0.0000
 1-4 VDW =      266.4108  1-4 EEL =     4925.2590  RESTRAINT  =      728.4466
 EAMBER  =  -155577.7593
--------------------------------------------------------------------------------
   5.  TIMINGS
--------------------------------------------------------------------------------

|  NonSetup CPU Time in Major Routines:
|
|     Routine           Sec        %
|     ------------------------------
|     Nonbond           1.57   32.44
|     Bond              0.00    0.00
|     Angle             0.00    0.00
|     Dihedral          0.00    0.00
|     Shake             0.00    0.00
|     Other             3.26   67.56
|     ------------------------------
|     Total             4.83

|  PME Nonbond Pairlist CPU Time:
|
|     Routine              Sec        %
|     ---------------------------------
|     Set Up Cit           0.00    0.00
|     Build List           0.00    0.00
|     ---------------------------------
|     Total                0.00    0.00

|  PME Direct Force CPU Time:
|
|     Routine              Sec        %
|     ---------------------------------
|     NonBonded Calc       0.00    0.00
|     Exclude Masked       0.00    0.00
|     Other                0.00    0.10
|     ---------------------------------
|     Total                0.00    0.10

|  PME Reciprocal Force CPU Time:
|
|     Routine              Sec        %
|     ---------------------------------
|     1D bspline           0.00    0.00
|     Grid Charges         0.00    0.00
|     Scalar Sum           0.00    0.00
|     Gradient Sum         0.00    0.00
|     FFT                  0.00    0.00
|     ---------------------------------
|     Total                0.00    0.00

|  Setup CPU time:            0.68 seconds
|  NonSetup CPU time:         4.83 seconds
|  Total CPU time:            5.51 seconds     0.00 hours

|  Setup wall time:           1    seconds
|  NonSetup wall time:        5    seconds
|  Total wall time:           6    seconds     0.00 hours
