
          -------------------------------------------------------
          Amber 22 PMEMD                              2022
          -------------------------------------------------------

| PMEMD implementation of SANDER, Release 22

|  Compiled date/time: Thu Apr 14 13:06:37 2022
| Run on 10/20/2023 at 11:56:31

|   Executable path: pmemd.cuda
| Working directory: /panfs/accrepfs.vampire/home/nehilpkd/projects/biomatsims/dimerization/amyloid/3_sys_min
|          Hostname: gpu0018

  [-O]verwriting output

File Assignments:
|   MDIN: min_sys.in                                                            
|  MDOUT: sys_min.out                                                           
| INPCRD: ../3_sys_min/md_wat.rst                                               
|   PARM: ../a.prmtop                                                           
| RESTRT: sys_min.rst                                                           
|   REFC: ../3_sys_min/md_wat.rst                                               
|  MDVEL: mdvel                                                                 
|   MDEN: mden                                                                  
|  MDCRD: mdcrd                                                                 
| MDINFO: mdinfo                                                                
|  MDFRC: mdfrc                                                                 


 Here is the input file:

 System minimization:                                                          
&cntrl                                                                         
   imin=1, ntmin=1, nmropt=0, drms=0.1                                         
   maxcyc=2000, ncyc=1500,                                                     
   ntx=1, irest=0,                                                             
   ntpr=100, ntwr=100, iwrap=0,                                                
   ntf=1, ntb=1, cut=10.0, nsnb=20,                                            
   igb=0,                                                                      
   ibelly=0, ntr=0,                                                            
&end                                                                           


Note: ig = -1. Setting random seed to   544769 based on wallclock time in 
      microseconds.
| irandom = 1, using AMBER's internal random number generator (default).
| INFO:    The nsnb ctrl option does not affect nonbonded list update frequency.
|          It does affect steepest descent minimization freq if ntmin == 0
 
|--------------------- INFORMATION ----------------------
| GPU (CUDA) Version of PMEMD in use: NVIDIA GPU IN USE.
|                    Version 18.0.0
| 
|                      03/25/2018
| 
| Implementation by:
|                    Ross C. Walker     (SDSC)
|                    Scott Le Grand     (nVIDIA)
| 
| Version 18 performance extensions by:
|                    David Cerutti     (Rutgers)
| 
| Precision model in use:
|      [SPFP] - Single Precision Forces, 64-bit Fixed Point
|               Accumulation. (Default)
| 
|--------------------------------------------------------
 
|----------------- CITATION INFORMATION -----------------
|
|    When publishing work that utilized the CUDA version
|    of AMBER, please cite the following in addition to
|    the regular AMBER citations:
|
|  - Romelia Salomon-Ferrer; Andreas W. Goetz; Duncan
|    Poole; Scott Le Grand; Ross C. Walker "Routine
|    microsecond molecular dynamics simulations with
|    AMBER - Part II: Particle Mesh Ewald", J. Chem.
|    Theory Comput., 2013, 9 (9), pp3878-3888,
|    DOI: 10.1021/ct400314y.
|
|  - Andreas W. Goetz; Mark J. Williamson; Dong Xu;
|    Duncan Poole; Scott Le Grand; Ross C. Walker
|    "Routine microsecond molecular dynamics simulations
|    with AMBER - Part I: Generalized Born", J. Chem.
|    Theory Comput., 2012, 8 (5), pp1542-1555.
|
|  - Scott Le Grand; Andreas W. Goetz; Ross C. Walker
|    "SPFP: Speed without compromise - a mixed precision
|    model for GPU accelerated molecular dynamics
|    simulations.", Comp. Phys. Comm., 2013, 184
|    pp374-380, DOI: 10.1016/j.cpc.2012.09.022
|
|--------------------------------------------------------
 
|------------------- GPU DEVICE INFO --------------------
|
|            CUDA_VISIBLE_DEVICES: 0
|   CUDA Capable Devices Detected:      1
|           CUDA Device ID in use:      0
|                CUDA Device Name: NVIDIA TITAN X (Pascal)
|     CUDA Device Global Mem Size:  12196 MB
| CUDA Device Num Multiprocessors:     28
|           CUDA Device Core Freq:   1.53 GHz
|
|--------------------------------------------------------
 
 
| Conditional Compilation Defines Used:
| PUBFFT
| BINTRAJ
| CUDA
| EMIL

| Largest sphere to fit in unit cell has radius =    16.835

| New format PARM file being parsed.
| Version =    1.000 Date = 10/20/23 Time = 11:55:29

| Note: 1-4 EEL scale factors are being read from the topology file.

| Note: 1-4 VDW scale factors are being read from the topology file.
| Duplicated    0 dihedrals

| Duplicated    0 dihedrals

--------------------------------------------------------------------------------
   1.  RESOURCE   USE: 
--------------------------------------------------------------------------------

 getting new box info from bottom of inpcrd
 NATOM  =    7469 NTYPES =      12 NBONH =    7371 MBONA  =      98
 NTHETH =     228 MTHETA =     130 NPHIH =     434 MPHIA  =     400
 NHPARM =       0 NPARM  =       0 NNB   =   10766 NRES   =    2437
 NBONA  =      98 NTHETA =     130 NPHIA =     400 NUMBND =      27
 NUMANG =      55 NPTRA  =      78 NATYP =      19 NPHB   =       0
 IFBOX  =       1 NMXRS  =      22 IFCAP =       0 NEXTRA =       0
 NCOPY  =       0

| Coordinate Index Table dimensions:     6   11    6
| Direct force subcell size =     5.9612    5.8385    5.6116

     BOX TYPE: RECTILINEAR

--------------------------------------------------------------------------------
   2.  CONTROL  DATA  FOR  THE  RUN
--------------------------------------------------------------------------------

default_name                                                                    

General flags:
     imin    =       1, nmropt  =       0

Nature and format of input:
     ntx     =       1, irest   =       0, ntrx    =       1

Nature and format of output:
     ntxo    =       2, ntpr    =     100, ntrx    =       1, ntwr    =     100
     iwrap   =       0, ntwx    =       0, ntwv    =       0, ntwe    =       0
     ioutfm  =       1, ntwprt  =       0, idecomp =       0, rbornstat=      0

Potential function:
     ntf     =       1, ntb     =       1, igb     =       0, nsnb    =      20
     ipol    =       0, gbsa    =       0, iesp    =       0
     dielc   =   1.00000, cut     =  10.00000, intdiel =   1.00000

Frozen or restrained atoms:
     ibelly  =       0, ntr     =       0

Energy minimization:
     maxcyc  =    2000, ncyc    =    1500, ntmin   =       1
     dx0     =   0.01000, drms    =   0.10000

| Intermolecular bonds treatment:
|     no_intermolecular_bonds =       1

| Energy averages sample interval:
|     ene_avg_sampling =       1

Ewald parameters:
     verbose =       0, ew_type =       0, nbflag  =       1, use_pme =       1
     vdwmeth =       1, eedmeth =       1, netfrc  =       0
     Box X =   35.767   Box Y =   64.224   Box Z =   33.670
     Alpha =   90.000   Beta  =   90.000   Gamma =   90.000
     NFFT1 =   36       NFFT2 =   64       NFFT3 =   36
     Cutoff=   10.000   Tol   =0.100E-04
     Ewald Coefficient =  0.27511
     Interpolation order =    4

--------------------------------------------------------------------------------
   3.  ATOMIC COORDINATES AND VELOCITIES
--------------------------------------------------------------------------------

default_name                                                                    
 begin time read from input coords =    20.000 ps

 
 Number of triangulated 3-point waters found:     2423

     Sum of charges from parm topology file =  -0.00000002
     Forcing neutrality...

| Dynamic Memory, Types Used:
| Reals              308748
| Integers           222904

| Nonbonded Pairs Initial Allocation:     2259185

| GPU memory information (estimate):
| KB of GPU memory in use:     32298
| KB of CPU memory in use:     15288

--------------------------------------------------------------------------------
   4.  RESULTS
--------------------------------------------------------------------------------



   NSTEP       ENERGY          RMS            GMAX         NAME    NUMBER
      1      -2.3262E+04     1.3958E+01     7.3256E+01     CA         80

 BOND    =       30.1664  ANGLE   =       69.1144  DIHED      =      134.7485
 VDWAALS =     3274.3974  EEL     =   -27584.6114  HBOND      =        0.0000
 1-4 VDW =       48.9289  1-4 EEL =      764.9824  RESTRAINT  =        0.0000


   NSTEP       ENERGY          RMS            GMAX         NAME    NUMBER
    100      -2.8352E+04     2.7575E+00     1.6067E+01     C         138

 BOND    =     2032.1901  ANGLE   =       16.0504  DIHED      =      122.1868
 VDWAALS =     3038.2456  EEL     =   -34359.0759  HBOND      =        0.0000
 1-4 VDW =       42.7255  1-4 EEL =      755.3088  RESTRAINT  =        0.0000


   NSTEP       ENERGY          RMS            GMAX         NAME    NUMBER
    200      -2.9108E+04     7.8702E-01     7.2727E+00     CE1        13

 BOND    =     1976.1191  ANGLE   =       16.4836  DIHED      =      121.1975
 VDWAALS =     3388.4836  EEL     =   -35406.1659  HBOND      =        0.0000
 1-4 VDW =       41.5324  1-4 EEL =      754.7103  RESTRAINT  =        0.0000


   NSTEP       ENERGY          RMS            GMAX         NAME    NUMBER
    300      -2.9509E+04     4.4630E-01     6.2189E+00     CZ         15

 BOND    =     2002.0136  ANGLE   =       16.6381  DIHED      =      120.0100
 VDWAALS =     3677.9681  EEL     =   -36121.7353  HBOND      =        0.0000
 1-4 VDW =       41.1008  1-4 EEL =      755.0258  RESTRAINT  =        0.0000


   NSTEP       ENERGY          RMS            GMAX         NAME    NUMBER
    400      -2.9795E+04     5.7819E-01     2.3623E+01     CZ         15

 BOND    =     2061.4692  ANGLE   =       16.6943  DIHED      =      118.5877
 VDWAALS =     3917.3726  EEL     =   -36705.9433  HBOND      =        0.0000
 1-4 VDW =       40.8991  1-4 EEL =      755.5120  RESTRAINT  =        0.0000


   NSTEP       ENERGY          RMS            GMAX         NAME    NUMBER
    500      -2.9995E+04     1.4118E+00     7.2234E+01     CZ         15

 BOND    =     2108.4183  ANGLE   =       17.0737  DIHED      =      117.3313
 VDWAALS =     4106.5520  EEL     =   -37141.6544  HBOND      =        0.0000
 1-4 VDW =       40.7883  1-4 EEL =      756.0361  RESTRAINT  =        0.0000


   NSTEP       ENERGY          RMS            GMAX         NAME    NUMBER
    600      -3.0157E+04     1.2194E+00     6.0584E+01     CZ         15

 BOND    =     2140.7469  ANGLE   =       16.8227  DIHED      =      116.4631
 VDWAALS =     4267.2072  EEL     =   -37495.2510  HBOND      =        0.0000
 1-4 VDW =       40.7091  1-4 EEL =      756.5157  RESTRAINT  =        0.0000


   NSTEP       ENERGY          RMS            GMAX         NAME    NUMBER
    700      -3.0291E+04     3.2366E-01     1.0788E+01     CZ         15

 BOND    =     2164.8896  ANGLE   =       16.5232  DIHED      =      115.8651
 VDWAALS =     4406.8588  EEL     =   -37792.6210  HBOND      =        0.0000
 1-4 VDW =       40.6526  1-4 EEL =      756.8955  RESTRAINT  =        0.0000


   NSTEP       ENERGY          RMS            GMAX         NAME    NUMBER
    800      -3.0394E+04     8.8703E-01     4.6063E+01     CZ         15

 BOND    =     2191.6552  ANGLE   =       16.6335  DIHED      =      115.4870
 VDWAALS =     4527.9187  EEL     =   -38043.4768  HBOND      =        0.0000
 1-4 VDW =       40.6037  1-4 EEL =      757.3255  RESTRAINT  =        0.0000


   NSTEP       ENERGY          RMS            GMAX         NAME    NUMBER
    900      -3.0485E+04     7.9004E-01     3.7000E+01     CZ         15

 BOND    =     2211.7730  ANGLE   =       16.6607  DIHED      =      115.2029
 VDWAALS =     4633.7301  EEL     =   -38260.2106  HBOND      =        0.0000
 1-4 VDW =       40.5649  1-4 EEL =      757.6807  RESTRAINT  =        0.0000


   NSTEP       ENERGY          RMS            GMAX         NAME    NUMBER
   1000      -3.0562E+04     6.6800E-01     3.4300E+01     C         198

 BOND    =     2229.0405  ANGLE   =       16.5473  DIHED      =      115.0210
 VDWAALS =     4725.8018  EEL     =   -38447.4410  HBOND      =        0.0000
 1-4 VDW =       40.5240  1-4 EEL =      758.0558  RESTRAINT  =        0.0000


   NSTEP       ENERGY          RMS            GMAX         NAME    NUMBER
   1100      -3.0629E+04     5.5459E-01     2.7867E+01     CZ         15

 BOND    =     2244.1643  ANGLE   =       16.3551  DIHED      =      114.8588
 VDWAALS =     4805.2269  EEL     =   -38608.3567  HBOND      =        0.0000
 1-4 VDW =       40.5023  1-4 EEL =      758.5155  RESTRAINT  =        0.0000


   NSTEP       ENERGY          RMS            GMAX         NAME    NUMBER
   1200      -3.0688E+04     5.2655E-01     2.4318E+01     CZ         15

 BOND    =     2258.1347  ANGLE   =       16.1845  DIHED      =      114.7490
 VDWAALS =     4876.3017  EEL     =   -38753.0911  HBOND      =        0.0000
 1-4 VDW =       40.4774  1-4 EEL =      758.9110  RESTRAINT  =        0.0000


   NSTEP       ENERGY          RMS            GMAX         NAME    NUMBER
   1300      -3.0741E+04     2.9273E-01     1.2544E+01     CZ         15

 BOND    =     2269.6836  ANGLE   =       16.1545  DIHED      =      114.6468
 VDWAALS =     4937.4979  EEL     =   -38878.8447  HBOND      =        0.0000
 1-4 VDW =       40.4607  1-4 EEL =      759.1619  RESTRAINT  =        0.0000


   NSTEP       ENERGY          RMS            GMAX         NAME    NUMBER
   1400      -3.0790E+04     2.5732E-01     1.0958E+01     CZ         15

 BOND    =     2280.8831  ANGLE   =       16.1101  DIHED      =      114.5697
 VDWAALS =     4993.7508  EEL     =   -38994.8393  HBOND      =        0.0000
 1-4 VDW =       40.4401  1-4 EEL =      759.3983  RESTRAINT  =        0.0000


   NSTEP       ENERGY          RMS            GMAX         NAME    NUMBER
   1500      -3.0834E+04     2.7405E-01     1.2010E+01     CZ         15

 BOND    =     2291.1597  ANGLE   =       16.0776  DIHED      =      114.4921
 VDWAALS =     5045.5818  EEL     =   -39100.9268  HBOND      =        0.0000
 1-4 VDW =       40.4256  1-4 EEL =      759.6191  RESTRAINT  =        0.0000


   NSTEP       ENERGY          RMS            GMAX         NAME    NUMBER
   1600      -3.1054E+04     4.4362E-01     1.2930E+01     H2       3140

 BOND    =     2344.6203  ANGLE   =       16.7549  DIHED      =      114.1281
 VDWAALS =     5324.7662  EEL     =   -39655.5689  HBOND      =        0.0000
 1-4 VDW =       40.4718  1-4 EEL =      760.4252  RESTRAINT  =        0.0000


   NSTEP       ENERGY          RMS            GMAX         NAME    NUMBER
   1700      -3.1113E+04     3.1680E-01     1.1753E+01     CB        193

 BOND    =     2359.5596  ANGLE   =       16.5617  DIHED      =      113.8969
 VDWAALS =     5386.4032  EEL     =   -39789.8637  HBOND      =        0.0000
 1-4 VDW =       40.4064  1-4 EEL =      760.3316  RESTRAINT  =        0.0000


   NSTEP       ENERGY          RMS            GMAX         NAME    NUMBER
   1800      -3.1165E+04     7.6088E-01     3.6973E+01     C         198

 BOND    =     2375.1684  ANGLE   =       17.0834  DIHED      =      113.6925
 VDWAALS =     5455.1603  EEL     =   -39926.7734  HBOND      =        0.0000
 1-4 VDW =       40.3876  1-4 EEL =      760.3921  RESTRAINT  =        0.0000


   NSTEP       ENERGY          RMS            GMAX         NAME    NUMBER
   1900      -3.1223E+04     1.9001E-01     4.2963E+00     CB        193

 BOND    =     2386.6654  ANGLE   =       16.5988  DIHED      =      113.4574
 VDWAALS =     5521.7518  EEL     =   -40062.0797  HBOND      =        0.0000
 1-4 VDW =       40.3265  1-4 EEL =      760.3409  RESTRAINT  =        0.0000


   NSTEP       ENERGY          RMS            GMAX         NAME    NUMBER
   2000      -3.1278E+04     7.6326E-01     2.1285E+01     CB        193

 BOND    =     2402.7068  ANGLE   =       17.1465  DIHED      =      113.2287
 VDWAALS =     5594.6048  EEL     =   -40205.9417  HBOND      =        0.0000
 1-4 VDW =       40.3038  1-4 EEL =      760.3800  RESTRAINT  =        0.0000


  Maximum number of minimization cycles reached.


                    FINAL RESULTS



   NSTEP       ENERGY          RMS            GMAX         NAME    NUMBER
   2000      -3.1278E+04     7.6326E-01     2.1285E+01     CB        193

 BOND    =     2402.7068  ANGLE   =       17.1465  DIHED      =      113.2287
 VDWAALS =     5594.6048  EEL     =   -40205.9417  HBOND      =        0.0000
 1-4 VDW =       40.3038  1-4 EEL =      760.3800  RESTRAINT  =        0.0000
--------------------------------------------------------------------------------
   5.  TIMINGS
--------------------------------------------------------------------------------

|  NonSetup CPU Time in Major Routines:
|
|     Routine           Sec        %
|     ------------------------------
|     Nonbond           0.47   40.94
|     Bond              0.00    0.00
|     Angle             0.00    0.00
|     Dihedral          0.00    0.00
|     Shake             0.00    0.00
|     Other             0.67   59.06
|     ------------------------------
|     Total             1.14

|  PME Nonbond Pairlist CPU Time:
|
|     Routine              Sec        %
|     ---------------------------------
|     Set Up Cit           0.00    0.00
|     Build List           0.00    0.00
|     ---------------------------------
|     Total                0.00    0.00

|  PME Direct Force CPU Time:
|
|     Routine              Sec        %
|     ---------------------------------
|     NonBonded Calc       0.00    0.00
|     Exclude Masked       0.00    0.00
|     Other                0.00    0.33
|     ---------------------------------
|     Total                0.00    0.33

|  PME Reciprocal Force CPU Time:
|
|     Routine              Sec        %
|     ---------------------------------
|     1D bspline           0.00    0.00
|     Grid Charges         0.00    0.00
|     Scalar Sum           0.00    0.00
|     Gradient Sum         0.00    0.00
|     FFT                  0.00    0.00
|     ---------------------------------
|     Total                0.00    0.00

|  Setup CPU time:            0.31 seconds
|  NonSetup CPU time:         1.14 seconds
|  Total CPU time:            1.45 seconds     0.00 hours

|  Setup wall time:           0    seconds
|  NonSetup wall time:        1    seconds
|  Total wall time:           1    seconds     0.00 hours
