
          -------------------------------------------------------
          Amber 22 PMEMD                              2022
          -------------------------------------------------------

| PMEMD implementation of SANDER, Release 22

|  Compiled date/time: Thu Apr 14 13:06:37 2022
| Run on 10/19/2023 at 12:13:27

|   Executable path: pmemd.cuda
| Working directory: /panfs/accrepfs.vampire/home/nehilpkd/projects/biomatsims/dimerization/manual/5_meta_COM
|          Hostname: gpu0033

  [-O]verwriting output

File Assignments:
|   MDIN: prod.in                                                               
|  MDOUT: prod.out                                                              
| INPCRD: ../5_meta_COM/heat.rst                                                
|   PARM: ../sa.prmtop                                                          
| RESTRT: heat.rst                                                              
|   REFC: refc                                                                  
|  MDVEL: mdvel                                                                 
|   MDEN: mden                                                                  
|  MDCRD: mdcrd                                                                 
| MDINFO: mdinfo                                                                
|  MDFRC: mdfrc                                                                 


 Here is the input file:

Production                                                                     
 &cntrl                                                                        
  imin=0,                                                                      
  ntx=5,                                                                       
  irest=1,                                                                     
  nstlim=5000000,                                                              
  dt=0.002,                                                                    
  ntf=2,                                                                       
  ntc=2,                                                                       
  temp0=300.0,                                                                 
  ntpr=100000,                                                                 
  ntwx=100000,                                                                 
  cut=8.0,                                                                     
  ntb=2,                                                                       
  ntp=1,                                                                       
  ntt=3,                                                                       
  barostat=1,                                                                  
  gamma_ln=2.0,                                                                
  ig=-1,                                                                       
  plumed = 1,                                                                  
  plumedfile = 'plumed.dat'                                                    
 /                                                                             


Note: ig = -1. Setting random seed to   885328 based on wallclock time in 
      microseconds.
| irandom = 1, using AMBER's internal random number generator (default).
PLUMED is on
PLUMED file is plumed.dat                                                                                                                                                                                                                                                      
 
|--------------------- INFORMATION ----------------------
| GPU (CUDA) Version of PMEMD in use: NVIDIA GPU IN USE.
|                    Version 18.0.0
| 
|                      03/25/2018
| 
| Implementation by:
|                    Ross C. Walker     (SDSC)
|                    Scott Le Grand     (nVIDIA)
| 
| Version 18 performance extensions by:
|                    David Cerutti     (Rutgers)
| 
| Precision model in use:
|      [SPFP] - Single Precision Forces, 64-bit Fixed Point
|               Accumulation. (Default)
| 
|--------------------------------------------------------
 
|----------------- CITATION INFORMATION -----------------
|
|    When publishing work that utilized the CUDA version
|    of AMBER, please cite the following in addition to
|    the regular AMBER citations:
|
|  - Romelia Salomon-Ferrer; Andreas W. Goetz; Duncan
|    Poole; Scott Le Grand; Ross C. Walker "Routine
|    microsecond molecular dynamics simulations with
|    AMBER - Part II: Particle Mesh Ewald", J. Chem.
|    Theory Comput., 2013, 9 (9), pp3878-3888,
|    DOI: 10.1021/ct400314y.
|
|  - Andreas W. Goetz; Mark J. Williamson; Dong Xu;
|    Duncan Poole; Scott Le Grand; Ross C. Walker
|    "Routine microsecond molecular dynamics simulations
|    with AMBER - Part I: Generalized Born", J. Chem.
|    Theory Comput., 2012, 8 (5), pp1542-1555.
|
|  - Scott Le Grand; Andreas W. Goetz; Ross C. Walker
|    "SPFP: Speed without compromise - a mixed precision
|    model for GPU accelerated molecular dynamics
|    simulations.", Comp. Phys. Comm., 2013, 184
|    pp374-380, DOI: 10.1016/j.cpc.2012.09.022
|
|--------------------------------------------------------
 
|------------------- GPU DEVICE INFO --------------------
|
|            CUDA_VISIBLE_DEVICES: 0
|   CUDA Capable Devices Detected:      1
|           CUDA Device ID in use:      0
|                CUDA Device Name: NVIDIA TITAN Xp
|     CUDA Device Global Mem Size:  12196 MB
| CUDA Device Num Multiprocessors:     30
|           CUDA Device Core Freq:   1.58 GHz
|
|--------------------------------------------------------
 
 
| Conditional Compilation Defines Used:
| PUBFFT
| BINTRAJ
| CUDA
| EMIL

| Largest sphere to fit in unit cell has radius =    27.215

| New format PARM file being parsed.
| Version =    1.000 Date = 10/18/23 Time = 00:58:06

| Note: 1-4 EEL scale factors are being read from the topology file.

| Note: 1-4 VDW scale factors are being read from the topology file.
| Duplicated    0 dihedrals

| Duplicated    0 dihedrals

--------------------------------------------------------------------------------
   1.  RESOURCE   USE: 
--------------------------------------------------------------------------------

 getting box info from netcdf restart file
 NATOM  =   20649 NTYPES =      12 NBONH =   20233 MBONA  =     418
 NTHETH =     872 MTHETA =     550 NPHIH =    1894 MPHIA  =    1606
 NHPARM =       0 NPARM  =       0 NNB   =   30724 NRES   =    6685
 NBONA  =     418 NTHETA =     550 NPHIA =    1606 NUMBND =      40
 NUMANG =      90 NPTRA  =     113 NATYP =      21 NPHB   =       0
 IFBOX  =       1 NMXRS  =      24 IFCAP =       0 NEXTRA =       0
 NCOPY  =       0

| Coordinate Index Table dimensions:    14   12   12
| Direct force subcell size =     4.7356    4.8446    4.5359

     BOX TYPE: RECTILINEAR

--------------------------------------------------------------------------------
   2.  CONTROL  DATA  FOR  THE  RUN
--------------------------------------------------------------------------------

default_name                                                                    

General flags:
     imin    =       0, nmropt  =       0

Nature and format of input:
     ntx     =       5, irest   =       1, ntrx    =       1

Nature and format of output:
     ntxo    =       2, ntpr    =  100000, ntrx    =       1, ntwr    = 5000000
     iwrap   =       0, ntwx    =  100000, ntwv    =       0, ntwe    =       0
     ioutfm  =       1, ntwprt  =       0, idecomp =       0, rbornstat=      0

Potential function:
     ntf     =       2, ntb     =       2, igb     =       0, nsnb    =      25
     ipol    =       0, gbsa    =       0, iesp    =       0
     dielc   =   1.00000, cut     =   8.00000, intdiel =   1.00000

Frozen or restrained atoms:
     ibelly  =       0, ntr     =       0

Molecular dynamics:
     nstlim  =   5000000, nscm    =      1000, nrespa  =         1
     t       =   0.00000, dt      =   0.00200, vlimit  =  -1.00000

Langevin dynamics temperature regulation:
     ig      =  885328
     temp0   = 300.00000, tempi   =   0.00000, gamma_ln=   2.00000

Pressure regulation:
     ntp     =       1
     pres0   =   1.00000, comp    =  44.60000, taup    =   1.00000

SHAKE:
     ntc     =       2, jfastw  =       0
     tol     =   0.00001

| Intermolecular bonds treatment:
|     no_intermolecular_bonds =       1

| Energy averages sample interval:
|     ene_avg_sampling =  100000

Ewald parameters:
     verbose =       0, ew_type =       0, nbflag  =       1, use_pme =       1
     vdwmeth =       1, eedmeth =       1, netfrc  =       1
     Box X =   66.298   Box Y =   58.136   Box Z =   54.430
     Alpha =   90.000   Beta  =   90.000   Gamma =   90.000
     NFFT1 =   64       NFFT2 =   64       NFFT3 =   56
     Cutoff=    8.000   Tol   =0.100E-04
     Ewald Coefficient =  0.34864
     Interpolation order =    4

--------------------------------------------------------------------------------
   3.  ATOMIC COORDINATES AND VELOCITIES
--------------------------------------------------------------------------------

default_name                                                                    
 begin time read from input coords =   500.000 ps

 
 Number of triangulated 3-point waters found:     6615

     Sum of charges from parm topology file =   1.99999991
     Assuming uniform neutralizing plasma

| Dynamic Memory, Types Used:
| Reals              926187
| Integers           697956

| Nonbonded Pairs Initial Allocation:     3448899

| GPU memory information (estimate):
| KB of GPU memory in use:    118801
| KB of CPU memory in use:     32971

--------------------------------------------------------------------------------
   4.  RESULTS
--------------------------------------------------------------------------------


 NSTEP =   100000   TIME(PS) =     700.000  TEMP(K) =   299.36  PRESS =   -58.0
 Etot   =    -52269.1387  EKtot   =     12407.3477  EPtot      =    -64676.4863
 BOND   =       165.8804  ANGLE   =       372.4512  DIHED      =       616.1712
 1-4 NB =       176.3760  1-4 EEL =      3078.6068  VDWAALS    =      9059.7147
 EELEC  =    -78145.6866  EHBOND  =         0.0000  RESTRAINT  =         0.0000
 EKCMT  =      5914.4785  VIRIAL  =      6184.8946  VOLUME     =    208117.1953
                                                    Density    =         0.9981
 ------------------------------------------------------------------------------


 NSTEP =   200000   TIME(PS) =     900.000  TEMP(K) =   299.18  PRESS =   193.2
 Etot   =    -52198.9269  EKtot   =     12400.1113  EPtot      =    -64599.0382
 BOND   =       155.7655  ANGLE   =       394.9883  DIHED      =       603.4766
 1-4 NB =       187.4548  1-4 EEL =      3103.4520  VDWAALS    =      8966.6954
 EELEC  =    -78010.8708  EHBOND  =         0.0000  RESTRAINT  =         0.0000
 EKCMT  =      5916.6912  VIRIAL  =      5063.6519  VOLUME     =    208079.4821
                                                    Density    =         0.9982
 ------------------------------------------------------------------------------


 NSTEP =   300000   TIME(PS) =    1100.000  TEMP(K) =   301.35  PRESS =  -135.1
 Etot   =    -52324.1765  EKtot   =     12490.1797  EPtot      =    -64814.3562
 BOND   =       166.1751  ANGLE   =       381.4996  DIHED      =       599.4808
 1-4 NB =       186.2954  1-4 EEL =      3129.0940  VDWAALS    =      9065.8170
 EELEC  =    -78342.7181  EHBOND  =         0.0000  RESTRAINT  =         0.0000
 EKCMT  =      5932.6183  VIRIAL  =      6539.0064  VOLUME     =    208161.0263
                                                    Density    =         0.9979
 ------------------------------------------------------------------------------


 NSTEP =   400000   TIME(PS) =    1300.000  TEMP(K) =   303.03  PRESS =  -223.3
 Etot   =    -52230.9004  EKtot   =     12559.6279  EPtot      =    -64790.5283
 BOND   =       175.8405  ANGLE   =       358.1080  DIHED      =       592.1659
 1-4 NB =       187.7801  1-4 EEL =      3158.4415  VDWAALS    =      8898.2746
 EELEC  =    -78161.1389  EHBOND  =         0.0000  RESTRAINT  =         0.0000
 EKCMT  =      5983.6172  VIRIAL  =      6993.4901  VOLUME     =    207872.7108
                                                    Density    =         0.9992
 ------------------------------------------------------------------------------


 NSTEP =   500000   TIME(PS) =    1500.000  TEMP(K) =   300.56  PRESS =  -154.3
 Etot   =    -52197.3796  EKtot   =     12457.2266  EPtot      =    -64654.6062
 BOND   =       144.5591  ANGLE   =       397.3852  DIHED      =       584.4168
 1-4 NB =       181.2454  1-4 EEL =      3104.9083  VDWAALS    =      8848.0448
 EELEC  =    -77915.1658  EHBOND  =         0.0000  RESTRAINT  =         0.0000
 EKCMT  =      5981.8306  VIRIAL  =      6683.1871  VOLUME     =    207818.2329
                                                    Density    =         0.9995
 ------------------------------------------------------------------------------


 NSTEP =   600000   TIME(PS) =    1700.000  TEMP(K) =   296.94  PRESS =    95.8
 Etot   =    -52120.9449  EKtot   =     12307.0918  EPtot      =    -64428.0367
 BOND   =       166.4282  ANGLE   =       368.2570  DIHED      =       605.3022
 1-4 NB =       179.2039  1-4 EEL =      3136.8849  VDWAALS    =      8908.5892
 EELEC  =    -77792.7021  EHBOND  =         0.0000  RESTRAINT  =         0.0000
 EKCMT  =      5940.8135  VIRIAL  =      5506.9427  VOLUME     =    207423.7532
                                                    Density    =         1.0014
 ------------------------------------------------------------------------------


 NSTEP =   700000   TIME(PS) =    1900.000  TEMP(K) =   301.34  PRESS =   -93.6
 Etot   =    -52159.0572  EKtot   =     12489.7832  EPtot      =    -64648.8404
 BOND   =       176.5967  ANGLE   =       368.0764  DIHED      =       603.3351
 1-4 NB =       178.0388  1-4 EEL =      3111.1166  VDWAALS    =      8888.8971
 EELEC  =    -77974.9010  EHBOND  =         0.0000  RESTRAINT  =         0.0000
 EKCMT  =      6001.2054  VIRIAL  =      6433.1319  VOLUME     =    208039.8222
                                                    Density    =         0.9984
 ------------------------------------------------------------------------------


 NSTEP =   800000   TIME(PS) =    2100.000  TEMP(K) =   300.08  PRESS =  -111.8
 Etot   =    -52131.2212  EKtot   =     12437.2090  EPtot      =    -64568.4302
 BOND   =       163.2109  ANGLE   =       381.9122  DIHED      =       600.6603
 1-4 NB =       192.5329  1-4 EEL =      3124.8097  VDWAALS    =      8867.4767
 EELEC  =    -77899.0328  EHBOND  =         0.0000  RESTRAINT  =         0.0000
 EKCMT  =      6026.0325  VIRIAL  =      6540.6707  VOLUME     =    207821.0471
                                                    Density    =         0.9995
 ------------------------------------------------------------------------------


 NSTEP =   900000   TIME(PS) =    2300.000  TEMP(K) =   301.85  PRESS =    83.3
 Etot   =    -51754.3253  EKtot   =     12510.6572  EPtot      =    -64264.9825
 BOND   =       137.3444  ANGLE   =       398.3763  DIHED      =       582.7537
 1-4 NB =       186.9877  1-4 EEL =      3124.8267  VDWAALS    =      8910.7579
 EELEC  =    -77606.0292  EHBOND  =         0.0000  RESTRAINT  =         0.0000
 EKCMT  =      6015.0994  VIRIAL  =      5652.2779  VOLUME     =    208521.3456
                                                    Density    =         0.9961
 ------------------------------------------------------------------------------


 NSTEP =  1000000   TIME(PS) =    2500.000  TEMP(K) =   300.62  PRESS =  -221.1
 Etot   =    -51940.0580  EKtot   =     12459.7012  EPtot      =    -64399.7591
 BOND   =       160.0968  ANGLE   =       394.1345  DIHED      =       590.6891
 1-4 NB =       179.2602  1-4 EEL =      3132.5214  VDWAALS    =      8790.4648
 EELEC  =    -77646.9259  EHBOND  =         0.0000  RESTRAINT  =         0.0000
 EKCMT  =      5939.6933  VIRIAL  =      6934.0325  VOLUME     =    208786.2119
                                                    Density    =         0.9949
 ------------------------------------------------------------------------------


 NSTEP =  1100000   TIME(PS) =    2700.000  TEMP(K) =   301.00  PRESS =     5.5
 Etot   =    -51949.2695  EKtot   =     12475.3184  EPtot      =    -64424.5878
 BOND   =       136.8208  ANGLE   =       391.1801  DIHED      =       587.6952
 1-4 NB =       181.8853  1-4 EEL =      3123.5601  VDWAALS    =      8848.9390
 EELEC  =    -77694.6684  EHBOND  =         0.0000  RESTRAINT  =         0.0000
 EKCMT  =      5996.7145  VIRIAL  =      5976.7927  VOLUME     =    208611.7984
                                                    Density    =         0.9957
 ------------------------------------------------------------------------------


 NSTEP =  1200000   TIME(PS) =    2900.000  TEMP(K) =   301.46  PRESS =   186.7
 Etot   =    -52210.3249  EKtot   =     12494.5605  EPtot      =    -64704.8855
 BOND   =       160.3406  ANGLE   =       395.7507  DIHED      =       612.8753
 1-4 NB =       177.6051  1-4 EEL =      3115.4080  VDWAALS    =      8991.3772
 EELEC  =    -78158.2423  EHBOND  =         0.0000  RESTRAINT  =         0.0000
 EKCMT  =      5953.6169  VIRIAL  =      5123.2145  VOLUME     =    207488.5422
                                                    Density    =         1.0011
 ------------------------------------------------------------------------------


 NSTEP =  1300000   TIME(PS) =    3100.000  TEMP(K) =   299.14  PRESS =   -50.3
 Etot   =    -52206.9927  EKtot   =     12398.2803  EPtot      =    -64605.2730
 BOND   =       136.7575  ANGLE   =       401.3534  DIHED      =       606.5582
 1-4 NB =       191.8669  1-4 EEL =      3160.2942  VDWAALS    =      8881.7563
 EELEC  =    -77983.8595  EHBOND  =         0.0000  RESTRAINT  =         0.0000
 EKCMT  =      5936.8390  VIRIAL  =      6154.9817  VOLUME     =    208226.7780
                                                    Density    =         0.9975
 ------------------------------------------------------------------------------


 NSTEP =  1400000   TIME(PS) =    3300.000  TEMP(K) =   301.11  PRESS =   -83.0
 Etot   =    -51963.9800  EKtot   =     12480.1436  EPtot      =    -64444.1236
 BOND   =       147.5918  ANGLE   =       389.5968  DIHED      =       593.6667
 1-4 NB =       191.1492  1-4 EEL =      3158.9978  VDWAALS    =      8843.9477
 EELEC  =    -77769.0736  EHBOND  =         0.0000  RESTRAINT  =         0.0000
 EKCMT  =      5914.4448  VIRIAL  =      6305.9093  VOLUME     =    208144.3392
                                                    Density    =         0.9979
 ------------------------------------------------------------------------------


 NSTEP =  1500000   TIME(PS) =    3500.000  TEMP(K) =   300.13  PRESS =    30.4
 Etot   =    -52291.0500  EKtot   =     12439.2539  EPtot      =    -64730.3039
 BOND   =       157.5105  ANGLE   =       375.6647  DIHED      =       595.0511
 1-4 NB =       186.2688  1-4 EEL =      3139.1622  VDWAALS    =      8979.3982
 EELEC  =    -78163.3594  EHBOND  =         0.0000  RESTRAINT  =         0.0000
 EKCMT  =      5952.7538  VIRIAL  =      5829.9998  VOLUME     =    207766.4485
                                                    Density    =         0.9997
 ------------------------------------------------------------------------------


 NSTEP =  1600000   TIME(PS) =    3700.000  TEMP(K) =   297.71  PRESS =    -9.8
 Etot   =    -52287.8783  EKtot   =     12339.1445  EPtot      =    -64627.0228
 BOND   =       161.9580  ANGLE   =       385.7111  DIHED      =       590.3305
 1-4 NB =       177.6187  1-4 EEL =      3163.9423  VDWAALS    =      8916.4497
 EELEC  =    -78023.0331  EHBOND  =         0.0000  RESTRAINT  =         0.0000
 EKCMT  =      5858.8527  VIRIAL  =      5915.1404  VOLUME     =    208190.4527
                                                    Density    =         0.9977
 ------------------------------------------------------------------------------


 NSTEP =  1700000   TIME(PS) =    3900.000  TEMP(K) =   298.50  PRESS =    15.1
 Etot   =    -52206.8807  EKtot   =     12371.8535  EPtot      =    -64578.7342
 BOND   =       161.0788  ANGLE   =       387.8074  DIHED      =       597.1476
 1-4 NB =       192.1225  1-4 EEL =      3137.9641  VDWAALS    =      8889.0363
 EELEC  =    -77943.8909  EHBOND  =         0.0000  RESTRAINT  =         0.0000
 EKCMT  =      5889.8645  VIRIAL  =      5827.1587  VOLUME     =    207527.4283
                                                    Density    =         1.0009
 ------------------------------------------------------------------------------


 NSTEP =  1800000   TIME(PS) =    4100.000  TEMP(K) =   301.55  PRESS =   -47.3
 Etot   =    -52009.7542  EKtot   =     12498.3604  EPtot      =    -64508.1145
 BOND   =       159.2822  ANGLE   =       381.8745  DIHED      =       598.3830
 1-4 NB =       177.9850  1-4 EEL =      3164.0923  VDWAALS    =      8898.2646
 EELEC  =    -77887.9962  EHBOND  =         0.0000  RESTRAINT  =         0.0000
 EKCMT  =      5982.6749  VIRIAL  =      6197.0546  VOLUME     =    208131.8640
                                                    Density    =         0.9980
 ------------------------------------------------------------------------------


 NSTEP =  1900000   TIME(PS) =    4300.000  TEMP(K) =   299.47  PRESS =   -93.6
 Etot   =    -52079.0937  EKtot   =     12412.2217  EPtot      =    -64491.3154
 BOND   =       143.4081  ANGLE   =       371.1236  DIHED      =       594.8589
 1-4 NB =       184.8199  1-4 EEL =      3145.2954  VDWAALS    =      8847.2558
 EELEC  =    -77778.0771  EHBOND  =         0.0000  RESTRAINT  =         0.0000
 EKCMT  =      5944.9612  VIRIAL  =      6356.4706  VOLUME     =    208526.5272
                                                    Density    =         0.9961
 ------------------------------------------------------------------------------


 NSTEP =  2000000   TIME(PS) =    4500.000  TEMP(K) =   299.29  PRESS =   -62.6
 Etot   =    -52178.3073  EKtot   =     12404.4570  EPtot      =    -64582.7643
 BOND   =       169.6099  ANGLE   =       383.5083  DIHED      =       603.4019
 1-4 NB =       177.8561  1-4 EEL =      3123.4247  VDWAALS    =      8946.2423
 EELEC  =    -77986.8075  EHBOND  =         0.0000  RESTRAINT  =         0.0000
 EKCMT  =      5989.9586  VIRIAL  =      6291.9881  VOLUME     =    208234.6301
                                                    Density    =         0.9975
 ------------------------------------------------------------------------------


 NSTEP =  2100000   TIME(PS) =    4700.000  TEMP(K) =   297.98  PRESS =    82.1
 Etot   =    -52224.4806  EKtot   =     12350.1768  EPtot      =    -64574.6573
 BOND   =       151.5348  ANGLE   =       408.6591  DIHED      =       600.1477
 1-4 NB =       181.4548  1-4 EEL =      3122.4601  VDWAALS    =      9028.6793
 EELEC  =    -78067.5931  EHBOND  =         0.0000  RESTRAINT  =         0.0000
 EKCMT  =      5969.6272  VIRIAL  =      5594.1514  VOLUME     =    207747.6058
                                                    Density    =         0.9998
 ------------------------------------------------------------------------------


 NSTEP =  2200000   TIME(PS) =    4900.000  TEMP(K) =   299.52  PRESS =   201.9
 Etot   =    -51805.1695  EKtot   =     12414.0537  EPtot      =    -64219.2232
 BOND   =       149.4734  ANGLE   =       362.0429  DIHED      =       604.3870
 1-4 NB =       191.6538  1-4 EEL =      3138.0110  VDWAALS    =      8816.2661
 EELEC  =    -77481.0573  EHBOND  =         0.0000  RESTRAINT  =         0.0000
 EKCMT  =      5918.6538  VIRIAL  =      5025.6852  VOLUME     =    207715.6598
                                                    Density    =         1.0000
 ------------------------------------------------------------------------------


 NSTEP =  2300000   TIME(PS) =    5100.000  TEMP(K) =   298.26  PRESS =    39.2
 Etot   =    -51944.4234  EKtot   =     12362.0352  EPtot      =    -64306.4586
 BOND   =       162.4477  ANGLE   =       360.5654  DIHED      =       614.4924
 1-4 NB =       193.2637  1-4 EEL =      3135.1341  VDWAALS    =      8770.8312
 EELEC  =    -77543.1931  EHBOND  =         0.0000  RESTRAINT  =         0.0000
 EKCMT  =      5904.3622  VIRIAL  =      5756.4060  VOLUME     =    208144.7662
                                                    Density    =         0.9979
 ------------------------------------------------------------------------------


 NSTEP =  2400000   TIME(PS) =    5300.000  TEMP(K) =   300.47  PRESS =   -51.7
 Etot   =    -52081.5367  EKtot   =     12453.4258  EPtot      =    -64534.9624
 BOND   =       151.8348  ANGLE   =       395.0904  DIHED      =       612.3651
 1-4 NB =       189.6440  1-4 EEL =      3152.2780  VDWAALS    =      8990.0680
 EELEC  =    -78026.2427  EHBOND  =         0.0000  RESTRAINT  =         0.0000
 EKCMT  =      5972.9434  VIRIAL  =      6192.9031  VOLUME     =    207597.9532
                                                    Density    =         1.0006
 ------------------------------------------------------------------------------


 NSTEP =  2500000   TIME(PS) =    5500.000  TEMP(K) =   296.93  PRESS =   -99.0
 Etot   =    -52312.8453  EKtot   =     12306.6191  EPtot      =    -64619.4644
 BOND   =       153.6646  ANGLE   =       365.6642  DIHED      =       613.6650
 1-4 NB =       194.1193  1-4 EEL =      3148.5621  VDWAALS    =      8937.0240
 EELEC  =    -78032.1636  EHBOND  =         0.0000  RESTRAINT  =         0.0000
 EKCMT  =      5822.9306  VIRIAL  =      6265.6209  VOLUME     =    207718.2783
                                                    Density    =         1.0000
 ------------------------------------------------------------------------------


 NSTEP =  2600000   TIME(PS) =    5700.000  TEMP(K) =   301.84  PRESS =    21.8
 Etot   =    -52158.4796  EKtot   =     12510.3564  EPtot      =    -64668.8360
 BOND   =       142.5658  ANGLE   =       369.1235  DIHED      =       600.3035
 1-4 NB =       191.4283  1-4 EEL =      3137.6144  VDWAALS    =      8894.9726
 EELEC  =    -78004.8441  EHBOND  =         0.0000  RESTRAINT  =         0.0000
 EKCMT  =      5979.5354  VIRIAL  =      5898.4764  VOLUME     =    208016.8654
                                                    Density    =         0.9985
 ------------------------------------------------------------------------------


 NSTEP =  2700000   TIME(PS) =    5900.000  TEMP(K) =   302.02  PRESS =  -150.5
 Etot   =    -51960.0076  EKtot   =     12517.6621  EPtot      =    -64477.6697
 BOND   =       164.6098  ANGLE   =       420.8068  DIHED      =       607.7721
 1-4 NB =       185.7660  1-4 EEL =      3121.3079  VDWAALS    =      8924.5131
 EELEC  =    -77902.4453  EHBOND  =         0.0000  RESTRAINT  =         0.0000
 EKCMT  =      5957.8011  VIRIAL  =      6691.7767  VOLUME     =    208020.6362
                                                    Density    =         0.9985
 ------------------------------------------------------------------------------

