
          -------------------------------------------------------
          Amber 18 PMEMD                              2018
          -------------------------------------------------------

| PMEMD implementation of SANDER, Release 18

| Run on 08/17/2023 at 15:13:32

|   Executable path: pmemd.cuda
| Working directory: /panfs/accrepfs.vampire/home/nehilpkd/projects/biomatsims/a_md/mfp/2_
|          Hostname: gpu0013

  [-O]verwriting output

File Assignments:
|   MDIN: min_sys.in                                                            
|  MDOUT: sys_min.out                                                           
| INPCRD: ../2_/md_wat.rst                                                      
|   PARM: ../mfp.prmtop                                                         
| RESTRT: sys_min.rst                                                           
|   REFC: ../2_/md_wat.rst                                                      
|  MDVEL: mdvel                                                                 
|   MDEN: mden                                                                  
|  MDCRD: mdcrd                                                                 
| MDINFO: mdinfo                                                                
|  MDFRC: mdfrc                                                                 


 Here is the input file:

 System minimization:                                                          
&cntrl                                                                         
   imin=1, ntmin=1, nmropt=0, drms=0.1                                         
   maxcyc=2000, ncyc=1500,                                                     
   ntx=1, irest=0,                                                             
   ntpr=100, ntwr=100, iwrap=0,                                                
   ntf=1, ntb=1, cut=10.0, nsnb=20,                                            
   igb=0,                                                                      
   ibelly=0, ntr=0,                                                            
&end                                                                           


Note: ig = -1. Setting random seed to   409008 based on wallclock time in 
      microseconds.
| irandom = 1, using AMBER's internal random number generator (default).
| INFO:    The nsnb ctrl option does not affect nonbonded list update frequency.
|          It does affect steepest descent minimization freq if ntmin == 0
 
|--------------------- INFORMATION ----------------------
| GPU (CUDA) Version of PMEMD in use: NVIDIA GPU IN USE.
|                    Version 18.0.0
| 
|                      03/25/2018
| 
| Implementation by:
|                    Ross C. Walker     (SDSC)
|                    Scott Le Grand     (nVIDIA)
| 
| Version 18 performance extensions by:
|                    David Cerutti     (Rutgers)
| 
| Precision model in use:
|      [SPFP] - Single Precision Forces, 64-bit Fixed Point
|               Accumulation. (Default)
| 
|--------------------------------------------------------
 
|----------------- CITATION INFORMATION -----------------
|
|    When publishing work that utilized the CUDA version
|    of AMBER, please cite the following in addition to
|    the regular AMBER citations:
|
|  - Romelia Salomon-Ferrer; Andreas W. Goetz; Duncan
|    Poole; Scott Le Grand; Ross C. Walker "Routine
|    microsecond molecular dynamics simulations with
|    AMBER - Part II: Particle Mesh Ewald", J. Chem.
|    Theory Comput., 2013, 9 (9), pp3878-3888,
|    DOI: 10.1021/ct400314y.
|
|  - Andreas W. Goetz; Mark J. Williamson; Dong Xu;
|    Duncan Poole; Scott Le Grand; Ross C. Walker
|    "Routine microsecond molecular dynamics simulations
|    with AMBER - Part I: Generalized Born", J. Chem.
|    Theory Comput., 2012, 8 (5), pp1542-1555.
|
|  - Scott Le Grand; Andreas W. Goetz; Ross C. Walker
|    "SPFP: Speed without compromise - a mixed precision
|    model for GPU accelerated molecular dynamics
|    simulations.", Comp. Phys. Comm., 2013, 184
|    pp374-380, DOI: 10.1016/j.cpc.2012.09.022
|
|--------------------------------------------------------
 
|------------------- GPU DEVICE INFO --------------------
|
|            CUDA_VISIBLE_DEVICES: 0
|   CUDA Capable Devices Detected:      1
|           CUDA Device ID in use:      0
|                CUDA Device Name: NVIDIA TITAN X (Pascal)
|     CUDA Device Global Mem Size:  12196 MB
| CUDA Device Num Multiprocessors:     28
|           CUDA Device Core Freq:   1.53 GHz
|
|--------------------------------------------------------
 
 
| Conditional Compilation Defines Used:
| PUBFFT
| BINTRAJ
| MKL
| CUDA
| EMIL

| Largest sphere to fit in unit cell has radius =    43.436

| New format PARM file being parsed.
| Version =    1.000 Date = 08/17/23 Time = 14:56:22

| Note: 1-4 EEL scale factors are being read from the topology file.

| Note: 1-4 VDW scale factors are being read from the topology file.
| Duplicated    0 dihedrals

| Duplicated    0 dihedrals

--------------------------------------------------------------------------------
   1.  RESOURCE   USE: 
--------------------------------------------------------------------------------

 getting new box info from bottom of inpcrd
 NATOM  =   91625 NTYPES =      15 NBONH =   90984 MBONA  =     666
 NTHETH =    1363 MTHETA =     883 NPHIH =    2903 MPHIA  =    2471
 NHPARM =       0 NPARM  =       0 NNB   =  127310 NRES   =   30204
 NBONA  =     666 NTHETA =     883 NPHIA =    2471 NUMBND =      55
 NUMANG =     118 NPTRA  =     124 NATYP =      29 NPHB   =       1
 IFBOX  =       2 NMXRS  =      24 IFCAP =       0 NEXTRA =       0
 NCOPY  =       0

| Coordinate Index Table dimensions:    17   17   17
| Direct force subcell size =     6.2586    6.2586    6.2586

     BOX TYPE: TRUNCATED OCTAHEDRON

--------------------------------------------------------------------------------
   2.  CONTROL  DATA  FOR  THE  RUN
--------------------------------------------------------------------------------

default_name                                                                    

General flags:
     imin    =       1, nmropt  =       0

Nature and format of input:
     ntx     =       1, irest   =       0, ntrx    =       1

Nature and format of output:
     ntxo    =       2, ntpr    =     100, ntrx    =       1, ntwr    =     100
     iwrap   =       0, ntwx    =       0, ntwv    =       0, ntwe    =       0
     ioutfm  =       1, ntwprt  =       0, idecomp =       0, rbornstat=      0

Potential function:
     ntf     =       1, ntb     =       1, igb     =       0, nsnb    =      20
     ipol    =       0, gbsa    =       0, iesp    =       0
     dielc   =   1.00000, cut     =  10.00000, intdiel =   1.00000

Frozen or restrained atoms:
     ibelly  =       0, ntr     =       0

Energy minimization:
     maxcyc  =    2000, ncyc    =    1500, ntmin   =       1
     dx0     =   0.01000, drms    =   0.10000

| Intermolecular bonds treatment:
|     no_intermolecular_bonds =       1

| Energy averages sample interval:
|     ene_avg_sampling =       1

Ewald parameters:
     verbose =       0, ew_type =       0, nbflag  =       1, use_pme =       1
     vdwmeth =       1, eedmeth =       1, netfrc  =       0
     Box X =  106.396   Box Y =  106.396   Box Z =  106.396
     Alpha =  109.471   Beta  =  109.471   Gamma =  109.471
     NFFT1 =  108       NFFT2 =  108       NFFT3 =  108
     Cutoff=   10.000   Tol   =0.100E-04
     Ewald Coefficient =  0.27511
     Interpolation order =    4

--------------------------------------------------------------------------------
   3.  ATOMIC COORDINATES AND VELOCITIES
--------------------------------------------------------------------------------

default_name                                                                    
 begin time read from input coords =    20.000 ps

 
 Number of triangulated 3-point waters found:    30127

     Sum of charges from parm topology file =  15.99999991
     Assuming uniform neutralizing plasma

| Dynamic Memory, Types Used:
| Reals             2161010
| Integers          2418060

| Nonbonded Pairs Initial Allocation:    27714271

| GPU memory information (estimate):
| KB of GPU memory in use:         0
| KB of CPU memory in use:         0

--------------------------------------------------------------------------------
   4.  RESULTS
--------------------------------------------------------------------------------



   NSTEP       ENERGY          RMS            GMAX         NAME    NUMBER
      1      -2.8838E+05     1.4072E+01     1.2209E+02     CE1       733

 BOND    =      231.3453  ANGLE   =      586.3375  DIHED      =     1087.2193
 VDWAALS =    42565.8353  EEL     =  -337789.7555  HBOND      =        0.0000
 1-4 VDW =      286.0729  1-4 EEL =     4647.9971  RESTRAINT  =        0.0000


   NSTEP       ENERGY          RMS            GMAX         NAME    NUMBER
    100      -3.5049E+05     1.8891E+00     2.0712E+01     C         408

 BOND    =    24404.4175  ANGLE   =      221.8952  DIHED      =      937.5501
 VDWAALS =    39057.0576  EEL     =  -420008.9652  HBOND      =        0.0000
 1-4 VDW =      253.0694  1-4 EEL =     4641.8489  RESTRAINT  =        0.0000


   NSTEP       ENERGY          RMS            GMAX         NAME    NUMBER
    200      -3.5999E+05     1.7714E+00     6.8489E+01     CD2      1037

 BOND    =    23029.7020  ANGLE   =      218.9055  DIHED      =      901.2149
 VDWAALS =    43486.5691  EEL     =  -432516.1572  HBOND      =        0.0000
 1-4 VDW =      248.9370  1-4 EEL =     4640.3207  RESTRAINT  =        0.0000


   NSTEP       ENERGY          RMS            GMAX         NAME    NUMBER
    300      -3.6506E+05     1.3109E+00     1.3360E+02     C        1242

 BOND    =    25179.6668  ANGLE   =      217.7366  DIHED      =      879.2765
 VDWAALS =    47268.5602  EEL     =  -443494.4651  HBOND      =        0.0000
 1-4 VDW =      245.5608  1-4 EEL =     4639.4953  RESTRAINT  =        0.0000


   NSTEP       ENERGY          RMS            GMAX         NAME    NUMBER
    400      -3.6837E+05     1.3202E+00     2.3279E+02     C        1242

 BOND    =    25837.3004  ANGLE   =      216.1792  DIHED      =      864.8639
 VDWAALS =    50193.8606  EEL     =  -450362.4596  HBOND      =        0.0000
 1-4 VDW =      243.7096  1-4 EEL =     4638.5553  RESTRAINT  =        0.0000


   NSTEP       ENERGY          RMS            GMAX         NAME    NUMBER
    500      -3.7087E+05     9.4403E-01     8.8659E+01     CD2       740

 BOND    =    26324.0024  ANGLE   =      210.5599  DIHED      =      856.2833
 VDWAALS =    52543.3133  EEL     =  -455682.3250  HBOND      =        0.0000
 1-4 VDW =      242.5163  1-4 EEL =     4636.0687  RESTRAINT  =        0.0000


   NSTEP       ENERGY          RMS            GMAX         NAME    NUMBER
    600      -3.7277E+05     8.1532E-01     8.0231E+01     NE2       358

 BOND    =    26722.6030  ANGLE   =      209.7795  DIHED      =      849.5563
 VDWAALS =    54436.7509  EEL     =  -459866.5570  HBOND      =        0.0000
 1-4 VDW =      241.7677  1-4 EEL =     4635.1163  RESTRAINT  =        0.0000


   NSTEP       ENERGY          RMS            GMAX         NAME    NUMBER
    700      -3.7430E+05     7.5438E-01     8.2957E+01     NE2       358

 BOND    =    27057.8685  ANGLE   =      207.9510  DIHED      =      845.0533
 VDWAALS =    56023.7777  EEL     =  -463310.8992  HBOND      =        0.0000
 1-4 VDW =      241.0690  1-4 EEL =     4633.6075  RESTRAINT  =        0.0000


   NSTEP       ENERGY          RMS            GMAX         NAME    NUMBER
    800      -3.7557E+05     3.9592E-01     3.9843E+01     C        1242

 BOND    =    27322.1310  ANGLE   =      205.0270  DIHED      =      840.9354
 VDWAALS =    57356.9658  EEL     =  -466172.1431  HBOND      =        0.0000
 1-4 VDW =      240.6832  1-4 EEL =     4633.0387  RESTRAINT  =        0.0000


   NSTEP       ENERGY          RMS            GMAX         NAME    NUMBER
    900      -3.7664E+05     5.2070E-01     5.9765E+01     NE2       358

 BOND    =    27569.2199  ANGLE   =      205.5008  DIHED      =      837.7718
 VDWAALS =    58516.4205  EEL     =  -468641.3246  HBOND      =        0.0000
 1-4 VDW =      240.1895  1-4 EEL =     4631.7840  RESTRAINT  =        0.0000


   NSTEP       ENERGY          RMS            GMAX         NAME    NUMBER
   1000      -3.7759E+05     4.3849E-01     5.3751E+01     NE2       358

 BOND    =    27781.4999  ANGLE   =      205.1972  DIHED      =      834.6003
 VDWAALS =    59549.5596  EEL     =  -470835.2605  HBOND      =        0.0000
 1-4 VDW =      239.8692  1-4 EEL =     4631.0336  RESTRAINT  =        0.0000


   NSTEP       ENERGY          RMS            GMAX         NAME    NUMBER
   1100      -3.7842E+05     3.4079E-01     3.9891E+01     CD2      1037

 BOND    =    27965.7880  ANGLE   =      204.4400  DIHED      =      832.0371
 VDWAALS =    60447.9738  EEL     =  -472744.3033  HBOND      =        0.0000
 1-4 VDW =      239.4770  1-4 EEL =     4629.7816  RESTRAINT  =        0.0000


   NSTEP       ENERGY          RMS            GMAX         NAME    NUMBER
   1200      -3.7915E+05     1.9647E-01     1.2334E+01     NE2       358

 BOND    =    28127.2618  ANGLE   =      203.6798  DIHED      =      829.5812
 VDWAALS =    61234.9244  EEL     =  -474418.3029  HBOND      =        0.0000
 1-4 VDW =      239.2133  1-4 EEL =     4628.9627  RESTRAINT  =        0.0000


   NSTEP       ENERGY          RMS            GMAX         NAME    NUMBER
   1300      -3.7980E+05     7.2119E-01     1.0283E+02     C        1242

 BOND    =    28294.8326  ANGLE   =      207.2831  DIHED      =      827.2651
 VDWAALS =    61955.6114  EEL     =  -475951.0709  HBOND      =        0.0000
 1-4 VDW =      239.0293  1-4 EEL =     4628.6231  RESTRAINT  =        0.0000


   NSTEP       ENERGY          RMS            GMAX         NAME    NUMBER
   1400      -3.8041E+05     5.8625E-01     8.3221E+01     NE2       358

 BOND    =    28426.7211  ANGLE   =      206.0702  DIHED      =      825.4182
 VDWAALS =    62618.7755  EEL     =  -477354.9338  HBOND      =        0.0000
 1-4 VDW =      238.7090  1-4 EEL =     4627.6072  RESTRAINT  =        0.0000


   NSTEP       ENERGY          RMS            GMAX         NAME    NUMBER
   1500      -3.8096E+05     5.3465E-01     1.1950E+02     C        1242

 BOND    =    28550.8219  ANGLE   =      204.6129  DIHED      =      823.4379
 VDWAALS =    63232.7193  EEL     =  -478642.1781  HBOND      =        0.0000
 1-4 VDW =      238.6262  1-4 EEL =     4627.7408  RESTRAINT  =        0.0000


   NSTEP       ENERGY          RMS            GMAX         NAME    NUMBER
   1600      -3.8355E+05     4.1022E-01     7.1808E+01     C        1242

 BOND    =    29130.6036  ANGLE   =      214.6152  DIHED      =      814.5737
 VDWAALS =    66551.2502  EEL     =  -485128.2166  HBOND      =        0.0000
 1-4 VDW =      238.2358  1-4 EEL =     4624.7698  RESTRAINT  =        0.0000


   NSTEP       ENERGY          RMS            GMAX         NAME    NUMBER
   1700      -3.8435E+05     3.5014E-01     5.0957E+01     O        9177

 BOND    =    29402.0292  ANGLE   =      204.1439  DIHED      =      811.5246
 VDWAALS =    67378.0970  EEL     =  -487001.0930  HBOND      =        0.0000
 1-4 VDW =      237.5284  1-4 EEL =     4622.6140  RESTRAINT  =        0.0000


   NSTEP       ENERGY          RMS            GMAX         NAME    NUMBER
   1800      -3.8516E+05     2.3134E-01     3.1994E+01     CB       1237

 BOND    =    29520.2155  ANGLE   =      206.2892  DIHED      =      809.7391
 VDWAALS =    68116.8354  EEL     =  -488667.4671  HBOND      =        0.0000
 1-4 VDW =      237.3578  1-4 EEL =     4621.5496  RESTRAINT  =        0.0000


   NSTEP       ENERGY          RMS            GMAX         NAME    NUMBER
   1900      -3.8646E+05     5.8591E-01     4.6701E+01     OG       1240

 BOND    =    29939.3740  ANGLE   =      207.6455  DIHED      =      804.4254
 VDWAALS =    69867.8892  EEL     =  -492138.6673  HBOND      =        0.0000
 1-4 VDW =      237.6087  1-4 EEL =     4619.7476  RESTRAINT  =        0.0000


   NSTEP       ENERGY          RMS            GMAX         NAME    NUMBER
   2000      -3.8702E+05     2.3072E-01     3.0942E+01     C        1231

 BOND    =    29939.2959  ANGLE   =      207.0095  DIHED      =      803.4449
 VDWAALS =    70187.4660  EEL     =  -493014.4480  HBOND      =        0.0000
 1-4 VDW =      237.8567  1-4 EEL =     4618.6860  RESTRAINT  =        0.0000


  Maximum number of minimization cycles reached.


                    FINAL RESULTS



   NSTEP       ENERGY          RMS            GMAX         NAME    NUMBER
   2000      -3.8702E+05     2.3072E-01     3.0942E+01     C        1231

 BOND    =    29939.2959  ANGLE   =      207.0095  DIHED      =      803.4449
 VDWAALS =    70187.4660  EEL     =  -493014.4480  HBOND      =        0.0000
 1-4 VDW =      237.8567  1-4 EEL =     4618.6860  RESTRAINT  =        0.0000
--------------------------------------------------------------------------------
   5.  TIMINGS
--------------------------------------------------------------------------------

|  NonSetup CPU Time in Major Routines:
|
|     Routine           Sec        %
|     ------------------------------
|     Nonbond           3.85   29.26
|     Bond              0.00    0.00
|     Angle             0.00    0.00
|     Dihedral          0.00    0.00
|     Shake             0.00    0.00
|     Other             9.30   70.74
|     ------------------------------
|     Total            13.15

|  PME Nonbond Pairlist CPU Time:
|
|     Routine              Sec        %
|     ---------------------------------
|     Set Up Cit           0.00    0.00
|     Build List           0.00    0.00
|     ---------------------------------
|     Total                0.00    0.00

|  PME Direct Force CPU Time:
|
|     Routine              Sec        %
|     ---------------------------------
|     NonBonded Calc       0.00    0.00
|     Exclude Masked       0.00    0.00
|     Other                0.01    0.05
|     ---------------------------------
|     Total                0.01    0.05

|  PME Reciprocal Force CPU Time:
|
|     Routine              Sec        %
|     ---------------------------------
|     1D bspline           0.00    0.00
|     Grid Charges         0.00    0.00
|     Scalar Sum           0.00    0.00
|     Gradient Sum         0.00    0.00
|     FFT                  0.00    0.00
|     ---------------------------------
|     Total                0.00    0.00

|  Setup CPU time:            0.94 seconds
|  NonSetup CPU time:        13.15 seconds
|  Total CPU time:           14.09 seconds     0.00 hours

|  Setup wall time:           1    seconds
|  NonSetup wall time:       14    seconds
|  Total wall time:          15    seconds     0.00 hours
