
          -------------------------------------------------------
          Amber 22 PMEMD                              2022
          -------------------------------------------------------

| PMEMD implementation of SANDER, Release 22

|  Compiled date/time: Thu Apr 14 13:06:37 2022
| Run on 10/22/2023 at 14:54:45

|   Executable path: pmemd.cuda
| Working directory: /panfs/accrepfs.vampire/home/nehilpkd/projects/biomatsims/dimerization/s1a2/3_sys_min
|          Hostname: gpu0014

  [-O]verwriting output

File Assignments:
|   MDIN: min_sys.in                                                            
|  MDOUT: sys_min.out                                                           
| INPCRD: ../3_sys_min/md_wat.rst                                               
|   PARM: ../s1a2.prmtop                                                        
| RESTRT: sys_min.rst                                                           
|   REFC: ../3_sys_min/md_wat.rst                                               
|  MDVEL: mdvel                                                                 
|   MDEN: mden                                                                  
|  MDCRD: mdcrd                                                                 
| MDINFO: mdinfo                                                                
|  MDFRC: mdfrc                                                                 


 Here is the input file:

 System minimization:                                                          
&cntrl                                                                         
   imin=1, ntmin=1, nmropt=0, drms=0.1                                         
   maxcyc=2000, ncyc=1500,                                                     
   ntx=1, irest=0,                                                             
   ntpr=100, ntwr=100, iwrap=0,                                                
   ntf=1, ntb=1, cut=10.0, nsnb=20,                                            
   igb=0,                                                                      
   ibelly=0, ntr=0,                                                            
&end                                                                           


Note: ig = -1. Setting random seed to   576256 based on wallclock time in 
      microseconds.
| irandom = 1, using AMBER's internal random number generator (default).
| INFO:    The nsnb ctrl option does not affect nonbonded list update frequency.
|          It does affect steepest descent minimization freq if ntmin == 0
 
|--------------------- INFORMATION ----------------------
| GPU (CUDA) Version of PMEMD in use: NVIDIA GPU IN USE.
|                    Version 18.0.0
| 
|                      03/25/2018
| 
| Implementation by:
|                    Ross C. Walker     (SDSC)
|                    Scott Le Grand     (nVIDIA)
| 
| Version 18 performance extensions by:
|                    David Cerutti     (Rutgers)
| 
| Precision model in use:
|      [SPFP] - Single Precision Forces, 64-bit Fixed Point
|               Accumulation. (Default)
| 
|--------------------------------------------------------
 
|----------------- CITATION INFORMATION -----------------
|
|    When publishing work that utilized the CUDA version
|    of AMBER, please cite the following in addition to
|    the regular AMBER citations:
|
|  - Romelia Salomon-Ferrer; Andreas W. Goetz; Duncan
|    Poole; Scott Le Grand; Ross C. Walker "Routine
|    microsecond molecular dynamics simulations with
|    AMBER - Part II: Particle Mesh Ewald", J. Chem.
|    Theory Comput., 2013, 9 (9), pp3878-3888,
|    DOI: 10.1021/ct400314y.
|
|  - Andreas W. Goetz; Mark J. Williamson; Dong Xu;
|    Duncan Poole; Scott Le Grand; Ross C. Walker
|    "Routine microsecond molecular dynamics simulations
|    with AMBER - Part I: Generalized Born", J. Chem.
|    Theory Comput., 2012, 8 (5), pp1542-1555.
|
|  - Scott Le Grand; Andreas W. Goetz; Ross C. Walker
|    "SPFP: Speed without compromise - a mixed precision
|    model for GPU accelerated molecular dynamics
|    simulations.", Comp. Phys. Comm., 2013, 184
|    pp374-380, DOI: 10.1016/j.cpc.2012.09.022
|
|--------------------------------------------------------
 
|------------------- GPU DEVICE INFO --------------------
|
|            CUDA_VISIBLE_DEVICES: 0
|   CUDA Capable Devices Detected:      1
|           CUDA Device ID in use:      0
|                CUDA Device Name: NVIDIA TITAN X (Pascal)
|     CUDA Device Global Mem Size:  12196 MB
| CUDA Device Num Multiprocessors:     28
|           CUDA Device Core Freq:   1.53 GHz
|
|--------------------------------------------------------
 
 
| Conditional Compilation Defines Used:
| PUBFFT
| BINTRAJ
| CUDA
| EMIL

| Largest sphere to fit in unit cell has radius =    33.818

| New format PARM file being parsed.
| Version =    1.000 Date = 10/22/23 Time = 14:38:05

| Note: 1-4 EEL scale factors are being read from the topology file.

| Note: 1-4 VDW scale factors are being read from the topology file.
| Duplicated    0 dihedrals

| Duplicated    0 dihedrals

--------------------------------------------------------------------------------
   1.  RESOURCE   USE: 
--------------------------------------------------------------------------------

 getting new box info from bottom of inpcrd
 NATOM  =   39319 NTYPES =      12 NBONH =   38673 MBONA  =     650
 NTHETH =    1376 MTHETA =     856 NPHIH =    2964 MPHIA  =    2532
 NHPARM =       0 NPARM  =       0 NNB   =   57446 NRES   =   12795
 NBONA  =     650 NTHETA =     856 NPHIA =    2532 NUMBND =      40
 NUMANG =      90 NPTRA  =     113 NATYP =      21 NPHB   =       0
 IFBOX  =       1 NMXRS  =      24 IFCAP =       0 NEXTRA =       0
 NCOPY  =       0

| Coordinate Index Table dimensions:    12   13   14
| Direct force subcell size =     5.6364    5.7886    5.6217

     BOX TYPE: RECTILINEAR

--------------------------------------------------------------------------------
   2.  CONTROL  DATA  FOR  THE  RUN
--------------------------------------------------------------------------------

default_name                                                                    

General flags:
     imin    =       1, nmropt  =       0

Nature and format of input:
     ntx     =       1, irest   =       0, ntrx    =       1

Nature and format of output:
     ntxo    =       2, ntpr    =     100, ntrx    =       1, ntwr    =     100
     iwrap   =       0, ntwx    =       0, ntwv    =       0, ntwe    =       0
     ioutfm  =       1, ntwprt  =       0, idecomp =       0, rbornstat=      0

Potential function:
     ntf     =       1, ntb     =       1, igb     =       0, nsnb    =      20
     ipol    =       0, gbsa    =       0, iesp    =       0
     dielc   =   1.00000, cut     =  10.00000, intdiel =   1.00000

Frozen or restrained atoms:
     ibelly  =       0, ntr     =       0

Energy minimization:
     maxcyc  =    2000, ncyc    =    1500, ntmin   =       1
     dx0     =   0.01000, drms    =   0.10000

| Intermolecular bonds treatment:
|     no_intermolecular_bonds =       1

| Energy averages sample interval:
|     ene_avg_sampling =       1

Ewald parameters:
     verbose =       0, ew_type =       0, nbflag  =       1, use_pme =       1
     vdwmeth =       1, eedmeth =       1, netfrc  =       0
     Box X =   67.636   Box Y =   75.252   Box Z =   78.704
     Alpha =   90.000   Beta  =   90.000   Gamma =   90.000
     NFFT1 =   64       NFFT2 =   80       NFFT3 =   80
     Cutoff=   10.000   Tol   =0.100E-04
     Ewald Coefficient =  0.27511
     Interpolation order =    4

--------------------------------------------------------------------------------
   3.  ATOMIC COORDINATES AND VELOCITIES
--------------------------------------------------------------------------------

default_name                                                                    
 begin time read from input coords =    20.000 ps

 
 Number of triangulated 3-point waters found:    12687

     Sum of charges from parm topology file =   3.99999986
     Assuming uniform neutralizing plasma

| Dynamic Memory, Types Used:
| Reals             1009992
| Integers          1196495

| Nonbonded Pairs Initial Allocation:    11893014

| GPU memory information (estimate):
| KB of GPU memory in use:    127390
| KB of CPU memory in use:     61240

--------------------------------------------------------------------------------
   4.  RESULTS
--------------------------------------------------------------------------------



   NSTEP       ENERGY          RMS            GMAX         NAME    NUMBER
      1      -1.2187E+05     1.4079E+01     1.0040E+02     C         513

 BOND    =      219.2417  ANGLE   =      578.0083  DIHED      =     1671.7016
 VDWAALS =    17374.9449  EEL     =  -146824.0239  HBOND      =        0.0000
 1-4 VDW =      271.8752  1-4 EEL =     4839.3799  RESTRAINT  =        0.0000


   NSTEP       ENERGY          RMS            GMAX         NAME    NUMBER
    100      -1.4887E+05     8.7143E-01     7.2818E+00     C         276

 BOND    =     9563.0725  ANGLE   =      190.6364  DIHED      =     1439.0635
 VDWAALS =    16025.7402  EEL     =  -181133.6012  HBOND      =        0.0000
 1-4 VDW =      239.8615  1-4 EEL =     4803.3915  RESTRAINT  =        0.0000


   NSTEP       ENERGY          RMS            GMAX         NAME    NUMBER
    200      -1.5287E+05     5.6011E-01     1.8526E+01     CZ        544

 BOND    =    10216.6453  ANGLE   =      180.3986  DIHED      =     1355.3589
 VDWAALS =    17873.2286  EEL     =  -187522.9986  HBOND      =        0.0000
 1-4 VDW =      234.7455  1-4 EEL =     4791.7382  RESTRAINT  =        0.0000


   NSTEP       ENERGY          RMS            GMAX         NAME    NUMBER
    300      -1.5504E+05     4.7619E-01     2.7253E+01     CZ        544

 BOND    =    10586.0297  ANGLE   =      173.1548  DIHED      =     1303.9100
 VDWAALS =    19428.9782  EEL     =  -191547.3524  HBOND      =        0.0000
 1-4 VDW =      231.7822  1-4 EEL =     4783.1497  RESTRAINT  =        0.0000


   NSTEP       ENERGY          RMS            GMAX         NAME    NUMBER
    400      -1.5645E+05     6.4773E-01     6.6661E+01     CZ        544

 BOND    =    10862.3638  ANGLE   =      169.4778  DIHED      =     1268.4947
 VDWAALS =    20622.6511  EEL     =  -194383.1679  HBOND      =        0.0000
 1-4 VDW =      229.9506  1-4 EEL =     4775.6063  RESTRAINT  =        0.0000


   NSTEP       ENERGY          RMS            GMAX         NAME    NUMBER
    500      -1.5749E+05     3.4072E-01     1.7501E+01     CZ        544

 BOND    =    11063.0039  ANGLE   =      167.2725  DIHED      =     1241.2324
 VDWAALS =    21548.1212  EEL     =  -196505.0591  HBOND      =        0.0000
 1-4 VDW =      228.7105  1-4 EEL =     4769.7132  RESTRAINT  =        0.0000


   NSTEP       ENERGY          RMS            GMAX         NAME    NUMBER
    600      -1.5831E+05     2.9742E-01     1.3376E+01     CZ        544

 BOND    =    11232.6499  ANGLE   =      165.5162  DIHED      =     1219.2539
 VDWAALS =    22321.8477  EEL     =  -198243.3726  HBOND      =        0.0000
 1-4 VDW =      227.7112  1-4 EEL =     4764.9873  RESTRAINT  =        0.0000


   NSTEP       ENERGY          RMS            GMAX         NAME    NUMBER
    700      -1.5896E+05     1.0786E+00     1.3529E+02     CZ        544

 BOND    =    11393.8376  ANGLE   =      165.8386  DIHED      =     1202.3234
 VDWAALS =    22970.1508  EEL     =  -199681.8546  HBOND      =        0.0000
 1-4 VDW =      226.9125  1-4 EEL =     4761.1635  RESTRAINT  =        0.0000


   NSTEP       ENERGY          RMS            GMAX         NAME    NUMBER
    800      -1.5952E+05     1.0644E+00     2.0550E+02     C         627

 BOND    =    11510.2300  ANGLE   =      165.7229  DIHED      =     1188.6504
 VDWAALS =    23524.1136  EEL     =  -200892.6245  HBOND      =        0.0000
 1-4 VDW =      226.2705  1-4 EEL =     4757.3540  RESTRAINT  =        0.0000


   NSTEP       ENERGY          RMS            GMAX         NAME    NUMBER
    900      -1.6000E+05     7.9087E-01     9.7088E+01     CZ        544

 BOND    =    11606.9976  ANGLE   =      164.5819  DIHED      =     1176.4965
 VDWAALS =    24003.6332  EEL     =  -201930.0293  HBOND      =        0.0000
 1-4 VDW =      225.7062  1-4 EEL =     4755.5907  RESTRAINT  =        0.0000


   NSTEP       ENERGY          RMS            GMAX         NAME    NUMBER
   1000      -1.6041E+05     6.8531E-01     8.6978E+01     CZ        544

 BOND    =    11695.8396  ANGLE   =      163.8056  DIHED      =     1165.9512
 VDWAALS =    24430.7426  EEL     =  -202847.5272  HBOND      =        0.0000
 1-4 VDW =      225.3192  1-4 EEL =     4753.3499  RESTRAINT  =        0.0000


   NSTEP       ENERGY          RMS            GMAX         NAME    NUMBER
   1100      -1.6078E+05     6.3016E-01     7.8404E+01     CZ        544

 BOND    =    11774.7554  ANGLE   =      162.7224  DIHED      =     1157.1236
 VDWAALS =    24806.9269  EEL     =  -203653.3178  HBOND      =        0.0000
 1-4 VDW =      224.9913  1-4 EEL =     4751.5594  RESTRAINT  =        0.0000


   NSTEP       ENERGY          RMS            GMAX         NAME    NUMBER
   1200      -1.6110E+05     5.3551E-01     6.6886E+01     CZ        544

 BOND    =    11843.6737  ANGLE   =      161.8054  DIHED      =     1150.1221
 VDWAALS =    25140.5771  EEL     =  -204368.2179  HBOND      =        0.0000
 1-4 VDW =      224.7649  1-4 EEL =     4749.4818  RESTRAINT  =        0.0000


   NSTEP       ENERGY          RMS            GMAX         NAME    NUMBER
   1300      -1.6139E+05     3.0542E-01     3.0554E+01     C         627

 BOND    =    11903.9733  ANGLE   =      160.8386  DIHED      =     1143.8963
 VDWAALS =    25439.8975  EEL     =  -205010.4864  HBOND      =        0.0000
 1-4 VDW =      224.5282  1-4 EEL =     4747.2593  RESTRAINT  =        0.0000


   NSTEP       ENERGY          RMS            GMAX         NAME    NUMBER
   1400      -1.6164E+05     2.8347E-01     3.0991E+01     CZ        544

 BOND    =    11959.8342  ANGLE   =      160.4020  DIHED      =     1138.6338
 VDWAALS =    25703.9074  EEL     =  -205571.8345  HBOND      =        0.0000
 1-4 VDW =      224.3170  1-4 EEL =     4745.2638  RESTRAINT  =        0.0000


   NSTEP       ENERGY          RMS            GMAX         NAME    NUMBER
   1500      -1.6186E+05     2.9765E-01     3.4658E+01     CZ        544

 BOND    =    12011.4093  ANGLE   =      160.2025  DIHED      =     1133.4818
 VDWAALS =    25948.3382  EEL     =  -206085.4790  HBOND      =        0.0000
 1-4 VDW =      224.1120  1-4 EEL =     4743.3111  RESTRAINT  =        0.0000


   NSTEP       ENERGY          RMS            GMAX         NAME    NUMBER
   1600      -1.6315E+05     4.2541E-01     4.6848E+01     C         627

 BOND    =    12343.2772  ANGLE   =      167.3245  DIHED      =     1100.1162
 VDWAALS =    27644.1736  EEL     =  -209359.6244  HBOND      =        0.0000
 1-4 VDW =      224.0017  1-4 EEL =     4732.1251  RESTRAINT  =        0.0000


   NSTEP       ENERGY          RMS            GMAX         NAME    NUMBER
   1700      -1.6351E+05     6.6339E-01     5.4726E+01     C        1256

 BOND    =    12428.1781  ANGLE   =      160.7633  DIHED      =     1092.4036
 VDWAALS =    27975.7806  EEL     =  -210116.6541  HBOND      =        0.0000
 1-4 VDW =      222.6911  1-4 EEL =     4726.2687  RESTRAINT  =        0.0000


   NSTEP       ENERGY          RMS            GMAX         NAME    NUMBER
   1800      -1.6409E+05     2.6438E-01     1.4360E+01     C         259

 BOND    =    12489.8837  ANGLE   =      163.8773  DIHED      =     1067.4314
 VDWAALS =    28425.7452  EEL     =  -211176.2316  HBOND      =        0.0000
 1-4 VDW =      221.9279  1-4 EEL =     4717.1673  RESTRAINT  =        0.0000


   NSTEP       ENERGY          RMS            GMAX         NAME    NUMBER
   1900      -1.6436E+05     5.1911E-01     2.7783E+01     O       28793

 BOND    =    12579.2262  ANGLE   =      166.8474  DIHED      =     1057.6467
 VDWAALS =    28704.4091  EEL     =  -211802.2530  HBOND      =        0.0000
 1-4 VDW =      221.0475  1-4 EEL =     4714.8816  RESTRAINT  =        0.0000


   NSTEP       ENERGY          RMS            GMAX         NAME    NUMBER
   2000      -1.6455E+05     2.6170E-01     1.3272E+01     C         259

 BOND    =    12601.8947  ANGLE   =      168.1482  DIHED      =     1053.0521
 VDWAALS =    28849.5325  EEL     =  -212152.4565  HBOND      =        0.0000
 1-4 VDW =      220.8594  1-4 EEL =     4712.5366  RESTRAINT  =        0.0000


  Maximum number of minimization cycles reached.


                    FINAL RESULTS



   NSTEP       ENERGY          RMS            GMAX         NAME    NUMBER
   2000      -1.6455E+05     2.6170E-01     1.3272E+01     C         259

 BOND    =    12601.8947  ANGLE   =      168.1482  DIHED      =     1053.0521
 VDWAALS =    28849.5325  EEL     =  -212152.4565  HBOND      =        0.0000
 1-4 VDW =      220.8594  1-4 EEL =     4712.5366  RESTRAINT  =        0.0000
--------------------------------------------------------------------------------
   5.  TIMINGS
--------------------------------------------------------------------------------

|  NonSetup CPU Time in Major Routines:
|
|     Routine           Sec        %
|     ------------------------------
|     Nonbond           1.47   28.63
|     Bond              0.00    0.00
|     Angle             0.00    0.00
|     Dihedral          0.00    0.00
|     Shake             0.00    0.00
|     Other             3.67   71.37
|     ------------------------------
|     Total             5.15

|  PME Nonbond Pairlist CPU Time:
|
|     Routine              Sec        %
|     ---------------------------------
|     Set Up Cit           0.00    0.00
|     Build List           0.00    0.00
|     ---------------------------------
|     Total                0.00    0.00

|  PME Direct Force CPU Time:
|
|     Routine              Sec        %
|     ---------------------------------
|     NonBonded Calc       0.00    0.00
|     Exclude Masked       0.00    0.00
|     Other                0.01    0.10
|     ---------------------------------
|     Total                0.01    0.10

|  PME Reciprocal Force CPU Time:
|
|     Routine              Sec        %
|     ---------------------------------
|     1D bspline           0.00    0.00
|     Grid Charges         0.00    0.00
|     Scalar Sum           0.00    0.00
|     Gradient Sum         0.00    0.00
|     FFT                  0.00    0.00
|     ---------------------------------
|     Total                0.00    0.00

|  Setup CPU time:            0.51 seconds
|  NonSetup CPU time:         5.15 seconds
|  Total CPU time:            5.65 seconds     0.00 hours

|  Setup wall time:           0    seconds
|  NonSetup wall time:        5    seconds
|  Total wall time:           5    seconds     0.00 hours
