
          -------------------------------------------------------
          Amber 22 PMEMD                              2022
          -------------------------------------------------------

| PMEMD implementation of SANDER, Release 22

|  Compiled date/time: Thu Apr 14 13:06:37 2022
| Run on 10/19/2023 at 13:26:04

|   Executable path: pmemd.cuda
| Working directory: /panfs/accrepfs.vampire/home/nehilpkd/projects/biomatsims/dimerization/far/2_water_eq
|          Hostname: gpu0014

  [-O]verwriting output

File Assignments:
|   MDIN: md_wat.in                                                             
|  MDOUT: md_wat.out                                                            
| INPCRD: ../1_water_min/min_wat.rst                                            
|   PARM: ../sa.prmtop                                                          
| RESTRT: md_wat.rst                                                            
|   REFC: ../1_water_min/min_wat.rst                                            
|  MDVEL: mdvel                                                                 
|   MDEN: mden                                                                  
|  MDCRD: mdcrd                                                                 
| MDINFO: mdinfo                                                                
|  MDFRC: mdfrc                                                                 


 Here is the input file:

&cntrl                                                                         
  timlim = 999999, nmropt = 0,       imin = 0,                                 
  ntx    = 1,       irest  = 0,       ntrx = 1,      ntxo   = 1,               
  ntpr   = 500,     ntwx   = 500,     ntwv = 0,      ntwe   = 0,               
  ntwr   = 5000,                                                               
  ntf    = 2,       ntb    = 2,                                                
  cut    = 10.0,    nsnb   = 20,                                               
  nstlim = 10000,   nscm   = 2500,   iwrap = 1,                                
  t      = 0.0,     dt     = 0.002,                                            
  temp0  = 300.0,   tempi  = 200.0,    tautp=0.5,                              
  ntt    = 1,                                                                  
  ntp    =1 ,       taup = 1.0,                                                
  ntc    = 2,       tol    = 0.00001,                                          
  ibelly=0, ntr=1,                                                             
  restraintmask="!:WAT" , restraint_wt=10.0,                                   
&end                                                                           
                                                                               


Note: ig = -1. Setting random seed to   116739 based on wallclock time in 
      microseconds.
| irandom = 1, using AMBER's internal random number generator (default).
| INFO:    The nsnb ctrl option does not affect nonbonded list update frequency.
|          It does affect steepest descent minimization freq if ntmin == 0
 
|--------------------- INFORMATION ----------------------
| GPU (CUDA) Version of PMEMD in use: NVIDIA GPU IN USE.
|                    Version 18.0.0
| 
|                      03/25/2018
| 
| Implementation by:
|                    Ross C. Walker     (SDSC)
|                    Scott Le Grand     (nVIDIA)
| 
| Version 18 performance extensions by:
|                    David Cerutti     (Rutgers)
| 
| Precision model in use:
|      [SPFP] - Single Precision Forces, 64-bit Fixed Point
|               Accumulation. (Default)
| 
|--------------------------------------------------------
 
|----------------- CITATION INFORMATION -----------------
|
|    When publishing work that utilized the CUDA version
|    of AMBER, please cite the following in addition to
|    the regular AMBER citations:
|
|  - Romelia Salomon-Ferrer; Andreas W. Goetz; Duncan
|    Poole; Scott Le Grand; Ross C. Walker "Routine
|    microsecond molecular dynamics simulations with
|    AMBER - Part II: Particle Mesh Ewald", J. Chem.
|    Theory Comput., 2013, 9 (9), pp3878-3888,
|    DOI: 10.1021/ct400314y.
|
|  - Andreas W. Goetz; Mark J. Williamson; Dong Xu;
|    Duncan Poole; Scott Le Grand; Ross C. Walker
|    "Routine microsecond molecular dynamics simulations
|    with AMBER - Part I: Generalized Born", J. Chem.
|    Theory Comput., 2012, 8 (5), pp1542-1555.
|
|  - Scott Le Grand; Andreas W. Goetz; Ross C. Walker
|    "SPFP: Speed without compromise - a mixed precision
|    model for GPU accelerated molecular dynamics
|    simulations.", Comp. Phys. Comm., 2013, 184
|    pp374-380, DOI: 10.1016/j.cpc.2012.09.022
|
|--------------------------------------------------------
 
|------------------- GPU DEVICE INFO --------------------
|
|            CUDA_VISIBLE_DEVICES: 0
|   CUDA Capable Devices Detected:      1
|           CUDA Device ID in use:      0
|                CUDA Device Name: NVIDIA TITAN X (Pascal)
|     CUDA Device Global Mem Size:  12196 MB
| CUDA Device Num Multiprocessors:     28
|           CUDA Device Core Freq:   1.53 GHz
|
|--------------------------------------------------------
 
 
| Conditional Compilation Defines Used:
| PUBFFT
| BINTRAJ
| CUDA
| EMIL

| Largest sphere to fit in unit cell has radius =    38.426

| New format PARM file being parsed.
| Version =    1.000 Date = 10/19/23 Time = 13:25:38

| Note: 1-4 EEL scale factors are being read from the topology file.

| Note: 1-4 VDW scale factors are being read from the topology file.
| Duplicated    0 dihedrals

| Duplicated    0 dihedrals

--------------------------------------------------------------------------------
   1.  RESOURCE   USE: 
--------------------------------------------------------------------------------

 getting box info from netcdf restart file
 NATOM  =   39264 NTYPES =      12 NBONH =   38848 MBONA  =     418
 NTHETH =     872 MTHETA =     550 NPHIH =    1894 MPHIA  =    1606
 NHPARM =       0 NPARM  =       0 NNB   =   55544 NRES   =   12890
 NBONA  =     418 NTHETA =     550 NPHIA =    1606 NUMBND =      40
 NUMANG =      90 NPTRA  =     113 NATYP =      21 NPHB   =       0
 IFBOX  =       1 NMXRS  =      24 IFCAP =       0 NEXTRA =       0
 NCOPY  =       0

| Coordinate Index Table dimensions:    14   13   14
| Direct force subcell size =     5.6194    5.9116    5.6774

     BOX TYPE: RECTILINEAR

--------------------------------------------------------------------------------
   2.  CONTROL  DATA  FOR  THE  RUN
--------------------------------------------------------------------------------

default_name                                                                    

General flags:
     imin    =       0, nmropt  =       0

Nature and format of input:
     ntx     =       1, irest   =       0, ntrx    =       1

Nature and format of output:
     ntxo    =       1, ntpr    =     500, ntrx    =       1, ntwr    =    5000
     iwrap   =       1, ntwx    =     500, ntwv    =       0, ntwe    =       0
     ioutfm  =       1, ntwprt  =       0, idecomp =       0, rbornstat=      0

Potential function:
     ntf     =       2, ntb     =       2, igb     =       0, nsnb    =      20
     ipol    =       0, gbsa    =       0, iesp    =       0
     dielc   =   1.00000, cut     =  10.00000, intdiel =   1.00000

Frozen or restrained atoms:
     ibelly  =       0, ntr     =       1
     restraint_wt =  10.00000

Molecular dynamics:
     nstlim  =     10000, nscm    =         0, nrespa  =         1
     t       =   0.00000, dt      =   0.00200, vlimit  =  -1.00000

Berendsen (weak-coupling) temperature regulation:
     temp0   = 300.00000, tempi   = 200.00000, tautp   =   0.50000

Pressure regulation:
     ntp     =       1
     pres0   =   1.00000, comp    =  44.60000, taup    =   1.00000

SHAKE:
     ntc     =       2, jfastw  =       0
     tol     =   0.00001

| Intermolecular bonds treatment:
|     no_intermolecular_bonds =       1

| Energy averages sample interval:
|     ene_avg_sampling =     500

Ewald parameters:
     verbose =       0, ew_type =       0, nbflag  =       1, use_pme =       1
     vdwmeth =       1, eedmeth =       1, netfrc  =       1
     Box X =   78.672   Box Y =   76.851   Box Z =   79.484
     Alpha =   90.000   Beta  =   90.000   Gamma =   90.000
     NFFT1 =   80       NFFT2 =   80       NFFT3 =   80
     Cutoff=   10.000   Tol   =0.100E-04
     Ewald Coefficient =  0.27511
     Interpolation order =    4

    LOADING THE CONSTRAINED ATOMS AS GROUPS


   5.  REFERENCE ATOM COORDINATES

  default_name                                                                    
     Mask !:WAT; matches   804 atoms

--------------------------------------------------------------------------------
   3.  ATOMIC COORDINATES AND VELOCITIES
--------------------------------------------------------------------------------

default_name                                                                    
 begin time read from input coords =     0.000 ps

 
 Number of triangulated 3-point waters found:    12820

     Sum of charges from parm topology file =   1.99999991
     Assuming uniform neutralizing plasma

| Dynamic Memory, Types Used:
| Reals             1829756
| Integers          1289462

| Nonbonded Pairs Initial Allocation:    11876378

| GPU memory information (estimate):
| KB of GPU memory in use:    144384
| KB of CPU memory in use:     67209

--------------------------------------------------------------------------------
   4.  RESULTS
--------------------------------------------------------------------------------


 NSTEP =        0   TIME(PS) =       0.000  TEMP(K) =   297.99  PRESS = -3259.0
 Etot   =   -147679.4942  EKtot   =     23373.5302  EPtot      =   -171053.0244
 BOND   =        26.5375  ANGLE   =        90.3110  DIHED      =       819.6907
 1-4 NB =       160.3404  1-4 EEL =      3110.6791  VDWAALS    =     31958.9423
 EELEC  =   -207219.5255  EHBOND  =         0.0000  RESTRAINT  =         0.0000
 EKCMT  =      7665.6935  VIRIAL  =     41480.8300  VOLUME     =    480561.3557
                                                    Density    =         0.8185
 ------------------------------------------------------------------------------


 NSTEP =      500   TIME(PS) =       1.000  TEMP(K) =   228.71  PRESS =  -347.5
 Etot   =   -112506.7010  EKtot   =     17939.7656  EPtot      =   -130446.4666
 BOND   =       112.9273  ANGLE   =       297.4513  DIHED      =       808.0059
 1-4 NB =       177.1380  1-4 EEL =      3073.5725  VDWAALS    =     21695.9399
 EELEC  =   -156798.7466  EHBOND  =         0.0000  RESTRAINT  =       187.2449
 EAMBER (non-restraint)  =   -130633.7116
 EKCMT  =      9390.4889  VIRIAL  =     12881.7769  VOLUME     =    465309.7591
                                                    Density    =         0.8453
 ------------------------------------------------------------------------------


 NSTEP =     1000   TIME(PS) =       2.000  TEMP(K) =   268.04  PRESS =  -100.7
 Etot   =   -105002.2647  EKtot   =     21024.4414  EPtot      =   -126026.7061
 BOND   =       150.3436  ANGLE   =       298.6488  DIHED      =       799.8663
 1-4 NB =       180.4349  1-4 EEL =      3085.8050  VDWAALS    =     20046.8580
 EELEC  =   -150782.0169  EHBOND  =         0.0000  RESTRAINT  =       193.3542
 EAMBER (non-restraint)  =   -126220.0602
 EKCMT  =     10457.5743  VIRIAL  =     11459.4692  VOLUME     =    460881.4863
                                                    Density    =         0.8535
 ------------------------------------------------------------------------------


 NSTEP =     1500   TIME(PS) =       3.000  TEMP(K) =   281.83  PRESS =  -367.9
 Etot   =   -101475.0759  EKtot   =     22106.3047  EPtot      =   -123581.3806
 BOND   =       133.1203  ANGLE   =       372.2318  DIHED      =       799.7566
 1-4 NB =       171.1934  1-4 EEL =      3073.9928  VDWAALS    =     18728.5707
 EELEC  =   -147065.2478  EHBOND  =         0.0000  RESTRAINT  =       205.0016
 EAMBER (non-restraint)  =   -123786.3822
 EKCMT  =     10914.7586  VIRIAL  =     14510.5180  VOLUME     =    452687.0788
                                                    Density    =         0.8689
 ------------------------------------------------------------------------------


 NSTEP =     2000   TIME(PS) =       4.000  TEMP(K) =   292.10  PRESS =  -339.2
 Etot   =    -99886.3096  EKtot   =     22912.0859  EPtot      =   -122798.3956
 BOND   =       153.7913  ANGLE   =       360.4040  DIHED      =       804.0059
 1-4 NB =       171.7446  1-4 EEL =      3077.9732  VDWAALS    =     18208.8911
 EELEC  =   -145790.0363  EHBOND  =         0.0000  RESTRAINT  =       214.8306
 EAMBER (non-restraint)  =   -123013.2262
 EKCMT  =     11209.6457  VIRIAL  =     14457.3096  VOLUME     =    443432.9298
                                                    Density    =         0.8871
 ------------------------------------------------------------------------------


 NSTEP =     2500   TIME(PS) =       5.000  TEMP(K) =   294.09  PRESS =  -231.4
 Etot   =    -99116.7900  EKtot   =     23068.1973  EPtot      =   -122184.9872
 BOND   =       157.3584  ANGLE   =       361.5661  DIHED      =       807.7212
 1-4 NB =       174.3630  1-4 EEL =      3078.6564  VDWAALS    =     17966.3034
 EELEC  =   -144927.4467  EHBOND  =         0.0000  RESTRAINT  =       196.4909
 EAMBER (non-restraint)  =   -122381.4782
 EKCMT  =     11365.2535  VIRIAL  =     13538.6303  VOLUME     =    434965.9381
                                                    Density    =         0.9043
 ------------------------------------------------------------------------------


 NSTEP =     3000   TIME(PS) =       6.000  TEMP(K) =   298.26  PRESS =  -243.1
 Etot   =    -98816.0538  EKtot   =     23395.1934  EPtot      =   -122211.2471
 BOND   =       145.6420  ANGLE   =       362.8173  DIHED      =       804.3580
 1-4 NB =       178.6895  1-4 EEL =      3064.0242  VDWAALS    =     17798.0873
 EELEC  =   -144740.1957  EHBOND  =         0.0000  RESTRAINT  =       175.3302
 EAMBER (non-restraint)  =   -122386.5774
 EKCMT  =     11489.9977  VIRIAL  =     13744.1347  VOLUME     =    429517.8850
                                                    Density    =         0.9158
 ------------------------------------------------------------------------------


 NSTEP =     3500   TIME(PS) =       7.000  TEMP(K) =   296.83  PRESS =  -177.0
 Etot   =    -98753.9591  EKtot   =     23283.1523  EPtot      =   -122037.1114
 BOND   =       148.0456  ANGLE   =       354.0539  DIHED      =       819.3941
 1-4 NB =       173.6219  1-4 EEL =      3085.9731  VDWAALS    =     17911.1718
 EELEC  =   -144723.8226  EHBOND  =         0.0000  RESTRAINT  =       194.4507
 EAMBER (non-restraint)  =   -122231.5622
 EKCMT  =     11437.6788  VIRIAL  =     13058.7793  VOLUME     =    424127.0359
                                                    Density    =         0.9274
 ------------------------------------------------------------------------------


 NSTEP =     4000   TIME(PS) =       8.000  TEMP(K) =   299.38  PRESS =  -317.8
 Etot   =    -98809.7971  EKtot   =     23483.1738  EPtot      =   -122292.9709
 BOND   =       165.5817  ANGLE   =       347.4367  DIHED      =       799.6102
 1-4 NB =       169.0660  1-4 EEL =      3094.7100  VDWAALS    =     17636.5490
 EELEC  =   -144689.7925  EHBOND  =         0.0000  RESTRAINT  =       183.8680
 EAMBER (non-restraint)  =   -122476.8389
 EKCMT  =     11386.8142  VIRIAL  =     14261.4132  VOLUME     =    418969.7499
                                                    Density    =         0.9388
 ------------------------------------------------------------------------------


 NSTEP =     4500   TIME(PS) =       9.000  TEMP(K) =   299.27  PRESS =  -245.9
 Etot   =    -98967.9997  EKtot   =     23474.2383  EPtot      =   -122442.2380
 BOND   =       169.6986  ANGLE   =       335.6497  DIHED      =       808.5182
 1-4 NB =       183.0827  1-4 EEL =      3079.3835  VDWAALS    =     17601.8624
 EELEC  =   -144815.5428  EHBOND  =         0.0000  RESTRAINT  =       195.1096
 EAMBER (non-restraint)  =   -122637.3477
 EKCMT  =     11593.3641  VIRIAL  =     13793.5425  VOLUME     =    414351.7331
                                                    Density    =         0.9493
 ------------------------------------------------------------------------------


 NSTEP =     5000   TIME(PS) =      10.000  TEMP(K) =   300.38  PRESS =  -181.7
 Etot   =    -99100.2917  EKtot   =     23561.0000  EPtot      =   -122661.2917
 BOND   =       151.4077  ANGLE   =       332.4047  DIHED      =       796.8716
 1-4 NB =       181.9815  1-4 EEL =      3101.6300  VDWAALS    =     17778.0631
 EELEC  =   -145191.3292  EHBOND  =         0.0000  RESTRAINT  =       187.6789
 EAMBER (non-restraint)  =   -122848.9707
 EKCMT  =     11572.2846  VIRIAL  =     13180.5568  VOLUME     =    410038.6174
                                                    Density    =         0.9593
 ------------------------------------------------------------------------------


 NSTEP =     5500   TIME(PS) =      11.000  TEMP(K) =   301.89  PRESS =   -22.3
 Etot   =    -99244.3044  EKtot   =     23679.8594  EPtot      =   -122924.1638
 BOND   =       147.2493  ANGLE   =       320.8917  DIHED      =       799.3537
 1-4 NB =       188.4945  1-4 EEL =      3094.8996  VDWAALS    =     17881.6664
 EELEC  =   -145560.4610  EHBOND  =         0.0000  RESTRAINT  =       203.7421
 EAMBER (non-restraint)  =   -123127.9058
 EKCMT  =     11603.5059  VIRIAL  =     11799.2998  VOLUME     =    405952.1297
                                                    Density    =         0.9690
 ------------------------------------------------------------------------------


 NSTEP =     6000   TIME(PS) =      12.000  TEMP(K) =   300.78  PRESS =  -137.7
 Etot   =    -99297.9101  EKtot   =     23592.5625  EPtot      =   -122890.4726
 BOND   =       140.2448  ANGLE   =       339.3730  DIHED      =       804.8073
 1-4 NB =       182.4533  1-4 EEL =      3081.0975  VDWAALS    =     17617.2835
 EELEC  =   -145248.9621  EHBOND  =         0.0000  RESTRAINT  =       193.2302
 EAMBER (non-restraint)  =   -123083.7027
 EKCMT  =     11599.6515  VIRIAL  =     12799.2014  VOLUME     =    403485.4093
                                                    Density    =         0.9749
 ------------------------------------------------------------------------------


 NSTEP =     6500   TIME(PS) =      13.000  TEMP(K) =   298.80  PRESS =   -49.4
 Etot   =    -99345.0298  EKtot   =     23437.6855  EPtot      =   -122782.7154
 BOND   =       155.2198  ANGLE   =       329.1494  DIHED      =       806.2942
 1-4 NB =       181.1095  1-4 EEL =      3071.9902  VDWAALS    =     17848.6233
 EELEC  =   -145357.4821  EHBOND  =         0.0000  RESTRAINT  =       182.3803
 EAMBER (non-restraint)  =   -122965.0957
 EKCMT  =     11462.3279  VIRIAL  =     11890.1324  VOLUME     =    401175.5286
                                                    Density    =         0.9805
 ------------------------------------------------------------------------------


 NSTEP =     7000   TIME(PS) =      14.000  TEMP(K) =   299.14  PRESS =  -262.5
 Etot   =    -99484.7389  EKtot   =     23464.2598  EPtot      =   -122948.9987
 BOND   =       132.3133  ANGLE   =       332.8667  DIHED      =       795.1820
 1-4 NB =       180.5370  1-4 EEL =      3083.0445  VDWAALS    =     17325.8497
 EELEC  =   -145012.5125  EHBOND  =         0.0000  RESTRAINT  =       213.7207
 EAMBER (non-restraint)  =   -123162.7193
 EKCMT  =     11455.8276  VIRIAL  =     13720.1319  VOLUME     =    399573.7522
                                                    Density    =         0.9844
 ------------------------------------------------------------------------------


 NSTEP =     7500   TIME(PS) =      15.000  TEMP(K) =   301.19  PRESS =    19.2
 Etot   =    -99578.4558  EKtot   =     23624.8359  EPtot      =   -123203.2917
 BOND   =       125.8141  ANGLE   =       326.1309  DIHED      =       801.9738
 1-4 NB =       171.8259  1-4 EEL =      3092.7617  VDWAALS    =     17861.5845
 EELEC  =   -145788.3834  EHBOND  =         0.0000  RESTRAINT  =       205.0009
 EAMBER (non-restraint)  =   -123408.2926
 EKCMT  =     11639.0407  VIRIAL  =     11474.0817  VOLUME     =    398411.4548
                                                    Density    =         0.9873
 ------------------------------------------------------------------------------


 NSTEP =     8000   TIME(PS) =      16.000  TEMP(K) =   301.60  PRESS =   146.0
 Etot   =    -99676.5882  EKtot   =     23657.3926  EPtot      =   -123333.9808
 BOND   =       141.0425  ANGLE   =       359.3889  DIHED      =       807.8078
 1-4 NB =       176.5780  1-4 EEL =      3070.3793  VDWAALS    =     18143.6337
 EELEC  =   -146234.9514  EHBOND  =         0.0000  RESTRAINT  =       202.1404
 EAMBER (non-restraint)  =   -123536.1212
 EKCMT  =     11609.0508  VIRIAL  =     10356.1048  VOLUME     =    397477.4748
                                                    Density    =         0.9896
 ------------------------------------------------------------------------------


 NSTEP =     8500   TIME(PS) =      17.000  TEMP(K) =   300.76  PRESS =    40.4
 Etot   =    -99679.0693  EKtot   =     23590.9414  EPtot      =   -123270.0107
 BOND   =       144.5210  ANGLE   =       321.4350  DIHED      =       801.8572
 1-4 NB =       165.3577  1-4 EEL =      3090.0336  VDWAALS    =     17815.0092
 EELEC  =   -145803.3841  EHBOND  =         0.0000  RESTRAINT  =       195.1597
 EAMBER (non-restraint)  =   -123465.1704
 EKCMT  =     11487.8037  VIRIAL  =     11141.4905  VOLUME     =    397361.2297
                                                    Density    =         0.9899
 ------------------------------------------------------------------------------


 NSTEP =     9000   TIME(PS) =      18.000  TEMP(K) =   298.04  PRESS =   -79.4
 Etot   =    -99610.2326  EKtot   =     23377.9375  EPtot      =   -122988.1701
 BOND   =       131.8792  ANGLE   =       335.5741  DIHED      =       802.0216
 1-4 NB =       166.7060  1-4 EEL =      3081.6360  VDWAALS    =     17576.0875
 EELEC  =   -145266.8094  EHBOND  =         0.0000  RESTRAINT  =       184.7349
 EAMBER (non-restraint)  =   -123172.9050
 EKCMT  =     11546.5168  VIRIAL  =     12227.8487  VOLUME     =    397612.1919
                                                    Density    =         0.9893
 ------------------------------------------------------------------------------


 NSTEP =     9500   TIME(PS) =      19.000  TEMP(K) =   302.84  PRESS =    29.6
 Etot   =    -99690.4955  EKtot   =     23754.0430  EPtot      =   -123444.5385
 BOND   =       135.0960  ANGLE   =       344.3596  DIHED      =       800.1233
 1-4 NB =       171.7857  1-4 EEL =      3082.5660  VDWAALS    =     17903.1428
 EELEC  =   -146077.2529  EHBOND  =         0.0000  RESTRAINT  =       195.6409
 EAMBER (non-restraint)  =   -123640.1794
 EKCMT  =     11572.5062  VIRIAL  =     11317.7657  VOLUME     =    397987.9825
                                                    Density    =         0.9883
 ------------------------------------------------------------------------------


 NSTEP =    10000   TIME(PS) =      20.000  TEMP(K) =   299.72  PRESS =   -38.5
 Etot   =    -99737.5718  EKtot   =     23509.5176  EPtot      =   -123247.0894
 BOND   =       141.1016  ANGLE   =       352.4141  DIHED      =       788.3968
 1-4 NB =       187.9990  1-4 EEL =      3097.8679  VDWAALS    =     17678.3241
 EELEC  =   -145681.2919  EHBOND  =         0.0000  RESTRAINT  =       188.0991
 EAMBER (non-restraint)  =   -123435.1885
 EKCMT  =     11573.9606  VIRIAL  =     11904.4925  VOLUME     =    397406.1108
                                                    Density    =         0.9898
 ------------------------------------------------------------------------------


      A V E R A G E S   O V E R      20 S T E P S


 NSTEP =    10000   TIME(PS) =      20.000  TEMP(K) =   293.18  PRESS =  -145.3
 Etot   =   -100388.9819  EKtot   =     22996.8294  EPtot      =   -123385.8113
 BOND   =       144.1199  ANGLE   =       339.2124  DIHED      =       802.7963
 1-4 NB =       176.7081  1-4 EEL =      3083.0999  VDWAALS    =     18151.1751
 EELEC  =   -146277.7834  EHBOND  =         0.0000  RESTRAINT  =       194.8604
 EAMBER (non-restraint)  =   -123580.6718
 EKCMT  =     11318.4026  VIRIAL  =     12675.8340  VOLUME     =    417536.2739
                                                    Density    =         0.9446
 ------------------------------------------------------------------------------


      R M S  F L U C T U A T I O N S


 NSTEP =    10000   TIME(PS) =      20.000  TEMP(K) =    16.79  PRESS =   144.9
 Etot   =      3082.9264  EKtot   =      1317.0492  EPtot      =      1812.5099
 BOND   =        13.1524  ANGLE   =        19.8973  DIHED      =         6.1420
 1-4 NB =         6.4239  1-4 EEL =         9.6995  VDWAALS    =       983.8971
 EELEC  =      2740.2991  EHBOND  =         0.0000  RESTRAINT  =        10.0409
 EAMBER (non-restraint)  =      1802.4690
 EKCMT  =       520.6305  VIRIAL  =      1192.1215  VOLUME     =     22257.5276
                                                    Density    =         0.0482
 ------------------------------------------------------------------------------

--------------------------------------------------------------------------------
   5.  TIMINGS
--------------------------------------------------------------------------------

|  NonSetup CPU Time in Major Routines:
|
|     Routine           Sec        %
|     ------------------------------
|     Nonbond           9.73   83.78
|     Bond              0.00    0.00
|     Angle             0.00    0.00
|     Dihedral          0.00    0.00
|     Shake             0.05    0.42
|     RunMD             1.81   15.58
|     Other             0.03    0.22
|     ------------------------------
|     Total            11.62

|  PME Nonbond Pairlist CPU Time:
|
|     Routine              Sec        %
|     ---------------------------------
|     Set Up Cit           0.00    0.00
|     Build List           0.00    0.00
|     ---------------------------------
|     Total                0.00    0.00

|  PME Direct Force CPU Time:
|
|     Routine              Sec        %
|     ---------------------------------
|     NonBonded Calc       0.00    0.00
|     Exclude Masked       0.00    0.00
|     Other                0.01    0.12
|     ---------------------------------
|     Total                0.01    0.12

|  PME Reciprocal Force CPU Time:
|
|     Routine              Sec        %
|     ---------------------------------
|     1D bspline           0.00    0.00
|     Grid Charges         0.00    0.00
|     Scalar Sum           0.00    0.00
|     Gradient Sum         0.00    0.00
|     FFT                  0.00    0.00
|     ---------------------------------
|     Total                0.00    0.00

|  Final Performance Info:
|     -----------------------------------------------------
|     Average timings for last   10000 steps:
|     Elapsed(s) =      11.75 Per Step(ms) =       1.18
|         ns/day =     147.06   seconds/ns =     587.52
|
|     Average timings for all steps:
|     Elapsed(s) =      11.75 Per Step(ms) =       1.18
|         ns/day =     147.06   seconds/ns =     587.52
|     -----------------------------------------------------

|  Setup CPU time:            0.46 seconds
|  NonSetup CPU time:        11.62 seconds
|  Total CPU time:           12.08 seconds     0.00 hours

|  Setup wall time:           1    seconds
|  NonSetup wall time:       11    seconds
|  Total wall time:          12    seconds     0.00 hours
