
          -------------------------------------------------------
          Amber 18 PMEMD                              2018
          -------------------------------------------------------

| PMEMD implementation of SANDER, Release 18

| Run on 09/06/2023 at 15:20:38

|   Executable path: pmemd.cuda
| Working directory: /panfs/accrepfs.vampire/home/nehilpkd/projects/biomatsims/aggregation/0_
|          Hostname: gpu0023

  [-O]verwriting output

File Assignments:
|   MDIN: min_wat.in                                                            
|  MDOUT: min_wat.out                                                           
| INPCRD: ../2sa.inpcrd                                                         
|   PARM: ../2sa.prmtop                                                         
| RESTRT: min_wat.rst                                                           
|   REFC: ../2sa.inpcrd                                                         
|  MDVEL: mdvel                                                                 
|   MDEN: mden                                                                  
|  MDCRD: mdcrd                                                                 
| MDINFO: mdinfo                                                                
|  MDFRC: mdfrc                                                                 


 Here is the input file:

 System minimization:                                                          
&cntrl                                                                         
   imin=1, ntmin=1, nmropt=0, drms=0.1                                         
   maxcyc=2000, ncyc=1500,                                                     
   ntx=1, irest=0,                                                             
   ntpr=100, ntwr=100, iwrap=0,                                                
   ntf=1, ntb=1, cut=10.0, nsnb=20,                                            
   igb=0,                                                                      
   ibelly=0, ntr=1,                                                            
   restraintmask="!:WAT", restraint_wt=10.0,                                   
&end                                                                           


Note: ig = -1. Setting random seed to   250705 based on wallclock time in 
      microseconds.
| irandom = 1, using AMBER's internal random number generator (default).
| INFO:    The nsnb ctrl option does not affect nonbonded list update frequency.
|          It does affect steepest descent minimization freq if ntmin == 0
 
|--------------------- INFORMATION ----------------------
| GPU (CUDA) Version of PMEMD in use: NVIDIA GPU IN USE.
|                    Version 18.0.0
| 
|                      03/25/2018
| 
| Implementation by:
|                    Ross C. Walker     (SDSC)
|                    Scott Le Grand     (nVIDIA)
| 
| Version 18 performance extensions by:
|                    David Cerutti     (Rutgers)
| 
| Precision model in use:
|      [SPFP] - Single Precision Forces, 64-bit Fixed Point
|               Accumulation. (Default)
| 
|--------------------------------------------------------
 
|----------------- CITATION INFORMATION -----------------
|
|    When publishing work that utilized the CUDA version
|    of AMBER, please cite the following in addition to
|    the regular AMBER citations:
|
|  - Romelia Salomon-Ferrer; Andreas W. Goetz; Duncan
|    Poole; Scott Le Grand; Ross C. Walker "Routine
|    microsecond molecular dynamics simulations with
|    AMBER - Part II: Particle Mesh Ewald", J. Chem.
|    Theory Comput., 2013, 9 (9), pp3878-3888,
|    DOI: 10.1021/ct400314y.
|
|  - Andreas W. Goetz; Mark J. Williamson; Dong Xu;
|    Duncan Poole; Scott Le Grand; Ross C. Walker
|    "Routine microsecond molecular dynamics simulations
|    with AMBER - Part I: Generalized Born", J. Chem.
|    Theory Comput., 2012, 8 (5), pp1542-1555.
|
|  - Scott Le Grand; Andreas W. Goetz; Ross C. Walker
|    "SPFP: Speed without compromise - a mixed precision
|    model for GPU accelerated molecular dynamics
|    simulations.", Comp. Phys. Comm., 2013, 184
|    pp374-380, DOI: 10.1016/j.cpc.2012.09.022
|
|--------------------------------------------------------
 
|------------------- GPU DEVICE INFO --------------------
|
|            CUDA_VISIBLE_DEVICES: 0
|   CUDA Capable Devices Detected:      1
|           CUDA Device ID in use:      0
|                CUDA Device Name: NVIDIA TITAN Xp
|     CUDA Device Global Mem Size:  12196 MB
| CUDA Device Num Multiprocessors:     30
|           CUDA Device Core Freq:   1.58 GHz
|
|--------------------------------------------------------
 
 
| Conditional Compilation Defines Used:
| PUBFFT
| BINTRAJ
| MKL
| CUDA
| EMIL

| Largest sphere to fit in unit cell has radius =    53.441

| New format PARM file being parsed.
| Version =    1.000 Date = 09/06/23 Time = 12:40:52

| Note: 1-4 EEL scale factors are being read from the topology file.

| Note: 1-4 VDW scale factors are being read from the topology file.
| Duplicated    0 dihedrals

| Duplicated    0 dihedrals

--------------------------------------------------------------------------------
   1.  RESOURCE   USE: 
--------------------------------------------------------------------------------

 getting new box info from bottom of inpcrd
 NATOM  =  223767 NTYPES =      13 NBONH =  217142 MBONA  =    6688
 NTHETH =   13828 MTHETA =    8831 NPHIH =   30428 MPHIA  =   26285
 NHPARM =       0 NPARM  =       0 NNB   =  349397 NRES   =   71452
 NBONA  =    6688 NTHETA =    8831 NPHIA =   26285 NUMBND =      40
 NUMANG =      90 NPTRA  =     113 NATYP =      21 NPHB   =       1
 IFBOX  =       1 NMXRS  =      24 IFCAP =       0 NEXTRA =       0
 NCOPY  =       0

| Coordinate Index Table dimensions:    21   19   37
| Direct force subcell size =     5.6783    5.6254    5.5266

     BOX TYPE: RECTILINEAR

--------------------------------------------------------------------------------
   2.  CONTROL  DATA  FOR  THE  RUN
--------------------------------------------------------------------------------

default_name                                                                    

General flags:
     imin    =       1, nmropt  =       0

Nature and format of input:
     ntx     =       1, irest   =       0, ntrx    =       1

Nature and format of output:
     ntxo    =       2, ntpr    =     100, ntrx    =       1, ntwr    =     100
     iwrap   =       0, ntwx    =       0, ntwv    =       0, ntwe    =       0
     ioutfm  =       1, ntwprt  =       0, idecomp =       0, rbornstat=      0

Potential function:
     ntf     =       1, ntb     =       1, igb     =       0, nsnb    =      20
     ipol    =       0, gbsa    =       0, iesp    =       0
     dielc   =   1.00000, cut     =  10.00000, intdiel =   1.00000

Frozen or restrained atoms:
     ibelly  =       0, ntr     =       1
     restraint_wt =  10.00000

Energy minimization:
     maxcyc  =    2000, ncyc    =    1500, ntmin   =       1
     dx0     =   0.01000, drms    =   0.10000

| Intermolecular bonds treatment:
|     no_intermolecular_bonds =       1

| Energy averages sample interval:
|     ene_avg_sampling =       1

Ewald parameters:
     verbose =       0, ew_type =       0, nbflag  =       1, use_pme =       1
     vdwmeth =       1, eedmeth =       1, netfrc  =       0
     Box X =  119.244   Box Y =  106.882   Box Z =  204.485
     Alpha =   90.000   Beta  =   90.000   Gamma =   90.000
     NFFT1 =  128       NFFT2 =  108       NFFT3 =  216
     Cutoff=   10.000   Tol   =0.100E-04
     Ewald Coefficient =  0.27511
     Interpolation order =    4

    LOADING THE CONSTRAINED ATOMS AS GROUPS


   5.  REFERENCE ATOM COORDINATES

  default_name                                                                    
     Mask !:WAT; matches 12771 atoms

--------------------------------------------------------------------------------
   3.  ATOMIC COORDINATES AND VELOCITIES
--------------------------------------------------------------------------------

default_name                                                                    
 begin time read from input coords =     0.000 ps

 
 Number of triangulated 3-point waters found:    70332

     Sum of charges from parm topology file =  31.99999851
     Assuming uniform neutralizing plasma

| Dynamic Memory, Types Used:
| Reals             5963089
| Integers          7117665

| Nonbonded Pairs Initial Allocation:    67683923

| GPU memory information (estimate):
| KB of GPU memory in use:         0
| KB of CPU memory in use:         0

--------------------------------------------------------------------------------
   4.  RESULTS
--------------------------------------------------------------------------------



   NSTEP       ENERGY          RMS            GMAX         NAME    NUMBER
      1       7.2785E+05     9.0296E+01     4.9975E+04     C        6385

 BOND    =  1355323.2770  ANGLE   =     4758.5155  DIHED      =    15612.6337
 VDWAALS =    77820.9289  EEL     =  -783568.7495  HBOND      =        0.0000
 1-4 VDW =     3248.1737  1-4 EEL =    54651.4088  RESTRAINT  =        0.0000


   NSTEP       ENERGY          RMS            GMAX         NAME    NUMBER
    100      -6.2959E+05     2.0576E+00     5.2054E+02     CB       6377

 BOND    =   122737.3878  ANGLE   =     5094.7807  DIHED      =     9931.5736
 VDWAALS =    69361.8064  EEL     =  -937140.0892  HBOND      =        0.0000
 1-4 VDW =     2701.7527  1-4 EEL =    53822.4135  RESTRAINT  =    43899.7663
 EAMBER  =  -673490.3744


   NSTEP       ENERGY          RMS            GMAX         NAME    NUMBER
    200      -6.5915E+05     1.3304E+01     7.6972E+03     HG1      6384

 BOND    =   106812.8027  ANGLE   =     4728.4308  DIHED      =     9780.2827
 VDWAALS =    74552.2913  EEL     =  -967401.8289  HBOND      =        0.0000
 1-4 VDW =     2691.4597  1-4 EEL =    53365.8243  RESTRAINT  =    56322.0950
 EAMBER  =  -715470.7375


   NSTEP       ENERGY          RMS            GMAX         NAME    NUMBER
    300      -6.5916E+05     1.4150E+01     8.2121E+03     HG1      6384

 BOND    =   106812.4214  ANGLE   =     4728.4236  DIHED      =     9780.2760
 VDWAALS =    74552.5328  EEL     =  -967402.3171  HBOND      =        0.0000
 1-4 VDW =     2691.4595  1-4 EEL =    53351.8051  RESTRAINT  =    56322.4013
 EAMBER  =  -715485.3986


   NSTEP       ENERGY          RMS            GMAX         NAME    NUMBER
    400      -6.5916E+05     1.4149E+01     8.2127E+03     HG1      6384

 BOND    =   106812.3969  ANGLE   =     4728.4278  DIHED      =     9780.2757
 VDWAALS =    74552.5475  EEL     =  -967402.3441  HBOND      =        0.0000
 1-4 VDW =     2691.4595  1-4 EEL =    53351.8251  RESTRAINT  =    56322.4216
 EAMBER  =  -715485.4115


   NSTEP       ENERGY          RMS            GMAX         NAME    NUMBER
    500      -6.5916E+05     1.4149E+01     8.2134E+03     HG1      6384

 BOND    =   106812.3690  ANGLE   =     4728.4327  DIHED      =     9780.2754
 VDWAALS =    74552.5643  EEL     =  -967402.3790  HBOND      =        0.0000
 1-4 VDW =     2691.4595  1-4 EEL =    53351.8486  RESTRAINT  =    56322.4450
 EAMBER  =  -715485.4295


   NSTEP       ENERGY          RMS            GMAX         NAME    NUMBER
    600      -6.5916E+05     1.4148E+01     8.2139E+03     HG1      6384

 BOND    =   106812.3466  ANGLE   =     4728.4366  DIHED      =     9780.2750
 VDWAALS =    74552.5772  EEL     =  -967402.4065  HBOND      =        0.0000
 1-4 VDW =     2691.4595  1-4 EEL =    53351.8681  RESTRAINT  =    56322.4639
 EAMBER  =  -715485.4435


   NSTEP       ENERGY          RMS            GMAX         NAME    NUMBER
    700      -6.5916E+05     1.4148E+01     8.2145E+03     HG1      6384

 BOND    =   106812.3245  ANGLE   =     4728.4406  DIHED      =     9780.2747
 VDWAALS =    74552.5897  EEL     =  -967402.4314  HBOND      =        0.0000
 1-4 VDW =     2691.4595  1-4 EEL =    53351.8878  RESTRAINT  =    56322.4825
 EAMBER  =  -715485.4546


   NSTEP       ENERGY          RMS            GMAX         NAME    NUMBER
    800      -6.5916E+05     1.4147E+01     8.2153E+03     HG1      6384

 BOND    =   106812.2962  ANGLE   =     4728.4456  DIHED      =     9780.2740
 VDWAALS =    74552.6066  EEL     =  -967402.4665  HBOND      =        0.0000
 1-4 VDW =     2691.4595  1-4 EEL =    53351.9137  RESTRAINT  =    56322.5065
 EAMBER  =  -715485.4707


   NSTEP       ENERGY          RMS            GMAX         NAME    NUMBER
    900      -6.5916E+05     1.4147E+01     8.2159E+03     HG1      6384

 BOND    =   106812.2738  ANGLE   =     4728.4497  DIHED      =     9780.2737
 VDWAALS =    74552.6196  EEL     =  -967402.4947  HBOND      =        0.0000
 1-4 VDW =     2691.4595  1-4 EEL =    53351.9350  RESTRAINT  =    56322.5256
 EAMBER  =  -715485.4835


   NSTEP       ENERGY          RMS            GMAX         NAME    NUMBER
   1000      -6.5916E+05     1.4147E+01     8.2165E+03     HG1      6384

 BOND    =   106812.2531  ANGLE   =     4728.4535  DIHED      =     9780.2732
 VDWAALS =    74552.6320  EEL     =  -967402.5192  HBOND      =        0.0000
 1-4 VDW =     2691.4595  1-4 EEL =    53351.9551  RESTRAINT  =    56322.5433
 EAMBER  =  -715485.4927


   NSTEP       ENERGY          RMS            GMAX         NAME    NUMBER
   1100      -6.5916E+05     1.4146E+01     8.2173E+03     HG1      6384

 BOND    =   106812.2283  ANGLE   =     4728.4581  DIHED      =     9780.2729
 VDWAALS =    74552.6470  EEL     =  -967402.5513  HBOND      =        0.0000
 1-4 VDW =     2691.4595  1-4 EEL =    53351.9799  RESTRAINT  =    56322.5647
 EAMBER  =  -715485.5056


   NSTEP       ENERGY          RMS            GMAX         NAME    NUMBER
   1200      -6.5916E+05     1.4146E+01     8.2156E+03     HG1      6384

 BOND    =   106812.2065  ANGLE   =     4728.4618  DIHED      =     9780.2725
 VDWAALS =    74552.6600  EEL     =  -967402.5771  HBOND      =        0.0000
 1-4 VDW =     2691.4594  1-4 EEL =    53351.9333  RESTRAINT  =    56322.5836
 EAMBER  =  -715485.5835


   NSTEP       ENERGY          RMS            GMAX         NAME    NUMBER
   1300      -6.5916E+05     1.4145E+01     8.2162E+03     HG1      6384

 BOND    =   106812.1857  ANGLE   =     4728.4657  DIHED      =     9780.2722
 VDWAALS =    74552.6725  EEL     =  -967402.6025  HBOND      =        0.0000
 1-4 VDW =     2691.4595  1-4 EEL =    53351.9540  RESTRAINT  =    56322.6017
 EAMBER  =  -715485.5929


   NSTEP       ENERGY          RMS            GMAX         NAME    NUMBER
   1400      -6.5916E+05     1.4145E+01     8.2168E+03     HG1      6384

 BOND    =   106812.1666  ANGLE   =     4728.4694  DIHED      =     9780.2719
 VDWAALS =    74552.6846  EEL     =  -967402.6252  HBOND      =        0.0000
 1-4 VDW =     2691.4594  1-4 EEL =    53351.9735  RESTRAINT  =    56322.6183
 EAMBER  =  -715485.5997


   NSTEP       ENERGY          RMS            GMAX         NAME    NUMBER
   1500      -6.5916E+05     1.4145E+01     8.2174E+03     HG1      6384

 BOND    =   106812.1476  ANGLE   =     4728.4730  DIHED      =     9780.2717
 VDWAALS =    74552.6964  EEL     =  -967402.6459  HBOND      =        0.0000
 1-4 VDW =     2691.4594  1-4 EEL =    53351.9934  RESTRAINT  =    56322.6349
 EAMBER  =  -715485.6044

     .... RESTARTED DUE TO LINMIN FAILURE ...


   NSTEP       ENERGY          RMS            GMAX         NAME    NUMBER
   1600      -6.6264E+05     2.0285E+01     8.2028E+03     CG2      6379

 BOND    =   106811.0741  ANGLE   =     4727.3341  DIHED      =     9780.2041
 VDWAALS =    74555.3527  EEL     =  -967407.7796  HBOND      =        0.0000
 1-4 VDW =     2691.4579  1-4 EEL =    49875.3102  RESTRAINT  =    56324.9250
 EAMBER  =  -718967.0464

     .... RESTARTED DUE TO LINMIN FAILURE ...


   NSTEP       ENERGY          RMS            GMAX         NAME    NUMBER
   1700      -6.6264E+05     1.9915E+01     8.2026E+03     CG2      6379

 BOND    =   106811.0452  ANGLE   =     4727.3459  DIHED      =     9780.2041
 VDWAALS =    74555.3560  EEL     =  -967407.7866  HBOND      =        0.0000
 1-4 VDW =     2691.4580  1-4 EEL =    49875.4178  RESTRAINT  =    56324.9539
 EAMBER  =  -718966.9597

     .... RESTARTED DUE TO LINMIN FAILURE ...

     .... RESTARTED DUE TO LINMIN FAILURE ...


   NSTEP       ENERGY          RMS            GMAX         NAME    NUMBER
   1800      -6.6264E+05     1.9902E+01     8.2024E+03     CG2      6379

 BOND    =   106811.0065  ANGLE   =     4727.3606  DIHED      =     9780.2039
 VDWAALS =    74555.3613  EEL     =  -967407.7987  HBOND      =        0.0000
 1-4 VDW =     2691.4579  1-4 EEL =    49875.6069  RESTRAINT  =    56324.9936
 EAMBER  =  -718966.8016

     .... RESTARTED DUE TO LINMIN FAILURE ...


                    FINAL RESULTS



   NSTEP       ENERGY          RMS            GMAX         NAME    NUMBER
   1814      -6.6264E+05     1.9902E+01     8.2024E+03     CG2      6379

 BOND    =   106811.0045  ANGLE   =     4727.3613  DIHED      =     9780.2040
 VDWAALS =    74555.3615  EEL     =  -967407.7993  HBOND      =        0.0000
 1-4 VDW =     2691.4579  1-4 EEL =    49875.6167  RESTRAINT  =    56324.9956
 EAMBER  =  -718966.7935

     ***** REPEATED LINMIN FAILURE *****
--------------------------------------------------------------------------------
   5.  TIMINGS
--------------------------------------------------------------------------------

|  NonSetup CPU Time in Major Routines:
|
|     Routine           Sec        %
|     ------------------------------
|     Nonbond           5.94   27.23
|     Bond              0.00    0.00
|     Angle             0.00    0.00
|     Dihedral          0.00    0.00
|     Shake             0.00    0.00
|     Other            15.88   72.77
|     ------------------------------
|     Total            21.83

|  PME Nonbond Pairlist CPU Time:
|
|     Routine              Sec        %
|     ---------------------------------
|     Set Up Cit           0.00    0.00
|     Build List           0.00    0.00
|     ---------------------------------
|     Total                0.00    0.00

|  PME Direct Force CPU Time:
|
|     Routine              Sec        %
|     ---------------------------------
|     NonBonded Calc       0.00    0.00
|     Exclude Masked       0.00    0.00
|     Other                0.01    0.04
|     ---------------------------------
|     Total                0.01    0.04

|  PME Reciprocal Force CPU Time:
|
|     Routine              Sec        %
|     ---------------------------------
|     1D bspline           0.00    0.00
|     Grid Charges         0.00    0.00
|     Scalar Sum           0.00    0.00
|     Gradient Sum         0.00    0.00
|     FFT                  0.00    0.00
|     ---------------------------------
|     Total                0.00    0.00

|  Setup CPU time:            1.87 seconds
|  NonSetup CPU time:        21.83 seconds
|  Total CPU time:           23.70 seconds     0.01 hours

|  Setup wall time:           2    seconds
|  NonSetup wall time:       22    seconds
|  Total wall time:          24    seconds     0.01 hours
