
          -------------------------------------------------------
          Amber 18 PMEMD                              2018
          -------------------------------------------------------

| PMEMD implementation of SANDER, Release 18

| Run on 08/13/2023 at 13:03:33

|   Executable path: pmemd
| Working directory: /panfs/accrepfs.vampire/home/nehilpkd/projects/foo/6_
|          Hostname: cn1374

  [-O]verwriting output

File Assignments:
|   MDIN: amd.in                                                                
|  MDOUT: amd.out                                                               
| INPCRD: ../6_/eq.rst                                                          
|   PARM: ../bpti-ff99SBi.prmtop                                                
| RESTRT: prod.nc                                                               
|   REFC: refc                                                                  
|  MDVEL: mdvel                                                                 
|   MDEN: mden                                                                  
|  MDCRD: mdcrd                                                                 
| MDINFO: mdinfo                                                                
|  MDFRC: mdfrc                                                                 


 Here is the input file:

vt-continue                                                                    
 &cntrl                                                                        
  imin=0,irest=1,ntx=5,                                                        
  nstlim=50000000,dt=0.002,                                                    
  ntc=2,ntf=2,ig=-1,                                                           
  cut=10.0, ntb=1, ntp=0,                                                      
  ntpr=1000, ntwx=1000,                                                        
  ntt=3, gamma_ln=2.0,                                                         
  temp0=300.0,ioutfm=1,iwrap=1,                                                
  iamd=3,                                                                      
  ethreshd=827, alphad=46.4,                                                   
  ethreshp=-44212, alphap=2916,                                                
 /                                                                             
                                                                               


Note: ig = -1. Setting random seed to   109222 based on wallclock time in 
      microseconds.
| irandom = 1, using AMBER's internal random number generator (default).
| Using Accelerated MD (AMD) RASING VALLEYS to enhance sampling iamd =  3
| AMD boost to total energy: EthreshP,alphaP   -44212.000000000000     2916.000000000000
| AMD boost to dihedrals: EthreshD,alphaD      827.000000000000       46.400000000000
 
 
| Conditional Compilation Defines Used:
| PUBFFT
| BINTRAJ
| MKL
| EMIL

| Largest sphere to fit in unit cell has radius =    23.345

| New format PARM file being parsed.
| Version =    1.000 Date = 05/18/12 Time = 13:47:45

| Note: 1-4 EEL scale factors were NOT found in the topology file.
|       Using default value of 1.2.

| Note: 1-4 VDW scale factors were NOT found in the topology file.
|       Using default value of 2.0.
| Duplicated    0 dihedrals

| Duplicated    0 dihedrals

--------------------------------------------------------------------------------
   1.  RESOURCE   USE: 
--------------------------------------------------------------------------------

 getting box info from netcdf restart file
 NATOM  =   17022 NTYPES =      16 NBONH =   12531 MBONA  =    4499
 NTHETH =     996 MTHETA =     630 NPHIH =    1915 MPHIA  =    1560
 NHPARM =       0 NPARM  =       0 NNB   =   33139 NRES   =    4095
 NBONA  =    4499 NTHETA =     630 NPHIA =    1560 NUMBND =      29
 NUMANG =      57 NPTRA  =      36 NATYP =      21 NPHB   =       1
 IFBOX  =       1 NMXRS  =      26 IFCAP =       0 NEXTRA =    4031
 NCOPY  =       0

| Coordinate Index Table dimensions:     8    8   10
| Direct force subcell size =     5.8362    6.1517    5.6005

     BOX TYPE: RECTILINEAR

--------------------------------------------------------------------------------
   2.  CONTROL  DATA  FOR  THE  RUN
--------------------------------------------------------------------------------

                                                                                

General flags:
     imin    =       0, nmropt  =       0

Nature and format of input:
     ntx     =       5, irest   =       1, ntrx    =       1

Nature and format of output:
     ntxo    =       2, ntpr    =    1000, ntrx    =       1, ntwr    =50000000
     iwrap   =       1, ntwx    =    1000, ntwv    =       0, ntwe    =       0
     ioutfm  =       1, ntwprt  =       0, idecomp =       0, rbornstat=      0

Potential function:
     ntf     =       2, ntb     =       1, igb     =       0, nsnb    =      25
     ipol    =       0, gbsa    =       0, iesp    =       0
     dielc   =   1.00000, cut     =  10.00000, intdiel =   1.00000

Frozen or restrained atoms:
     ibelly  =       0, ntr     =       0

Molecular dynamics:
     nstlim  =  50000000, nscm    =      1000, nrespa  =         1
     t       =   0.00000, dt      =   0.00200, vlimit  =  20.00000

Langevin dynamics temperature regulation:
     ig      =  109222
     temp0   = 300.00000, tempi   =   0.00000, gamma_ln=   2.00000

SHAKE:
     ntc     =       2, jfastw  =       0
     tol     =   0.00001

| Intermolecular bonds treatment:
|     no_intermolecular_bonds =       1

| Energy averages sample interval:
|     ene_avg_sampling =    1000

Extra-points options:
     frameon =       1, chngmask=       1

Ewald parameters:
     verbose =       0, ew_type =       0, nbflag  =       1, use_pme =       1
     vdwmeth =       1, eedmeth =       1, netfrc  =       1
     Box X =   46.689   Box Y =   49.213   Box Z =   56.005
     Alpha =   90.000   Beta  =   90.000   Gamma =   90.000
     NFFT1 =   48       NFFT2 =   50       NFFT3 =   60
     Cutoff=   10.000   Tol   =0.100E-04
     Ewald Coefficient =  0.27511
     Interpolation order =    4
|      EXTRA_PTS, trim_bonds: num bonds BEFORE trim = 12531     0
|      EXTRA_PTS, trim_bonds: num bonds AFTER  trim = 12531     0
|      EXTRA_PTS, trim_bonds: num bonds BEFORE trim =  4499     0
|      EXTRA_PTS, trim_bonds: num bonds AFTER  trim =   468     0
|      EXTRA_PTS, trim_theta: num angle BEFORE trim =   996     0
|      EXTRA_PTS, trim_theta: num angle AFTER  trim =   996     0
|      EXTRA_PTS, trim_theta: num angle BEFORE trim =   630     0
|      EXTRA_PTS, trim_theta: num angle AFTER  trim =   630     0
|      EXTRA_PTS, trim_phi:  num diheds BEFORE trim =  1915     0
|      EXTRA_PTS, trim_phi:  num diheds AFTER  trim =  1915     0
|      EXTRA_PTS, trim_phi:  num diheds BEFORE trim =  1560     0
|      EXTRA_PTS, trim_phi:  num diheds AFTER  trim =  1560     0

--------------------------------------------------------------------------------
   3.  ATOMIC COORDINATES AND VELOCITIES
--------------------------------------------------------------------------------

                                                                                
 begin time read from input coords =  6000.000 ps

 
 Number of triangulated 3-point waters found:     4031

     Sum of charges from parm topology file =   0.00000440
     Forcing neutrality...

| Dynamic Memory, Types Used:
| Reals              594378
| Integers           995202

| Nonbonded Pairs Initial Allocation:     5148729

--------------------------------------------------------------------------------
   4.  RESULTS
--------------------------------------------------------------------------------

 ---------------------------------------------------
 APPROXIMATING switch and d/dx switch using CUBIC SPLINE INTERPOLATION
 using   5000.0 points per unit in tabled values
 TESTING RELATIVE ERROR over r ranging from 0.0 to cutoff
| CHECK switch(x): max rel err =   0.2738E-14   at   2.422500
| CHECK d/dx switch(x): max rel err =   0.8314E-11   at   2.736960
 ---------------------------------------------------
|---------------------------------------------------
| APPROXIMATING direct energy using CUBIC SPLINE INTERPOLATION
|  with   50.0 points per unit in tabled values
| Relative Error Limit not exceeded for r .gt.   2.33
| APPROXIMATING direct force using CUBIC SPLINE INTERPOLATION
|  with   50.0 points per unit in tabled values
| Relative Error Limit not exceeded for r .gt.   2.80
|---------------------------------------------------

 NSTEP =     1000   TIME(PS) =    6002.000  TEMP(K) =   296.32  PRESS =     0.0
 Etot   =    -36643.6298  EKtot   =      7785.1953  EPtot      =    -44428.8252
 BOND   =       194.7353  ANGLE   =       463.6079  DIHED      =       803.5888
 1-4 NB =       213.5912  1-4 EEL =      1777.3162  VDWAALS    =      6781.0622
 EELEC  =    -54687.9954  EHBOND  =         0.0000  RESTRAINT  =         0.0000
 EAMD_BOOST  =        25.2686
 Ewald error estimate:   0.2768E-03
 ------------------------------------------------------------------------------


 NSTEP =     2000   TIME(PS) =    6004.000  TEMP(K) =   303.18  PRESS =     0.0
 Etot   =    -36425.8142  EKtot   =      7965.3268  EPtot      =    -44391.1410
 BOND   =       203.3491  ANGLE   =       492.5185  DIHED      =       791.7094
 1-4 NB =       207.8959  1-4 EEL =      1746.2577  VDWAALS    =      6748.5315
 EELEC  =    -54608.3745  EHBOND  =         0.0000  RESTRAINT  =         0.0000
 EAMD_BOOST  =        26.9714
 Ewald error estimate:   0.8721E-04
 ------------------------------------------------------------------------------


 NSTEP =     3000   TIME(PS) =    6006.000  TEMP(K) =   299.78  PRESS =     0.0
 Etot   =    -36550.3190  EKtot   =      7876.0731  EPtot      =    -44426.3921
 BOND   =       195.8010  ANGLE   =       506.4520  DIHED      =       802.0495
 1-4 NB =       217.2547  1-4 EEL =      1750.2224  VDWAALS    =      6712.5460
 EELEC  =    -54636.4562  EHBOND  =         0.0000  RESTRAINT  =         0.0000
 EAMD_BOOST  =        25.7385
 Ewald error estimate:   0.8379E-04
 ------------------------------------------------------------------------------


 NSTEP =     4000   TIME(PS) =    6008.000  TEMP(K) =   297.72  PRESS =     0.0
 Etot   =    -36584.8804  EKtot   =      7821.9795  EPtot      =    -44406.8599
 BOND   =       175.4118  ANGLE   =       464.2368  DIHED      =       800.8302
 1-4 NB =       207.6707  1-4 EEL =      1796.1178  VDWAALS    =      6875.3418
 EELEC  =    -54749.8600  EHBOND  =         0.0000  RESTRAINT  =         0.0000
 EAMD_BOOST  =        23.3911
 Ewald error estimate:   0.8367E-04
 ------------------------------------------------------------------------------


 NSTEP =     5000   TIME(PS) =    6010.000  TEMP(K) =   295.75  PRESS =     0.0
 Etot   =    -36658.0257  EKtot   =      7770.1342  EPtot      =    -44428.1599
 BOND   =       202.1744  ANGLE   =       500.2591  DIHED      =       809.1121
 1-4 NB =       206.4625  1-4 EEL =      1721.2358  VDWAALS    =      6839.2441
 EELEC  =    -54728.9317  EHBOND  =         0.0000  RESTRAINT  =         0.0000
 EAMD_BOOST  =        22.2839
 Ewald error estimate:   0.1696E-04
 ------------------------------------------------------------------------------


 NSTEP =     6000   TIME(PS) =    6012.000  TEMP(K) =   296.32  PRESS =     0.0
 Etot   =    -36605.5628  EKtot   =      7785.1055  EPtot      =    -44390.6683
 BOND   =       209.9247  ANGLE   =       494.2157  DIHED      =       797.2943
 1-4 NB =       206.8355  1-4 EEL =      1759.0250  VDWAALS    =      6779.8359
 EELEC  =    -54661.0561  EHBOND  =         0.0000  RESTRAINT  =         0.0000
 EAMD_BOOST  =        23.2567
 Ewald error estimate:   0.1805E-04
 ------------------------------------------------------------------------------


 NSTEP =     7000   TIME(PS) =    6014.000  TEMP(K) =   296.87  PRESS =     0.0
 Etot   =    -36639.5489  EKtot   =      7799.4873  EPtot      =    -44439.0363
 BOND   =       198.6880  ANGLE   =       477.5303  DIHED      =       800.2087
 1-4 NB =       210.7615  1-4 EEL =      1759.9340  VDWAALS    =      6802.2140
 EELEC  =    -54717.3488  EHBOND  =         0.0000  RESTRAINT  =         0.0000
 EAMD_BOOST  =        28.9761
 Ewald error estimate:   0.3130E-04
 ------------------------------------------------------------------------------


 NSTEP =     8000   TIME(PS) =    6016.000  TEMP(K) =   298.95  PRESS =     0.0
 Etot   =    -36543.3178  EKtot   =      7854.2931  EPtot      =    -44397.6109
 BOND   =       180.4291  ANGLE   =       465.3387  DIHED      =       804.6063
 1-4 NB =       216.7181  1-4 EEL =      1772.5153  VDWAALS    =      6883.4815
 EELEC  =    -54740.6072  EHBOND  =         0.0000  RESTRAINT  =         0.0000
 EAMD_BOOST  =        19.9074
 Ewald error estimate:   0.3333E-04
 ------------------------------------------------------------------------------


 NSTEP =     9000   TIME(PS) =    6018.000  TEMP(K) =   298.58  PRESS =     0.0
 Etot   =    -36560.0848  EKtot   =      7844.4293  EPtot      =    -44404.5141
 BOND   =       209.9762  ANGLE   =       514.6752  DIHED      =       790.1561
 1-4 NB =       206.3712  1-4 EEL =      1750.4293  VDWAALS    =      6864.0706
 EELEC  =    -54770.1082  EHBOND  =         0.0000  RESTRAINT  =         0.0000
 EAMD_BOOST  =        29.9154
 Ewald error estimate:   0.1186E-03
 ------------------------------------------------------------------------------


 NSTEP =    10000   TIME(PS) =    6020.000  TEMP(K) =   302.37  PRESS =     0.0
 Etot   =    -36517.2350  EKtot   =      7944.0475  EPtot      =    -44461.2825
 BOND   =       204.8191  ANGLE   =       462.0244  DIHED      =       794.6685
 1-4 NB =       199.1696  1-4 EEL =      1750.1100  VDWAALS    =      7111.2822
 EELEC  =    -55019.9362  EHBOND  =         0.0000  RESTRAINT  =         0.0000
 EAMD_BOOST  =        36.5798
 Ewald error estimate:   0.2448E-04
 ------------------------------------------------------------------------------


 NSTEP =    11000   TIME(PS) =    6022.000  TEMP(K) =   303.08  PRESS =     0.0
 Etot   =    -36452.7376  EKtot   =      7962.6912  EPtot      =    -44415.4288
 BOND   =       212.3654  ANGLE   =       480.7641  DIHED      =       796.1784
 1-4 NB =       206.5059  1-4 EEL =      1754.8289  VDWAALS    =      6765.1982
 EELEC  =    -54658.8277  EHBOND  =         0.0000  RESTRAINT  =         0.0000
 EAMD_BOOST  =        27.5580
 Ewald error estimate:   0.1430E-03
 ------------------------------------------------------------------------------


 NSTEP =    12000   TIME(PS) =    6024.000  TEMP(K) =   297.71  PRESS =     0.0
 Etot   =    -36589.3385  EKtot   =      7821.7533  EPtot      =    -44411.0918
 BOND   =       186.6593  ANGLE   =       462.1283  DIHED      =       814.4900
 1-4 NB =       209.4981  1-4 EEL =      1787.9228  VDWAALS    =      7063.2122
 EELEC  =    -54952.2484  EHBOND  =         0.0000  RESTRAINT  =         0.0000
 EAMD_BOOST  =        17.2458
 Ewald error estimate:   0.1057E-03
 ------------------------------------------------------------------------------


 NSTEP =    13000   TIME(PS) =    6026.000  TEMP(K) =   302.24  PRESS =     0.0
 Etot   =    -36493.9375  EKtot   =      7940.6721  EPtot      =    -44434.6096
 BOND   =       180.5424  ANGLE   =       486.4575  DIHED      =       801.3023
 1-4 NB =       201.7868  1-4 EEL =      1757.3451  VDWAALS    =      6778.0329
 EELEC  =    -54667.6348  EHBOND  =         0.0000  RESTRAINT  =         0.0000
 EAMD_BOOST  =        27.5582
 Ewald error estimate:   0.1985E-03
 ------------------------------------------------------------------------------


 NSTEP =    14000   TIME(PS) =    6028.000  TEMP(K) =   299.75  PRESS =     0.0
 Etot   =    -36530.2852  EKtot   =      7875.1688  EPtot      =    -44405.4541
 BOND   =       207.1484  ANGLE   =       486.5618  DIHED      =       808.4995
 1-4 NB =       219.3401  1-4 EEL =      1754.8659  VDWAALS    =      6858.6137
 EELEC  =    -54759.5034  EHBOND  =         0.0000  RESTRAINT  =         0.0000
 EAMD_BOOST  =        19.0199
 Ewald error estimate:   0.1202E-03
 ------------------------------------------------------------------------------


 NSTEP =    15000   TIME(PS) =    6030.000  TEMP(K) =   299.06  PRESS =     0.0
 Etot   =    -36536.3286  EKtot   =      7857.0793  EPtot      =    -44393.4080
 BOND   =       206.6228  ANGLE   =       497.2239  DIHED      =       787.1077
 1-4 NB =       198.7988  1-4 EEL =      1758.5805  VDWAALS    =      6855.2577
 EELEC  =    -54727.4757  EHBOND  =         0.0000  RESTRAINT  =         0.0000
 EAMD_BOOST  =        30.4762
 Ewald error estimate:   0.2388E-03
 ------------------------------------------------------------------------------


 NSTEP =    16000   TIME(PS) =    6032.000  TEMP(K) =   301.48  PRESS =     0.0
 Etot   =    -36474.7304  EKtot   =      7920.8067  EPtot      =    -44395.5371
 BOND   =       187.0007  ANGLE   =       457.7161  DIHED      =       798.1969
 1-4 NB =       215.7982  1-4 EEL =      1761.9520  VDWAALS    =      6846.0569
 EELEC  =    -54685.6176  EHBOND  =         0.0000  RESTRAINT  =         0.0000
 EAMD_BOOST  =        23.3597
 Ewald error estimate:   0.8163E-04
 ------------------------------------------------------------------------------


 NSTEP =    17000   TIME(PS) =    6034.000  TEMP(K) =   297.30  PRESS =     0.0
 Etot   =    -36655.6207  EKtot   =      7810.9917  EPtot      =    -44466.6124
 BOND   =       200.5180  ANGLE   =       500.5689  DIHED      =       805.9190
 1-4 NB =       212.7810  1-4 EEL =      1741.2294  VDWAALS    =      6933.8363
 EELEC  =    -54892.4092  EHBOND  =         0.0000  RESTRAINT  =         0.0000
 EAMD_BOOST  =        30.9442
 Ewald error estimate:   0.1630E-03
 ------------------------------------------------------------------------------


 NSTEP =    18000   TIME(PS) =    6036.000  TEMP(K) =   299.47  PRESS =     0.0
 Etot   =    -36536.1961  EKtot   =      7867.9342  EPtot      =    -44404.1303
 BOND   =       192.2370  ANGLE   =       487.5330  DIHED      =       801.9436
 1-4 NB =       205.5477  1-4 EEL =      1762.8487  VDWAALS    =      6828.1254
 EELEC  =    -54704.7039  EHBOND  =         0.0000  RESTRAINT  =         0.0000
 EAMD_BOOST  =        22.3382
 Ewald error estimate:   0.3128E-04
 ------------------------------------------------------------------------------


 NSTEP =    19000   TIME(PS) =    6038.000  TEMP(K) =   301.47  PRESS =     0.0
 Etot   =    -36506.7856  EKtot   =      7920.3565  EPtot      =    -44427.1421
 BOND   =       212.1942  ANGLE   =       462.4995  DIHED      =       800.1692
 1-4 NB =       204.3553  1-4 EEL =      1773.9064  VDWAALS    =      7030.9814
 EELEC  =    -54938.2161  EHBOND  =         0.0000  RESTRAINT  =         0.0000
 EAMD_BOOST  =        26.9680
 Ewald error estimate:   0.5896E-04
 ------------------------------------------------------------------------------


 NSTEP =    20000   TIME(PS) =    6040.000  TEMP(K) =   299.69  PRESS =     0.0
 Etot   =    -36543.9863  EKtot   =      7873.6650  EPtot      =    -44417.6512
 BOND   =       195.2938  ANGLE   =       492.2127  DIHED      =       795.3184
 1-4 NB =       212.4380  1-4 EEL =      1749.1227  VDWAALS    =      6782.0421
 EELEC  =    -54672.5378  EHBOND  =         0.0000  RESTRAINT  =         0.0000
 EAMD_BOOST  =        28.4589
 Ewald error estimate:   0.3232E-04
 ------------------------------------------------------------------------------


 NSTEP =    21000   TIME(PS) =    6042.000  TEMP(K) =   299.58  PRESS =     0.0
 Etot   =    -36559.0728  EKtot   =      7870.6428  EPtot      =    -44429.7156
 BOND   =       207.9103  ANGLE   =       494.5102  DIHED      =       799.7677
 1-4 NB =       204.0442  1-4 EEL =      1784.5582  VDWAALS    =      6773.5802
 EELEC  =    -54721.7247  EHBOND  =         0.0000  RESTRAINT  =         0.0000
 EAMD_BOOST  =        27.6384
 Ewald error estimate:   0.1179E-03
 ------------------------------------------------------------------------------

