
          -------------------------------------------------------
          Amber 22 PMEMD                              2022
          -------------------------------------------------------

| PMEMD implementation of SANDER, Release 22

|  Compiled date/time: Thu Apr 14 13:06:37 2022
| Run on 10/19/2023 at 13:25:58

|   Executable path: pmemd.cuda
| Working directory: /panfs/accrepfs.vampire/home/nehilpkd/projects/biomatsims/dimerization/far/1_water_min
|          Hostname: gpu0014

  [-O]verwriting output

File Assignments:
|   MDIN: min_wat.in                                                            
|  MDOUT: min_wat.out                                                           
| INPCRD: ../sa.inpcrd                                                          
|   PARM: ../sa.prmtop                                                          
| RESTRT: min_wat.rst                                                           
|   REFC: ../sa.inpcrd                                                          
|  MDVEL: mdvel                                                                 
|   MDEN: mden                                                                  
|  MDCRD: mdcrd                                                                 
| MDINFO: mdinfo                                                                
|  MDFRC: mdfrc                                                                 


 Here is the input file:

 System minimization:                                                          
&cntrl                                                                         
   imin=1, ntmin=1, nmropt=0, drms=0.1                                         
   maxcyc=2000, ncyc=1500,                                                     
   ntx=1, irest=0,                                                             
   ntpr=100, ntwr=100, iwrap=0,                                                
   ntf=1, ntb=1, cut=10.0, nsnb=20,                                            
   igb=0,                                                                      
   ibelly=0, ntr=1,                                                            
   restraintmask="!:WAT", restraint_wt=10.0,                                   
&end                                                                           


Note: ig = -1. Setting random seed to   491044 based on wallclock time in 
      microseconds.
| irandom = 1, using AMBER's internal random number generator (default).
| INFO:    The nsnb ctrl option does not affect nonbonded list update frequency.
|          It does affect steepest descent minimization freq if ntmin == 0
 
|--------------------- INFORMATION ----------------------
| GPU (CUDA) Version of PMEMD in use: NVIDIA GPU IN USE.
|                    Version 18.0.0
| 
|                      03/25/2018
| 
| Implementation by:
|                    Ross C. Walker     (SDSC)
|                    Scott Le Grand     (nVIDIA)
| 
| Version 18 performance extensions by:
|                    David Cerutti     (Rutgers)
| 
| Precision model in use:
|      [SPFP] - Single Precision Forces, 64-bit Fixed Point
|               Accumulation. (Default)
| 
|--------------------------------------------------------
 
|----------------- CITATION INFORMATION -----------------
|
|    When publishing work that utilized the CUDA version
|    of AMBER, please cite the following in addition to
|    the regular AMBER citations:
|
|  - Romelia Salomon-Ferrer; Andreas W. Goetz; Duncan
|    Poole; Scott Le Grand; Ross C. Walker "Routine
|    microsecond molecular dynamics simulations with
|    AMBER - Part II: Particle Mesh Ewald", J. Chem.
|    Theory Comput., 2013, 9 (9), pp3878-3888,
|    DOI: 10.1021/ct400314y.
|
|  - Andreas W. Goetz; Mark J. Williamson; Dong Xu;
|    Duncan Poole; Scott Le Grand; Ross C. Walker
|    "Routine microsecond molecular dynamics simulations
|    with AMBER - Part I: Generalized Born", J. Chem.
|    Theory Comput., 2012, 8 (5), pp1542-1555.
|
|  - Scott Le Grand; Andreas W. Goetz; Ross C. Walker
|    "SPFP: Speed without compromise - a mixed precision
|    model for GPU accelerated molecular dynamics
|    simulations.", Comp. Phys. Comm., 2013, 184
|    pp374-380, DOI: 10.1016/j.cpc.2012.09.022
|
|--------------------------------------------------------
 
|------------------- GPU DEVICE INFO --------------------
|
|            CUDA_VISIBLE_DEVICES: 0
|   CUDA Capable Devices Detected:      1
|           CUDA Device ID in use:      0
|                CUDA Device Name: NVIDIA TITAN X (Pascal)
|     CUDA Device Global Mem Size:  12196 MB
| CUDA Device Num Multiprocessors:     28
|           CUDA Device Core Freq:   1.53 GHz
|
|--------------------------------------------------------
 
 
| Conditional Compilation Defines Used:
| PUBFFT
| BINTRAJ
| CUDA
| EMIL

| Largest sphere to fit in unit cell has radius =    38.426

| New format PARM file being parsed.
| Version =    1.000 Date = 10/19/23 Time = 13:25:38

| Note: 1-4 EEL scale factors are being read from the topology file.

| Note: 1-4 VDW scale factors are being read from the topology file.
| Duplicated    0 dihedrals

| Duplicated    0 dihedrals

--------------------------------------------------------------------------------
   1.  RESOURCE   USE: 
--------------------------------------------------------------------------------

 getting new box info from bottom of inpcrd
 NATOM  =   39264 NTYPES =      12 NBONH =   38848 MBONA  =     418
 NTHETH =     872 MTHETA =     550 NPHIH =    1894 MPHIA  =    1606
 NHPARM =       0 NPARM  =       0 NNB   =   55544 NRES   =   12890
 NBONA  =     418 NTHETA =     550 NPHIA =    1606 NUMBND =      40
 NUMANG =      90 NPTRA  =     113 NATYP =      21 NPHB   =       0
 IFBOX  =       1 NMXRS  =      24 IFCAP =       0 NEXTRA =       0
 NCOPY  =       0

| Coordinate Index Table dimensions:    14   13   14
| Direct force subcell size =     5.6194    5.9116    5.6774

     BOX TYPE: RECTILINEAR

--------------------------------------------------------------------------------
   2.  CONTROL  DATA  FOR  THE  RUN
--------------------------------------------------------------------------------

default_name                                                                    

General flags:
     imin    =       1, nmropt  =       0

Nature and format of input:
     ntx     =       1, irest   =       0, ntrx    =       1

Nature and format of output:
     ntxo    =       2, ntpr    =     100, ntrx    =       1, ntwr    =     100
     iwrap   =       0, ntwx    =       0, ntwv    =       0, ntwe    =       0
     ioutfm  =       1, ntwprt  =       0, idecomp =       0, rbornstat=      0

Potential function:
     ntf     =       1, ntb     =       1, igb     =       0, nsnb    =      20
     ipol    =       0, gbsa    =       0, iesp    =       0
     dielc   =   1.00000, cut     =  10.00000, intdiel =   1.00000

Frozen or restrained atoms:
     ibelly  =       0, ntr     =       1
     restraint_wt =  10.00000

Energy minimization:
     maxcyc  =    2000, ncyc    =    1500, ntmin   =       1
     dx0     =   0.01000, drms    =   0.10000

| Intermolecular bonds treatment:
|     no_intermolecular_bonds =       1

| Energy averages sample interval:
|     ene_avg_sampling =       1

Ewald parameters:
     verbose =       0, ew_type =       0, nbflag  =       1, use_pme =       1
     vdwmeth =       1, eedmeth =       1, netfrc  =       0
     Box X =   78.672   Box Y =   76.851   Box Z =   79.484
     Alpha =   90.000   Beta  =   90.000   Gamma =   90.000
     NFFT1 =   80       NFFT2 =   80       NFFT3 =   80
     Cutoff=   10.000   Tol   =0.100E-04
     Ewald Coefficient =  0.27511
     Interpolation order =    4

    LOADING THE CONSTRAINED ATOMS AS GROUPS


   5.  REFERENCE ATOM COORDINATES

  default_name                                                                    
     Mask !:WAT; matches   804 atoms

--------------------------------------------------------------------------------
   3.  ATOMIC COORDINATES AND VELOCITIES
--------------------------------------------------------------------------------

default_name                                                                    
 begin time read from input coords =     0.000 ps

 
 Number of triangulated 3-point waters found:    12820

     Sum of charges from parm topology file =   1.99999991
     Assuming uniform neutralizing plasma

| Dynamic Memory, Types Used:
| Reals             1165870
| Integers          1185312

| Nonbonded Pairs Initial Allocation:    11876378

| GPU memory information (estimate):
| KB of GPU memory in use:    144470
| KB of CPU memory in use:     67295

--------------------------------------------------------------------------------
   4.  RESULTS
--------------------------------------------------------------------------------



   NSTEP       ENERGY          RMS            GMAX         NAME    NUMBER
      1      -1.1144E+05     1.3300E+01     2.8541E+02     C         764

 BOND    =      278.9479  ANGLE   =      781.1295  DIHED      =     1496.1194
 VDWAALS =    13414.1286  EEL     =  -130758.8029  HBOND      =        0.0000
 1-4 VDW =      216.7818  1-4 EEL =     3133.9882  RESTRAINT  =        0.0000


   NSTEP       ENERGY          RMS            GMAX         NAME    NUMBER
    100      -1.3796E+05     2.9450E+00     5.0728E+01     C         379

 BOND    =     7276.6244  ANGLE   =       90.6755  DIHED      =      864.5513
 VDWAALS =    14152.1706  EEL     =  -163829.6457  HBOND      =        0.0000
 1-4 VDW =      161.6966  1-4 EEL =     3116.1735  RESTRAINT  =      208.1761
 EAMBER  =  -138167.7538


   NSTEP       ENERGY          RMS            GMAX         NAME    NUMBER
    200      -1.4253E+05     2.5566E+00     1.0298E+02     C         379

 BOND    =     9613.4551  ANGLE   =       97.8433  DIHED      =      839.9332
 VDWAALS =    16519.4907  EEL     =  -173111.5146  HBOND      =        0.0000
 1-4 VDW =      160.4857  1-4 EEL =     3113.5960  RESTRAINT  =      236.4729
 EAMBER  =  -142766.7106


   NSTEP       ENERGY          RMS            GMAX         NAME    NUMBER
    300      -1.4525E+05     6.9239E-01     3.8301E+01     C         781

 BOND    =     9316.3165  ANGLE   =       92.0719  DIHED      =      834.3299
 VDWAALS =    18456.9701  EEL     =  -177466.4795  HBOND      =        0.0000
 1-4 VDW =      160.7613  1-4 EEL =     3111.9991  RESTRAINT  =      241.2174
 EAMBER  =  -145494.0307


   NSTEP       ENERGY          RMS            GMAX         NAME    NUMBER
    400      -1.4714E+05     5.2341E-01     2.1862E+01     CD1       300

 BOND    =     9608.0608  ANGLE   =       90.6714  DIHED      =      831.2447
 VDWAALS =    20090.6092  EEL     =  -181272.3262  HBOND      =        0.0000
 1-4 VDW =      160.7710  1-4 EEL =     3111.7392  RESTRAINT  =      243.2658
 EAMBER  =  -147379.2298


   NSTEP       ENERGY          RMS            GMAX         NAME    NUMBER
    500      -1.4855E+05     4.5755E-01     2.0220E+01     CE1       143

 BOND    =     9923.7437  ANGLE   =       90.3204  DIHED      =      827.9318
 VDWAALS =    21472.5087  EEL     =  -184378.9253  HBOND      =        0.0000
 1-4 VDW =      160.6906  1-4 EEL =     3111.8736  RESTRAINT  =      245.7026
 EAMBER  =  -148791.8565


   NSTEP       ENERGY          RMS            GMAX         NAME    NUMBER
    600      -1.4964E+05     1.2939E+00     9.4466E+01     CE1       143

 BOND    =    10201.7071  ANGLE   =       92.0078  DIHED      =      825.6645
 VDWAALS =    22575.4972  EEL     =  -186851.7061  HBOND      =        0.0000
 1-4 VDW =      160.7048  1-4 EEL =     3111.7740  RESTRAINT  =      247.7688
 EAMBER  =  -149884.3507


   NSTEP       ENERGY          RMS            GMAX         NAME    NUMBER
    700      -1.5061E+05     1.1076E+00     8.2137E+01     CE1       143

 BOND    =    10414.2296  ANGLE   =       91.5327  DIHED      =      824.6457
 VDWAALS =    23538.7859  EEL     =  -188997.7730  HBOND      =        0.0000
 1-4 VDW =      160.4775  1-4 EEL =     3111.2760  RESTRAINT  =      248.7175
 EAMBER  =  -150856.8255


   NSTEP       ENERGY          RMS            GMAX         NAME    NUMBER
    800      -1.5143E+05     3.0600E-01     9.4104E+00     CE1       143

 BOND    =    10581.1523  ANGLE   =       89.6495  DIHED      =      823.6688
 VDWAALS =    24365.9357  EEL     =  -190810.8681  HBOND      =        0.0000
 1-4 VDW =      160.4491  1-4 EEL =     3111.0090  RESTRAINT  =      249.3983
 EAMBER  =  -151679.0037


   NSTEP       ENERGY          RMS            GMAX         NAME    NUMBER
    900      -1.5211E+05     9.4232E-01     1.1850E+02     C         802

 BOND    =    10759.0296  ANGLE   =       90.7693  DIHED      =      822.6572
 VDWAALS =    25108.1923  EEL     =  -192409.7700  HBOND      =        0.0000
 1-4 VDW =      160.3340  1-4 EEL =     3110.5067  RESTRAINT  =      250.5037
 EAMBER  =  -152358.2810


   NSTEP       ENERGY          RMS            GMAX         NAME    NUMBER
   1000      -1.5271E+05     7.3773E-01     5.6572E+01     CE1       143

 BOND    =    10896.0599  ANGLE   =       90.0571  DIHED      =      821.5193
 VDWAALS =    25765.5349  EEL     =  -193802.0076  HBOND      =        0.0000
 1-4 VDW =      160.4129  1-4 EEL =     3110.7044  RESTRAINT  =      251.2664
 EAMBER  =  -152957.7191


   NSTEP       ENERGY          RMS            GMAX         NAME    NUMBER
   1100      -1.5323E+05     6.0908E-01     4.6626E+01     CE1       143

 BOND    =    11019.7857  ANGLE   =       89.8524  DIHED      =      820.8186
 VDWAALS =    26362.3684  EEL     =  -195042.8183  HBOND      =        0.0000
 1-4 VDW =      160.4090  1-4 EEL =     3110.6253  RESTRAINT  =      251.5939
 EAMBER  =  -153478.9590


   NSTEP       ENERGY          RMS            GMAX         NAME    NUMBER
   1200      -1.5368E+05     5.1077E-01     3.9975E+01     CE1       143

 BOND    =    11127.3480  ANGLE   =       89.6364  DIHED      =      820.2742
 VDWAALS =    26886.7833  EEL     =  -196123.9987  HBOND      =        0.0000
 1-4 VDW =      160.4486  1-4 EEL =     3110.8256  RESTRAINT  =      251.7375
 EAMBER  =  -153928.6826


   NSTEP       ENERGY          RMS            GMAX         NAME    NUMBER
   1300      -1.5407E+05     4.1499E-01     3.1389E+01     CE1       143

 BOND    =    11220.7095  ANGLE   =       89.5550  DIHED      =      820.0923
 VDWAALS =    27341.7533  EEL     =  -197062.3065  HBOND      =        0.0000
 1-4 VDW =      160.4083  1-4 EEL =     3110.8160  RESTRAINT  =      251.9275
 EAMBER  =  -154318.9720


   NSTEP       ENERGY          RMS            GMAX         NAME    NUMBER
   1400      -1.5441E+05     3.3462E-01     2.4439E+01     CE1       143

 BOND    =    11303.4132  ANGLE   =       89.4797  DIHED      =      819.8986
 VDWAALS =    27739.7300  EEL     =  -197889.6958  HBOND      =        0.0000
 1-4 VDW =      160.4166  1-4 EEL =     3110.8613  RESTRAINT  =      252.1695
 EAMBER  =  -154665.8963


   NSTEP       ENERGY          RMS            GMAX         NAME    NUMBER
   1500      -1.5473E+05     2.5626E-01     1.6377E+01     CE1       143

 BOND    =    11377.4072  ANGLE   =       89.4273  DIHED      =      819.8542
 VDWAALS =    28086.1750  EEL     =  -198623.6466  HBOND      =        0.0000
 1-4 VDW =      160.4050  1-4 EEL =     3110.8774  RESTRAINT  =      252.4760
 EAMBER  =  -154979.5005


   NSTEP       ENERGY          RMS            GMAX         NAME    NUMBER
   1600      -1.5649E+05     6.0871E-01     7.5663E+01     C         802

 BOND    =    11843.5124  ANGLE   =       91.1955  DIHED      =      819.5652
 VDWAALS =    30163.6078  EEL     =  -202930.9607  HBOND      =        0.0000
 1-4 VDW =      160.9729  1-4 EEL =     3112.0045  RESTRAINT  =      253.8116
 EAMBER  =  -156740.1023


   NSTEP       ENERGY          RMS            GMAX         NAME    NUMBER
   1700      -1.5751E+05     4.2958E-01     3.0112E+01     C         414

 BOND    =    12022.9459  ANGLE   =       91.7751  DIHED      =      819.8831
 VDWAALS =    31009.2534  EEL     =  -204982.4281  HBOND      =        0.0000
 1-4 VDW =      160.4663  1-4 EEL =     3111.5440  RESTRAINT  =      253.1734
 EAMBER  =  -157766.5603


   NSTEP       ENERGY          RMS            GMAX         NAME    NUMBER
   1800      -1.5788E+05     3.2203E-01     2.6118E+01     CB        409

 BOND    =    12098.0718  ANGLE   =       91.3477  DIHED      =      819.3459
 VDWAALS =    31295.0399  EEL     =  -205704.0195  HBOND      =        0.0000
 1-4 VDW =      160.4604  1-4 EEL =     3111.5153  RESTRAINT  =      252.9735
 EAMBER  =  -158128.2386


   NSTEP       ENERGY          RMS            GMAX         NAME    NUMBER
   1900      -1.5821E+05     4.5309E-01     2.4626E+01     O       21370

 BOND    =    12196.9076  ANGLE   =       89.8414  DIHED      =      818.9962
 VDWAALS =    31610.2154  EEL     =  -206449.7202  HBOND      =        0.0000
 1-4 VDW =      160.2493  1-4 EEL =     3110.8351  RESTRAINT  =      252.3759
 EAMBER  =  -158462.6752


   NSTEP       ENERGY          RMS            GMAX         NAME    NUMBER
   2000      -1.5858E+05     2.5137E-01     1.7780E+01     O         422

 BOND    =    12247.2480  ANGLE   =       90.3110  DIHED      =      819.6907
 VDWAALS =    31959.1593  EEL     =  -207219.5915  HBOND      =        0.0000
 1-4 VDW =      160.3404  1-4 EEL =     3110.6791  RESTRAINT  =      252.4474
 EAMBER  =  -158832.1629


  Maximum number of minimization cycles reached.


                    FINAL RESULTS



   NSTEP       ENERGY          RMS            GMAX         NAME    NUMBER
   2000      -1.5858E+05     2.5137E-01     1.7780E+01     O         422

 BOND    =    12247.2480  ANGLE   =       90.3110  DIHED      =      819.6907
 VDWAALS =    31959.1593  EEL     =  -207219.5915  HBOND      =        0.0000
 1-4 VDW =      160.3404  1-4 EEL =     3110.6791  RESTRAINT  =      252.4474
 EAMBER  =  -158832.1629
--------------------------------------------------------------------------------
   5.  TIMINGS
--------------------------------------------------------------------------------

|  NonSetup CPU Time in Major Routines:
|
|     Routine           Sec        %
|     ------------------------------
|     Nonbond           1.44   30.40
|     Bond              0.00    0.00
|     Angle             0.00    0.00
|     Dihedral          0.00    0.00
|     Shake             0.00    0.00
|     Other             3.30   69.60
|     ------------------------------
|     Total             4.74

|  PME Nonbond Pairlist CPU Time:
|
|     Routine              Sec        %
|     ---------------------------------
|     Set Up Cit           0.00    0.00
|     Build List           0.00    0.00
|     ---------------------------------
|     Total                0.00    0.00

|  PME Direct Force CPU Time:
|
|     Routine              Sec        %
|     ---------------------------------
|     NonBonded Calc       0.00    0.00
|     Exclude Masked       0.00    0.00
|     Other                0.00    0.11
|     ---------------------------------
|     Total                0.00    0.11

|  PME Reciprocal Force CPU Time:
|
|     Routine              Sec        %
|     ---------------------------------
|     1D bspline           0.00    0.00
|     Grid Charges         0.00    0.00
|     Scalar Sum           0.00    0.00
|     Gradient Sum         0.00    0.00
|     FFT                  0.00    0.00
|     ---------------------------------
|     Total                0.00    0.00

|  Setup CPU time:            0.61 seconds
|  NonSetup CPU time:         4.74 seconds
|  Total CPU time:            5.34 seconds     0.00 hours

|  Setup wall time:           1    seconds
|  NonSetup wall time:        5    seconds
|  Total wall time:           6    seconds     0.00 hours
